# gmm-acc-stats-ali ./exp/mono/8.mdl "ark,s,cs:apply-cmvn  --utt2spk=ark:./data/train/split4/2/utt2spk scp:./data/train/split4/2/cmvn.scp scp:./data/train/split4/2/feats.scp ark:- | add-deltas  ark:- ark:- |" "ark:gunzip -c ./exp/mono/ali.2.gz|" ./exp/mono/8.2.acc 
# Started at Sat Dec 28 20:53:05 EET 2019
#
gmm-acc-stats-ali ./exp/mono/8.mdl 'ark,s,cs:apply-cmvn  --utt2spk=ark:./data/train/split4/2/utt2spk scp:./data/train/split4/2/cmvn.scp scp:./data/train/split4/2/feats.scp ark:- | add-deltas  ark:- ark:- |' 'ark:gunzip -c ./exp/mono/ali.2.gz|' ./exp/mono/8.2.acc 
add-deltas ark:- ark:- 
apply-cmvn --utt2spk=ark:./data/train/split4/2/utt2spk scp:./data/train/split4/2/cmvn.scp scp:./data/train/split4/2/feats.scp ark:- 
LOG (gmm-acc-stats-ali[5.5.586~1-83c98]:main():gmm-acc-stats-ali.cc:105) Processed 50 utterances; for utterance f5-usctimit-ema--598 avg. like is -88.2028 over 438 frames.
WARNING (gmm-acc-stats-ali[5.5.586~1-83c98]:main():gmm-acc-stats-ali.cc:79) No alignment for utterance f5-usctimit-ema--607
WARNING (gmm-acc-stats-ali[5.5.586~1-83c98]:main():gmm-acc-stats-ali.cc:79) No alignment for utterance f5-usctimit-ema--616
WARNING (gmm-acc-stats-ali[5.5.586~1-83c98]:main():gmm-acc-stats-ali.cc:79) No alignment for utterance f5-usctimit-ema--617
LOG (gmm-acc-stats-ali[5.5.586~1-83c98]:main():gmm-acc-stats-ali.cc:105) Processed 100 utterances; for utterance f5-usctimit-ema--651 avg. like is -87.7285 over 494 frames.
WARNING (gmm-acc-stats-ali[5.5.586~1-83c98]:main():gmm-acc-stats-ali.cc:79) No alignment for utterance f5-usctimit-ema--685
LOG (gmm-acc-stats-ali[5.5.586~1-83c98]:main():gmm-acc-stats-ali.cc:105) Processed 150 utterances; for utterance f5-usctimit-ema--702 avg. like is -80.3483 over 407 frames.
LOG (gmm-acc-stats-ali[5.5.586~1-83c98]:main():gmm-acc-stats-ali.cc:105) Processed 200 utterances; for utterance f5-usctimit-ema--752 avg. like is -85.7099 over 326 frames.
WARNING (gmm-acc-stats-ali[5.5.586~1-83c98]:main():gmm-acc-stats-ali.cc:79) No alignment for utterance f5-usctimit-ema--764
LOG (gmm-acc-stats-ali[5.5.586~1-83c98]:main():gmm-acc-stats-ali.cc:105) Processed 250 utterances; for utterance f5-usctimit-ema--803 avg. like is -90.4275 over 458 frames.
WARNING (gmm-acc-stats-ali[5.5.586~1-83c98]:main():gmm-acc-stats-ali.cc:79) No alignment for utterance f5-usctimit-ema--834
LOG (gmm-acc-stats-ali[5.5.586~1-83c98]:main():gmm-acc-stats-ali.cc:105) Processed 300 utterances; for utterance f5-usctimit-ema--854 avg. like is -88.6039 over 398 frames.
LOG (gmm-acc-stats-ali[5.5.586~1-83c98]:main():gmm-acc-stats-ali.cc:105) Processed 350 utterances; for utterance f5-usctimit-ema--904 avg. like is -89.5359 over 247 frames.
LOG (apply-cmvn[5.5.586~1-83c98]:main():apply-cmvn.cc:162) Applied cepstral mean normalization to 364 utterances, errors on 0
LOG (gmm-acc-stats-ali[5.5.586~1-83c98]:main():gmm-acc-stats-ali.cc:112) Done 358 files, 6 with errors.
LOG (gmm-acc-stats-ali[5.5.586~1-83c98]:main():gmm-acc-stats-ali.cc:115) Overall avg like per frame (Gaussian only) = -88.5723 over 159118 frames.
LOG (gmm-acc-stats-ali[5.5.586~1-83c98]:main():gmm-acc-stats-ali.cc:123) Written accs.
# Accounting: time=1 threads=1
# Ended (code 0) at Sat Dec 28 20:53:06 EET 2019, elapsed time 1 seconds
