# gmm-acc-stats-ali ./exp/mono/11.mdl "ark,s,cs:apply-cmvn  --utt2spk=ark:./data/train/split4/2/utt2spk scp:./data/train/split4/2/cmvn.scp scp:./data/train/split4/2/feats.scp ark:- | add-deltas  ark:- ark:- |" "ark:gunzip -c ./exp/mono/ali.2.gz|" ./exp/mono/11.2.acc 
# Started at Sun Dec 29 15:46:42 EET 2019
#
gmm-acc-stats-ali ./exp/mono/11.mdl 'ark,s,cs:apply-cmvn  --utt2spk=ark:./data/train/split4/2/utt2spk scp:./data/train/split4/2/cmvn.scp scp:./data/train/split4/2/feats.scp ark:- | add-deltas  ark:- ark:- |' 'ark:gunzip -c ./exp/mono/ali.2.gz|' ./exp/mono/11.2.acc 
apply-cmvn --utt2spk=ark:./data/train/split4/2/utt2spk scp:./data/train/split4/2/cmvn.scp scp:./data/train/split4/2/feats.scp ark:- 
add-deltas ark:- ark:- 
WARNING (gmm-acc-stats-ali[5.5.586~1-83c98]:main():gmm-acc-stats-ali.cc:79) No alignment for utterance f5-usctimit-ema--563
LOG (gmm-acc-stats-ali[5.5.586~1-83c98]:main():gmm-acc-stats-ali.cc:105) Processed 50 utterances; for utterance f5-usctimit-ema--599 avg. like is -84.845 over 454 frames.
WARNING (gmm-acc-stats-ali[5.5.586~1-83c98]:main():gmm-acc-stats-ali.cc:79) No alignment for utterance f5-usctimit-ema--607
WARNING (gmm-acc-stats-ali[5.5.586~1-83c98]:main():gmm-acc-stats-ali.cc:79) No alignment for utterance f5-usctimit-ema--616
WARNING (gmm-acc-stats-ali[5.5.586~1-83c98]:main():gmm-acc-stats-ali.cc:79) No alignment for utterance f5-usctimit-ema--617
LOG (gmm-acc-stats-ali[5.5.586~1-83c98]:main():gmm-acc-stats-ali.cc:105) Processed 100 utterances; for utterance f5-usctimit-ema--652 avg. like is -88.6733 over 496 frames.
WARNING (gmm-acc-stats-ali[5.5.586~1-83c98]:main():gmm-acc-stats-ali.cc:79) No alignment for utterance f5-usctimit-ema--684
WARNING (gmm-acc-stats-ali[5.5.586~1-83c98]:main():gmm-acc-stats-ali.cc:79) No alignment for utterance f5-usctimit-ema--685
LOG (gmm-acc-stats-ali[5.5.586~1-83c98]:main():gmm-acc-stats-ali.cc:105) Processed 150 utterances; for utterance f5-usctimit-ema--704 avg. like is -86.0709 over 383 frames.
LOG (gmm-acc-stats-ali[5.5.586~1-83c98]:main():gmm-acc-stats-ali.cc:105) Processed 200 utterances; for utterance f5-usctimit-ema--754 avg. like is -85.3913 over 595 frames.
WARNING (gmm-acc-stats-ali[5.5.586~1-83c98]:main():gmm-acc-stats-ali.cc:79) No alignment for utterance f5-usctimit-ema--764
LOG (gmm-acc-stats-ali[5.5.586~1-83c98]:main():gmm-acc-stats-ali.cc:105) Processed 250 utterances; for utterance f5-usctimit-ema--805 avg. like is -86.5758 over 528 frames.
WARNING (gmm-acc-stats-ali[5.5.586~1-83c98]:main():gmm-acc-stats-ali.cc:79) No alignment for utterance f5-usctimit-ema--834
LOG (gmm-acc-stats-ali[5.5.586~1-83c98]:main():gmm-acc-stats-ali.cc:105) Processed 300 utterances; for utterance f5-usctimit-ema--856 avg. like is -84.3579 over 611 frames.
LOG (gmm-acc-stats-ali[5.5.586~1-83c98]:main():gmm-acc-stats-ali.cc:105) Processed 350 utterances; for utterance f5-usctimit-ema--906 avg. like is -85.0626 over 463 frames.
LOG (apply-cmvn[5.5.586~1-83c98]:main():apply-cmvn.cc:162) Applied cepstral mean normalization to 364 utterances, errors on 0
LOG (gmm-acc-stats-ali[5.5.586~1-83c98]:main():gmm-acc-stats-ali.cc:112) Done 356 files, 8 with errors.
LOG (gmm-acc-stats-ali[5.5.586~1-83c98]:main():gmm-acc-stats-ali.cc:115) Overall avg like per frame (Gaussian only) = -87.6186 over 158510 frames.
LOG (gmm-acc-stats-ali[5.5.586~1-83c98]:main():gmm-acc-stats-ali.cc:123) Written accs.
# Accounting: time=3 threads=1
# Ended (code 0) at Sun Dec 29 15:46:45 EET 2019, elapsed time 3 seconds
