# gmm-align-compiled --transition-scale=1.0 --acoustic-scale=0.1 --self-loop-scale=0.1 --beam=10 --retry-beam=40 --careful=false "gmm-boost-silence --boost=1.25 1 ./exp/mono/2.mdl - |" "ark:gunzip -c ./exp/mono/fsts.2.gz|" "ark,s,cs:apply-cmvn  --utt2spk=ark:./data/train/split4/2/utt2spk scp:./data/train/split4/2/cmvn.scp scp:./data/train/split4/2/feats.scp ark:- | add-deltas  ark:- ark:- |" "ark,t:|gzip -c >./exp/mono/ali.2.gz" 
# Started at Sat Dec 28 20:52:02 EET 2019
#
gmm-align-compiled --transition-scale=1.0 --acoustic-scale=0.1 --self-loop-scale=0.1 --beam=10 --retry-beam=40 --careful=false 'gmm-boost-silence --boost=1.25 1 ./exp/mono/2.mdl - |' 'ark:gunzip -c ./exp/mono/fsts.2.gz|' 'ark,s,cs:apply-cmvn  --utt2spk=ark:./data/train/split4/2/utt2spk scp:./data/train/split4/2/cmvn.scp scp:./data/train/split4/2/feats.scp ark:- | add-deltas  ark:- ark:- |' 'ark,t:|gzip -c >./exp/mono/ali.2.gz' 
gmm-boost-silence --boost=1.25 1 ./exp/mono/2.mdl - 
WARNING (gmm-boost-silence[5.5.586~1-83c98]:main():gmm-boost-silence.cc:82) The pdfs for the silence phones may be shared by other phones (note: this probably does not matter.)
LOG (gmm-boost-silence[5.5.586~1-83c98]:main():gmm-boost-silence.cc:93) Boosted weights for 5 pdfs, by factor of 1.25
LOG (gmm-boost-silence[5.5.586~1-83c98]:main():gmm-boost-silence.cc:103) Wrote model to -
add-deltas ark:- ark:- 
apply-cmvn --utt2spk=ark:./data/train/split4/2/utt2spk scp:./data/train/split4/2/cmvn.scp scp:./data/train/split4/2/feats.scp ark:- 
LOG (gmm-align-compiled[5.5.586~1-83c98]:main():gmm-align-compiled.cc:127) f5-usctimit-ema--549
LOG (gmm-align-compiled[5.5.586~1-83c98]:main():gmm-align-compiled.cc:127) f5-usctimit-ema--550
LOG (gmm-align-compiled[5.5.586~1-83c98]:main():gmm-align-compiled.cc:127) f5-usctimit-ema--551
LOG (gmm-align-compiled[5.5.586~1-83c98]:main():gmm-align-compiled.cc:127) f5-usctimit-ema--552
LOG (gmm-align-compiled[5.5.586~1-83c98]:main():gmm-align-compiled.cc:127) f5-usctimit-ema--553
WARNING (gmm-align-compiled[5.5.586~1-83c98]:AlignUtteranceWrapper():decoder-wrappers.cc:618) Retrying utterance f5-usctimit-ema--553 with beam 40
LOG (gmm-align-compiled[5.5.586~1-83c98]:main():gmm-align-compiled.cc:127) f5-usctimit-ema--554
LOG (gmm-align-compiled[5.5.586~1-83c98]:main():gmm-align-compiled.cc:127) f5-usctimit-ema--555
LOG (gmm-align-compiled[5.5.586~1-83c98]:main():gmm-align-compiled.cc:127) f5-usctimit-ema--556
LOG (gmm-align-compiled[5.5.586~1-83c98]:main():gmm-align-compiled.cc:127) f5-usctimit-ema--557
LOG (gmm-align-compiled[5.5.586~1-83c98]:main():gmm-align-compiled.cc:127) f5-usctimit-ema--558
LOG (gmm-align-compiled[5.5.586~1-83c98]:main():gmm-align-compiled.cc:127) f5-usctimit-ema--559
LOG (gmm-align-compiled[5.5.586~1-83c98]:main():gmm-align-compiled.cc:127) f5-usctimit-ema--560
LOG (gmm-align-compiled[5.5.586~1-83c98]:main():gmm-align-compiled.cc:127) f5-usctimit-ema--561
LOG (gmm-align-compiled[5.5.586~1-83c98]:main():gmm-align-compiled.cc:127) f5-usctimit-ema--562
WARNING (gmm-align-compiled[5.5.586~1-83c98]:AlignUtteranceWrapper():decoder-wrappers.cc:618) Retrying utterance f5-usctimit-ema--562 with beam 40
LOG (gmm-align-compiled[5.5.586~1-83c98]:main():gmm-align-compiled.cc:127) f5-usctimit-ema--563
LOG (gmm-align-compiled[5.5.586~1-83c98]:main():gmm-align-compiled.cc:127) f5-usctimit-ema--564
LOG (gmm-align-compiled[5.5.586~1-83c98]:main():gmm-align-compiled.cc:127) f5-usctimit-ema--565
LOG (gmm-align-compiled[5.5.586~1-83c98]:main():gmm-align-compiled.cc:127) f5-usctimit-ema--566
LOG (gmm-align-compiled[5.5.586~1-83c98]:main():gmm-align-compiled.cc:127) f5-usctimit-ema--567
WARNING (gmm-align-compiled[5.5.586~1-83c98]:AlignUtteranceWrapper():decoder-wrappers.cc:618) Retrying utterance f5-usctimit-ema--567 with beam 40
LOG (gmm-align-compiled[5.5.586~1-83c98]:main():gmm-align-compiled.cc:127) f5-usctimit-ema--568
LOG (gmm-align-compiled[5.5.586~1-83c98]:main():gmm-align-compiled.cc:127) f5-usctimit-ema--569
LOG (gmm-align-compiled[5.5.586~1-83c98]:main():gmm-align-compiled.cc:127) f5-usctimit-ema--570
WARNING (gmm-align-compiled[5.5.586~1-83c98]:AlignUtteranceWrapper():decoder-wrappers.cc:618) Retrying utterance f5-usctimit-ema--570 with beam 40
LOG (gmm-align-compiled[5.5.586~1-83c98]:main():gmm-align-compiled.cc:127) f5-usctimit-ema--571
WARNING (gmm-align-compiled[5.5.586~1-83c98]:AlignUtteranceWrapper():decoder-wrappers.cc:618) Retrying utterance f5-usctimit-ema--571 with beam 40
LOG (gmm-align-compiled[5.5.586~1-83c98]:main():gmm-align-compiled.cc:127) f5-usctimit-ema--572
LOG (gmm-align-compiled[5.5.586~1-83c98]:main():gmm-align-compiled.cc:127) f5-usctimit-ema--573
LOG (gmm-align-compiled[5.5.586~1-83c98]:main():gmm-align-compiled.cc:127) f5-usctimit-ema--574
LOG (gmm-align-compiled[5.5.586~1-83c98]:main():gmm-align-compiled.cc:127) f5-usctimit-ema--575
WARNING (gmm-align-compiled[5.5.586~1-83c98]:AlignUtteranceWrapper():decoder-wrappers.cc:618) Retrying utterance f5-usctimit-ema--575 with beam 40
LOG (gmm-align-compiled[5.5.586~1-83c98]:main():gmm-align-compiled.cc:127) f5-usctimit-ema--576
WARNING (gmm-align-compiled[5.5.586~1-83c98]:AlignUtteranceWrapper():decoder-wrappers.cc:618) Retrying utterance f5-usctimit-ema--576 with beam 40
LOG (gmm-align-compiled[5.5.586~1-83c98]:main():gmm-align-compiled.cc:127) f5-usctimit-ema--577
WARNING (gmm-align-compiled[5.5.586~1-83c98]:AlignUtteranceWrapper():decoder-wrappers.cc:618) Retrying utterance f5-usctimit-ema--577 with beam 40
LOG (gmm-align-compiled[5.5.586~1-83c98]:main():gmm-align-compiled.cc:127) f5-usctimit-ema--578
LOG (gmm-align-compiled[5.5.586~1-83c98]:main():gmm-align-compiled.cc:127) f5-usctimit-ema--579
LOG (gmm-align-compiled[5.5.586~1-83c98]:main():gmm-align-compiled.cc:127) f5-usctimit-ema--580
LOG (gmm-align-compiled[5.5.586~1-83c98]:main():gmm-align-compiled.cc:127) f5-usctimit-ema--581
WARNING (gmm-align-compiled[5.5.586~1-83c98]:AlignUtteranceWrapper():decoder-wrappers.cc:618) Retrying utterance f5-usctimit-ema--581 with beam 40
LOG (gmm-align-compiled[5.5.586~1-83c98]:main():gmm-align-compiled.cc:127) f5-usctimit-ema--582
WARNING (gmm-align-compiled[5.5.586~1-83c98]:AlignUtteranceWrapper():decoder-wrappers.cc:618) Retrying utterance f5-usctimit-ema--582 with beam 40
LOG (gmm-align-compiled[5.5.586~1-83c98]:main():gmm-align-compiled.cc:127) f5-usctimit-ema--583
LOG (gmm-align-compiled[5.5.586~1-83c98]:main():gmm-align-compiled.cc:127) f5-usctimit-ema--584
LOG (gmm-align-compiled[5.5.586~1-83c98]:main():gmm-align-compiled.cc:127) f5-usctimit-ema--585
WARNING (gmm-align-compiled[5.5.586~1-83c98]:AlignUtteranceWrapper():decoder-wrappers.cc:618) Retrying utterance f5-usctimit-ema--585 with beam 40
LOG (gmm-align-compiled[5.5.586~1-83c98]:main():gmm-align-compiled.cc:127) f5-usctimit-ema--586
WARNING (gmm-align-compiled[5.5.586~1-83c98]:AlignUtteranceWrapper():decoder-wrappers.cc:618) Retrying utterance f5-usctimit-ema--586 with beam 40
LOG (gmm-align-compiled[5.5.586~1-83c98]:main():gmm-align-compiled.cc:127) f5-usctimit-ema--587
LOG (gmm-align-compiled[5.5.586~1-83c98]:main():gmm-align-compiled.cc:127) f5-usctimit-ema--588
WARNING (gmm-align-compiled[5.5.586~1-83c98]:AlignUtteranceWrapper():decoder-wrappers.cc:618) Retrying utterance f5-usctimit-ema--588 with beam 40
LOG (gmm-align-compiled[5.5.586~1-83c98]:main():gmm-align-compiled.cc:127) f5-usctimit-ema--589
LOG (gmm-align-compiled[5.5.586~1-83c98]:main():gmm-align-compiled.cc:127) f5-usctimit-ema--590
WARNING (gmm-align-compiled[5.5.586~1-83c98]:AlignUtteranceWrapper():decoder-wrappers.cc:618) Retrying utterance f5-usctimit-ema--590 with beam 40
LOG (gmm-align-compiled[5.5.586~1-83c98]:main():gmm-align-compiled.cc:127) f5-usctimit-ema--591
LOG (gmm-align-compiled[5.5.586~1-83c98]:main():gmm-align-compiled.cc:127) f5-usctimit-ema--592
WARNING (gmm-align-compiled[5.5.586~1-83c98]:AlignUtteranceWrapper():decoder-wrappers.cc:618) Retrying utterance f5-usctimit-ema--592 with beam 40
LOG (gmm-align-compiled[5.5.586~1-83c98]:main():gmm-align-compiled.cc:127) f5-usctimit-ema--593
LOG (gmm-align-compiled[5.5.586~1-83c98]:main():gmm-align-compiled.cc:127) f5-usctimit-ema--594
LOG (gmm-align-compiled[5.5.586~1-83c98]:main():gmm-align-compiled.cc:127) f5-usctimit-ema--595
LOG (gmm-align-compiled[5.5.586~1-83c98]:main():gmm-align-compiled.cc:127) f5-usctimit-ema--596
LOG (gmm-align-compiled[5.5.586~1-83c98]:main():gmm-align-compiled.cc:127) f5-usctimit-ema--597
LOG (gmm-align-compiled[5.5.586~1-83c98]:main():gmm-align-compiled.cc:127) f5-usctimit-ema--598
WARNING (gmm-align-compiled[5.5.586~1-83c98]:AlignUtteranceWrapper():decoder-wrappers.cc:618) Retrying utterance f5-usctimit-ema--598 with beam 40
LOG (gmm-align-compiled[5.5.586~1-83c98]:main():gmm-align-compiled.cc:127) f5-usctimit-ema--599
LOG (gmm-align-compiled[5.5.586~1-83c98]:main():gmm-align-compiled.cc:127) f5-usctimit-ema--600
LOG (gmm-align-compiled[5.5.586~1-83c98]:main():gmm-align-compiled.cc:127) f5-usctimit-ema--601
LOG (gmm-align-compiled[5.5.586~1-83c98]:main():gmm-align-compiled.cc:127) f5-usctimit-ema--602
WARNING (gmm-align-compiled[5.5.586~1-83c98]:AlignUtteranceWrapper():decoder-wrappers.cc:618) Retrying utterance f5-usctimit-ema--602 with beam 40
LOG (gmm-align-compiled[5.5.586~1-83c98]:main():gmm-align-compiled.cc:127) f5-usctimit-ema--603
LOG (gmm-align-compiled[5.5.586~1-83c98]:main():gmm-align-compiled.cc:127) f5-usctimit-ema--604
LOG (gmm-align-compiled[5.5.586~1-83c98]:main():gmm-align-compiled.cc:127) f5-usctimit-ema--605
LOG (gmm-align-compiled[5.5.586~1-83c98]:main():gmm-align-compiled.cc:127) f5-usctimit-ema--606
WARNING (gmm-align-compiled[5.5.586~1-83c98]:AlignUtteranceWrapper():decoder-wrappers.cc:618) Retrying utterance f5-usctimit-ema--606 with beam 40
LOG (gmm-align-compiled[5.5.586~1-83c98]:main():gmm-align-compiled.cc:127) f5-usctimit-ema--607
WARNING (gmm-align-compiled[5.5.586~1-83c98]:AlignUtteranceWrapper():decoder-wrappers.cc:618) Retrying utterance f5-usctimit-ema--607 with beam 40
LOG (gmm-align-compiled[5.5.586~1-83c98]:main():gmm-align-compiled.cc:127) f5-usctimit-ema--608
WARNING (gmm-align-compiled[5.5.586~1-83c98]:AlignUtteranceWrapper():decoder-wrappers.cc:618) Retrying utterance f5-usctimit-ema--608 with beam 40
LOG (gmm-align-compiled[5.5.586~1-83c98]:main():gmm-align-compiled.cc:127) f5-usctimit-ema--609
WARNING (gmm-align-compiled[5.5.586~1-83c98]:AlignUtteranceWrapper():decoder-wrappers.cc:618) Retrying utterance f5-usctimit-ema--609 with beam 40
LOG (gmm-align-compiled[5.5.586~1-83c98]:main():gmm-align-compiled.cc:127) f5-usctimit-ema--610
WARNING (gmm-align-compiled[5.5.586~1-83c98]:AlignUtteranceWrapper():decoder-wrappers.cc:618) Retrying utterance f5-usctimit-ema--610 with beam 40
LOG (gmm-align-compiled[5.5.586~1-83c98]:main():gmm-align-compiled.cc:127) f5-usctimit-ema--611
LOG (gmm-align-compiled[5.5.586~1-83c98]:main():gmm-align-compiled.cc:127) f5-usctimit-ema--612
WARNING (gmm-align-compiled[5.5.586~1-83c98]:AlignUtteranceWrapper():decoder-wrappers.cc:618) Retrying utterance f5-usctimit-ema--612 with beam 40
LOG (gmm-align-compiled[5.5.586~1-83c98]:main():gmm-align-compiled.cc:127) f5-usctimit-ema--613
LOG (gmm-align-compiled[5.5.586~1-83c98]:main():gmm-align-compiled.cc:127) f5-usctimit-ema--614
LOG (gmm-align-compiled[5.5.586~1-83c98]:main():gmm-align-compiled.cc:127) f5-usctimit-ema--615
WARNING (gmm-align-compiled[5.5.586~1-83c98]:AlignUtteranceWrapper():decoder-wrappers.cc:618) Retrying utterance f5-usctimit-ema--615 with beam 40
LOG (gmm-align-compiled[5.5.586~1-83c98]:main():gmm-align-compiled.cc:127) f5-usctimit-ema--616
WARNING (gmm-align-compiled[5.5.586~1-83c98]:AlignUtteranceWrapper():decoder-wrappers.cc:618) Retrying utterance f5-usctimit-ema--616 with beam 40
LOG (gmm-align-compiled[5.5.586~1-83c98]:main():gmm-align-compiled.cc:127) f5-usctimit-ema--617
WARNING (gmm-align-compiled[5.5.586~1-83c98]:AlignUtteranceWrapper():decoder-wrappers.cc:618) Retrying utterance f5-usctimit-ema--617 with beam 40
LOG (gmm-align-compiled[5.5.586~1-83c98]:main():gmm-align-compiled.cc:127) f5-usctimit-ema--618
LOG (gmm-align-compiled[5.5.586~1-83c98]:main():gmm-align-compiled.cc:127) f5-usctimit-ema--619
WARNING (gmm-align-compiled[5.5.586~1-83c98]:AlignUtteranceWrapper():decoder-wrappers.cc:618) Retrying utterance f5-usctimit-ema--619 with beam 40
LOG (gmm-align-compiled[5.5.586~1-83c98]:main():gmm-align-compiled.cc:127) f5-usctimit-ema--620
LOG (gmm-align-compiled[5.5.586~1-83c98]:main():gmm-align-compiled.cc:127) f5-usctimit-ema--621
LOG (gmm-align-compiled[5.5.586~1-83c98]:main():gmm-align-compiled.cc:127) f5-usctimit-ema--622
LOG (gmm-align-compiled[5.5.586~1-83c98]:main():gmm-align-compiled.cc:127) f5-usctimit-ema--623
WARNING (gmm-align-compiled[5.5.586~1-83c98]:AlignUtteranceWrapper():decoder-wrappers.cc:618) Retrying utterance f5-usctimit-ema--623 with beam 40
LOG (gmm-align-compiled[5.5.586~1-83c98]:main():gmm-align-compiled.cc:127) f5-usctimit-ema--624
WARNING (gmm-align-compiled[5.5.586~1-83c98]:AlignUtteranceWrapper():decoder-wrappers.cc:618) Retrying utterance f5-usctimit-ema--624 with beam 40
LOG (gmm-align-compiled[5.5.586~1-83c98]:main():gmm-align-compiled.cc:127) f5-usctimit-ema--625
WARNING (gmm-align-compiled[5.5.586~1-83c98]:AlignUtteranceWrapper():decoder-wrappers.cc:618) Retrying utterance f5-usctimit-ema--625 with beam 40
LOG (gmm-align-compiled[5.5.586~1-83c98]:main():gmm-align-compiled.cc:127) f5-usctimit-ema--626
LOG (gmm-align-compiled[5.5.586~1-83c98]:main():gmm-align-compiled.cc:127) f5-usctimit-ema--627
LOG (gmm-align-compiled[5.5.586~1-83c98]:main():gmm-align-compiled.cc:127) f5-usctimit-ema--628
LOG (gmm-align-compiled[5.5.586~1-83c98]:main():gmm-align-compiled.cc:127) f5-usctimit-ema--629
WARNING (gmm-align-compiled[5.5.586~1-83c98]:AlignUtteranceWrapper():decoder-wrappers.cc:618) Retrying utterance f5-usctimit-ema--629 with beam 40
LOG (gmm-align-compiled[5.5.586~1-83c98]:main():gmm-align-compiled.cc:127) f5-usctimit-ema--630
LOG (gmm-align-compiled[5.5.586~1-83c98]:main():gmm-align-compiled.cc:127) f5-usctimit-ema--631
LOG (gmm-align-compiled[5.5.586~1-83c98]:main():gmm-align-compiled.cc:127) f5-usctimit-ema--632
WARNING (gmm-align-compiled[5.5.586~1-83c98]:AlignUtteranceWrapper():decoder-wrappers.cc:618) Retrying utterance f5-usctimit-ema--632 with beam 40
LOG (gmm-align-compiled[5.5.586~1-83c98]:main():gmm-align-compiled.cc:127) f5-usctimit-ema--633
WARNING (gmm-align-compiled[5.5.586~1-83c98]:AlignUtteranceWrapper():decoder-wrappers.cc:618) Retrying utterance f5-usctimit-ema--633 with beam 40
LOG (gmm-align-compiled[5.5.586~1-83c98]:main():gmm-align-compiled.cc:127) f5-usctimit-ema--634
WARNING (gmm-align-compiled[5.5.586~1-83c98]:AlignUtteranceWrapper():decoder-wrappers.cc:618) Retrying utterance f5-usctimit-ema--634 with beam 40
LOG (gmm-align-compiled[5.5.586~1-83c98]:main():gmm-align-compiled.cc:127) f5-usctimit-ema--635
LOG (gmm-align-compiled[5.5.586~1-83c98]:main():gmm-align-compiled.cc:127) f5-usctimit-ema--636
WARNING (gmm-align-compiled[5.5.586~1-83c98]:AlignUtteranceWrapper():decoder-wrappers.cc:618) Retrying utterance f5-usctimit-ema--636 with beam 40
LOG (gmm-align-compiled[5.5.586~1-83c98]:main():gmm-align-compiled.cc:127) f5-usctimit-ema--637
LOG (gmm-align-compiled[5.5.586~1-83c98]:main():gmm-align-compiled.cc:127) f5-usctimit-ema--638
LOG (gmm-align-compiled[5.5.586~1-83c98]:main():gmm-align-compiled.cc:127) f5-usctimit-ema--639
LOG (gmm-align-compiled[5.5.586~1-83c98]:main():gmm-align-compiled.cc:127) f5-usctimit-ema--640
LOG (gmm-align-compiled[5.5.586~1-83c98]:main():gmm-align-compiled.cc:127) f5-usctimit-ema--641
LOG (gmm-align-compiled[5.5.586~1-83c98]:main():gmm-align-compiled.cc:127) f5-usctimit-ema--642
WARNING (gmm-align-compiled[5.5.586~1-83c98]:AlignUtteranceWrapper():decoder-wrappers.cc:618) Retrying utterance f5-usctimit-ema--642 with beam 40
LOG (gmm-align-compiled[5.5.586~1-83c98]:main():gmm-align-compiled.cc:127) f5-usctimit-ema--643
LOG (gmm-align-compiled[5.5.586~1-83c98]:main():gmm-align-compiled.cc:127) f5-usctimit-ema--644
WARNING (gmm-align-compiled[5.5.586~1-83c98]:AlignUtteranceWrapper():decoder-wrappers.cc:618) Retrying utterance f5-usctimit-ema--644 with beam 40
LOG (gmm-align-compiled[5.5.586~1-83c98]:main():gmm-align-compiled.cc:127) f5-usctimit-ema--645
LOG (gmm-align-compiled[5.5.586~1-83c98]:main():gmm-align-compiled.cc:127) f5-usctimit-ema--646
LOG (gmm-align-compiled[5.5.586~1-83c98]:main():gmm-align-compiled.cc:127) f5-usctimit-ema--647
WARNING (gmm-align-compiled[5.5.586~1-83c98]:AlignUtteranceWrapper():decoder-wrappers.cc:618) Retrying utterance f5-usctimit-ema--647 with beam 40
LOG (gmm-align-compiled[5.5.586~1-83c98]:main():gmm-align-compiled.cc:127) f5-usctimit-ema--648
WARNING (gmm-align-compiled[5.5.586~1-83c98]:AlignUtteranceWrapper():decoder-wrappers.cc:618) Retrying utterance f5-usctimit-ema--648 with beam 40
LOG (gmm-align-compiled[5.5.586~1-83c98]:main():gmm-align-compiled.cc:127) f5-usctimit-ema--649
LOG (gmm-align-compiled[5.5.586~1-83c98]:main():gmm-align-compiled.cc:127) f5-usctimit-ema--650
WARNING (gmm-align-compiled[5.5.586~1-83c98]:AlignUtteranceWrapper():decoder-wrappers.cc:618) Retrying utterance f5-usctimit-ema--650 with beam 40
LOG (gmm-align-compiled[5.5.586~1-83c98]:main():gmm-align-compiled.cc:127) f5-usctimit-ema--651
WARNING (gmm-align-compiled[5.5.586~1-83c98]:AlignUtteranceWrapper():decoder-wrappers.cc:618) Retrying utterance f5-usctimit-ema--651 with beam 40
LOG (gmm-align-compiled[5.5.586~1-83c98]:main():gmm-align-compiled.cc:127) f5-usctimit-ema--652
LOG (gmm-align-compiled[5.5.586~1-83c98]:main():gmm-align-compiled.cc:127) f5-usctimit-ema--653
LOG (gmm-align-compiled[5.5.586~1-83c98]:main():gmm-align-compiled.cc:127) f5-usctimit-ema--654
WARNING (gmm-align-compiled[5.5.586~1-83c98]:AlignUtteranceWrapper():decoder-wrappers.cc:618) Retrying utterance f5-usctimit-ema--654 with beam 40
LOG (gmm-align-compiled[5.5.586~1-83c98]:main():gmm-align-compiled.cc:127) f5-usctimit-ema--655
LOG (gmm-align-compiled[5.5.586~1-83c98]:main():gmm-align-compiled.cc:127) f5-usctimit-ema--656
WARNING (gmm-align-compiled[5.5.586~1-83c98]:AlignUtteranceWrapper():decoder-wrappers.cc:618) Retrying utterance f5-usctimit-ema--656 with beam 40
LOG (gmm-align-compiled[5.5.586~1-83c98]:main():gmm-align-compiled.cc:127) f5-usctimit-ema--657
LOG (gmm-align-compiled[5.5.586~1-83c98]:main():gmm-align-compiled.cc:127) f5-usctimit-ema--658
LOG (gmm-align-compiled[5.5.586~1-83c98]:main():gmm-align-compiled.cc:127) f5-usctimit-ema--659
WARNING (gmm-align-compiled[5.5.586~1-83c98]:AlignUtteranceWrapper():decoder-wrappers.cc:618) Retrying utterance f5-usctimit-ema--659 with beam 40
LOG (gmm-align-compiled[5.5.586~1-83c98]:main():gmm-align-compiled.cc:127) f5-usctimit-ema--660
WARNING (gmm-align-compiled[5.5.586~1-83c98]:AlignUtteranceWrapper():decoder-wrappers.cc:618) Retrying utterance f5-usctimit-ema--660 with beam 40
LOG (gmm-align-compiled[5.5.586~1-83c98]:main():gmm-align-compiled.cc:127) f5-usctimit-ema--661
WARNING (gmm-align-compiled[5.5.586~1-83c98]:AlignUtteranceWrapper():decoder-wrappers.cc:618) Retrying utterance f5-usctimit-ema--661 with beam 40
LOG (gmm-align-compiled[5.5.586~1-83c98]:main():gmm-align-compiled.cc:127) f5-usctimit-ema--662
WARNING (gmm-align-compiled[5.5.586~1-83c98]:AlignUtteranceWrapper():decoder-wrappers.cc:618) Retrying utterance f5-usctimit-ema--662 with beam 40
LOG (gmm-align-compiled[5.5.586~1-83c98]:main():gmm-align-compiled.cc:127) f5-usctimit-ema--663
LOG (gmm-align-compiled[5.5.586~1-83c98]:main():gmm-align-compiled.cc:127) f5-usctimit-ema--664
LOG (gmm-align-compiled[5.5.586~1-83c98]:main():gmm-align-compiled.cc:127) f5-usctimit-ema--665
WARNING (gmm-align-compiled[5.5.586~1-83c98]:AlignUtteranceWrapper():decoder-wrappers.cc:618) Retrying utterance f5-usctimit-ema--665 with beam 40
LOG (gmm-align-compiled[5.5.586~1-83c98]:main():gmm-align-compiled.cc:127) f5-usctimit-ema--666
LOG (gmm-align-compiled[5.5.586~1-83c98]:main():gmm-align-compiled.cc:127) f5-usctimit-ema--667
LOG (gmm-align-compiled[5.5.586~1-83c98]:main():gmm-align-compiled.cc:127) f5-usctimit-ema--668
LOG (gmm-align-compiled[5.5.586~1-83c98]:main():gmm-align-compiled.cc:127) f5-usctimit-ema--669
LOG (gmm-align-compiled[5.5.586~1-83c98]:main():gmm-align-compiled.cc:127) f5-usctimit-ema--670
WARNING (gmm-align-compiled[5.5.586~1-83c98]:AlignUtteranceWrapper():decoder-wrappers.cc:618) Retrying utterance f5-usctimit-ema--670 with beam 40
LOG (gmm-align-compiled[5.5.586~1-83c98]:main():gmm-align-compiled.cc:127) f5-usctimit-ema--671
WARNING (gmm-align-compiled[5.5.586~1-83c98]:AlignUtteranceWrapper():decoder-wrappers.cc:618) Retrying utterance f5-usctimit-ema--671 with beam 40
LOG (gmm-align-compiled[5.5.586~1-83c98]:main():gmm-align-compiled.cc:127) f5-usctimit-ema--672
LOG (gmm-align-compiled[5.5.586~1-83c98]:main():gmm-align-compiled.cc:127) f5-usctimit-ema--673
LOG (gmm-align-compiled[5.5.586~1-83c98]:main():gmm-align-compiled.cc:127) f5-usctimit-ema--674
LOG (gmm-align-compiled[5.5.586~1-83c98]:main():gmm-align-compiled.cc:127) f5-usctimit-ema--675
WARNING (gmm-align-compiled[5.5.586~1-83c98]:AlignUtteranceWrapper():decoder-wrappers.cc:618) Retrying utterance f5-usctimit-ema--675 with beam 40
LOG (gmm-align-compiled[5.5.586~1-83c98]:main():gmm-align-compiled.cc:127) f5-usctimit-ema--676
LOG (gmm-align-compiled[5.5.586~1-83c98]:main():gmm-align-compiled.cc:127) f5-usctimit-ema--677
LOG (gmm-align-compiled[5.5.586~1-83c98]:main():gmm-align-compiled.cc:127) f5-usctimit-ema--678
WARNING (gmm-align-compiled[5.5.586~1-83c98]:AlignUtteranceWrapper():decoder-wrappers.cc:618) Retrying utterance f5-usctimit-ema--678 with beam 40
LOG (gmm-align-compiled[5.5.586~1-83c98]:main():gmm-align-compiled.cc:127) f5-usctimit-ema--679
LOG (gmm-align-compiled[5.5.586~1-83c98]:main():gmm-align-compiled.cc:127) f5-usctimit-ema--680
WARNING (gmm-align-compiled[5.5.586~1-83c98]:AlignUtteranceWrapper():decoder-wrappers.cc:618) Retrying utterance f5-usctimit-ema--680 with beam 40
LOG (gmm-align-compiled[5.5.586~1-83c98]:main():gmm-align-compiled.cc:127) f5-usctimit-ema--681
WARNING (gmm-align-compiled[5.5.586~1-83c98]:AlignUtteranceWrapper():decoder-wrappers.cc:618) Retrying utterance f5-usctimit-ema--681 with beam 40
LOG (gmm-align-compiled[5.5.586~1-83c98]:main():gmm-align-compiled.cc:127) f5-usctimit-ema--682
WARNING (gmm-align-compiled[5.5.586~1-83c98]:AlignUtteranceWrapper():decoder-wrappers.cc:618) Retrying utterance f5-usctimit-ema--682 with beam 40
LOG (gmm-align-compiled[5.5.586~1-83c98]:main():gmm-align-compiled.cc:127) f5-usctimit-ema--683
WARNING (gmm-align-compiled[5.5.586~1-83c98]:AlignUtteranceWrapper():decoder-wrappers.cc:618) Retrying utterance f5-usctimit-ema--683 with beam 40
LOG (gmm-align-compiled[5.5.586~1-83c98]:main():gmm-align-compiled.cc:127) f5-usctimit-ema--684
WARNING (gmm-align-compiled[5.5.586~1-83c98]:AlignUtteranceWrapper():decoder-wrappers.cc:618) Retrying utterance f5-usctimit-ema--684 with beam 40
LOG (gmm-align-compiled[5.5.586~1-83c98]:main():gmm-align-compiled.cc:127) f5-usctimit-ema--685
WARNING (gmm-align-compiled[5.5.586~1-83c98]:AlignUtteranceWrapper():decoder-wrappers.cc:618) Retrying utterance f5-usctimit-ema--685 with beam 40
LOG (gmm-align-compiled[5.5.586~1-83c98]:main():gmm-align-compiled.cc:127) f5-usctimit-ema--686
LOG (gmm-align-compiled[5.5.586~1-83c98]:main():gmm-align-compiled.cc:127) f5-usctimit-ema--687
LOG (gmm-align-compiled[5.5.586~1-83c98]:main():gmm-align-compiled.cc:127) f5-usctimit-ema--688
LOG (gmm-align-compiled[5.5.586~1-83c98]:main():gmm-align-compiled.cc:127) f5-usctimit-ema--689
LOG (gmm-align-compiled[5.5.586~1-83c98]:main():gmm-align-compiled.cc:127) f5-usctimit-ema--690
LOG (gmm-align-compiled[5.5.586~1-83c98]:main():gmm-align-compiled.cc:127) f5-usctimit-ema--691
LOG (gmm-align-compiled[5.5.586~1-83c98]:main():gmm-align-compiled.cc:127) f5-usctimit-ema--692
LOG (gmm-align-compiled[5.5.586~1-83c98]:main():gmm-align-compiled.cc:127) f5-usctimit-ema--693
LOG (gmm-align-compiled[5.5.586~1-83c98]:main():gmm-align-compiled.cc:127) f5-usctimit-ema--694
LOG (gmm-align-compiled[5.5.586~1-83c98]:main():gmm-align-compiled.cc:127) f5-usctimit-ema--695
LOG (gmm-align-compiled[5.5.586~1-83c98]:main():gmm-align-compiled.cc:127) f5-usctimit-ema--696
LOG (gmm-align-compiled[5.5.586~1-83c98]:main():gmm-align-compiled.cc:127) f5-usctimit-ema--697
LOG (gmm-align-compiled[5.5.586~1-83c98]:main():gmm-align-compiled.cc:127) f5-usctimit-ema--698
LOG (gmm-align-compiled[5.5.586~1-83c98]:main():gmm-align-compiled.cc:127) f5-usctimit-ema--699
WARNING (gmm-align-compiled[5.5.586~1-83c98]:AlignUtteranceWrapper():decoder-wrappers.cc:618) Retrying utterance f5-usctimit-ema--699 with beam 40
LOG (gmm-align-compiled[5.5.586~1-83c98]:main():gmm-align-compiled.cc:127) f5-usctimit-ema--700
LOG (gmm-align-compiled[5.5.586~1-83c98]:main():gmm-align-compiled.cc:127) f5-usctimit-ema--701
WARNING (gmm-align-compiled[5.5.586~1-83c98]:AlignUtteranceWrapper():decoder-wrappers.cc:618) Retrying utterance f5-usctimit-ema--701 with beam 40
LOG (gmm-align-compiled[5.5.586~1-83c98]:main():gmm-align-compiled.cc:127) f5-usctimit-ema--702
WARNING (gmm-align-compiled[5.5.586~1-83c98]:AlignUtteranceWrapper():decoder-wrappers.cc:618) Retrying utterance f5-usctimit-ema--702 with beam 40
LOG (gmm-align-compiled[5.5.586~1-83c98]:main():gmm-align-compiled.cc:127) f5-usctimit-ema--703
WARNING (gmm-align-compiled[5.5.586~1-83c98]:AlignUtteranceWrapper():decoder-wrappers.cc:618) Retrying utterance f5-usctimit-ema--703 with beam 40
LOG (gmm-align-compiled[5.5.586~1-83c98]:main():gmm-align-compiled.cc:127) f5-usctimit-ema--704
WARNING (gmm-align-compiled[5.5.586~1-83c98]:AlignUtteranceWrapper():decoder-wrappers.cc:618) Retrying utterance f5-usctimit-ema--704 with beam 40
LOG (gmm-align-compiled[5.5.586~1-83c98]:main():gmm-align-compiled.cc:127) f5-usctimit-ema--705
WARNING (gmm-align-compiled[5.5.586~1-83c98]:AlignUtteranceWrapper():decoder-wrappers.cc:618) Retrying utterance f5-usctimit-ema--705 with beam 40
LOG (gmm-align-compiled[5.5.586~1-83c98]:main():gmm-align-compiled.cc:127) f5-usctimit-ema--706
LOG (gmm-align-compiled[5.5.586~1-83c98]:main():gmm-align-compiled.cc:127) f5-usctimit-ema--707
LOG (gmm-align-compiled[5.5.586~1-83c98]:main():gmm-align-compiled.cc:127) f5-usctimit-ema--708
LOG (gmm-align-compiled[5.5.586~1-83c98]:main():gmm-align-compiled.cc:127) f5-usctimit-ema--709
LOG (gmm-align-compiled[5.5.586~1-83c98]:main():gmm-align-compiled.cc:127) f5-usctimit-ema--710
LOG (gmm-align-compiled[5.5.586~1-83c98]:main():gmm-align-compiled.cc:127) f5-usctimit-ema--711
WARNING (gmm-align-compiled[5.5.586~1-83c98]:AlignUtteranceWrapper():decoder-wrappers.cc:618) Retrying utterance f5-usctimit-ema--711 with beam 40
LOG (gmm-align-compiled[5.5.586~1-83c98]:main():gmm-align-compiled.cc:127) f5-usctimit-ema--712
LOG (gmm-align-compiled[5.5.586~1-83c98]:main():gmm-align-compiled.cc:127) f5-usctimit-ema--713
LOG (gmm-align-compiled[5.5.586~1-83c98]:main():gmm-align-compiled.cc:127) f5-usctimit-ema--714
LOG (gmm-align-compiled[5.5.586~1-83c98]:main():gmm-align-compiled.cc:127) f5-usctimit-ema--715
LOG (gmm-align-compiled[5.5.586~1-83c98]:main():gmm-align-compiled.cc:127) f5-usctimit-ema--716
LOG (gmm-align-compiled[5.5.586~1-83c98]:main():gmm-align-compiled.cc:127) f5-usctimit-ema--717
LOG (gmm-align-compiled[5.5.586~1-83c98]:main():gmm-align-compiled.cc:127) f5-usctimit-ema--718
WARNING (gmm-align-compiled[5.5.586~1-83c98]:AlignUtteranceWrapper():decoder-wrappers.cc:618) Retrying utterance f5-usctimit-ema--718 with beam 40
LOG (gmm-align-compiled[5.5.586~1-83c98]:main():gmm-align-compiled.cc:127) f5-usctimit-ema--719
LOG (gmm-align-compiled[5.5.586~1-83c98]:main():gmm-align-compiled.cc:127) f5-usctimit-ema--720
LOG (gmm-align-compiled[5.5.586~1-83c98]:main():gmm-align-compiled.cc:127) f5-usctimit-ema--721
LOG (gmm-align-compiled[5.5.586~1-83c98]:main():gmm-align-compiled.cc:127) f5-usctimit-ema--722
LOG (gmm-align-compiled[5.5.586~1-83c98]:main():gmm-align-compiled.cc:127) f5-usctimit-ema--723
LOG (gmm-align-compiled[5.5.586~1-83c98]:main():gmm-align-compiled.cc:127) f5-usctimit-ema--724
WARNING (gmm-align-compiled[5.5.586~1-83c98]:AlignUtteranceWrapper():decoder-wrappers.cc:618) Retrying utterance f5-usctimit-ema--724 with beam 40
LOG (gmm-align-compiled[5.5.586~1-83c98]:main():gmm-align-compiled.cc:127) f5-usctimit-ema--725
LOG (gmm-align-compiled[5.5.586~1-83c98]:main():gmm-align-compiled.cc:127) f5-usctimit-ema--726
LOG (gmm-align-compiled[5.5.586~1-83c98]:main():gmm-align-compiled.cc:127) f5-usctimit-ema--727
LOG (gmm-align-compiled[5.5.586~1-83c98]:main():gmm-align-compiled.cc:127) f5-usctimit-ema--728
LOG (gmm-align-compiled[5.5.586~1-83c98]:main():gmm-align-compiled.cc:127) f5-usctimit-ema--729
WARNING (gmm-align-compiled[5.5.586~1-83c98]:AlignUtteranceWrapper():decoder-wrappers.cc:618) Retrying utterance f5-usctimit-ema--729 with beam 40
LOG (gmm-align-compiled[5.5.586~1-83c98]:main():gmm-align-compiled.cc:127) f5-usctimit-ema--730
LOG (gmm-align-compiled[5.5.586~1-83c98]:main():gmm-align-compiled.cc:127) f5-usctimit-ema--731
WARNING (gmm-align-compiled[5.5.586~1-83c98]:AlignUtteranceWrapper():decoder-wrappers.cc:618) Retrying utterance f5-usctimit-ema--731 with beam 40
LOG (gmm-align-compiled[5.5.586~1-83c98]:main():gmm-align-compiled.cc:127) f5-usctimit-ema--732
LOG (gmm-align-compiled[5.5.586~1-83c98]:main():gmm-align-compiled.cc:127) f5-usctimit-ema--733
LOG (gmm-align-compiled[5.5.586~1-83c98]:main():gmm-align-compiled.cc:127) f5-usctimit-ema--734
WARNING (gmm-align-compiled[5.5.586~1-83c98]:AlignUtteranceWrapper():decoder-wrappers.cc:618) Retrying utterance f5-usctimit-ema--734 with beam 40
LOG (gmm-align-compiled[5.5.586~1-83c98]:main():gmm-align-compiled.cc:127) f5-usctimit-ema--735
LOG (gmm-align-compiled[5.5.586~1-83c98]:main():gmm-align-compiled.cc:127) f5-usctimit-ema--736
LOG (gmm-align-compiled[5.5.586~1-83c98]:main():gmm-align-compiled.cc:127) f5-usctimit-ema--737
WARNING (gmm-align-compiled[5.5.586~1-83c98]:AlignUtteranceWrapper():decoder-wrappers.cc:618) Retrying utterance f5-usctimit-ema--737 with beam 40
LOG (gmm-align-compiled[5.5.586~1-83c98]:main():gmm-align-compiled.cc:127) f5-usctimit-ema--738
WARNING (gmm-align-compiled[5.5.586~1-83c98]:AlignUtteranceWrapper():decoder-wrappers.cc:618) Retrying utterance f5-usctimit-ema--738 with beam 40
LOG (gmm-align-compiled[5.5.586~1-83c98]:main():gmm-align-compiled.cc:127) f5-usctimit-ema--739
LOG (gmm-align-compiled[5.5.586~1-83c98]:main():gmm-align-compiled.cc:127) f5-usctimit-ema--740
LOG (gmm-align-compiled[5.5.586~1-83c98]:main():gmm-align-compiled.cc:127) f5-usctimit-ema--741
LOG (gmm-align-compiled[5.5.586~1-83c98]:main():gmm-align-compiled.cc:127) f5-usctimit-ema--742
LOG (gmm-align-compiled[5.5.586~1-83c98]:main():gmm-align-compiled.cc:127) f5-usctimit-ema--743
WARNING (gmm-align-compiled[5.5.586~1-83c98]:AlignUtteranceWrapper():decoder-wrappers.cc:618) Retrying utterance f5-usctimit-ema--743 with beam 40
LOG (gmm-align-compiled[5.5.586~1-83c98]:main():gmm-align-compiled.cc:127) f5-usctimit-ema--744
LOG (gmm-align-compiled[5.5.586~1-83c98]:main():gmm-align-compiled.cc:127) f5-usctimit-ema--745
WARNING (gmm-align-compiled[5.5.586~1-83c98]:AlignUtteranceWrapper():decoder-wrappers.cc:618) Retrying utterance f5-usctimit-ema--745 with beam 40
LOG (gmm-align-compiled[5.5.586~1-83c98]:main():gmm-align-compiled.cc:127) f5-usctimit-ema--746
LOG (gmm-align-compiled[5.5.586~1-83c98]:main():gmm-align-compiled.cc:127) f5-usctimit-ema--747
LOG (gmm-align-compiled[5.5.586~1-83c98]:main():gmm-align-compiled.cc:127) f5-usctimit-ema--748
LOG (gmm-align-compiled[5.5.586~1-83c98]:main():gmm-align-compiled.cc:127) f5-usctimit-ema--749
LOG (gmm-align-compiled[5.5.586~1-83c98]:main():gmm-align-compiled.cc:127) f5-usctimit-ema--750
LOG (gmm-align-compiled[5.5.586~1-83c98]:main():gmm-align-compiled.cc:127) f5-usctimit-ema--751
WARNING (gmm-align-compiled[5.5.586~1-83c98]:AlignUtteranceWrapper():decoder-wrappers.cc:618) Retrying utterance f5-usctimit-ema--751 with beam 40
LOG (gmm-align-compiled[5.5.586~1-83c98]:main():gmm-align-compiled.cc:127) f5-usctimit-ema--752
LOG (gmm-align-compiled[5.5.586~1-83c98]:main():gmm-align-compiled.cc:127) f5-usctimit-ema--753
WARNING (gmm-align-compiled[5.5.586~1-83c98]:AlignUtteranceWrapper():decoder-wrappers.cc:618) Retrying utterance f5-usctimit-ema--753 with beam 40
LOG (gmm-align-compiled[5.5.586~1-83c98]:main():gmm-align-compiled.cc:127) f5-usctimit-ema--754
LOG (gmm-align-compiled[5.5.586~1-83c98]:main():gmm-align-compiled.cc:127) f5-usctimit-ema--755
WARNING (gmm-align-compiled[5.5.586~1-83c98]:AlignUtteranceWrapper():decoder-wrappers.cc:618) Retrying utterance f5-usctimit-ema--755 with beam 40
LOG (gmm-align-compiled[5.5.586~1-83c98]:main():gmm-align-compiled.cc:127) f5-usctimit-ema--756
WARNING (gmm-align-compiled[5.5.586~1-83c98]:AlignUtteranceWrapper():decoder-wrappers.cc:618) Retrying utterance f5-usctimit-ema--756 with beam 40
LOG (gmm-align-compiled[5.5.586~1-83c98]:main():gmm-align-compiled.cc:127) f5-usctimit-ema--757
LOG (gmm-align-compiled[5.5.586~1-83c98]:main():gmm-align-compiled.cc:127) f5-usctimit-ema--758
WARNING (gmm-align-compiled[5.5.586~1-83c98]:AlignUtteranceWrapper():decoder-wrappers.cc:618) Retrying utterance f5-usctimit-ema--758 with beam 40
LOG (gmm-align-compiled[5.5.586~1-83c98]:main():gmm-align-compiled.cc:127) f5-usctimit-ema--759
LOG (gmm-align-compiled[5.5.586~1-83c98]:main():gmm-align-compiled.cc:127) f5-usctimit-ema--760
WARNING (gmm-align-compiled[5.5.586~1-83c98]:AlignUtteranceWrapper():decoder-wrappers.cc:618) Retrying utterance f5-usctimit-ema--760 with beam 40
LOG (gmm-align-compiled[5.5.586~1-83c98]:main():gmm-align-compiled.cc:127) f5-usctimit-ema--761
LOG (gmm-align-compiled[5.5.586~1-83c98]:main():gmm-align-compiled.cc:127) f5-usctimit-ema--762
LOG (gmm-align-compiled[5.5.586~1-83c98]:main():gmm-align-compiled.cc:127) f5-usctimit-ema--763
LOG (gmm-align-compiled[5.5.586~1-83c98]:main():gmm-align-compiled.cc:127) f5-usctimit-ema--764
WARNING (gmm-align-compiled[5.5.586~1-83c98]:AlignUtteranceWrapper():decoder-wrappers.cc:618) Retrying utterance f5-usctimit-ema--764 with beam 40
LOG (gmm-align-compiled[5.5.586~1-83c98]:main():gmm-align-compiled.cc:127) f5-usctimit-ema--765
WARNING (gmm-align-compiled[5.5.586~1-83c98]:AlignUtteranceWrapper():decoder-wrappers.cc:618) Retrying utterance f5-usctimit-ema--765 with beam 40
LOG (gmm-align-compiled[5.5.586~1-83c98]:main():gmm-align-compiled.cc:127) f5-usctimit-ema--766
WARNING (gmm-align-compiled[5.5.586~1-83c98]:AlignUtteranceWrapper():decoder-wrappers.cc:618) Retrying utterance f5-usctimit-ema--766 with beam 40
LOG (gmm-align-compiled[5.5.586~1-83c98]:main():gmm-align-compiled.cc:127) f5-usctimit-ema--767
LOG (gmm-align-compiled[5.5.586~1-83c98]:main():gmm-align-compiled.cc:127) f5-usctimit-ema--768
WARNING (gmm-align-compiled[5.5.586~1-83c98]:AlignUtteranceWrapper():decoder-wrappers.cc:618) Retrying utterance f5-usctimit-ema--768 with beam 40
LOG (gmm-align-compiled[5.5.586~1-83c98]:main():gmm-align-compiled.cc:127) f5-usctimit-ema--769
WARNING (gmm-align-compiled[5.5.586~1-83c98]:AlignUtteranceWrapper():decoder-wrappers.cc:618) Retrying utterance f5-usctimit-ema--769 with beam 40
LOG (gmm-align-compiled[5.5.586~1-83c98]:main():gmm-align-compiled.cc:127) f5-usctimit-ema--770
WARNING (gmm-align-compiled[5.5.586~1-83c98]:AlignUtteranceWrapper():decoder-wrappers.cc:618) Retrying utterance f5-usctimit-ema--770 with beam 40
LOG (gmm-align-compiled[5.5.586~1-83c98]:main():gmm-align-compiled.cc:127) f5-usctimit-ema--771
LOG (gmm-align-compiled[5.5.586~1-83c98]:main():gmm-align-compiled.cc:127) f5-usctimit-ema--772
LOG (gmm-align-compiled[5.5.586~1-83c98]:main():gmm-align-compiled.cc:127) f5-usctimit-ema--773
LOG (gmm-align-compiled[5.5.586~1-83c98]:main():gmm-align-compiled.cc:127) f5-usctimit-ema--774
LOG (gmm-align-compiled[5.5.586~1-83c98]:main():gmm-align-compiled.cc:127) f5-usctimit-ema--775
LOG (gmm-align-compiled[5.5.586~1-83c98]:main():gmm-align-compiled.cc:127) f5-usctimit-ema--776
LOG (gmm-align-compiled[5.5.586~1-83c98]:main():gmm-align-compiled.cc:127) f5-usctimit-ema--777
WARNING (gmm-align-compiled[5.5.586~1-83c98]:AlignUtteranceWrapper():decoder-wrappers.cc:618) Retrying utterance f5-usctimit-ema--777 with beam 40
LOG (gmm-align-compiled[5.5.586~1-83c98]:main():gmm-align-compiled.cc:127) f5-usctimit-ema--778
WARNING (gmm-align-compiled[5.5.586~1-83c98]:AlignUtteranceWrapper():decoder-wrappers.cc:618) Retrying utterance f5-usctimit-ema--778 with beam 40
LOG (gmm-align-compiled[5.5.586~1-83c98]:main():gmm-align-compiled.cc:127) f5-usctimit-ema--779
WARNING (gmm-align-compiled[5.5.586~1-83c98]:AlignUtteranceWrapper():decoder-wrappers.cc:618) Retrying utterance f5-usctimit-ema--779 with beam 40
LOG (gmm-align-compiled[5.5.586~1-83c98]:main():gmm-align-compiled.cc:127) f5-usctimit-ema--780
LOG (gmm-align-compiled[5.5.586~1-83c98]:main():gmm-align-compiled.cc:127) f5-usctimit-ema--781
LOG (gmm-align-compiled[5.5.586~1-83c98]:main():gmm-align-compiled.cc:127) f5-usctimit-ema--782
LOG (gmm-align-compiled[5.5.586~1-83c98]:main():gmm-align-compiled.cc:127) f5-usctimit-ema--783
LOG (gmm-align-compiled[5.5.586~1-83c98]:main():gmm-align-compiled.cc:127) f5-usctimit-ema--784
LOG (gmm-align-compiled[5.5.586~1-83c98]:main():gmm-align-compiled.cc:127) f5-usctimit-ema--785
LOG (gmm-align-compiled[5.5.586~1-83c98]:main():gmm-align-compiled.cc:127) f5-usctimit-ema--786
LOG (gmm-align-compiled[5.5.586~1-83c98]:main():gmm-align-compiled.cc:127) f5-usctimit-ema--787
LOG (gmm-align-compiled[5.5.586~1-83c98]:main():gmm-align-compiled.cc:127) f5-usctimit-ema--788
WARNING (gmm-align-compiled[5.5.586~1-83c98]:AlignUtteranceWrapper():decoder-wrappers.cc:618) Retrying utterance f5-usctimit-ema--788 with beam 40
LOG (gmm-align-compiled[5.5.586~1-83c98]:main():gmm-align-compiled.cc:127) f5-usctimit-ema--789
LOG (gmm-align-compiled[5.5.586~1-83c98]:main():gmm-align-compiled.cc:127) f5-usctimit-ema--790
LOG (gmm-align-compiled[5.5.586~1-83c98]:main():gmm-align-compiled.cc:127) f5-usctimit-ema--791
WARNING (gmm-align-compiled[5.5.586~1-83c98]:AlignUtteranceWrapper():decoder-wrappers.cc:618) Retrying utterance f5-usctimit-ema--791 with beam 40
LOG (gmm-align-compiled[5.5.586~1-83c98]:main():gmm-align-compiled.cc:127) f5-usctimit-ema--792
WARNING (gmm-align-compiled[5.5.586~1-83c98]:AlignUtteranceWrapper():decoder-wrappers.cc:618) Retrying utterance f5-usctimit-ema--792 with beam 40
LOG (gmm-align-compiled[5.5.586~1-83c98]:main():gmm-align-compiled.cc:127) f5-usctimit-ema--793
WARNING (gmm-align-compiled[5.5.586~1-83c98]:AlignUtteranceWrapper():decoder-wrappers.cc:618) Retrying utterance f5-usctimit-ema--793 with beam 40
LOG (gmm-align-compiled[5.5.586~1-83c98]:main():gmm-align-compiled.cc:127) f5-usctimit-ema--794
WARNING (gmm-align-compiled[5.5.586~1-83c98]:AlignUtteranceWrapper():decoder-wrappers.cc:618) Retrying utterance f5-usctimit-ema--794 with beam 40
LOG (gmm-align-compiled[5.5.586~1-83c98]:main():gmm-align-compiled.cc:127) f5-usctimit-ema--795
WARNING (gmm-align-compiled[5.5.586~1-83c98]:AlignUtteranceWrapper():decoder-wrappers.cc:618) Retrying utterance f5-usctimit-ema--795 with beam 40
LOG (gmm-align-compiled[5.5.586~1-83c98]:main():gmm-align-compiled.cc:127) f5-usctimit-ema--796
WARNING (gmm-align-compiled[5.5.586~1-83c98]:AlignUtteranceWrapper():decoder-wrappers.cc:618) Retrying utterance f5-usctimit-ema--796 with beam 40
LOG (gmm-align-compiled[5.5.586~1-83c98]:main():gmm-align-compiled.cc:127) f5-usctimit-ema--797
LOG (gmm-align-compiled[5.5.586~1-83c98]:main():gmm-align-compiled.cc:127) f5-usctimit-ema--798
WARNING (gmm-align-compiled[5.5.586~1-83c98]:AlignUtteranceWrapper():decoder-wrappers.cc:618) Retrying utterance f5-usctimit-ema--798 with beam 40
LOG (gmm-align-compiled[5.5.586~1-83c98]:main():gmm-align-compiled.cc:127) f5-usctimit-ema--799
LOG (gmm-align-compiled[5.5.586~1-83c98]:main():gmm-align-compiled.cc:127) f5-usctimit-ema--800
LOG (gmm-align-compiled[5.5.586~1-83c98]:main():gmm-align-compiled.cc:127) f5-usctimit-ema--801
LOG (gmm-align-compiled[5.5.586~1-83c98]:main():gmm-align-compiled.cc:127) f5-usctimit-ema--802
WARNING (gmm-align-compiled[5.5.586~1-83c98]:AlignUtteranceWrapper():decoder-wrappers.cc:618) Retrying utterance f5-usctimit-ema--802 with beam 40
LOG (gmm-align-compiled[5.5.586~1-83c98]:main():gmm-align-compiled.cc:127) f5-usctimit-ema--803
WARNING (gmm-align-compiled[5.5.586~1-83c98]:AlignUtteranceWrapper():decoder-wrappers.cc:618) Retrying utterance f5-usctimit-ema--803 with beam 40
LOG (gmm-align-compiled[5.5.586~1-83c98]:main():gmm-align-compiled.cc:127) f5-usctimit-ema--804
LOG (gmm-align-compiled[5.5.586~1-83c98]:main():gmm-align-compiled.cc:127) f5-usctimit-ema--805
LOG (gmm-align-compiled[5.5.586~1-83c98]:main():gmm-align-compiled.cc:127) f5-usctimit-ema--806
WARNING (gmm-align-compiled[5.5.586~1-83c98]:AlignUtteranceWrapper():decoder-wrappers.cc:618) Retrying utterance f5-usctimit-ema--806 with beam 40
LOG (gmm-align-compiled[5.5.586~1-83c98]:main():gmm-align-compiled.cc:127) f5-usctimit-ema--807
LOG (gmm-align-compiled[5.5.586~1-83c98]:main():gmm-align-compiled.cc:127) f5-usctimit-ema--808
WARNING (gmm-align-compiled[5.5.586~1-83c98]:AlignUtteranceWrapper():decoder-wrappers.cc:618) Retrying utterance f5-usctimit-ema--808 with beam 40
LOG (gmm-align-compiled[5.5.586~1-83c98]:main():gmm-align-compiled.cc:127) f5-usctimit-ema--809
LOG (gmm-align-compiled[5.5.586~1-83c98]:main():gmm-align-compiled.cc:127) f5-usctimit-ema--810
LOG (gmm-align-compiled[5.5.586~1-83c98]:main():gmm-align-compiled.cc:127) f5-usctimit-ema--811
LOG (gmm-align-compiled[5.5.586~1-83c98]:main():gmm-align-compiled.cc:127) f5-usctimit-ema--812
WARNING (gmm-align-compiled[5.5.586~1-83c98]:AlignUtteranceWrapper():decoder-wrappers.cc:618) Retrying utterance f5-usctimit-ema--812 with beam 40
LOG (gmm-align-compiled[5.5.586~1-83c98]:main():gmm-align-compiled.cc:127) f5-usctimit-ema--813
LOG (gmm-align-compiled[5.5.586~1-83c98]:main():gmm-align-compiled.cc:127) f5-usctimit-ema--814
LOG (gmm-align-compiled[5.5.586~1-83c98]:main():gmm-align-compiled.cc:127) f5-usctimit-ema--815
LOG (gmm-align-compiled[5.5.586~1-83c98]:main():gmm-align-compiled.cc:127) f5-usctimit-ema--816
LOG (gmm-align-compiled[5.5.586~1-83c98]:main():gmm-align-compiled.cc:127) f5-usctimit-ema--817
LOG (gmm-align-compiled[5.5.586~1-83c98]:main():gmm-align-compiled.cc:127) f5-usctimit-ema--818
LOG (gmm-align-compiled[5.5.586~1-83c98]:main():gmm-align-compiled.cc:127) f5-usctimit-ema--819
WARNING (gmm-align-compiled[5.5.586~1-83c98]:AlignUtteranceWrapper():decoder-wrappers.cc:618) Retrying utterance f5-usctimit-ema--819 with beam 40
LOG (gmm-align-compiled[5.5.586~1-83c98]:main():gmm-align-compiled.cc:127) f5-usctimit-ema--820
LOG (gmm-align-compiled[5.5.586~1-83c98]:main():gmm-align-compiled.cc:127) f5-usctimit-ema--821
LOG (gmm-align-compiled[5.5.586~1-83c98]:main():gmm-align-compiled.cc:127) f5-usctimit-ema--822
WARNING (gmm-align-compiled[5.5.586~1-83c98]:AlignUtteranceWrapper():decoder-wrappers.cc:618) Retrying utterance f5-usctimit-ema--822 with beam 40
LOG (gmm-align-compiled[5.5.586~1-83c98]:main():gmm-align-compiled.cc:127) f5-usctimit-ema--823
WARNING (gmm-align-compiled[5.5.586~1-83c98]:AlignUtteranceWrapper():decoder-wrappers.cc:618) Retrying utterance f5-usctimit-ema--823 with beam 40
LOG (gmm-align-compiled[5.5.586~1-83c98]:main():gmm-align-compiled.cc:127) f5-usctimit-ema--824
LOG (gmm-align-compiled[5.5.586~1-83c98]:main():gmm-align-compiled.cc:127) f5-usctimit-ema--825
LOG (gmm-align-compiled[5.5.586~1-83c98]:main():gmm-align-compiled.cc:127) f5-usctimit-ema--826
LOG (gmm-align-compiled[5.5.586~1-83c98]:main():gmm-align-compiled.cc:127) f5-usctimit-ema--827
LOG (gmm-align-compiled[5.5.586~1-83c98]:main():gmm-align-compiled.cc:127) f5-usctimit-ema--828
LOG (gmm-align-compiled[5.5.586~1-83c98]:main():gmm-align-compiled.cc:127) f5-usctimit-ema--829
LOG (gmm-align-compiled[5.5.586~1-83c98]:main():gmm-align-compiled.cc:127) f5-usctimit-ema--830
LOG (gmm-align-compiled[5.5.586~1-83c98]:main():gmm-align-compiled.cc:127) f5-usctimit-ema--831
LOG (gmm-align-compiled[5.5.586~1-83c98]:main():gmm-align-compiled.cc:127) f5-usctimit-ema--832
LOG (gmm-align-compiled[5.5.586~1-83c98]:main():gmm-align-compiled.cc:127) f5-usctimit-ema--833
LOG (gmm-align-compiled[5.5.586~1-83c98]:main():gmm-align-compiled.cc:127) f5-usctimit-ema--834
WARNING (gmm-align-compiled[5.5.586~1-83c98]:AlignUtteranceWrapper():decoder-wrappers.cc:618) Retrying utterance f5-usctimit-ema--834 with beam 40
WARNING (gmm-align-compiled[5.5.586~1-83c98]:AlignUtteranceWrapper():decoder-wrappers.cc:627) Did not successfully decode file f5-usctimit-ema--834, len = 492
LOG (gmm-align-compiled[5.5.586~1-83c98]:main():gmm-align-compiled.cc:127) f5-usctimit-ema--835
LOG (gmm-align-compiled[5.5.586~1-83c98]:main():gmm-align-compiled.cc:127) f5-usctimit-ema--836
WARNING (gmm-align-compiled[5.5.586~1-83c98]:AlignUtteranceWrapper():decoder-wrappers.cc:618) Retrying utterance f5-usctimit-ema--836 with beam 40
LOG (gmm-align-compiled[5.5.586~1-83c98]:main():gmm-align-compiled.cc:127) f5-usctimit-ema--837
LOG (gmm-align-compiled[5.5.586~1-83c98]:main():gmm-align-compiled.cc:127) f5-usctimit-ema--838
WARNING (gmm-align-compiled[5.5.586~1-83c98]:AlignUtteranceWrapper():decoder-wrappers.cc:618) Retrying utterance f5-usctimit-ema--838 with beam 40
LOG (gmm-align-compiled[5.5.586~1-83c98]:main():gmm-align-compiled.cc:127) f5-usctimit-ema--839
WARNING (gmm-align-compiled[5.5.586~1-83c98]:AlignUtteranceWrapper():decoder-wrappers.cc:618) Retrying utterance f5-usctimit-ema--839 with beam 40
LOG (gmm-align-compiled[5.5.586~1-83c98]:main():gmm-align-compiled.cc:127) f5-usctimit-ema--840
LOG (gmm-align-compiled[5.5.586~1-83c98]:main():gmm-align-compiled.cc:127) f5-usctimit-ema--841
LOG (gmm-align-compiled[5.5.586~1-83c98]:main():gmm-align-compiled.cc:127) f5-usctimit-ema--842
WARNING (gmm-align-compiled[5.5.586~1-83c98]:AlignUtteranceWrapper():decoder-wrappers.cc:618) Retrying utterance f5-usctimit-ema--842 with beam 40
LOG (gmm-align-compiled[5.5.586~1-83c98]:main():gmm-align-compiled.cc:127) f5-usctimit-ema--843
LOG (gmm-align-compiled[5.5.586~1-83c98]:main():gmm-align-compiled.cc:127) f5-usctimit-ema--844
WARNING (gmm-align-compiled[5.5.586~1-83c98]:AlignUtteranceWrapper():decoder-wrappers.cc:618) Retrying utterance f5-usctimit-ema--844 with beam 40
LOG (gmm-align-compiled[5.5.586~1-83c98]:main():gmm-align-compiled.cc:127) f5-usctimit-ema--845
LOG (gmm-align-compiled[5.5.586~1-83c98]:main():gmm-align-compiled.cc:127) f5-usctimit-ema--846
LOG (gmm-align-compiled[5.5.586~1-83c98]:main():gmm-align-compiled.cc:127) f5-usctimit-ema--847
WARNING (gmm-align-compiled[5.5.586~1-83c98]:AlignUtteranceWrapper():decoder-wrappers.cc:618) Retrying utterance f5-usctimit-ema--847 with beam 40
LOG (gmm-align-compiled[5.5.586~1-83c98]:main():gmm-align-compiled.cc:127) f5-usctimit-ema--848
LOG (gmm-align-compiled[5.5.586~1-83c98]:main():gmm-align-compiled.cc:127) f5-usctimit-ema--849
WARNING (gmm-align-compiled[5.5.586~1-83c98]:AlignUtteranceWrapper():decoder-wrappers.cc:618) Retrying utterance f5-usctimit-ema--849 with beam 40
LOG (gmm-align-compiled[5.5.586~1-83c98]:main():gmm-align-compiled.cc:127) f5-usctimit-ema--850
WARNING (gmm-align-compiled[5.5.586~1-83c98]:AlignUtteranceWrapper():decoder-wrappers.cc:618) Retrying utterance f5-usctimit-ema--850 with beam 40
LOG (gmm-align-compiled[5.5.586~1-83c98]:main():gmm-align-compiled.cc:127) f5-usctimit-ema--851
LOG (gmm-align-compiled[5.5.586~1-83c98]:main():gmm-align-compiled.cc:127) f5-usctimit-ema--852
LOG (gmm-align-compiled[5.5.586~1-83c98]:main():gmm-align-compiled.cc:127) f5-usctimit-ema--853
LOG (gmm-align-compiled[5.5.586~1-83c98]:main():gmm-align-compiled.cc:127) f5-usctimit-ema--854
LOG (gmm-align-compiled[5.5.586~1-83c98]:main():gmm-align-compiled.cc:127) f5-usctimit-ema--855
WARNING (gmm-align-compiled[5.5.586~1-83c98]:AlignUtteranceWrapper():decoder-wrappers.cc:618) Retrying utterance f5-usctimit-ema--855 with beam 40
LOG (gmm-align-compiled[5.5.586~1-83c98]:main():gmm-align-compiled.cc:127) f5-usctimit-ema--856
WARNING (gmm-align-compiled[5.5.586~1-83c98]:AlignUtteranceWrapper():decoder-wrappers.cc:618) Retrying utterance f5-usctimit-ema--856 with beam 40
LOG (gmm-align-compiled[5.5.586~1-83c98]:main():gmm-align-compiled.cc:127) f5-usctimit-ema--857
LOG (gmm-align-compiled[5.5.586~1-83c98]:main():gmm-align-compiled.cc:127) f5-usctimit-ema--858
LOG (gmm-align-compiled[5.5.586~1-83c98]:main():gmm-align-compiled.cc:127) f5-usctimit-ema--859
LOG (gmm-align-compiled[5.5.586~1-83c98]:main():gmm-align-compiled.cc:127) f5-usctimit-ema--860
WARNING (gmm-align-compiled[5.5.586~1-83c98]:AlignUtteranceWrapper():decoder-wrappers.cc:618) Retrying utterance f5-usctimit-ema--860 with beam 40
LOG (gmm-align-compiled[5.5.586~1-83c98]:main():gmm-align-compiled.cc:127) f5-usctimit-ema--861
LOG (gmm-align-compiled[5.5.586~1-83c98]:main():gmm-align-compiled.cc:127) f5-usctimit-ema--862
WARNING (gmm-align-compiled[5.5.586~1-83c98]:AlignUtteranceWrapper():decoder-wrappers.cc:618) Retrying utterance f5-usctimit-ema--862 with beam 40
LOG (gmm-align-compiled[5.5.586~1-83c98]:main():gmm-align-compiled.cc:127) f5-usctimit-ema--863
WARNING (gmm-align-compiled[5.5.586~1-83c98]:AlignUtteranceWrapper():decoder-wrappers.cc:618) Retrying utterance f5-usctimit-ema--863 with beam 40
LOG (gmm-align-compiled[5.5.586~1-83c98]:main():gmm-align-compiled.cc:127) f5-usctimit-ema--864
LOG (gmm-align-compiled[5.5.586~1-83c98]:main():gmm-align-compiled.cc:127) f5-usctimit-ema--865
LOG (gmm-align-compiled[5.5.586~1-83c98]:main():gmm-align-compiled.cc:127) f5-usctimit-ema--866
LOG (gmm-align-compiled[5.5.586~1-83c98]:main():gmm-align-compiled.cc:127) f5-usctimit-ema--867
LOG (gmm-align-compiled[5.5.586~1-83c98]:main():gmm-align-compiled.cc:127) f5-usctimit-ema--868
WARNING (gmm-align-compiled[5.5.586~1-83c98]:AlignUtteranceWrapper():decoder-wrappers.cc:618) Retrying utterance f5-usctimit-ema--868 with beam 40
LOG (gmm-align-compiled[5.5.586~1-83c98]:main():gmm-align-compiled.cc:127) f5-usctimit-ema--869
LOG (gmm-align-compiled[5.5.586~1-83c98]:main():gmm-align-compiled.cc:127) f5-usctimit-ema--870
LOG (gmm-align-compiled[5.5.586~1-83c98]:main():gmm-align-compiled.cc:127) f5-usctimit-ema--871
LOG (gmm-align-compiled[5.5.586~1-83c98]:main():gmm-align-compiled.cc:127) f5-usctimit-ema--872
LOG (gmm-align-compiled[5.5.586~1-83c98]:main():gmm-align-compiled.cc:127) f5-usctimit-ema--873
LOG (gmm-align-compiled[5.5.586~1-83c98]:main():gmm-align-compiled.cc:127) f5-usctimit-ema--874
WARNING (gmm-align-compiled[5.5.586~1-83c98]:AlignUtteranceWrapper():decoder-wrappers.cc:618) Retrying utterance f5-usctimit-ema--874 with beam 40
LOG (gmm-align-compiled[5.5.586~1-83c98]:main():gmm-align-compiled.cc:127) f5-usctimit-ema--875
LOG (gmm-align-compiled[5.5.586~1-83c98]:main():gmm-align-compiled.cc:127) f5-usctimit-ema--876
LOG (gmm-align-compiled[5.5.586~1-83c98]:main():gmm-align-compiled.cc:127) f5-usctimit-ema--877
WARNING (gmm-align-compiled[5.5.586~1-83c98]:AlignUtteranceWrapper():decoder-wrappers.cc:618) Retrying utterance f5-usctimit-ema--877 with beam 40
LOG (gmm-align-compiled[5.5.586~1-83c98]:main():gmm-align-compiled.cc:127) f5-usctimit-ema--878
LOG (gmm-align-compiled[5.5.586~1-83c98]:main():gmm-align-compiled.cc:127) f5-usctimit-ema--879
LOG (gmm-align-compiled[5.5.586~1-83c98]:main():gmm-align-compiled.cc:127) f5-usctimit-ema--880
LOG (gmm-align-compiled[5.5.586~1-83c98]:main():gmm-align-compiled.cc:127) f5-usctimit-ema--881
WARNING (gmm-align-compiled[5.5.586~1-83c98]:AlignUtteranceWrapper():decoder-wrappers.cc:618) Retrying utterance f5-usctimit-ema--881 with beam 40
LOG (gmm-align-compiled[5.5.586~1-83c98]:main():gmm-align-compiled.cc:127) f5-usctimit-ema--882
WARNING (gmm-align-compiled[5.5.586~1-83c98]:AlignUtteranceWrapper():decoder-wrappers.cc:618) Retrying utterance f5-usctimit-ema--882 with beam 40
LOG (gmm-align-compiled[5.5.586~1-83c98]:main():gmm-align-compiled.cc:127) f5-usctimit-ema--883
LOG (gmm-align-compiled[5.5.586~1-83c98]:main():gmm-align-compiled.cc:127) f5-usctimit-ema--884
LOG (gmm-align-compiled[5.5.586~1-83c98]:main():gmm-align-compiled.cc:127) f5-usctimit-ema--885
LOG (gmm-align-compiled[5.5.586~1-83c98]:main():gmm-align-compiled.cc:127) f5-usctimit-ema--886
LOG (gmm-align-compiled[5.5.586~1-83c98]:main():gmm-align-compiled.cc:127) f5-usctimit-ema--887
WARNING (gmm-align-compiled[5.5.586~1-83c98]:AlignUtteranceWrapper():decoder-wrappers.cc:618) Retrying utterance f5-usctimit-ema--887 with beam 40
LOG (gmm-align-compiled[5.5.586~1-83c98]:main():gmm-align-compiled.cc:127) f5-usctimit-ema--888
LOG (gmm-align-compiled[5.5.586~1-83c98]:main():gmm-align-compiled.cc:127) f5-usctimit-ema--889
LOG (gmm-align-compiled[5.5.586~1-83c98]:main():gmm-align-compiled.cc:127) f5-usctimit-ema--890
LOG (gmm-align-compiled[5.5.586~1-83c98]:main():gmm-align-compiled.cc:127) f5-usctimit-ema--891
LOG (gmm-align-compiled[5.5.586~1-83c98]:main():gmm-align-compiled.cc:127) f5-usctimit-ema--892
WARNING (gmm-align-compiled[5.5.586~1-83c98]:AlignUtteranceWrapper():decoder-wrappers.cc:618) Retrying utterance f5-usctimit-ema--892 with beam 40
LOG (gmm-align-compiled[5.5.586~1-83c98]:main():gmm-align-compiled.cc:127) f5-usctimit-ema--893
LOG (gmm-align-compiled[5.5.586~1-83c98]:main():gmm-align-compiled.cc:127) f5-usctimit-ema--894
LOG (gmm-align-compiled[5.5.586~1-83c98]:main():gmm-align-compiled.cc:127) f5-usctimit-ema--895
LOG (gmm-align-compiled[5.5.586~1-83c98]:main():gmm-align-compiled.cc:127) f5-usctimit-ema--896
LOG (gmm-align-compiled[5.5.586~1-83c98]:main():gmm-align-compiled.cc:127) f5-usctimit-ema--897
LOG (gmm-align-compiled[5.5.586~1-83c98]:main():gmm-align-compiled.cc:127) f5-usctimit-ema--898
LOG (gmm-align-compiled[5.5.586~1-83c98]:main():gmm-align-compiled.cc:127) f5-usctimit-ema--899
WARNING (gmm-align-compiled[5.5.586~1-83c98]:AlignUtteranceWrapper():decoder-wrappers.cc:618) Retrying utterance f5-usctimit-ema--899 with beam 40
LOG (gmm-align-compiled[5.5.586~1-83c98]:main():gmm-align-compiled.cc:127) f5-usctimit-ema--900
LOG (gmm-align-compiled[5.5.586~1-83c98]:main():gmm-align-compiled.cc:127) f5-usctimit-ema--901
LOG (gmm-align-compiled[5.5.586~1-83c98]:main():gmm-align-compiled.cc:127) f5-usctimit-ema--902
LOG (gmm-align-compiled[5.5.586~1-83c98]:main():gmm-align-compiled.cc:127) f5-usctimit-ema--903
LOG (gmm-align-compiled[5.5.586~1-83c98]:main():gmm-align-compiled.cc:127) f5-usctimit-ema--904
LOG (gmm-align-compiled[5.5.586~1-83c98]:main():gmm-align-compiled.cc:127) f5-usctimit-ema--905
LOG (gmm-align-compiled[5.5.586~1-83c98]:main():gmm-align-compiled.cc:127) f5-usctimit-ema--906
LOG (gmm-align-compiled[5.5.586~1-83c98]:main():gmm-align-compiled.cc:127) f5-usctimit-ema--907
LOG (gmm-align-compiled[5.5.586~1-83c98]:main():gmm-align-compiled.cc:127) f5-usctimit-ema--908
LOG (gmm-align-compiled[5.5.586~1-83c98]:main():gmm-align-compiled.cc:127) f5-usctimit-ema--909
LOG (apply-cmvn[5.5.586~1-83c98]:main():apply-cmvn.cc:162) Applied cepstral mean normalization to 364 utterances, errors on 0
WARNING (gmm-align-compiled[5.5.586~1-83c98]:AlignUtteranceWrapper():decoder-wrappers.cc:618) Retrying utterance f5-usctimit-ema--909 with beam 40
LOG (gmm-align-compiled[5.5.586~1-83c98]:main():gmm-align-compiled.cc:127) f5-usctimit-ema--910
LOG (gmm-align-compiled[5.5.586~1-83c98]:main():gmm-align-compiled.cc:127) f5-usctimit-ema--911
LOG (gmm-align-compiled[5.5.586~1-83c98]:main():gmm-align-compiled.cc:127) f5-usctimit-ema--912
WARNING (gmm-align-compiled[5.5.586~1-83c98]:AlignUtteranceWrapper():decoder-wrappers.cc:618) Retrying utterance f5-usctimit-ema--912 with beam 40
LOG (gmm-align-compiled[5.5.586~1-83c98]:main():gmm-align-compiled.cc:135) Overall log-likelihood per frame is -92.5434 over 160841 frames.
LOG (gmm-align-compiled[5.5.586~1-83c98]:main():gmm-align-compiled.cc:137) Retried 129 out of 364 utterances.
LOG (gmm-align-compiled[5.5.586~1-83c98]:main():gmm-align-compiled.cc:139) Done 363, errors on 1
# Accounting: time=19 threads=1
# Ended (code 0) at Sat Dec 28 20:52:21 EET 2019, elapsed time 19 seconds
