# compile-train-graphs --read-disambig-syms=./data/lang_test/phones/disambig.int ./exp/mono/tree ./exp/mono/0.mdl ./data/lang_test/L.fst "ark:sym2int.pl --map-oov 1 -f 2- ./data/lang_test/words.txt < ./data/train/split4/1/text|" "ark:|gzip -c >./exp/mono/fsts.1.gz" 
# Started at Sun Dec 29 15:42:30 EET 2019
#
compile-train-graphs --read-disambig-syms=./data/lang_test/phones/disambig.int ./exp/mono/tree ./exp/mono/0.mdl ./data/lang_test/L.fst 'ark:sym2int.pl --map-oov 1 -f 2- ./data/lang_test/words.txt < ./data/train/split4/1/text|' 'ark:|gzip -c >./exp/mono/fsts.1.gz' 
sym2int.pl: replacing sil with 1
sym2int.pl: replacing sil with 1
sym2int.pl: replacing sil with 1
sym2int.pl: replacing sil with 1
sym2int.pl: replacing sil with 1
sym2int.pl: replacing sil with 1
sym2int.pl: replacing sil with 1
sym2int.pl: replacing sil with 1
sym2int.pl: replacing sil with 1
sym2int.pl: replacing sil with 1
sym2int.pl: replacing sil with 1
sym2int.pl: replacing sil with 1
sym2int.pl: replacing sil with 1
sym2int.pl: replacing sil with 1
sym2int.pl: replacing sil with 1
sym2int.pl: replacing sil with 1
sym2int.pl: replacing sil with 1
sym2int.pl: replacing sil with 1
sym2int.pl: replacing sil with 1
sym2int.pl: replacing sil with 1
sym2int.pl: not warning for OOVs any more times
** Replaced 730 instances of OOVs with 1
LOG (compile-train-graphs[5.5.586~1-83c98]:main():compile-train-graphs.cc:147) compile-train-graphs: succeeded for 365 graphs, failed for 0
# Accounting: time=5 threads=1
# Ended (code 0) at Sun Dec 29 15:42:35 EET 2019, elapsed time 5 seconds
