# gmm-acc-stats-ali ./exp/mono/1.mdl "ark,s,cs:apply-cmvn  --utt2spk=ark:./data/train/split4/4/utt2spk scp:./data/train/split4/4/cmvn.scp scp:./data/train/split4/4/feats.scp ark:- | add-deltas  ark:- ark:- |" "ark:gunzip -c ./exp/mono/ali.4.gz|" ./exp/mono/1.4.acc 
# Started at Mon Dec 30 19:34:05 EET 2019
#
gmm-acc-stats-ali ./exp/mono/1.mdl 'ark,s,cs:apply-cmvn  --utt2spk=ark:./data/train/split4/4/utt2spk scp:./data/train/split4/4/cmvn.scp scp:./data/train/split4/4/feats.scp ark:- | add-deltas  ark:- ark:- |' 'ark:gunzip -c ./exp/mono/ali.4.gz|' ./exp/mono/1.4.acc 
add-deltas ark:- ark:- 
apply-cmvn --utt2spk=ark:./data/train/split4/4/utt2spk scp:./data/train/split4/4/cmvn.scp scp:./data/train/split4/4/feats.scp ark:- 
WARNING (gmm-acc-stats-ali[5.5.586~1-83c98]:main():gmm-acc-stats-ali.cc:79) No alignment for utterance m3-usctimit-ema--1288
LOG (gmm-acc-stats-ali[5.5.586~1-83c98]:main():gmm-acc-stats-ali.cc:105) Processed 50 utterances; for utterance m3-usctimit-ema--1317 avg. like is -103.877 over 352 frames.
WARNING (gmm-acc-stats-ali[5.5.586~1-83c98]:main():gmm-acc-stats-ali.cc:79) No alignment for utterance m3-usctimit-ema--1323
WARNING (gmm-acc-stats-ali[5.5.586~1-83c98]:main():gmm-acc-stats-ali.cc:79) No alignment for utterance m3-usctimit-ema--1339
WARNING (gmm-acc-stats-ali[5.5.586~1-83c98]:main():gmm-acc-stats-ali.cc:79) No alignment for utterance m3-usctimit-ema--1354
LOG (gmm-acc-stats-ali[5.5.586~1-83c98]:main():gmm-acc-stats-ali.cc:105) Processed 100 utterances; for utterance m3-usctimit-ema--1370 avg. like is -101.797 over 455 frames.
WARNING (gmm-acc-stats-ali[5.5.586~1-83c98]:main():gmm-acc-stats-ali.cc:79) No alignment for utterance m3-usctimit-ema--1371
WARNING (gmm-acc-stats-ali[5.5.586~1-83c98]:main():gmm-acc-stats-ali.cc:79) No alignment for utterance m3-usctimit-ema--1396
LOG (gmm-acc-stats-ali[5.5.586~1-83c98]:main():gmm-acc-stats-ali.cc:105) Processed 150 utterances; for utterance m3-usctimit-ema--1422 avg. like is -97.7327 over 327 frames.
WARNING (gmm-acc-stats-ali[5.5.586~1-83c98]:main():gmm-acc-stats-ali.cc:79) No alignment for utterance m3-usctimit-ema--1439
WARNING (gmm-acc-stats-ali[5.5.586~1-83c98]:main():gmm-acc-stats-ali.cc:79) No alignment for utterance m3-usctimit-ema--1450
WARNING (gmm-acc-stats-ali[5.5.586~1-83c98]:main():gmm-acc-stats-ali.cc:79) No alignment for utterance m3-usctimit-ema--1459
LOG (gmm-acc-stats-ali[5.5.586~1-83c98]:main():gmm-acc-stats-ali.cc:105) Processed 200 utterances; for utterance m3-usctimit-ema--1475 avg. like is -100.177 over 420 frames.
WARNING (gmm-acc-stats-ali[5.5.586~1-83c98]:main():gmm-acc-stats-ali.cc:79) No alignment for utterance m3-usctimit-ema--1487
WARNING (gmm-acc-stats-ali[5.5.586~1-83c98]:main():gmm-acc-stats-ali.cc:79) No alignment for utterance m3-usctimit-ema--1509
WARNING (gmm-acc-stats-ali[5.5.586~1-83c98]:main():gmm-acc-stats-ali.cc:79) No alignment for utterance m3-usctimit-ema--1513
WARNING (gmm-acc-stats-ali[5.5.586~1-83c98]:main():gmm-acc-stats-ali.cc:79) No alignment for utterance m3-usctimit-ema--1518
WARNING (gmm-acc-stats-ali[5.5.586~1-83c98]:main():gmm-acc-stats-ali.cc:79) No alignment for utterance m3-usctimit-ema--1523
LOG (gmm-acc-stats-ali[5.5.586~1-83c98]:main():gmm-acc-stats-ali.cc:105) Processed 250 utterances; for utterance m3-usctimit-ema--1530 avg. like is -101.695 over 660 frames.
WARNING (gmm-acc-stats-ali[5.5.586~1-83c98]:main():gmm-acc-stats-ali.cc:79) No alignment for utterance m3-usctimit-ema--1539
WARNING (gmm-acc-stats-ali[5.5.586~1-83c98]:main():gmm-acc-stats-ali.cc:79) No alignment for utterance m3-usctimit-ema--1544
WARNING (gmm-acc-stats-ali[5.5.586~1-83c98]:main():gmm-acc-stats-ali.cc:79) No alignment for utterance m3-usctimit-ema--1552
WARNING (gmm-acc-stats-ali[5.5.586~1-83c98]:main():gmm-acc-stats-ali.cc:79) No alignment for utterance m3-usctimit-ema--1557
WARNING (gmm-acc-stats-ali[5.5.586~1-83c98]:main():gmm-acc-stats-ali.cc:79) No alignment for utterance m3-usctimit-ema--1581
LOG (gmm-acc-stats-ali[5.5.586~1-83c98]:main():gmm-acc-stats-ali.cc:105) Processed 300 utterances; for utterance m3-usctimit-ema--1585 avg. like is -102.258 over 338 frames.
WARNING (gmm-acc-stats-ali[5.5.586~1-83c98]:main():gmm-acc-stats-ali.cc:79) No alignment for utterance m3-usctimit-ema--1590
LOG (gmm-acc-stats-ali[5.5.586~1-83c98]:main():gmm-acc-stats-ali.cc:105) Processed 350 utterances; for utterance m3-usctimit-ema--1636 avg. like is -101.468 over 380 frames.
WARNING (gmm-acc-stats-ali[5.5.586~1-83c98]:main():gmm-acc-stats-ali.cc:79) No alignment for utterance m3-usctimit-ema--1642
LOG (apply-cmvn[5.5.586~1-83c98]:main():apply-cmvn.cc:162) Applied cepstral mean normalization to 385 utterances, errors on 0
WARNING (gmm-acc-stats-ali[5.5.586~1-83c98]:main():gmm-acc-stats-ali.cc:79) No alignment for utterance m3-usctimit-ema--1651
LOG (gmm-acc-stats-ali[5.5.586~1-83c98]:main():gmm-acc-stats-ali.cc:112) Done 363 files, 22 with errors.
LOG (gmm-acc-stats-ali[5.5.586~1-83c98]:main():gmm-acc-stats-ali.cc:115) Overall avg like per frame (Gaussian only) = -101.018 over 158036 frames.
LOG (gmm-acc-stats-ali[5.5.586~1-83c98]:main():gmm-acc-stats-ali.cc:123) Written accs.
# Accounting: time=1 threads=1
# Ended (code 0) at Mon Dec 30 19:34:06 EET 2019, elapsed time 1 seconds
