# gmm-acc-stats-ali ./exp/mono/1.mdl "ark,s,cs:apply-cmvn  --utt2spk=ark:./data/train/split4/3/utt2spk scp:./data/train/split4/3/cmvn.scp scp:./data/train/split4/3/feats.scp ark:- | add-deltas  ark:- ark:- |" "ark:gunzip -c ./exp/mono/ali.3.gz|" ./exp/mono/1.3.acc 
# Started at Mon Dec 30 19:34:05 EET 2019
#
gmm-acc-stats-ali ./exp/mono/1.mdl 'ark,s,cs:apply-cmvn  --utt2spk=ark:./data/train/split4/3/utt2spk scp:./data/train/split4/3/cmvn.scp scp:./data/train/split4/3/feats.scp ark:- | add-deltas  ark:- ark:- |' 'ark:gunzip -c ./exp/mono/ali.3.gz|' ./exp/mono/1.3.acc 
add-deltas ark:- ark:- 
apply-cmvn --utt2spk=ark:./data/train/split4/3/utt2spk scp:./data/train/split4/3/cmvn.scp scp:./data/train/split4/3/feats.scp ark:- 
WARNING (gmm-acc-stats-ali[5.5.586~1-83c98]:main():gmm-acc-stats-ali.cc:79) No alignment for utterance m1-usctimit-ema--1016
LOG (gmm-acc-stats-ali[5.5.586~1-83c98]:main():gmm-acc-stats-ali.cc:105) Processed 50 utterances; for utterance m1-usctimit-ema--1050 avg. like is -96.7958 over 398 frames.
WARNING (gmm-acc-stats-ali[5.5.586~1-83c98]:main():gmm-acc-stats-ali.cc:79) No alignment for utterance m1-usctimit-ema--1067
LOG (gmm-acc-stats-ali[5.5.586~1-83c98]:main():gmm-acc-stats-ali.cc:105) Processed 100 utterances; for utterance m1-usctimit-ema--1101 avg. like is -98.0292 over 452 frames.
WARNING (gmm-acc-stats-ali[5.5.586~1-83c98]:main():gmm-acc-stats-ali.cc:79) No alignment for utterance m1-usctimit-ema--1132
WARNING (gmm-acc-stats-ali[5.5.586~1-83c98]:main():gmm-acc-stats-ali.cc:79) No alignment for utterance m1-usctimit-ema--1137
WARNING (gmm-acc-stats-ali[5.5.586~1-83c98]:main():gmm-acc-stats-ali.cc:79) No alignment for utterance m1-usctimit-ema--1147
LOG (gmm-acc-stats-ali[5.5.586~1-83c98]:main():gmm-acc-stats-ali.cc:105) Processed 150 utterances; for utterance m1-usctimit-ema--1154 avg. like is -94.4832 over 549 frames.
WARNING (gmm-acc-stats-ali[5.5.586~1-83c98]:main():gmm-acc-stats-ali.cc:79) No alignment for utterance m1-usctimit-ema--1157
WARNING (gmm-acc-stats-ali[5.5.586~1-83c98]:main():gmm-acc-stats-ali.cc:79) No alignment for utterance m1-usctimit-ema--1162
WARNING (gmm-acc-stats-ali[5.5.586~1-83c98]:main():gmm-acc-stats-ali.cc:79) No alignment for utterance m1-usctimit-ema--1170
WARNING (gmm-acc-stats-ali[5.5.586~1-83c98]:main():gmm-acc-stats-ali.cc:79) No alignment for utterance m1-usctimit-ema--1171
WARNING (gmm-acc-stats-ali[5.5.586~1-83c98]:main():gmm-acc-stats-ali.cc:79) No alignment for utterance m1-usctimit-ema--1185
WARNING (gmm-acc-stats-ali[5.5.586~1-83c98]:main():gmm-acc-stats-ali.cc:79) No alignment for utterance m1-usctimit-ema--1205
LOG (gmm-acc-stats-ali[5.5.586~1-83c98]:main():gmm-acc-stats-ali.cc:105) Processed 200 utterances; for utterance m1-usctimit-ema--1210 avg. like is -95.5163 over 634 frames.
LOG (gmm-acc-stats-ali[5.5.586~1-83c98]:main():gmm-acc-stats-ali.cc:105) Processed 250 utterances; for utterance m1-usctimit-ema--1260 avg. like is -95.0654 over 546 frames.
WARNING (gmm-acc-stats-ali[5.5.586~1-83c98]:main():gmm-acc-stats-ali.cc:79) No alignment for utterance m1-usctimit-ema--954
LOG (gmm-acc-stats-ali[5.5.586~1-83c98]:main():gmm-acc-stats-ali.cc:105) Processed 300 utterances; for utterance m1-usctimit-ema--957 avg. like is -95.6739 over 438 frames.
WARNING (gmm-acc-stats-ali[5.5.586~1-83c98]:main():gmm-acc-stats-ali.cc:79) No alignment for utterance m1-usctimit-ema--967
WARNING (gmm-acc-stats-ali[5.5.586~1-83c98]:main():gmm-acc-stats-ali.cc:79) No alignment for utterance m1-usctimit-ema--986
LOG (apply-cmvn[5.5.586~1-83c98]:main():apply-cmvn.cc:162) Applied cepstral mean normalization to 354 utterances, errors on 0
LOG (gmm-acc-stats-ali[5.5.586~1-83c98]:main():gmm-acc-stats-ali.cc:112) Done 340 files, 14 with errors.
LOG (gmm-acc-stats-ali[5.5.586~1-83c98]:main():gmm-acc-stats-ali.cc:115) Overall avg like per frame (Gaussian only) = -96.5149 over 153763 frames.
LOG (gmm-acc-stats-ali[5.5.586~1-83c98]:main():gmm-acc-stats-ali.cc:123) Written accs.
# Accounting: time=1 threads=1
# Ended (code 0) at Mon Dec 30 19:34:06 EET 2019, elapsed time 1 seconds
