# gmm-align-compiled --transition-scale=1.0 --acoustic-scale=0.1 --self-loop-scale=0.1 --beam=10 --retry-beam=40 --careful=false "gmm-boost-silence --boost=1.25 1 ./exp/mono/16.mdl - |" "ark:gunzip -c ./exp/mono/fsts.2.gz|" "ark,s,cs:apply-cmvn  --utt2spk=ark:./data/train/split4/2/utt2spk scp:./data/train/split4/2/cmvn.scp scp:./data/train/split4/2/feats.scp ark:- | add-deltas  ark:- ark:- |" "ark,t:|gzip -c >./exp/mono/ali.2.gz" 
# Started at Mon Dec 30 19:35:43 EET 2019
#
gmm-align-compiled --transition-scale=1.0 --acoustic-scale=0.1 --self-loop-scale=0.1 --beam=10 --retry-beam=40 --careful=false 'gmm-boost-silence --boost=1.25 1 ./exp/mono/16.mdl - |' 'ark:gunzip -c ./exp/mono/fsts.2.gz|' 'ark,s,cs:apply-cmvn  --utt2spk=ark:./data/train/split4/2/utt2spk scp:./data/train/split4/2/cmvn.scp scp:./data/train/split4/2/feats.scp ark:- | add-deltas  ark:- ark:- |' 'ark,t:|gzip -c >./exp/mono/ali.2.gz' 
gmm-boost-silence --boost=1.25 1 ./exp/mono/16.mdl - 
WARNING (gmm-boost-silence[5.5.586~1-83c98]:main():gmm-boost-silence.cc:82) The pdfs for the silence phones may be shared by other phones (note: this probably does not matter.)
LOG (gmm-boost-silence[5.5.586~1-83c98]:main():gmm-boost-silence.cc:93) Boosted weights for 5 pdfs, by factor of 1.25
LOG (gmm-boost-silence[5.5.586~1-83c98]:main():gmm-boost-silence.cc:103) Wrote model to -
apply-cmvn --utt2spk=ark:./data/train/split4/2/utt2spk scp:./data/train/split4/2/cmvn.scp scp:./data/train/split4/2/feats.scp ark:- 
add-deltas ark:- ark:- 
LOG (gmm-align-compiled[5.5.586~1-83c98]:main():gmm-align-compiled.cc:127) f5-usctimit-ema--549
LOG (gmm-align-compiled[5.5.586~1-83c98]:main():gmm-align-compiled.cc:127) f5-usctimit-ema--550
LOG (gmm-align-compiled[5.5.586~1-83c98]:main():gmm-align-compiled.cc:127) f5-usctimit-ema--551
LOG (gmm-align-compiled[5.5.586~1-83c98]:main():gmm-align-compiled.cc:127) f5-usctimit-ema--552
LOG (gmm-align-compiled[5.5.586~1-83c98]:main():gmm-align-compiled.cc:127) f5-usctimit-ema--553
LOG (gmm-align-compiled[5.5.586~1-83c98]:main():gmm-align-compiled.cc:127) f5-usctimit-ema--554
LOG (gmm-align-compiled[5.5.586~1-83c98]:main():gmm-align-compiled.cc:127) f5-usctimit-ema--555
LOG (gmm-align-compiled[5.5.586~1-83c98]:main():gmm-align-compiled.cc:127) f5-usctimit-ema--556
LOG (gmm-align-compiled[5.5.586~1-83c98]:main():gmm-align-compiled.cc:127) f5-usctimit-ema--557
LOG (gmm-align-compiled[5.5.586~1-83c98]:main():gmm-align-compiled.cc:127) f5-usctimit-ema--558
LOG (gmm-align-compiled[5.5.586~1-83c98]:main():gmm-align-compiled.cc:127) f5-usctimit-ema--559
LOG (gmm-align-compiled[5.5.586~1-83c98]:main():gmm-align-compiled.cc:127) f5-usctimit-ema--560
LOG (gmm-align-compiled[5.5.586~1-83c98]:main():gmm-align-compiled.cc:127) f5-usctimit-ema--561
LOG (gmm-align-compiled[5.5.586~1-83c98]:main():gmm-align-compiled.cc:127) f5-usctimit-ema--562
LOG (gmm-align-compiled[5.5.586~1-83c98]:main():gmm-align-compiled.cc:127) f5-usctimit-ema--563
WARNING (gmm-align-compiled[5.5.586~1-83c98]:AlignUtteranceWrapper():decoder-wrappers.cc:618) Retrying utterance f5-usctimit-ema--563 with beam 40
LOG (gmm-align-compiled[5.5.586~1-83c98]:main():gmm-align-compiled.cc:127) f5-usctimit-ema--564
LOG (gmm-align-compiled[5.5.586~1-83c98]:main():gmm-align-compiled.cc:127) f5-usctimit-ema--565
LOG (gmm-align-compiled[5.5.586~1-83c98]:main():gmm-align-compiled.cc:127) f5-usctimit-ema--566
LOG (gmm-align-compiled[5.5.586~1-83c98]:main():gmm-align-compiled.cc:127) f5-usctimit-ema--567
LOG (gmm-align-compiled[5.5.586~1-83c98]:main():gmm-align-compiled.cc:127) f5-usctimit-ema--568
LOG (gmm-align-compiled[5.5.586~1-83c98]:main():gmm-align-compiled.cc:127) f5-usctimit-ema--569
LOG (gmm-align-compiled[5.5.586~1-83c98]:main():gmm-align-compiled.cc:127) f5-usctimit-ema--570
WARNING (gmm-align-compiled[5.5.586~1-83c98]:AlignUtteranceWrapper():decoder-wrappers.cc:618) Retrying utterance f5-usctimit-ema--570 with beam 40
LOG (gmm-align-compiled[5.5.586~1-83c98]:main():gmm-align-compiled.cc:127) f5-usctimit-ema--571
WARNING (gmm-align-compiled[5.5.586~1-83c98]:AlignUtteranceWrapper():decoder-wrappers.cc:618) Retrying utterance f5-usctimit-ema--571 with beam 40
LOG (gmm-align-compiled[5.5.586~1-83c98]:main():gmm-align-compiled.cc:127) f5-usctimit-ema--572
LOG (gmm-align-compiled[5.5.586~1-83c98]:main():gmm-align-compiled.cc:127) f5-usctimit-ema--573
LOG (gmm-align-compiled[5.5.586~1-83c98]:main():gmm-align-compiled.cc:127) f5-usctimit-ema--574
LOG (gmm-align-compiled[5.5.586~1-83c98]:main():gmm-align-compiled.cc:127) f5-usctimit-ema--575
LOG (gmm-align-compiled[5.5.586~1-83c98]:main():gmm-align-compiled.cc:127) f5-usctimit-ema--576
LOG (gmm-align-compiled[5.5.586~1-83c98]:main():gmm-align-compiled.cc:127) f5-usctimit-ema--577
LOG (gmm-align-compiled[5.5.586~1-83c98]:main():gmm-align-compiled.cc:127) f5-usctimit-ema--578
LOG (gmm-align-compiled[5.5.586~1-83c98]:main():gmm-align-compiled.cc:127) f5-usctimit-ema--579
LOG (gmm-align-compiled[5.5.586~1-83c98]:main():gmm-align-compiled.cc:127) f5-usctimit-ema--580
LOG (gmm-align-compiled[5.5.586~1-83c98]:main():gmm-align-compiled.cc:127) f5-usctimit-ema--581
LOG (gmm-align-compiled[5.5.586~1-83c98]:main():gmm-align-compiled.cc:127) f5-usctimit-ema--582
LOG (gmm-align-compiled[5.5.586~1-83c98]:main():gmm-align-compiled.cc:127) f5-usctimit-ema--583
LOG (gmm-align-compiled[5.5.586~1-83c98]:main():gmm-align-compiled.cc:127) f5-usctimit-ema--584
LOG (gmm-align-compiled[5.5.586~1-83c98]:main():gmm-align-compiled.cc:127) f5-usctimit-ema--585
LOG (gmm-align-compiled[5.5.586~1-83c98]:main():gmm-align-compiled.cc:127) f5-usctimit-ema--586
LOG (gmm-align-compiled[5.5.586~1-83c98]:main():gmm-align-compiled.cc:127) f5-usctimit-ema--587
LOG (gmm-align-compiled[5.5.586~1-83c98]:main():gmm-align-compiled.cc:127) f5-usctimit-ema--588
LOG (gmm-align-compiled[5.5.586~1-83c98]:main():gmm-align-compiled.cc:127) f5-usctimit-ema--589
LOG (gmm-align-compiled[5.5.586~1-83c98]:main():gmm-align-compiled.cc:127) f5-usctimit-ema--590
LOG (gmm-align-compiled[5.5.586~1-83c98]:main():gmm-align-compiled.cc:127) f5-usctimit-ema--591
LOG (gmm-align-compiled[5.5.586~1-83c98]:main():gmm-align-compiled.cc:127) f5-usctimit-ema--592
LOG (gmm-align-compiled[5.5.586~1-83c98]:main():gmm-align-compiled.cc:127) f5-usctimit-ema--593
LOG (gmm-align-compiled[5.5.586~1-83c98]:main():gmm-align-compiled.cc:127) f5-usctimit-ema--594
LOG (gmm-align-compiled[5.5.586~1-83c98]:main():gmm-align-compiled.cc:127) f5-usctimit-ema--595
LOG (gmm-align-compiled[5.5.586~1-83c98]:main():gmm-align-compiled.cc:127) f5-usctimit-ema--596
LOG (gmm-align-compiled[5.5.586~1-83c98]:main():gmm-align-compiled.cc:127) f5-usctimit-ema--597
LOG (gmm-align-compiled[5.5.586~1-83c98]:main():gmm-align-compiled.cc:127) f5-usctimit-ema--598
LOG (gmm-align-compiled[5.5.586~1-83c98]:main():gmm-align-compiled.cc:127) f5-usctimit-ema--599
LOG (gmm-align-compiled[5.5.586~1-83c98]:main():gmm-align-compiled.cc:127) f5-usctimit-ema--600
LOG (gmm-align-compiled[5.5.586~1-83c98]:main():gmm-align-compiled.cc:127) f5-usctimit-ema--601
LOG (gmm-align-compiled[5.5.586~1-83c98]:main():gmm-align-compiled.cc:127) f5-usctimit-ema--602
LOG (gmm-align-compiled[5.5.586~1-83c98]:main():gmm-align-compiled.cc:127) f5-usctimit-ema--603
LOG (gmm-align-compiled[5.5.586~1-83c98]:main():gmm-align-compiled.cc:127) f5-usctimit-ema--604
LOG (gmm-align-compiled[5.5.586~1-83c98]:main():gmm-align-compiled.cc:127) f5-usctimit-ema--605
LOG (gmm-align-compiled[5.5.586~1-83c98]:main():gmm-align-compiled.cc:127) f5-usctimit-ema--606
LOG (gmm-align-compiled[5.5.586~1-83c98]:main():gmm-align-compiled.cc:127) f5-usctimit-ema--607
WARNING (gmm-align-compiled[5.5.586~1-83c98]:AlignUtteranceWrapper():decoder-wrappers.cc:618) Retrying utterance f5-usctimit-ema--607 with beam 40
LOG (gmm-align-compiled[5.5.586~1-83c98]:main():gmm-align-compiled.cc:127) f5-usctimit-ema--608
LOG (gmm-align-compiled[5.5.586~1-83c98]:main():gmm-align-compiled.cc:127) f5-usctimit-ema--609
LOG (gmm-align-compiled[5.5.586~1-83c98]:main():gmm-align-compiled.cc:127) f5-usctimit-ema--610
LOG (gmm-align-compiled[5.5.586~1-83c98]:main():gmm-align-compiled.cc:127) f5-usctimit-ema--611
LOG (gmm-align-compiled[5.5.586~1-83c98]:main():gmm-align-compiled.cc:127) f5-usctimit-ema--612
LOG (gmm-align-compiled[5.5.586~1-83c98]:main():gmm-align-compiled.cc:127) f5-usctimit-ema--613
LOG (gmm-align-compiled[5.5.586~1-83c98]:main():gmm-align-compiled.cc:127) f5-usctimit-ema--614
LOG (gmm-align-compiled[5.5.586~1-83c98]:main():gmm-align-compiled.cc:127) f5-usctimit-ema--615
LOG (gmm-align-compiled[5.5.586~1-83c98]:main():gmm-align-compiled.cc:127) f5-usctimit-ema--616
WARNING (gmm-align-compiled[5.5.586~1-83c98]:AlignUtteranceWrapper():decoder-wrappers.cc:618) Retrying utterance f5-usctimit-ema--616 with beam 40
WARNING (gmm-align-compiled[5.5.586~1-83c98]:AlignUtteranceWrapper():decoder-wrappers.cc:627) Did not successfully decode file f5-usctimit-ema--616, len = 262
LOG (gmm-align-compiled[5.5.586~1-83c98]:main():gmm-align-compiled.cc:127) f5-usctimit-ema--617
WARNING (gmm-align-compiled[5.5.586~1-83c98]:AlignUtteranceWrapper():decoder-wrappers.cc:618) Retrying utterance f5-usctimit-ema--617 with beam 40
LOG (gmm-align-compiled[5.5.586~1-83c98]:main():gmm-align-compiled.cc:127) f5-usctimit-ema--618
LOG (gmm-align-compiled[5.5.586~1-83c98]:main():gmm-align-compiled.cc:127) f5-usctimit-ema--619
LOG (gmm-align-compiled[5.5.586~1-83c98]:main():gmm-align-compiled.cc:127) f5-usctimit-ema--620
LOG (gmm-align-compiled[5.5.586~1-83c98]:main():gmm-align-compiled.cc:127) f5-usctimit-ema--621
LOG (gmm-align-compiled[5.5.586~1-83c98]:main():gmm-align-compiled.cc:127) f5-usctimit-ema--622
LOG (gmm-align-compiled[5.5.586~1-83c98]:main():gmm-align-compiled.cc:127) f5-usctimit-ema--623
LOG (gmm-align-compiled[5.5.586~1-83c98]:main():gmm-align-compiled.cc:127) f5-usctimit-ema--624
LOG (gmm-align-compiled[5.5.586~1-83c98]:main():gmm-align-compiled.cc:127) f5-usctimit-ema--625
LOG (gmm-align-compiled[5.5.586~1-83c98]:main():gmm-align-compiled.cc:127) f5-usctimit-ema--626
LOG (gmm-align-compiled[5.5.586~1-83c98]:main():gmm-align-compiled.cc:127) f5-usctimit-ema--627
LOG (gmm-align-compiled[5.5.586~1-83c98]:main():gmm-align-compiled.cc:127) f5-usctimit-ema--628
LOG (gmm-align-compiled[5.5.586~1-83c98]:main():gmm-align-compiled.cc:127) f5-usctimit-ema--629
LOG (gmm-align-compiled[5.5.586~1-83c98]:main():gmm-align-compiled.cc:127) f5-usctimit-ema--630
LOG (gmm-align-compiled[5.5.586~1-83c98]:main():gmm-align-compiled.cc:127) f5-usctimit-ema--631
LOG (gmm-align-compiled[5.5.586~1-83c98]:main():gmm-align-compiled.cc:127) f5-usctimit-ema--632
LOG (gmm-align-compiled[5.5.586~1-83c98]:main():gmm-align-compiled.cc:127) f5-usctimit-ema--633
LOG (gmm-align-compiled[5.5.586~1-83c98]:main():gmm-align-compiled.cc:127) f5-usctimit-ema--634
LOG (gmm-align-compiled[5.5.586~1-83c98]:main():gmm-align-compiled.cc:127) f5-usctimit-ema--635
LOG (gmm-align-compiled[5.5.586~1-83c98]:main():gmm-align-compiled.cc:127) f5-usctimit-ema--636
LOG (gmm-align-compiled[5.5.586~1-83c98]:main():gmm-align-compiled.cc:127) f5-usctimit-ema--637
LOG (gmm-align-compiled[5.5.586~1-83c98]:main():gmm-align-compiled.cc:127) f5-usctimit-ema--638
LOG (gmm-align-compiled[5.5.586~1-83c98]:main():gmm-align-compiled.cc:127) f5-usctimit-ema--639
LOG (gmm-align-compiled[5.5.586~1-83c98]:main():gmm-align-compiled.cc:127) f5-usctimit-ema--640
LOG (gmm-align-compiled[5.5.586~1-83c98]:main():gmm-align-compiled.cc:127) f5-usctimit-ema--641
LOG (gmm-align-compiled[5.5.586~1-83c98]:main():gmm-align-compiled.cc:127) f5-usctimit-ema--642
LOG (gmm-align-compiled[5.5.586~1-83c98]:main():gmm-align-compiled.cc:127) f5-usctimit-ema--643
LOG (gmm-align-compiled[5.5.586~1-83c98]:main():gmm-align-compiled.cc:127) f5-usctimit-ema--644
LOG (gmm-align-compiled[5.5.586~1-83c98]:main():gmm-align-compiled.cc:127) f5-usctimit-ema--645
LOG (gmm-align-compiled[5.5.586~1-83c98]:main():gmm-align-compiled.cc:127) f5-usctimit-ema--646
LOG (gmm-align-compiled[5.5.586~1-83c98]:main():gmm-align-compiled.cc:127) f5-usctimit-ema--647
LOG (gmm-align-compiled[5.5.586~1-83c98]:main():gmm-align-compiled.cc:127) f5-usctimit-ema--648
LOG (gmm-align-compiled[5.5.586~1-83c98]:main():gmm-align-compiled.cc:127) f5-usctimit-ema--649
LOG (gmm-align-compiled[5.5.586~1-83c98]:main():gmm-align-compiled.cc:127) f5-usctimit-ema--650
LOG (gmm-align-compiled[5.5.586~1-83c98]:main():gmm-align-compiled.cc:127) f5-usctimit-ema--651
LOG (gmm-align-compiled[5.5.586~1-83c98]:main():gmm-align-compiled.cc:127) f5-usctimit-ema--652
LOG (gmm-align-compiled[5.5.586~1-83c98]:main():gmm-align-compiled.cc:127) f5-usctimit-ema--653
LOG (gmm-align-compiled[5.5.586~1-83c98]:main():gmm-align-compiled.cc:127) f5-usctimit-ema--654
LOG (gmm-align-compiled[5.5.586~1-83c98]:main():gmm-align-compiled.cc:127) f5-usctimit-ema--655
LOG (gmm-align-compiled[5.5.586~1-83c98]:main():gmm-align-compiled.cc:127) f5-usctimit-ema--656
LOG (gmm-align-compiled[5.5.586~1-83c98]:main():gmm-align-compiled.cc:127) f5-usctimit-ema--657
LOG (gmm-align-compiled[5.5.586~1-83c98]:main():gmm-align-compiled.cc:127) f5-usctimit-ema--658
LOG (gmm-align-compiled[5.5.586~1-83c98]:main():gmm-align-compiled.cc:127) f5-usctimit-ema--659
LOG (gmm-align-compiled[5.5.586~1-83c98]:main():gmm-align-compiled.cc:127) f5-usctimit-ema--660
LOG (gmm-align-compiled[5.5.586~1-83c98]:main():gmm-align-compiled.cc:127) f5-usctimit-ema--661
LOG (gmm-align-compiled[5.5.586~1-83c98]:main():gmm-align-compiled.cc:127) f5-usctimit-ema--662
LOG (gmm-align-compiled[5.5.586~1-83c98]:main():gmm-align-compiled.cc:127) f5-usctimit-ema--663
LOG (gmm-align-compiled[5.5.586~1-83c98]:main():gmm-align-compiled.cc:127) f5-usctimit-ema--664
LOG (gmm-align-compiled[5.5.586~1-83c98]:main():gmm-align-compiled.cc:127) f5-usctimit-ema--665
LOG (gmm-align-compiled[5.5.586~1-83c98]:main():gmm-align-compiled.cc:127) f5-usctimit-ema--666
LOG (gmm-align-compiled[5.5.586~1-83c98]:main():gmm-align-compiled.cc:127) f5-usctimit-ema--667
LOG (gmm-align-compiled[5.5.586~1-83c98]:main():gmm-align-compiled.cc:127) f5-usctimit-ema--668
LOG (gmm-align-compiled[5.5.586~1-83c98]:main():gmm-align-compiled.cc:127) f5-usctimit-ema--669
LOG (gmm-align-compiled[5.5.586~1-83c98]:main():gmm-align-compiled.cc:127) f5-usctimit-ema--670
LOG (gmm-align-compiled[5.5.586~1-83c98]:main():gmm-align-compiled.cc:127) f5-usctimit-ema--671
LOG (gmm-align-compiled[5.5.586~1-83c98]:main():gmm-align-compiled.cc:127) f5-usctimit-ema--672
LOG (gmm-align-compiled[5.5.586~1-83c98]:main():gmm-align-compiled.cc:127) f5-usctimit-ema--673
LOG (gmm-align-compiled[5.5.586~1-83c98]:main():gmm-align-compiled.cc:127) f5-usctimit-ema--674
LOG (gmm-align-compiled[5.5.586~1-83c98]:main():gmm-align-compiled.cc:127) f5-usctimit-ema--675
LOG (gmm-align-compiled[5.5.586~1-83c98]:main():gmm-align-compiled.cc:127) f5-usctimit-ema--676
LOG (gmm-align-compiled[5.5.586~1-83c98]:main():gmm-align-compiled.cc:127) f5-usctimit-ema--677
LOG (gmm-align-compiled[5.5.586~1-83c98]:main():gmm-align-compiled.cc:127) f5-usctimit-ema--678
LOG (gmm-align-compiled[5.5.586~1-83c98]:main():gmm-align-compiled.cc:127) f5-usctimit-ema--679
LOG (gmm-align-compiled[5.5.586~1-83c98]:main():gmm-align-compiled.cc:127) f5-usctimit-ema--680
LOG (gmm-align-compiled[5.5.586~1-83c98]:main():gmm-align-compiled.cc:127) f5-usctimit-ema--681
LOG (gmm-align-compiled[5.5.586~1-83c98]:main():gmm-align-compiled.cc:127) f5-usctimit-ema--682
LOG (gmm-align-compiled[5.5.586~1-83c98]:main():gmm-align-compiled.cc:127) f5-usctimit-ema--683
LOG (gmm-align-compiled[5.5.586~1-83c98]:main():gmm-align-compiled.cc:127) f5-usctimit-ema--684
WARNING (gmm-align-compiled[5.5.586~1-83c98]:AlignUtteranceWrapper():decoder-wrappers.cc:618) Retrying utterance f5-usctimit-ema--684 with beam 40
WARNING (gmm-align-compiled[5.5.586~1-83c98]:AlignUtteranceWrapper():decoder-wrappers.cc:627) Did not successfully decode file f5-usctimit-ema--684, len = 243
LOG (gmm-align-compiled[5.5.586~1-83c98]:main():gmm-align-compiled.cc:127) f5-usctimit-ema--685
WARNING (gmm-align-compiled[5.5.586~1-83c98]:AlignUtteranceWrapper():decoder-wrappers.cc:618) Retrying utterance f5-usctimit-ema--685 with beam 40
LOG (gmm-align-compiled[5.5.586~1-83c98]:main():gmm-align-compiled.cc:127) f5-usctimit-ema--686
LOG (gmm-align-compiled[5.5.586~1-83c98]:main():gmm-align-compiled.cc:127) f5-usctimit-ema--687
LOG (gmm-align-compiled[5.5.586~1-83c98]:main():gmm-align-compiled.cc:127) f5-usctimit-ema--688
LOG (gmm-align-compiled[5.5.586~1-83c98]:main():gmm-align-compiled.cc:127) f5-usctimit-ema--689
LOG (gmm-align-compiled[5.5.586~1-83c98]:main():gmm-align-compiled.cc:127) f5-usctimit-ema--690
LOG (gmm-align-compiled[5.5.586~1-83c98]:main():gmm-align-compiled.cc:127) f5-usctimit-ema--691
LOG (gmm-align-compiled[5.5.586~1-83c98]:main():gmm-align-compiled.cc:127) f5-usctimit-ema--692
LOG (gmm-align-compiled[5.5.586~1-83c98]:main():gmm-align-compiled.cc:127) f5-usctimit-ema--693
LOG (gmm-align-compiled[5.5.586~1-83c98]:main():gmm-align-compiled.cc:127) f5-usctimit-ema--694
LOG (gmm-align-compiled[5.5.586~1-83c98]:main():gmm-align-compiled.cc:127) f5-usctimit-ema--695
LOG (gmm-align-compiled[5.5.586~1-83c98]:main():gmm-align-compiled.cc:127) f5-usctimit-ema--696
LOG (gmm-align-compiled[5.5.586~1-83c98]:main():gmm-align-compiled.cc:127) f5-usctimit-ema--697
LOG (gmm-align-compiled[5.5.586~1-83c98]:main():gmm-align-compiled.cc:127) f5-usctimit-ema--698
LOG (gmm-align-compiled[5.5.586~1-83c98]:main():gmm-align-compiled.cc:127) f5-usctimit-ema--699
LOG (gmm-align-compiled[5.5.586~1-83c98]:main():gmm-align-compiled.cc:127) f5-usctimit-ema--700
LOG (gmm-align-compiled[5.5.586~1-83c98]:main():gmm-align-compiled.cc:127) f5-usctimit-ema--701
LOG (gmm-align-compiled[5.5.586~1-83c98]:main():gmm-align-compiled.cc:127) f5-usctimit-ema--702
LOG (gmm-align-compiled[5.5.586~1-83c98]:main():gmm-align-compiled.cc:127) f5-usctimit-ema--703
LOG (gmm-align-compiled[5.5.586~1-83c98]:main():gmm-align-compiled.cc:127) f5-usctimit-ema--704
LOG (gmm-align-compiled[5.5.586~1-83c98]:main():gmm-align-compiled.cc:127) f5-usctimit-ema--705
LOG (gmm-align-compiled[5.5.586~1-83c98]:main():gmm-align-compiled.cc:127) f5-usctimit-ema--706
LOG (gmm-align-compiled[5.5.586~1-83c98]:main():gmm-align-compiled.cc:127) f5-usctimit-ema--707
LOG (gmm-align-compiled[5.5.586~1-83c98]:main():gmm-align-compiled.cc:127) f5-usctimit-ema--708
LOG (gmm-align-compiled[5.5.586~1-83c98]:main():gmm-align-compiled.cc:127) f5-usctimit-ema--709
LOG (gmm-align-compiled[5.5.586~1-83c98]:main():gmm-align-compiled.cc:127) f5-usctimit-ema--710
LOG (gmm-align-compiled[5.5.586~1-83c98]:main():gmm-align-compiled.cc:127) f5-usctimit-ema--711
LOG (gmm-align-compiled[5.5.586~1-83c98]:main():gmm-align-compiled.cc:127) f5-usctimit-ema--712
LOG (gmm-align-compiled[5.5.586~1-83c98]:main():gmm-align-compiled.cc:127) f5-usctimit-ema--713
LOG (gmm-align-compiled[5.5.586~1-83c98]:main():gmm-align-compiled.cc:127) f5-usctimit-ema--714
LOG (gmm-align-compiled[5.5.586~1-83c98]:main():gmm-align-compiled.cc:127) f5-usctimit-ema--715
LOG (gmm-align-compiled[5.5.586~1-83c98]:main():gmm-align-compiled.cc:127) f5-usctimit-ema--716
LOG (gmm-align-compiled[5.5.586~1-83c98]:main():gmm-align-compiled.cc:127) f5-usctimit-ema--717
LOG (gmm-align-compiled[5.5.586~1-83c98]:main():gmm-align-compiled.cc:127) f5-usctimit-ema--718
LOG (gmm-align-compiled[5.5.586~1-83c98]:main():gmm-align-compiled.cc:127) f5-usctimit-ema--719
LOG (gmm-align-compiled[5.5.586~1-83c98]:main():gmm-align-compiled.cc:127) f5-usctimit-ema--720
LOG (gmm-align-compiled[5.5.586~1-83c98]:main():gmm-align-compiled.cc:127) f5-usctimit-ema--721
LOG (gmm-align-compiled[5.5.586~1-83c98]:main():gmm-align-compiled.cc:127) f5-usctimit-ema--722
LOG (gmm-align-compiled[5.5.586~1-83c98]:main():gmm-align-compiled.cc:127) f5-usctimit-ema--723
LOG (gmm-align-compiled[5.5.586~1-83c98]:main():gmm-align-compiled.cc:127) f5-usctimit-ema--724
LOG (gmm-align-compiled[5.5.586~1-83c98]:main():gmm-align-compiled.cc:127) f5-usctimit-ema--725
LOG (gmm-align-compiled[5.5.586~1-83c98]:main():gmm-align-compiled.cc:127) f5-usctimit-ema--726
LOG (gmm-align-compiled[5.5.586~1-83c98]:main():gmm-align-compiled.cc:127) f5-usctimit-ema--727
LOG (gmm-align-compiled[5.5.586~1-83c98]:main():gmm-align-compiled.cc:127) f5-usctimit-ema--728
LOG (gmm-align-compiled[5.5.586~1-83c98]:main():gmm-align-compiled.cc:127) f5-usctimit-ema--729
LOG (gmm-align-compiled[5.5.586~1-83c98]:main():gmm-align-compiled.cc:127) f5-usctimit-ema--730
LOG (gmm-align-compiled[5.5.586~1-83c98]:main():gmm-align-compiled.cc:127) f5-usctimit-ema--731
LOG (gmm-align-compiled[5.5.586~1-83c98]:main():gmm-align-compiled.cc:127) f5-usctimit-ema--732
LOG (gmm-align-compiled[5.5.586~1-83c98]:main():gmm-align-compiled.cc:127) f5-usctimit-ema--733
LOG (gmm-align-compiled[5.5.586~1-83c98]:main():gmm-align-compiled.cc:127) f5-usctimit-ema--734
LOG (gmm-align-compiled[5.5.586~1-83c98]:main():gmm-align-compiled.cc:127) f5-usctimit-ema--735
LOG (gmm-align-compiled[5.5.586~1-83c98]:main():gmm-align-compiled.cc:127) f5-usctimit-ema--736
LOG (gmm-align-compiled[5.5.586~1-83c98]:main():gmm-align-compiled.cc:127) f5-usctimit-ema--737
LOG (gmm-align-compiled[5.5.586~1-83c98]:main():gmm-align-compiled.cc:127) f5-usctimit-ema--738
LOG (gmm-align-compiled[5.5.586~1-83c98]:main():gmm-align-compiled.cc:127) f5-usctimit-ema--739
LOG (gmm-align-compiled[5.5.586~1-83c98]:main():gmm-align-compiled.cc:127) f5-usctimit-ema--740
LOG (gmm-align-compiled[5.5.586~1-83c98]:main():gmm-align-compiled.cc:127) f5-usctimit-ema--741
LOG (gmm-align-compiled[5.5.586~1-83c98]:main():gmm-align-compiled.cc:127) f5-usctimit-ema--742
LOG (gmm-align-compiled[5.5.586~1-83c98]:main():gmm-align-compiled.cc:127) f5-usctimit-ema--743
LOG (gmm-align-compiled[5.5.586~1-83c98]:main():gmm-align-compiled.cc:127) f5-usctimit-ema--744
LOG (gmm-align-compiled[5.5.586~1-83c98]:main():gmm-align-compiled.cc:127) f5-usctimit-ema--745
LOG (gmm-align-compiled[5.5.586~1-83c98]:main():gmm-align-compiled.cc:127) f5-usctimit-ema--746
LOG (gmm-align-compiled[5.5.586~1-83c98]:main():gmm-align-compiled.cc:127) f5-usctimit-ema--747
LOG (gmm-align-compiled[5.5.586~1-83c98]:main():gmm-align-compiled.cc:127) f5-usctimit-ema--748
LOG (gmm-align-compiled[5.5.586~1-83c98]:main():gmm-align-compiled.cc:127) f5-usctimit-ema--749
LOG (gmm-align-compiled[5.5.586~1-83c98]:main():gmm-align-compiled.cc:127) f5-usctimit-ema--750
LOG (gmm-align-compiled[5.5.586~1-83c98]:main():gmm-align-compiled.cc:127) f5-usctimit-ema--751
LOG (gmm-align-compiled[5.5.586~1-83c98]:main():gmm-align-compiled.cc:127) f5-usctimit-ema--752
LOG (gmm-align-compiled[5.5.586~1-83c98]:main():gmm-align-compiled.cc:127) f5-usctimit-ema--753
LOG (gmm-align-compiled[5.5.586~1-83c98]:main():gmm-align-compiled.cc:127) f5-usctimit-ema--754
LOG (gmm-align-compiled[5.5.586~1-83c98]:main():gmm-align-compiled.cc:127) f5-usctimit-ema--755
LOG (gmm-align-compiled[5.5.586~1-83c98]:main():gmm-align-compiled.cc:127) f5-usctimit-ema--756
LOG (gmm-align-compiled[5.5.586~1-83c98]:main():gmm-align-compiled.cc:127) f5-usctimit-ema--757
LOG (gmm-align-compiled[5.5.586~1-83c98]:main():gmm-align-compiled.cc:127) f5-usctimit-ema--758
LOG (gmm-align-compiled[5.5.586~1-83c98]:main():gmm-align-compiled.cc:127) f5-usctimit-ema--759
LOG (gmm-align-compiled[5.5.586~1-83c98]:main():gmm-align-compiled.cc:127) f5-usctimit-ema--760
LOG (gmm-align-compiled[5.5.586~1-83c98]:main():gmm-align-compiled.cc:127) f5-usctimit-ema--761
LOG (gmm-align-compiled[5.5.586~1-83c98]:main():gmm-align-compiled.cc:127) f5-usctimit-ema--762
LOG (gmm-align-compiled[5.5.586~1-83c98]:main():gmm-align-compiled.cc:127) f5-usctimit-ema--763
LOG (gmm-align-compiled[5.5.586~1-83c98]:main():gmm-align-compiled.cc:127) f5-usctimit-ema--764
WARNING (gmm-align-compiled[5.5.586~1-83c98]:AlignUtteranceWrapper():decoder-wrappers.cc:618) Retrying utterance f5-usctimit-ema--764 with beam 40
LOG (gmm-align-compiled[5.5.586~1-83c98]:main():gmm-align-compiled.cc:127) f5-usctimit-ema--765
LOG (gmm-align-compiled[5.5.586~1-83c98]:main():gmm-align-compiled.cc:127) f5-usctimit-ema--766
LOG (gmm-align-compiled[5.5.586~1-83c98]:main():gmm-align-compiled.cc:127) f5-usctimit-ema--767
LOG (gmm-align-compiled[5.5.586~1-83c98]:main():gmm-align-compiled.cc:127) f5-usctimit-ema--768
LOG (gmm-align-compiled[5.5.586~1-83c98]:main():gmm-align-compiled.cc:127) f5-usctimit-ema--769
LOG (gmm-align-compiled[5.5.586~1-83c98]:main():gmm-align-compiled.cc:127) f5-usctimit-ema--770
LOG (gmm-align-compiled[5.5.586~1-83c98]:main():gmm-align-compiled.cc:127) f5-usctimit-ema--771
LOG (gmm-align-compiled[5.5.586~1-83c98]:main():gmm-align-compiled.cc:127) f5-usctimit-ema--772
LOG (gmm-align-compiled[5.5.586~1-83c98]:main():gmm-align-compiled.cc:127) f5-usctimit-ema--773
LOG (gmm-align-compiled[5.5.586~1-83c98]:main():gmm-align-compiled.cc:127) f5-usctimit-ema--774
LOG (gmm-align-compiled[5.5.586~1-83c98]:main():gmm-align-compiled.cc:127) f5-usctimit-ema--775
LOG (gmm-align-compiled[5.5.586~1-83c98]:main():gmm-align-compiled.cc:127) f5-usctimit-ema--776
LOG (gmm-align-compiled[5.5.586~1-83c98]:main():gmm-align-compiled.cc:127) f5-usctimit-ema--777
LOG (gmm-align-compiled[5.5.586~1-83c98]:main():gmm-align-compiled.cc:127) f5-usctimit-ema--778
LOG (gmm-align-compiled[5.5.586~1-83c98]:main():gmm-align-compiled.cc:127) f5-usctimit-ema--779
LOG (gmm-align-compiled[5.5.586~1-83c98]:main():gmm-align-compiled.cc:127) f5-usctimit-ema--780
LOG (gmm-align-compiled[5.5.586~1-83c98]:main():gmm-align-compiled.cc:127) f5-usctimit-ema--781
LOG (gmm-align-compiled[5.5.586~1-83c98]:main():gmm-align-compiled.cc:127) f5-usctimit-ema--782
LOG (gmm-align-compiled[5.5.586~1-83c98]:main():gmm-align-compiled.cc:127) f5-usctimit-ema--783
LOG (gmm-align-compiled[5.5.586~1-83c98]:main():gmm-align-compiled.cc:127) f5-usctimit-ema--784
LOG (gmm-align-compiled[5.5.586~1-83c98]:main():gmm-align-compiled.cc:127) f5-usctimit-ema--785
LOG (gmm-align-compiled[5.5.586~1-83c98]:main():gmm-align-compiled.cc:127) f5-usctimit-ema--786
LOG (gmm-align-compiled[5.5.586~1-83c98]:main():gmm-align-compiled.cc:127) f5-usctimit-ema--787
LOG (gmm-align-compiled[5.5.586~1-83c98]:main():gmm-align-compiled.cc:127) f5-usctimit-ema--788
WARNING (gmm-align-compiled[5.5.586~1-83c98]:AlignUtteranceWrapper():decoder-wrappers.cc:618) Retrying utterance f5-usctimit-ema--788 with beam 40
LOG (gmm-align-compiled[5.5.586~1-83c98]:main():gmm-align-compiled.cc:127) f5-usctimit-ema--789
LOG (gmm-align-compiled[5.5.586~1-83c98]:main():gmm-align-compiled.cc:127) f5-usctimit-ema--790
LOG (gmm-align-compiled[5.5.586~1-83c98]:main():gmm-align-compiled.cc:127) f5-usctimit-ema--791
LOG (gmm-align-compiled[5.5.586~1-83c98]:main():gmm-align-compiled.cc:127) f5-usctimit-ema--792
LOG (gmm-align-compiled[5.5.586~1-83c98]:main():gmm-align-compiled.cc:127) f5-usctimit-ema--793
LOG (gmm-align-compiled[5.5.586~1-83c98]:main():gmm-align-compiled.cc:127) f5-usctimit-ema--794
LOG (gmm-align-compiled[5.5.586~1-83c98]:main():gmm-align-compiled.cc:127) f5-usctimit-ema--795
LOG (gmm-align-compiled[5.5.586~1-83c98]:main():gmm-align-compiled.cc:127) f5-usctimit-ema--796
LOG (gmm-align-compiled[5.5.586~1-83c98]:main():gmm-align-compiled.cc:127) f5-usctimit-ema--797
LOG (gmm-align-compiled[5.5.586~1-83c98]:main():gmm-align-compiled.cc:127) f5-usctimit-ema--798
LOG (gmm-align-compiled[5.5.586~1-83c98]:main():gmm-align-compiled.cc:127) f5-usctimit-ema--799
LOG (gmm-align-compiled[5.5.586~1-83c98]:main():gmm-align-compiled.cc:127) f5-usctimit-ema--800
LOG (gmm-align-compiled[5.5.586~1-83c98]:main():gmm-align-compiled.cc:127) f5-usctimit-ema--801
LOG (gmm-align-compiled[5.5.586~1-83c98]:main():gmm-align-compiled.cc:127) f5-usctimit-ema--802
LOG (gmm-align-compiled[5.5.586~1-83c98]:main():gmm-align-compiled.cc:127) f5-usctimit-ema--803
LOG (gmm-align-compiled[5.5.586~1-83c98]:main():gmm-align-compiled.cc:127) f5-usctimit-ema--804
LOG (gmm-align-compiled[5.5.586~1-83c98]:main():gmm-align-compiled.cc:127) f5-usctimit-ema--805
LOG (gmm-align-compiled[5.5.586~1-83c98]:main():gmm-align-compiled.cc:127) f5-usctimit-ema--806
LOG (gmm-align-compiled[5.5.586~1-83c98]:main():gmm-align-compiled.cc:127) f5-usctimit-ema--807
LOG (gmm-align-compiled[5.5.586~1-83c98]:main():gmm-align-compiled.cc:127) f5-usctimit-ema--808
LOG (gmm-align-compiled[5.5.586~1-83c98]:main():gmm-align-compiled.cc:127) f5-usctimit-ema--809
LOG (gmm-align-compiled[5.5.586~1-83c98]:main():gmm-align-compiled.cc:127) f5-usctimit-ema--810
LOG (gmm-align-compiled[5.5.586~1-83c98]:main():gmm-align-compiled.cc:127) f5-usctimit-ema--811
LOG (gmm-align-compiled[5.5.586~1-83c98]:main():gmm-align-compiled.cc:127) f5-usctimit-ema--812
LOG (gmm-align-compiled[5.5.586~1-83c98]:main():gmm-align-compiled.cc:127) f5-usctimit-ema--813
LOG (gmm-align-compiled[5.5.586~1-83c98]:main():gmm-align-compiled.cc:127) f5-usctimit-ema--814
LOG (gmm-align-compiled[5.5.586~1-83c98]:main():gmm-align-compiled.cc:127) f5-usctimit-ema--815
LOG (gmm-align-compiled[5.5.586~1-83c98]:main():gmm-align-compiled.cc:127) f5-usctimit-ema--816
LOG (gmm-align-compiled[5.5.586~1-83c98]:main():gmm-align-compiled.cc:127) f5-usctimit-ema--817
LOG (gmm-align-compiled[5.5.586~1-83c98]:main():gmm-align-compiled.cc:127) f5-usctimit-ema--818
LOG (gmm-align-compiled[5.5.586~1-83c98]:main():gmm-align-compiled.cc:127) f5-usctimit-ema--819
LOG (gmm-align-compiled[5.5.586~1-83c98]:main():gmm-align-compiled.cc:127) f5-usctimit-ema--820
LOG (gmm-align-compiled[5.5.586~1-83c98]:main():gmm-align-compiled.cc:127) f5-usctimit-ema--821
LOG (gmm-align-compiled[5.5.586~1-83c98]:main():gmm-align-compiled.cc:127) f5-usctimit-ema--822
LOG (gmm-align-compiled[5.5.586~1-83c98]:main():gmm-align-compiled.cc:127) f5-usctimit-ema--823
LOG (gmm-align-compiled[5.5.586~1-83c98]:main():gmm-align-compiled.cc:127) f5-usctimit-ema--824
LOG (gmm-align-compiled[5.5.586~1-83c98]:main():gmm-align-compiled.cc:127) f5-usctimit-ema--825
LOG (gmm-align-compiled[5.5.586~1-83c98]:main():gmm-align-compiled.cc:127) f5-usctimit-ema--826
LOG (gmm-align-compiled[5.5.586~1-83c98]:main():gmm-align-compiled.cc:127) f5-usctimit-ema--827
LOG (gmm-align-compiled[5.5.586~1-83c98]:main():gmm-align-compiled.cc:127) f5-usctimit-ema--828
LOG (gmm-align-compiled[5.5.586~1-83c98]:main():gmm-align-compiled.cc:127) f5-usctimit-ema--829
LOG (gmm-align-compiled[5.5.586~1-83c98]:main():gmm-align-compiled.cc:127) f5-usctimit-ema--830
LOG (gmm-align-compiled[5.5.586~1-83c98]:main():gmm-align-compiled.cc:127) f5-usctimit-ema--831
LOG (gmm-align-compiled[5.5.586~1-83c98]:main():gmm-align-compiled.cc:127) f5-usctimit-ema--832
LOG (gmm-align-compiled[5.5.586~1-83c98]:main():gmm-align-compiled.cc:127) f5-usctimit-ema--833
LOG (gmm-align-compiled[5.5.586~1-83c98]:main():gmm-align-compiled.cc:127) f5-usctimit-ema--834
WARNING (gmm-align-compiled[5.5.586~1-83c98]:AlignUtteranceWrapper():decoder-wrappers.cc:618) Retrying utterance f5-usctimit-ema--834 with beam 40
LOG (gmm-align-compiled[5.5.586~1-83c98]:main():gmm-align-compiled.cc:127) f5-usctimit-ema--835
LOG (gmm-align-compiled[5.5.586~1-83c98]:main():gmm-align-compiled.cc:127) f5-usctimit-ema--836
LOG (gmm-align-compiled[5.5.586~1-83c98]:main():gmm-align-compiled.cc:127) f5-usctimit-ema--837
LOG (gmm-align-compiled[5.5.586~1-83c98]:main():gmm-align-compiled.cc:127) f5-usctimit-ema--838
LOG (gmm-align-compiled[5.5.586~1-83c98]:main():gmm-align-compiled.cc:127) f5-usctimit-ema--839
LOG (gmm-align-compiled[5.5.586~1-83c98]:main():gmm-align-compiled.cc:127) f5-usctimit-ema--840
LOG (gmm-align-compiled[5.5.586~1-83c98]:main():gmm-align-compiled.cc:127) f5-usctimit-ema--841
LOG (gmm-align-compiled[5.5.586~1-83c98]:main():gmm-align-compiled.cc:127) f5-usctimit-ema--842
LOG (gmm-align-compiled[5.5.586~1-83c98]:main():gmm-align-compiled.cc:127) f5-usctimit-ema--843
LOG (gmm-align-compiled[5.5.586~1-83c98]:main():gmm-align-compiled.cc:127) f5-usctimit-ema--844
LOG (gmm-align-compiled[5.5.586~1-83c98]:main():gmm-align-compiled.cc:127) f5-usctimit-ema--845
LOG (gmm-align-compiled[5.5.586~1-83c98]:main():gmm-align-compiled.cc:127) f5-usctimit-ema--846
LOG (gmm-align-compiled[5.5.586~1-83c98]:main():gmm-align-compiled.cc:127) f5-usctimit-ema--847
LOG (gmm-align-compiled[5.5.586~1-83c98]:main():gmm-align-compiled.cc:127) f5-usctimit-ema--848
LOG (gmm-align-compiled[5.5.586~1-83c98]:main():gmm-align-compiled.cc:127) f5-usctimit-ema--849
LOG (gmm-align-compiled[5.5.586~1-83c98]:main():gmm-align-compiled.cc:127) f5-usctimit-ema--850
LOG (gmm-align-compiled[5.5.586~1-83c98]:main():gmm-align-compiled.cc:127) f5-usctimit-ema--851
LOG (gmm-align-compiled[5.5.586~1-83c98]:main():gmm-align-compiled.cc:127) f5-usctimit-ema--852
LOG (gmm-align-compiled[5.5.586~1-83c98]:main():gmm-align-compiled.cc:127) f5-usctimit-ema--853
LOG (gmm-align-compiled[5.5.586~1-83c98]:main():gmm-align-compiled.cc:127) f5-usctimit-ema--854
LOG (gmm-align-compiled[5.5.586~1-83c98]:main():gmm-align-compiled.cc:127) f5-usctimit-ema--855
LOG (gmm-align-compiled[5.5.586~1-83c98]:main():gmm-align-compiled.cc:127) f5-usctimit-ema--856
LOG (gmm-align-compiled[5.5.586~1-83c98]:main():gmm-align-compiled.cc:127) f5-usctimit-ema--857
LOG (gmm-align-compiled[5.5.586~1-83c98]:main():gmm-align-compiled.cc:127) f5-usctimit-ema--858
LOG (gmm-align-compiled[5.5.586~1-83c98]:main():gmm-align-compiled.cc:127) f5-usctimit-ema--859
LOG (gmm-align-compiled[5.5.586~1-83c98]:main():gmm-align-compiled.cc:127) f5-usctimit-ema--860
LOG (gmm-align-compiled[5.5.586~1-83c98]:main():gmm-align-compiled.cc:127) f5-usctimit-ema--861
LOG (gmm-align-compiled[5.5.586~1-83c98]:main():gmm-align-compiled.cc:127) f5-usctimit-ema--862
LOG (gmm-align-compiled[5.5.586~1-83c98]:main():gmm-align-compiled.cc:127) f5-usctimit-ema--863
LOG (gmm-align-compiled[5.5.586~1-83c98]:main():gmm-align-compiled.cc:127) f5-usctimit-ema--864
LOG (gmm-align-compiled[5.5.586~1-83c98]:main():gmm-align-compiled.cc:127) f5-usctimit-ema--865
LOG (gmm-align-compiled[5.5.586~1-83c98]:main():gmm-align-compiled.cc:127) f5-usctimit-ema--866
LOG (gmm-align-compiled[5.5.586~1-83c98]:main():gmm-align-compiled.cc:127) f5-usctimit-ema--867
LOG (gmm-align-compiled[5.5.586~1-83c98]:main():gmm-align-compiled.cc:127) f5-usctimit-ema--868
LOG (gmm-align-compiled[5.5.586~1-83c98]:main():gmm-align-compiled.cc:127) f5-usctimit-ema--869
LOG (gmm-align-compiled[5.5.586~1-83c98]:main():gmm-align-compiled.cc:127) f5-usctimit-ema--870
LOG (gmm-align-compiled[5.5.586~1-83c98]:main():gmm-align-compiled.cc:127) f5-usctimit-ema--871
LOG (gmm-align-compiled[5.5.586~1-83c98]:main():gmm-align-compiled.cc:127) f5-usctimit-ema--872
LOG (gmm-align-compiled[5.5.586~1-83c98]:main():gmm-align-compiled.cc:127) f5-usctimit-ema--873
LOG (gmm-align-compiled[5.5.586~1-83c98]:main():gmm-align-compiled.cc:127) f5-usctimit-ema--874
LOG (gmm-align-compiled[5.5.586~1-83c98]:main():gmm-align-compiled.cc:127) f5-usctimit-ema--875
LOG (gmm-align-compiled[5.5.586~1-83c98]:main():gmm-align-compiled.cc:127) f5-usctimit-ema--876
LOG (gmm-align-compiled[5.5.586~1-83c98]:main():gmm-align-compiled.cc:127) f5-usctimit-ema--877
LOG (gmm-align-compiled[5.5.586~1-83c98]:main():gmm-align-compiled.cc:127) f5-usctimit-ema--878
LOG (gmm-align-compiled[5.5.586~1-83c98]:main():gmm-align-compiled.cc:127) f5-usctimit-ema--879
LOG (gmm-align-compiled[5.5.586~1-83c98]:main():gmm-align-compiled.cc:127) f5-usctimit-ema--880
LOG (gmm-align-compiled[5.5.586~1-83c98]:main():gmm-align-compiled.cc:127) f5-usctimit-ema--881
LOG (gmm-align-compiled[5.5.586~1-83c98]:main():gmm-align-compiled.cc:127) f5-usctimit-ema--882
LOG (gmm-align-compiled[5.5.586~1-83c98]:main():gmm-align-compiled.cc:127) f5-usctimit-ema--883
LOG (gmm-align-compiled[5.5.586~1-83c98]:main():gmm-align-compiled.cc:127) f5-usctimit-ema--884
LOG (gmm-align-compiled[5.5.586~1-83c98]:main():gmm-align-compiled.cc:127) f5-usctimit-ema--885
LOG (gmm-align-compiled[5.5.586~1-83c98]:main():gmm-align-compiled.cc:127) f5-usctimit-ema--886
LOG (gmm-align-compiled[5.5.586~1-83c98]:main():gmm-align-compiled.cc:127) f5-usctimit-ema--887
LOG (gmm-align-compiled[5.5.586~1-83c98]:main():gmm-align-compiled.cc:127) f5-usctimit-ema--888
LOG (gmm-align-compiled[5.5.586~1-83c98]:main():gmm-align-compiled.cc:127) f5-usctimit-ema--889
LOG (gmm-align-compiled[5.5.586~1-83c98]:main():gmm-align-compiled.cc:127) f5-usctimit-ema--890
LOG (gmm-align-compiled[5.5.586~1-83c98]:main():gmm-align-compiled.cc:127) f5-usctimit-ema--891
LOG (gmm-align-compiled[5.5.586~1-83c98]:main():gmm-align-compiled.cc:127) f5-usctimit-ema--892
LOG (gmm-align-compiled[5.5.586~1-83c98]:main():gmm-align-compiled.cc:127) f5-usctimit-ema--893
LOG (gmm-align-compiled[5.5.586~1-83c98]:main():gmm-align-compiled.cc:127) f5-usctimit-ema--894
LOG (gmm-align-compiled[5.5.586~1-83c98]:main():gmm-align-compiled.cc:127) f5-usctimit-ema--895
LOG (gmm-align-compiled[5.5.586~1-83c98]:main():gmm-align-compiled.cc:127) f5-usctimit-ema--896
LOG (gmm-align-compiled[5.5.586~1-83c98]:main():gmm-align-compiled.cc:127) f5-usctimit-ema--897
LOG (gmm-align-compiled[5.5.586~1-83c98]:main():gmm-align-compiled.cc:127) f5-usctimit-ema--898
LOG (gmm-align-compiled[5.5.586~1-83c98]:main():gmm-align-compiled.cc:127) f5-usctimit-ema--899
LOG (gmm-align-compiled[5.5.586~1-83c98]:main():gmm-align-compiled.cc:127) f5-usctimit-ema--900
LOG (gmm-align-compiled[5.5.586~1-83c98]:main():gmm-align-compiled.cc:127) f5-usctimit-ema--901
LOG (gmm-align-compiled[5.5.586~1-83c98]:main():gmm-align-compiled.cc:127) f5-usctimit-ema--902
LOG (gmm-align-compiled[5.5.586~1-83c98]:main():gmm-align-compiled.cc:127) f5-usctimit-ema--903
LOG (gmm-align-compiled[5.5.586~1-83c98]:main():gmm-align-compiled.cc:127) f5-usctimit-ema--904
LOG (gmm-align-compiled[5.5.586~1-83c98]:main():gmm-align-compiled.cc:127) f5-usctimit-ema--905
LOG (gmm-align-compiled[5.5.586~1-83c98]:main():gmm-align-compiled.cc:127) f5-usctimit-ema--906
LOG (gmm-align-compiled[5.5.586~1-83c98]:main():gmm-align-compiled.cc:127) f5-usctimit-ema--907
LOG (gmm-align-compiled[5.5.586~1-83c98]:main():gmm-align-compiled.cc:127) f5-usctimit-ema--908
LOG (gmm-align-compiled[5.5.586~1-83c98]:main():gmm-align-compiled.cc:127) f5-usctimit-ema--909
LOG (apply-cmvn[5.5.586~1-83c98]:main():apply-cmvn.cc:162) Applied cepstral mean normalization to 364 utterances, errors on 0
LOG (gmm-align-compiled[5.5.586~1-83c98]:main():gmm-align-compiled.cc:127) f5-usctimit-ema--910
LOG (gmm-align-compiled[5.5.586~1-83c98]:main():gmm-align-compiled.cc:127) f5-usctimit-ema--911
LOG (gmm-align-compiled[5.5.586~1-83c98]:main():gmm-align-compiled.cc:127) f5-usctimit-ema--912
LOG (gmm-align-compiled[5.5.586~1-83c98]:main():gmm-align-compiled.cc:135) Overall log-likelihood per frame is -88.153 over 160828 frames.
LOG (gmm-align-compiled[5.5.586~1-83c98]:main():gmm-align-compiled.cc:137) Retried 11 out of 364 utterances.
LOG (gmm-align-compiled[5.5.586~1-83c98]:main():gmm-align-compiled.cc:139) Done 362, errors on 2
# Accounting: time=5 threads=1
# Ended (code 0) at Mon Dec 30 19:35:48 EET 2019, elapsed time 5 seconds
