# gmm-est --write-occs=./exp/mono/13.occs --mix-up=444 --power=0.25 ./exp/mono/12.mdl "gmm-sum-accs - ./exp/mono/12.*.acc|" ./exp/mono/13.mdl 
# Started at Mon Dec 30 19:35:35 EET 2019
#
gmm-est --write-occs=./exp/mono/13.occs --mix-up=444 --power=0.25 ./exp/mono/12.mdl 'gmm-sum-accs - ./exp/mono/12.*.acc|' ./exp/mono/13.mdl 
gmm-sum-accs - ./exp/mono/12.1.acc ./exp/mono/12.2.acc ./exp/mono/12.3.acc ./exp/mono/12.4.acc 
LOG (gmm-sum-accs[5.5.586~1-83c98]:main():gmm-sum-accs.cc:63) Summed 4 stats, total count 649805, avg like/frame -85.6913
LOG (gmm-sum-accs[5.5.586~1-83c98]:main():gmm-sum-accs.cc:66) Total count of stats is 649805
LOG (gmm-sum-accs[5.5.586~1-83c98]:main():gmm-sum-accs.cc:67) Written stats to -
LOG (gmm-est[5.5.586~1-83c98]:MleUpdate():transition-model.cc:528) TransitionModel::Update, objf change is 0.00233915 per frame over 649805 frames. 
LOG (gmm-est[5.5.586~1-83c98]:MleUpdate():transition-model.cc:531) 16 probabilities floored, 378 out of 505 transition-states skipped due to insuffient data (it is normal to have some skipped.)
LOG (gmm-est[5.5.586~1-83c98]:main():gmm-est.cc:102) Transition model update: Overall 0.00233915 log-like improvement per frame over 649805 frames.
WARNING (gmm-est[5.5.586~1-83c98]:MleDiagGmmUpdate():mle-diag-gmm.cc:365) Gaussian has too little data but not removing it because it is the last Gaussian: i = 0, occ = 0, weight = 1
WARNING (gmm-est[5.5.586~1-83c98]:MleDiagGmmUpdate():mle-diag-gmm.cc:365) Gaussian has too little data but not removing it because it is the last Gaussian: i = 0, occ = 0, weight = 1
WARNING (gmm-est[5.5.586~1-83c98]:MleDiagGmmUpdate():mle-diag-gmm.cc:365) Gaussian has too little data but not removing it because it is the last Gaussian: i = 0, occ = 0, weight = 1
LOG (gmm-est[5.5.586~1-83c98]:MleAmDiagGmmUpdate():mle-am-diag-gmm.cc:225) 0 variance elements floored in 0 Gaussians, out of 415
LOG (gmm-est[5.5.586~1-83c98]:MleAmDiagGmmUpdate():mle-am-diag-gmm.cc:229) Removed 0 Gaussians due to counts < --min-gaussian-occupancy=10 and --remove-low-count-gaussians=true
LOG (gmm-est[5.5.586~1-83c98]:main():gmm-est.cc:113) GMM update: Overall 0.17683 objective function improvement per frame over 649805 frames
LOG (gmm-est[5.5.586~1-83c98]:main():gmm-est.cc:116) GMM update: Overall avg like per frame = -85.6913 over 649805 frames.
LOG (gmm-est[5.5.586~1-83c98]:SplitByCount():am-diag-gmm.cc:116) Split 125 states with target = 444, power = 0.25, perturb_factor = 0.01 and min_count = 20, split #Gauss from 415 to 444
LOG (gmm-est[5.5.586~1-83c98]:main():gmm-est.cc:146) Written model to ./exp/mono/13.mdl
# Accounting: time=0 threads=1
# Ended (code 0) at Mon Dec 30 19:35:35 EET 2019, elapsed time 0 seconds
