# compute-mfcc-feats --write-utt2dur=ark,t:exp/make_mfcc/train/utt2dur.1 --verbose=2 --config=./conf/mfcc.conf scp,p:exp/make_mfcc/train/wav_train.1.scp ark:- | copy-feats --write-num-frames=ark,t:exp/make_mfcc/train/utt2num_frames.1 --compress=true ark:- ark,scp:/home/dorotheakal/kaldi/egs/usc/s5/mfcc_train/raw_mfcc_train.1.ark,/home/dorotheakal/kaldi/egs/usc/s5/mfcc_train/raw_mfcc_train.1.scp 
# Started at Sat Dec 28 20:47:06 EET 2019
#
copy-feats --write-num-frames=ark,t:exp/make_mfcc/train/utt2num_frames.1 --compress=true ark:- ark,scp:/home/dorotheakal/kaldi/egs/usc/s5/mfcc_train/raw_mfcc_train.1.ark,/home/dorotheakal/kaldi/egs/usc/s5/mfcc_train/raw_mfcc_train.1.scp 
compute-mfcc-feats --write-utt2dur=ark,t:exp/make_mfcc/train/utt2dur.1 --verbose=2 --config=./conf/mfcc.conf scp,p:exp/make_mfcc/train/wav_train.1.scp ark:- 
VLOG[2] (compute-mfcc-feats[5.5.586~1-83c98]:main():compute-mfcc-feats.cc:182) Processed features for key f1-usctimit-ema--184
VLOG[2] (compute-mfcc-feats[5.5.586~1-83c98]:main():compute-mfcc-feats.cc:182) Processed features for key f1-usctimit-ema--185
VLOG[2] (compute-mfcc-feats[5.5.586~1-83c98]:main():compute-mfcc-feats.cc:182) Processed features for key f1-usctimit-ema--186
VLOG[2] (compute-mfcc-feats[5.5.586~1-83c98]:main():compute-mfcc-feats.cc:182) Processed features for key f1-usctimit-ema--187
VLOG[2] (compute-mfcc-feats[5.5.586~1-83c98]:main():compute-mfcc-feats.cc:182) Processed features for key f1-usctimit-ema--188
VLOG[2] (compute-mfcc-feats[5.5.586~1-83c98]:main():compute-mfcc-feats.cc:182) Processed features for key f1-usctimit-ema--189
VLOG[2] (compute-mfcc-feats[5.5.586~1-83c98]:main():compute-mfcc-feats.cc:182) Processed features for key f1-usctimit-ema--190
VLOG[2] (compute-mfcc-feats[5.5.586~1-83c98]:main():compute-mfcc-feats.cc:182) Processed features for key f1-usctimit-ema--191
VLOG[2] (compute-mfcc-feats[5.5.586~1-83c98]:main():compute-mfcc-feats.cc:182) Processed features for key f1-usctimit-ema--192
LOG (compute-mfcc-feats[5.5.586~1-83c98]:main():compute-mfcc-feats.cc:181) Processed 10 utterances
VLOG[2] (compute-mfcc-feats[5.5.586~1-83c98]:main():compute-mfcc-feats.cc:182) Processed features for key f1-usctimit-ema--193
VLOG[2] (compute-mfcc-feats[5.5.586~1-83c98]:main():compute-mfcc-feats.cc:182) Processed features for key f1-usctimit-ema--194
VLOG[2] (compute-mfcc-feats[5.5.586~1-83c98]:main():compute-mfcc-feats.cc:182) Processed features for key f1-usctimit-ema--195
VLOG[2] (compute-mfcc-feats[5.5.586~1-83c98]:main():compute-mfcc-feats.cc:182) Processed features for key f1-usctimit-ema--196
VLOG[2] (compute-mfcc-feats[5.5.586~1-83c98]:main():compute-mfcc-feats.cc:182) Processed features for key f1-usctimit-ema--197
VLOG[2] (compute-mfcc-feats[5.5.586~1-83c98]:main():compute-mfcc-feats.cc:182) Processed features for key f1-usctimit-ema--198
VLOG[2] (compute-mfcc-feats[5.5.586~1-83c98]:main():compute-mfcc-feats.cc:182) Processed features for key f1-usctimit-ema--199
VLOG[2] (compute-mfcc-feats[5.5.586~1-83c98]:main():compute-mfcc-feats.cc:182) Processed features for key f1-usctimit-ema--200
VLOG[2] (compute-mfcc-feats[5.5.586~1-83c98]:main():compute-mfcc-feats.cc:182) Processed features for key f1-usctimit-ema--201
VLOG[2] (compute-mfcc-feats[5.5.586~1-83c98]:main():compute-mfcc-feats.cc:182) Processed features for key f1-usctimit-ema--202
LOG (compute-mfcc-feats[5.5.586~1-83c98]:main():compute-mfcc-feats.cc:181) Processed 20 utterances
VLOG[2] (compute-mfcc-feats[5.5.586~1-83c98]:main():compute-mfcc-feats.cc:182) Processed features for key f1-usctimit-ema--203
VLOG[2] (compute-mfcc-feats[5.5.586~1-83c98]:main():compute-mfcc-feats.cc:182) Processed features for key f1-usctimit-ema--204
VLOG[2] (compute-mfcc-feats[5.5.586~1-83c98]:main():compute-mfcc-feats.cc:182) Processed features for key f1-usctimit-ema--205
VLOG[2] (compute-mfcc-feats[5.5.586~1-83c98]:main():compute-mfcc-feats.cc:182) Processed features for key f1-usctimit-ema--206
VLOG[2] (compute-mfcc-feats[5.5.586~1-83c98]:main():compute-mfcc-feats.cc:182) Processed features for key f1-usctimit-ema--207
VLOG[2] (compute-mfcc-feats[5.5.586~1-83c98]:main():compute-mfcc-feats.cc:182) Processed features for key f1-usctimit-ema--208
VLOG[2] (compute-mfcc-feats[5.5.586~1-83c98]:main():compute-mfcc-feats.cc:182) Processed features for key f1-usctimit-ema--209
VLOG[2] (compute-mfcc-feats[5.5.586~1-83c98]:main():compute-mfcc-feats.cc:182) Processed features for key f1-usctimit-ema--210
VLOG[2] (compute-mfcc-feats[5.5.586~1-83c98]:main():compute-mfcc-feats.cc:182) Processed features for key f1-usctimit-ema--211
VLOG[2] (compute-mfcc-feats[5.5.586~1-83c98]:main():compute-mfcc-feats.cc:182) Processed features for key f1-usctimit-ema--212
LOG (compute-mfcc-feats[5.5.586~1-83c98]:main():compute-mfcc-feats.cc:181) Processed 30 utterances
VLOG[2] (compute-mfcc-feats[5.5.586~1-83c98]:main():compute-mfcc-feats.cc:182) Processed features for key f1-usctimit-ema--213
VLOG[2] (compute-mfcc-feats[5.5.586~1-83c98]:main():compute-mfcc-feats.cc:182) Processed features for key f1-usctimit-ema--214
VLOG[2] (compute-mfcc-feats[5.5.586~1-83c98]:main():compute-mfcc-feats.cc:182) Processed features for key f1-usctimit-ema--215
VLOG[2] (compute-mfcc-feats[5.5.586~1-83c98]:main():compute-mfcc-feats.cc:182) Processed features for key f1-usctimit-ema--216
VLOG[2] (compute-mfcc-feats[5.5.586~1-83c98]:main():compute-mfcc-feats.cc:182) Processed features for key f1-usctimit-ema--217
VLOG[2] (compute-mfcc-feats[5.5.586~1-83c98]:main():compute-mfcc-feats.cc:182) Processed features for key f1-usctimit-ema--218
VLOG[2] (compute-mfcc-feats[5.5.586~1-83c98]:main():compute-mfcc-feats.cc:182) Processed features for key f1-usctimit-ema--219
VLOG[2] (compute-mfcc-feats[5.5.586~1-83c98]:main():compute-mfcc-feats.cc:182) Processed features for key f1-usctimit-ema--220
VLOG[2] (compute-mfcc-feats[5.5.586~1-83c98]:main():compute-mfcc-feats.cc:182) Processed features for key f1-usctimit-ema--221
VLOG[2] (compute-mfcc-feats[5.5.586~1-83c98]:main():compute-mfcc-feats.cc:182) Processed features for key f1-usctimit-ema--222
LOG (compute-mfcc-feats[5.5.586~1-83c98]:main():compute-mfcc-feats.cc:181) Processed 40 utterances
VLOG[2] (compute-mfcc-feats[5.5.586~1-83c98]:main():compute-mfcc-feats.cc:182) Processed features for key f1-usctimit-ema--223
VLOG[2] (compute-mfcc-feats[5.5.586~1-83c98]:main():compute-mfcc-feats.cc:182) Processed features for key f1-usctimit-ema--224
VLOG[2] (compute-mfcc-feats[5.5.586~1-83c98]:main():compute-mfcc-feats.cc:182) Processed features for key f1-usctimit-ema--225
VLOG[2] (compute-mfcc-feats[5.5.586~1-83c98]:main():compute-mfcc-feats.cc:182) Processed features for key f1-usctimit-ema--226
VLOG[2] (compute-mfcc-feats[5.5.586~1-83c98]:main():compute-mfcc-feats.cc:182) Processed features for key f1-usctimit-ema--227
VLOG[2] (compute-mfcc-feats[5.5.586~1-83c98]:main():compute-mfcc-feats.cc:182) Processed features for key f1-usctimit-ema--228
VLOG[2] (compute-mfcc-feats[5.5.586~1-83c98]:main():compute-mfcc-feats.cc:182) Processed features for key f1-usctimit-ema--229
VLOG[2] (compute-mfcc-feats[5.5.586~1-83c98]:main():compute-mfcc-feats.cc:182) Processed features for key f1-usctimit-ema--230
VLOG[2] (compute-mfcc-feats[5.5.586~1-83c98]:main():compute-mfcc-feats.cc:182) Processed features for key f1-usctimit-ema--231
VLOG[2] (compute-mfcc-feats[5.5.586~1-83c98]:main():compute-mfcc-feats.cc:182) Processed features for key f1-usctimit-ema--232
LOG (compute-mfcc-feats[5.5.586~1-83c98]:main():compute-mfcc-feats.cc:181) Processed 50 utterances
VLOG[2] (compute-mfcc-feats[5.5.586~1-83c98]:main():compute-mfcc-feats.cc:182) Processed features for key f1-usctimit-ema--233
VLOG[2] (compute-mfcc-feats[5.5.586~1-83c98]:main():compute-mfcc-feats.cc:182) Processed features for key f1-usctimit-ema--234
VLOG[2] (compute-mfcc-feats[5.5.586~1-83c98]:main():compute-mfcc-feats.cc:182) Processed features for key f1-usctimit-ema--235
VLOG[2] (compute-mfcc-feats[5.5.586~1-83c98]:main():compute-mfcc-feats.cc:182) Processed features for key f1-usctimit-ema--236
VLOG[2] (compute-mfcc-feats[5.5.586~1-83c98]:main():compute-mfcc-feats.cc:182) Processed features for key f1-usctimit-ema--237
VLOG[2] (compute-mfcc-feats[5.5.586~1-83c98]:main():compute-mfcc-feats.cc:182) Processed features for key f1-usctimit-ema--238
VLOG[2] (compute-mfcc-feats[5.5.586~1-83c98]:main():compute-mfcc-feats.cc:182) Processed features for key f1-usctimit-ema--239
VLOG[2] (compute-mfcc-feats[5.5.586~1-83c98]:main():compute-mfcc-feats.cc:182) Processed features for key f1-usctimit-ema--240
VLOG[2] (compute-mfcc-feats[5.5.586~1-83c98]:main():compute-mfcc-feats.cc:182) Processed features for key f1-usctimit-ema--241
VLOG[2] (compute-mfcc-feats[5.5.586~1-83c98]:main():compute-mfcc-feats.cc:182) Processed features for key f1-usctimit-ema--242
LOG (compute-mfcc-feats[5.5.586~1-83c98]:main():compute-mfcc-feats.cc:181) Processed 60 utterances
VLOG[2] (compute-mfcc-feats[5.5.586~1-83c98]:main():compute-mfcc-feats.cc:182) Processed features for key f1-usctimit-ema--243
VLOG[2] (compute-mfcc-feats[5.5.586~1-83c98]:main():compute-mfcc-feats.cc:182) Processed features for key f1-usctimit-ema--244
VLOG[2] (compute-mfcc-feats[5.5.586~1-83c98]:main():compute-mfcc-feats.cc:182) Processed features for key f1-usctimit-ema--245
VLOG[2] (compute-mfcc-feats[5.5.586~1-83c98]:main():compute-mfcc-feats.cc:182) Processed features for key f1-usctimit-ema--246
VLOG[2] (compute-mfcc-feats[5.5.586~1-83c98]:main():compute-mfcc-feats.cc:182) Processed features for key f1-usctimit-ema--247
VLOG[2] (compute-mfcc-feats[5.5.586~1-83c98]:main():compute-mfcc-feats.cc:182) Processed features for key f1-usctimit-ema--248
VLOG[2] (compute-mfcc-feats[5.5.586~1-83c98]:main():compute-mfcc-feats.cc:182) Processed features for key f1-usctimit-ema--249
VLOG[2] (compute-mfcc-feats[5.5.586~1-83c98]:main():compute-mfcc-feats.cc:182) Processed features for key f1-usctimit-ema--250
VLOG[2] (compute-mfcc-feats[5.5.586~1-83c98]:main():compute-mfcc-feats.cc:182) Processed features for key f1-usctimit-ema--251
VLOG[2] (compute-mfcc-feats[5.5.586~1-83c98]:main():compute-mfcc-feats.cc:182) Processed features for key f1-usctimit-ema--252
LOG (compute-mfcc-feats[5.5.586~1-83c98]:main():compute-mfcc-feats.cc:181) Processed 70 utterances
VLOG[2] (compute-mfcc-feats[5.5.586~1-83c98]:main():compute-mfcc-feats.cc:182) Processed features for key f1-usctimit-ema--253
VLOG[2] (compute-mfcc-feats[5.5.586~1-83c98]:main():compute-mfcc-feats.cc:182) Processed features for key f1-usctimit-ema--254
VLOG[2] (compute-mfcc-feats[5.5.586~1-83c98]:main():compute-mfcc-feats.cc:182) Processed features for key f1-usctimit-ema--255
VLOG[2] (compute-mfcc-feats[5.5.586~1-83c98]:main():compute-mfcc-feats.cc:182) Processed features for key f1-usctimit-ema--256
VLOG[2] (compute-mfcc-feats[5.5.586~1-83c98]:main():compute-mfcc-feats.cc:182) Processed features for key f1-usctimit-ema--257
VLOG[2] (compute-mfcc-feats[5.5.586~1-83c98]:main():compute-mfcc-feats.cc:182) Processed features for key f1-usctimit-ema--258
VLOG[2] (compute-mfcc-feats[5.5.586~1-83c98]:main():compute-mfcc-feats.cc:182) Processed features for key f1-usctimit-ema--259
VLOG[2] (compute-mfcc-feats[5.5.586~1-83c98]:main():compute-mfcc-feats.cc:182) Processed features for key f1-usctimit-ema--260
VLOG[2] (compute-mfcc-feats[5.5.586~1-83c98]:main():compute-mfcc-feats.cc:182) Processed features for key f1-usctimit-ema--261
VLOG[2] (compute-mfcc-feats[5.5.586~1-83c98]:main():compute-mfcc-feats.cc:182) Processed features for key f1-usctimit-ema--262
LOG (compute-mfcc-feats[5.5.586~1-83c98]:main():compute-mfcc-feats.cc:181) Processed 80 utterances
VLOG[2] (compute-mfcc-feats[5.5.586~1-83c98]:main():compute-mfcc-feats.cc:182) Processed features for key f1-usctimit-ema--263
VLOG[2] (compute-mfcc-feats[5.5.586~1-83c98]:main():compute-mfcc-feats.cc:182) Processed features for key f1-usctimit-ema--264
VLOG[2] (compute-mfcc-feats[5.5.586~1-83c98]:main():compute-mfcc-feats.cc:182) Processed features for key f1-usctimit-ema--265
VLOG[2] (compute-mfcc-feats[5.5.586~1-83c98]:main():compute-mfcc-feats.cc:182) Processed features for key f1-usctimit-ema--266
VLOG[2] (compute-mfcc-feats[5.5.586~1-83c98]:main():compute-mfcc-feats.cc:182) Processed features for key f1-usctimit-ema--267
VLOG[2] (compute-mfcc-feats[5.5.586~1-83c98]:main():compute-mfcc-feats.cc:182) Processed features for key f1-usctimit-ema--268
VLOG[2] (compute-mfcc-feats[5.5.586~1-83c98]:main():compute-mfcc-feats.cc:182) Processed features for key f1-usctimit-ema--269
VLOG[2] (compute-mfcc-feats[5.5.586~1-83c98]:main():compute-mfcc-feats.cc:182) Processed features for key f1-usctimit-ema--270
VLOG[2] (compute-mfcc-feats[5.5.586~1-83c98]:main():compute-mfcc-feats.cc:182) Processed features for key f1-usctimit-ema--271
VLOG[2] (compute-mfcc-feats[5.5.586~1-83c98]:main():compute-mfcc-feats.cc:182) Processed features for key f1-usctimit-ema--272
LOG (compute-mfcc-feats[5.5.586~1-83c98]:main():compute-mfcc-feats.cc:181) Processed 90 utterances
VLOG[2] (compute-mfcc-feats[5.5.586~1-83c98]:main():compute-mfcc-feats.cc:182) Processed features for key f1-usctimit-ema--273
VLOG[2] (compute-mfcc-feats[5.5.586~1-83c98]:main():compute-mfcc-feats.cc:182) Processed features for key f1-usctimit-ema--274
VLOG[2] (compute-mfcc-feats[5.5.586~1-83c98]:main():compute-mfcc-feats.cc:182) Processed features for key f1-usctimit-ema--275
VLOG[2] (compute-mfcc-feats[5.5.586~1-83c98]:main():compute-mfcc-feats.cc:182) Processed features for key f1-usctimit-ema--276
VLOG[2] (compute-mfcc-feats[5.5.586~1-83c98]:main():compute-mfcc-feats.cc:182) Processed features for key f1-usctimit-ema--277
VLOG[2] (compute-mfcc-feats[5.5.586~1-83c98]:main():compute-mfcc-feats.cc:182) Processed features for key f1-usctimit-ema--278
VLOG[2] (compute-mfcc-feats[5.5.586~1-83c98]:main():compute-mfcc-feats.cc:182) Processed features for key f1-usctimit-ema--279
VLOG[2] (compute-mfcc-feats[5.5.586~1-83c98]:main():compute-mfcc-feats.cc:182) Processed features for key f1-usctimit-ema--280
VLOG[2] (compute-mfcc-feats[5.5.586~1-83c98]:main():compute-mfcc-feats.cc:182) Processed features for key f1-usctimit-ema--281
VLOG[2] (compute-mfcc-feats[5.5.586~1-83c98]:main():compute-mfcc-feats.cc:182) Processed features for key f1-usctimit-ema--282
LOG (compute-mfcc-feats[5.5.586~1-83c98]:main():compute-mfcc-feats.cc:181) Processed 100 utterances
VLOG[2] (compute-mfcc-feats[5.5.586~1-83c98]:main():compute-mfcc-feats.cc:182) Processed features for key f1-usctimit-ema--283
VLOG[2] (compute-mfcc-feats[5.5.586~1-83c98]:main():compute-mfcc-feats.cc:182) Processed features for key f1-usctimit-ema--284
VLOG[2] (compute-mfcc-feats[5.5.586~1-83c98]:main():compute-mfcc-feats.cc:182) Processed features for key f1-usctimit-ema--285
VLOG[2] (compute-mfcc-feats[5.5.586~1-83c98]:main():compute-mfcc-feats.cc:182) Processed features for key f1-usctimit-ema--286
VLOG[2] (compute-mfcc-feats[5.5.586~1-83c98]:main():compute-mfcc-feats.cc:182) Processed features for key f1-usctimit-ema--287
VLOG[2] (compute-mfcc-feats[5.5.586~1-83c98]:main():compute-mfcc-feats.cc:182) Processed features for key f1-usctimit-ema--288
VLOG[2] (compute-mfcc-feats[5.5.586~1-83c98]:main():compute-mfcc-feats.cc:182) Processed features for key f1-usctimit-ema--289
VLOG[2] (compute-mfcc-feats[5.5.586~1-83c98]:main():compute-mfcc-feats.cc:182) Processed features for key f1-usctimit-ema--290
VLOG[2] (compute-mfcc-feats[5.5.586~1-83c98]:main():compute-mfcc-feats.cc:182) Processed features for key f1-usctimit-ema--291
VLOG[2] (compute-mfcc-feats[5.5.586~1-83c98]:main():compute-mfcc-feats.cc:182) Processed features for key f1-usctimit-ema--292
LOG (compute-mfcc-feats[5.5.586~1-83c98]:main():compute-mfcc-feats.cc:181) Processed 110 utterances
VLOG[2] (compute-mfcc-feats[5.5.586~1-83c98]:main():compute-mfcc-feats.cc:182) Processed features for key f1-usctimit-ema--293
VLOG[2] (compute-mfcc-feats[5.5.586~1-83c98]:main():compute-mfcc-feats.cc:182) Processed features for key f1-usctimit-ema--294
VLOG[2] (compute-mfcc-feats[5.5.586~1-83c98]:main():compute-mfcc-feats.cc:182) Processed features for key f1-usctimit-ema--295
VLOG[2] (compute-mfcc-feats[5.5.586~1-83c98]:main():compute-mfcc-feats.cc:182) Processed features for key f1-usctimit-ema--296
VLOG[2] (compute-mfcc-feats[5.5.586~1-83c98]:main():compute-mfcc-feats.cc:182) Processed features for key f1-usctimit-ema--297
VLOG[2] (compute-mfcc-feats[5.5.586~1-83c98]:main():compute-mfcc-feats.cc:182) Processed features for key f1-usctimit-ema--298
VLOG[2] (compute-mfcc-feats[5.5.586~1-83c98]:main():compute-mfcc-feats.cc:182) Processed features for key f1-usctimit-ema--299
VLOG[2] (compute-mfcc-feats[5.5.586~1-83c98]:main():compute-mfcc-feats.cc:182) Processed features for key f1-usctimit-ema--300
VLOG[2] (compute-mfcc-feats[5.5.586~1-83c98]:main():compute-mfcc-feats.cc:182) Processed features for key f1-usctimit-ema--301
VLOG[2] (compute-mfcc-feats[5.5.586~1-83c98]:main():compute-mfcc-feats.cc:182) Processed features for key f1-usctimit-ema--302
LOG (compute-mfcc-feats[5.5.586~1-83c98]:main():compute-mfcc-feats.cc:181) Processed 120 utterances
VLOG[2] (compute-mfcc-feats[5.5.586~1-83c98]:main():compute-mfcc-feats.cc:182) Processed features for key f1-usctimit-ema--303
VLOG[2] (compute-mfcc-feats[5.5.586~1-83c98]:main():compute-mfcc-feats.cc:182) Processed features for key f1-usctimit-ema--304
VLOG[2] (compute-mfcc-feats[5.5.586~1-83c98]:main():compute-mfcc-feats.cc:182) Processed features for key f1-usctimit-ema--305
VLOG[2] (compute-mfcc-feats[5.5.586~1-83c98]:main():compute-mfcc-feats.cc:182) Processed features for key f1-usctimit-ema--306
VLOG[2] (compute-mfcc-feats[5.5.586~1-83c98]:main():compute-mfcc-feats.cc:182) Processed features for key f1-usctimit-ema--307
VLOG[2] (compute-mfcc-feats[5.5.586~1-83c98]:main():compute-mfcc-feats.cc:182) Processed features for key f1-usctimit-ema--308
VLOG[2] (compute-mfcc-feats[5.5.586~1-83c98]:main():compute-mfcc-feats.cc:182) Processed features for key f1-usctimit-ema--309
VLOG[2] (compute-mfcc-feats[5.5.586~1-83c98]:main():compute-mfcc-feats.cc:182) Processed features for key f1-usctimit-ema--310
VLOG[2] (compute-mfcc-feats[5.5.586~1-83c98]:main():compute-mfcc-feats.cc:182) Processed features for key f1-usctimit-ema--311
VLOG[2] (compute-mfcc-feats[5.5.586~1-83c98]:main():compute-mfcc-feats.cc:182) Processed features for key f1-usctimit-ema--312
LOG (compute-mfcc-feats[5.5.586~1-83c98]:main():compute-mfcc-feats.cc:181) Processed 130 utterances
VLOG[2] (compute-mfcc-feats[5.5.586~1-83c98]:main():compute-mfcc-feats.cc:182) Processed features for key f1-usctimit-ema--313
VLOG[2] (compute-mfcc-feats[5.5.586~1-83c98]:main():compute-mfcc-feats.cc:182) Processed features for key f1-usctimit-ema--314
VLOG[2] (compute-mfcc-feats[5.5.586~1-83c98]:main():compute-mfcc-feats.cc:182) Processed features for key f1-usctimit-ema--315
VLOG[2] (compute-mfcc-feats[5.5.586~1-83c98]:main():compute-mfcc-feats.cc:182) Processed features for key f1-usctimit-ema--316
VLOG[2] (compute-mfcc-feats[5.5.586~1-83c98]:main():compute-mfcc-feats.cc:182) Processed features for key f1-usctimit-ema--317
VLOG[2] (compute-mfcc-feats[5.5.586~1-83c98]:main():compute-mfcc-feats.cc:182) Processed features for key f1-usctimit-ema--318
VLOG[2] (compute-mfcc-feats[5.5.586~1-83c98]:main():compute-mfcc-feats.cc:182) Processed features for key f1-usctimit-ema--319
VLOG[2] (compute-mfcc-feats[5.5.586~1-83c98]:main():compute-mfcc-feats.cc:182) Processed features for key f1-usctimit-ema--320
VLOG[2] (compute-mfcc-feats[5.5.586~1-83c98]:main():compute-mfcc-feats.cc:182) Processed features for key f1-usctimit-ema--321
VLOG[2] (compute-mfcc-feats[5.5.586~1-83c98]:main():compute-mfcc-feats.cc:182) Processed features for key f1-usctimit-ema--322
LOG (compute-mfcc-feats[5.5.586~1-83c98]:main():compute-mfcc-feats.cc:181) Processed 140 utterances
VLOG[2] (compute-mfcc-feats[5.5.586~1-83c98]:main():compute-mfcc-feats.cc:182) Processed features for key f1-usctimit-ema--323
VLOG[2] (compute-mfcc-feats[5.5.586~1-83c98]:main():compute-mfcc-feats.cc:182) Processed features for key f1-usctimit-ema--324
VLOG[2] (compute-mfcc-feats[5.5.586~1-83c98]:main():compute-mfcc-feats.cc:182) Processed features for key f1-usctimit-ema--325
VLOG[2] (compute-mfcc-feats[5.5.586~1-83c98]:main():compute-mfcc-feats.cc:182) Processed features for key f1-usctimit-ema--326
VLOG[2] (compute-mfcc-feats[5.5.586~1-83c98]:main():compute-mfcc-feats.cc:182) Processed features for key f1-usctimit-ema--327
VLOG[2] (compute-mfcc-feats[5.5.586~1-83c98]:main():compute-mfcc-feats.cc:182) Processed features for key f1-usctimit-ema--328
VLOG[2] (compute-mfcc-feats[5.5.586~1-83c98]:main():compute-mfcc-feats.cc:182) Processed features for key f1-usctimit-ema--329
VLOG[2] (compute-mfcc-feats[5.5.586~1-83c98]:main():compute-mfcc-feats.cc:182) Processed features for key f1-usctimit-ema--330
VLOG[2] (compute-mfcc-feats[5.5.586~1-83c98]:main():compute-mfcc-feats.cc:182) Processed features for key f1-usctimit-ema--331
VLOG[2] (compute-mfcc-feats[5.5.586~1-83c98]:main():compute-mfcc-feats.cc:182) Processed features for key f1-usctimit-ema--332
LOG (compute-mfcc-feats[5.5.586~1-83c98]:main():compute-mfcc-feats.cc:181) Processed 150 utterances
VLOG[2] (compute-mfcc-feats[5.5.586~1-83c98]:main():compute-mfcc-feats.cc:182) Processed features for key f1-usctimit-ema--333
VLOG[2] (compute-mfcc-feats[5.5.586~1-83c98]:main():compute-mfcc-feats.cc:182) Processed features for key f1-usctimit-ema--334
VLOG[2] (compute-mfcc-feats[5.5.586~1-83c98]:main():compute-mfcc-feats.cc:182) Processed features for key f1-usctimit-ema--335
VLOG[2] (compute-mfcc-feats[5.5.586~1-83c98]:main():compute-mfcc-feats.cc:182) Processed features for key f1-usctimit-ema--336
VLOG[2] (compute-mfcc-feats[5.5.586~1-83c98]:main():compute-mfcc-feats.cc:182) Processed features for key f1-usctimit-ema--337
VLOG[2] (compute-mfcc-feats[5.5.586~1-83c98]:main():compute-mfcc-feats.cc:182) Processed features for key f1-usctimit-ema--338
VLOG[2] (compute-mfcc-feats[5.5.586~1-83c98]:main():compute-mfcc-feats.cc:182) Processed features for key f1-usctimit-ema--339
VLOG[2] (compute-mfcc-feats[5.5.586~1-83c98]:main():compute-mfcc-feats.cc:182) Processed features for key f1-usctimit-ema--340
VLOG[2] (compute-mfcc-feats[5.5.586~1-83c98]:main():compute-mfcc-feats.cc:182) Processed features for key f1-usctimit-ema--341
VLOG[2] (compute-mfcc-feats[5.5.586~1-83c98]:main():compute-mfcc-feats.cc:182) Processed features for key f1-usctimit-ema--342
LOG (compute-mfcc-feats[5.5.586~1-83c98]:main():compute-mfcc-feats.cc:181) Processed 160 utterances
VLOG[2] (compute-mfcc-feats[5.5.586~1-83c98]:main():compute-mfcc-feats.cc:182) Processed features for key f1-usctimit-ema--343
VLOG[2] (compute-mfcc-feats[5.5.586~1-83c98]:main():compute-mfcc-feats.cc:182) Processed features for key f1-usctimit-ema--344
VLOG[2] (compute-mfcc-feats[5.5.586~1-83c98]:main():compute-mfcc-feats.cc:182) Processed features for key f1-usctimit-ema--345
VLOG[2] (compute-mfcc-feats[5.5.586~1-83c98]:main():compute-mfcc-feats.cc:182) Processed features for key f1-usctimit-ema--346
VLOG[2] (compute-mfcc-feats[5.5.586~1-83c98]:main():compute-mfcc-feats.cc:182) Processed features for key f1-usctimit-ema--347
VLOG[2] (compute-mfcc-feats[5.5.586~1-83c98]:main():compute-mfcc-feats.cc:182) Processed features for key f1-usctimit-ema--348
VLOG[2] (compute-mfcc-feats[5.5.586~1-83c98]:main():compute-mfcc-feats.cc:182) Processed features for key f1-usctimit-ema--349
VLOG[2] (compute-mfcc-feats[5.5.586~1-83c98]:main():compute-mfcc-feats.cc:182) Processed features for key f1-usctimit-ema--350
VLOG[2] (compute-mfcc-feats[5.5.586~1-83c98]:main():compute-mfcc-feats.cc:182) Processed features for key f1-usctimit-ema--351
VLOG[2] (compute-mfcc-feats[5.5.586~1-83c98]:main():compute-mfcc-feats.cc:182) Processed features for key f1-usctimit-ema--352
LOG (compute-mfcc-feats[5.5.586~1-83c98]:main():compute-mfcc-feats.cc:181) Processed 170 utterances
VLOG[2] (compute-mfcc-feats[5.5.586~1-83c98]:main():compute-mfcc-feats.cc:182) Processed features for key f1-usctimit-ema--353
VLOG[2] (compute-mfcc-feats[5.5.586~1-83c98]:main():compute-mfcc-feats.cc:182) Processed features for key f1-usctimit-ema--354
VLOG[2] (compute-mfcc-feats[5.5.586~1-83c98]:main():compute-mfcc-feats.cc:182) Processed features for key f1-usctimit-ema--355
VLOG[2] (compute-mfcc-feats[5.5.586~1-83c98]:main():compute-mfcc-feats.cc:182) Processed features for key f1-usctimit-ema--356
VLOG[2] (compute-mfcc-feats[5.5.586~1-83c98]:main():compute-mfcc-feats.cc:182) Processed features for key f1-usctimit-ema--357
VLOG[2] (compute-mfcc-feats[5.5.586~1-83c98]:main():compute-mfcc-feats.cc:182) Processed features for key f1-usctimit-ema--358
VLOG[2] (compute-mfcc-feats[5.5.586~1-83c98]:main():compute-mfcc-feats.cc:182) Processed features for key f1-usctimit-ema--359
VLOG[2] (compute-mfcc-feats[5.5.586~1-83c98]:main():compute-mfcc-feats.cc:182) Processed features for key f1-usctimit-ema--360
VLOG[2] (compute-mfcc-feats[5.5.586~1-83c98]:main():compute-mfcc-feats.cc:182) Processed features for key f1-usctimit-ema--361
VLOG[2] (compute-mfcc-feats[5.5.586~1-83c98]:main():compute-mfcc-feats.cc:182) Processed features for key f1-usctimit-ema--362
LOG (compute-mfcc-feats[5.5.586~1-83c98]:main():compute-mfcc-feats.cc:181) Processed 180 utterances
VLOG[2] (compute-mfcc-feats[5.5.586~1-83c98]:main():compute-mfcc-feats.cc:182) Processed features for key f1-usctimit-ema--363
VLOG[2] (compute-mfcc-feats[5.5.586~1-83c98]:main():compute-mfcc-feats.cc:182) Processed features for key f1-usctimit-ema--364
VLOG[2] (compute-mfcc-feats[5.5.586~1-83c98]:main():compute-mfcc-feats.cc:182) Processed features for key f1-usctimit-ema--365
VLOG[2] (compute-mfcc-feats[5.5.586~1-83c98]:main():compute-mfcc-feats.cc:182) Processed features for key f1-usctimit-ema--366
VLOG[2] (compute-mfcc-feats[5.5.586~1-83c98]:main():compute-mfcc-feats.cc:182) Processed features for key f1-usctimit-ema--367
VLOG[2] (compute-mfcc-feats[5.5.586~1-83c98]:main():compute-mfcc-feats.cc:182) Processed features for key f1-usctimit-ema--368
VLOG[2] (compute-mfcc-feats[5.5.586~1-83c98]:main():compute-mfcc-feats.cc:182) Processed features for key f1-usctimit-ema--369
VLOG[2] (compute-mfcc-feats[5.5.586~1-83c98]:main():compute-mfcc-feats.cc:182) Processed features for key f1-usctimit-ema--370
VLOG[2] (compute-mfcc-feats[5.5.586~1-83c98]:main():compute-mfcc-feats.cc:182) Processed features for key f1-usctimit-ema--371
VLOG[2] (compute-mfcc-feats[5.5.586~1-83c98]:main():compute-mfcc-feats.cc:182) Processed features for key f1-usctimit-ema--372
LOG (compute-mfcc-feats[5.5.586~1-83c98]:main():compute-mfcc-feats.cc:181) Processed 190 utterances
VLOG[2] (compute-mfcc-feats[5.5.586~1-83c98]:main():compute-mfcc-feats.cc:182) Processed features for key f1-usctimit-ema--373
VLOG[2] (compute-mfcc-feats[5.5.586~1-83c98]:main():compute-mfcc-feats.cc:182) Processed features for key f1-usctimit-ema--374
VLOG[2] (compute-mfcc-feats[5.5.586~1-83c98]:main():compute-mfcc-feats.cc:182) Processed features for key f1-usctimit-ema--375
VLOG[2] (compute-mfcc-feats[5.5.586~1-83c98]:main():compute-mfcc-feats.cc:182) Processed features for key f1-usctimit-ema--376
VLOG[2] (compute-mfcc-feats[5.5.586~1-83c98]:main():compute-mfcc-feats.cc:182) Processed features for key f1-usctimit-ema--377
VLOG[2] (compute-mfcc-feats[5.5.586~1-83c98]:main():compute-mfcc-feats.cc:182) Processed features for key f1-usctimit-ema--378
VLOG[2] (compute-mfcc-feats[5.5.586~1-83c98]:main():compute-mfcc-feats.cc:182) Processed features for key f1-usctimit-ema--379
VLOG[2] (compute-mfcc-feats[5.5.586~1-83c98]:main():compute-mfcc-feats.cc:182) Processed features for key f1-usctimit-ema--380
VLOG[2] (compute-mfcc-feats[5.5.586~1-83c98]:main():compute-mfcc-feats.cc:182) Processed features for key f1-usctimit-ema--381
VLOG[2] (compute-mfcc-feats[5.5.586~1-83c98]:main():compute-mfcc-feats.cc:182) Processed features for key f1-usctimit-ema--382
LOG (compute-mfcc-feats[5.5.586~1-83c98]:main():compute-mfcc-feats.cc:181) Processed 200 utterances
VLOG[2] (compute-mfcc-feats[5.5.586~1-83c98]:main():compute-mfcc-feats.cc:182) Processed features for key f1-usctimit-ema--383
VLOG[2] (compute-mfcc-feats[5.5.586~1-83c98]:main():compute-mfcc-feats.cc:182) Processed features for key f1-usctimit-ema--384
VLOG[2] (compute-mfcc-feats[5.5.586~1-83c98]:main():compute-mfcc-feats.cc:182) Processed features for key f1-usctimit-ema--385
VLOG[2] (compute-mfcc-feats[5.5.586~1-83c98]:main():compute-mfcc-feats.cc:182) Processed features for key f1-usctimit-ema--386
VLOG[2] (compute-mfcc-feats[5.5.586~1-83c98]:main():compute-mfcc-feats.cc:182) Processed features for key f1-usctimit-ema--387
VLOG[2] (compute-mfcc-feats[5.5.586~1-83c98]:main():compute-mfcc-feats.cc:182) Processed features for key f1-usctimit-ema--388
VLOG[2] (compute-mfcc-feats[5.5.586~1-83c98]:main():compute-mfcc-feats.cc:182) Processed features for key f1-usctimit-ema--389
VLOG[2] (compute-mfcc-feats[5.5.586~1-83c98]:main():compute-mfcc-feats.cc:182) Processed features for key f1-usctimit-ema--390
VLOG[2] (compute-mfcc-feats[5.5.586~1-83c98]:main():compute-mfcc-feats.cc:182) Processed features for key f1-usctimit-ema--391
VLOG[2] (compute-mfcc-feats[5.5.586~1-83c98]:main():compute-mfcc-feats.cc:182) Processed features for key f1-usctimit-ema--392
LOG (compute-mfcc-feats[5.5.586~1-83c98]:main():compute-mfcc-feats.cc:181) Processed 210 utterances
VLOG[2] (compute-mfcc-feats[5.5.586~1-83c98]:main():compute-mfcc-feats.cc:182) Processed features for key f1-usctimit-ema--393
VLOG[2] (compute-mfcc-feats[5.5.586~1-83c98]:main():compute-mfcc-feats.cc:182) Processed features for key f1-usctimit-ema--394
VLOG[2] (compute-mfcc-feats[5.5.586~1-83c98]:main():compute-mfcc-feats.cc:182) Processed features for key f1-usctimit-ema--395
VLOG[2] (compute-mfcc-feats[5.5.586~1-83c98]:main():compute-mfcc-feats.cc:182) Processed features for key f1-usctimit-ema--396
VLOG[2] (compute-mfcc-feats[5.5.586~1-83c98]:main():compute-mfcc-feats.cc:182) Processed features for key f1-usctimit-ema--397
VLOG[2] (compute-mfcc-feats[5.5.586~1-83c98]:main():compute-mfcc-feats.cc:182) Processed features for key f1-usctimit-ema--398
VLOG[2] (compute-mfcc-feats[5.5.586~1-83c98]:main():compute-mfcc-feats.cc:182) Processed features for key f1-usctimit-ema--399
VLOG[2] (compute-mfcc-feats[5.5.586~1-83c98]:main():compute-mfcc-feats.cc:182) Processed features for key f1-usctimit-ema--400
VLOG[2] (compute-mfcc-feats[5.5.586~1-83c98]:main():compute-mfcc-feats.cc:182) Processed features for key f1-usctimit-ema--401
VLOG[2] (compute-mfcc-feats[5.5.586~1-83c98]:main():compute-mfcc-feats.cc:182) Processed features for key f1-usctimit-ema--402
LOG (compute-mfcc-feats[5.5.586~1-83c98]:main():compute-mfcc-feats.cc:181) Processed 220 utterances
VLOG[2] (compute-mfcc-feats[5.5.586~1-83c98]:main():compute-mfcc-feats.cc:182) Processed features for key f1-usctimit-ema--403
VLOG[2] (compute-mfcc-feats[5.5.586~1-83c98]:main():compute-mfcc-feats.cc:182) Processed features for key f1-usctimit-ema--404
VLOG[2] (compute-mfcc-feats[5.5.586~1-83c98]:main():compute-mfcc-feats.cc:182) Processed features for key f1-usctimit-ema--405
VLOG[2] (compute-mfcc-feats[5.5.586~1-83c98]:main():compute-mfcc-feats.cc:182) Processed features for key f1-usctimit-ema--406
VLOG[2] (compute-mfcc-feats[5.5.586~1-83c98]:main():compute-mfcc-feats.cc:182) Processed features for key f1-usctimit-ema--407
VLOG[2] (compute-mfcc-feats[5.5.586~1-83c98]:main():compute-mfcc-feats.cc:182) Processed features for key f1-usctimit-ema--408
VLOG[2] (compute-mfcc-feats[5.5.586~1-83c98]:main():compute-mfcc-feats.cc:182) Processed features for key f1-usctimit-ema--409
VLOG[2] (compute-mfcc-feats[5.5.586~1-83c98]:main():compute-mfcc-feats.cc:182) Processed features for key f1-usctimit-ema--410
VLOG[2] (compute-mfcc-feats[5.5.586~1-83c98]:main():compute-mfcc-feats.cc:182) Processed features for key f1-usctimit-ema--411
VLOG[2] (compute-mfcc-feats[5.5.586~1-83c98]:main():compute-mfcc-feats.cc:182) Processed features for key f1-usctimit-ema--412
LOG (compute-mfcc-feats[5.5.586~1-83c98]:main():compute-mfcc-feats.cc:181) Processed 230 utterances
VLOG[2] (compute-mfcc-feats[5.5.586~1-83c98]:main():compute-mfcc-feats.cc:182) Processed features for key f1-usctimit-ema--413
VLOG[2] (compute-mfcc-feats[5.5.586~1-83c98]:main():compute-mfcc-feats.cc:182) Processed features for key f1-usctimit-ema--414
VLOG[2] (compute-mfcc-feats[5.5.586~1-83c98]:main():compute-mfcc-feats.cc:182) Processed features for key f1-usctimit-ema--415
VLOG[2] (compute-mfcc-feats[5.5.586~1-83c98]:main():compute-mfcc-feats.cc:182) Processed features for key f1-usctimit-ema--416
VLOG[2] (compute-mfcc-feats[5.5.586~1-83c98]:main():compute-mfcc-feats.cc:182) Processed features for key f1-usctimit-ema--417
VLOG[2] (compute-mfcc-feats[5.5.586~1-83c98]:main():compute-mfcc-feats.cc:182) Processed features for key f1-usctimit-ema--418
VLOG[2] (compute-mfcc-feats[5.5.586~1-83c98]:main():compute-mfcc-feats.cc:182) Processed features for key f1-usctimit-ema--419
VLOG[2] (compute-mfcc-feats[5.5.586~1-83c98]:main():compute-mfcc-feats.cc:182) Processed features for key f1-usctimit-ema--420
VLOG[2] (compute-mfcc-feats[5.5.586~1-83c98]:main():compute-mfcc-feats.cc:182) Processed features for key f1-usctimit-ema--421
VLOG[2] (compute-mfcc-feats[5.5.586~1-83c98]:main():compute-mfcc-feats.cc:182) Processed features for key f1-usctimit-ema--422
LOG (compute-mfcc-feats[5.5.586~1-83c98]:main():compute-mfcc-feats.cc:181) Processed 240 utterances
VLOG[2] (compute-mfcc-feats[5.5.586~1-83c98]:main():compute-mfcc-feats.cc:182) Processed features for key f1-usctimit-ema--423
VLOG[2] (compute-mfcc-feats[5.5.586~1-83c98]:main():compute-mfcc-feats.cc:182) Processed features for key f1-usctimit-ema--424
VLOG[2] (compute-mfcc-feats[5.5.586~1-83c98]:main():compute-mfcc-feats.cc:182) Processed features for key f1-usctimit-ema--425
VLOG[2] (compute-mfcc-feats[5.5.586~1-83c98]:main():compute-mfcc-feats.cc:182) Processed features for key f1-usctimit-ema--426
VLOG[2] (compute-mfcc-feats[5.5.586~1-83c98]:main():compute-mfcc-feats.cc:182) Processed features for key f1-usctimit-ema--427
VLOG[2] (compute-mfcc-feats[5.5.586~1-83c98]:main():compute-mfcc-feats.cc:182) Processed features for key f1-usctimit-ema--428
VLOG[2] (compute-mfcc-feats[5.5.586~1-83c98]:main():compute-mfcc-feats.cc:182) Processed features for key f1-usctimit-ema--429
VLOG[2] (compute-mfcc-feats[5.5.586~1-83c98]:main():compute-mfcc-feats.cc:182) Processed features for key f1-usctimit-ema--430
VLOG[2] (compute-mfcc-feats[5.5.586~1-83c98]:main():compute-mfcc-feats.cc:182) Processed features for key f1-usctimit-ema--431
VLOG[2] (compute-mfcc-feats[5.5.586~1-83c98]:main():compute-mfcc-feats.cc:182) Processed features for key f1-usctimit-ema--432
LOG (compute-mfcc-feats[5.5.586~1-83c98]:main():compute-mfcc-feats.cc:181) Processed 250 utterances
VLOG[2] (compute-mfcc-feats[5.5.586~1-83c98]:main():compute-mfcc-feats.cc:182) Processed features for key f1-usctimit-ema--433
VLOG[2] (compute-mfcc-feats[5.5.586~1-83c98]:main():compute-mfcc-feats.cc:182) Processed features for key f1-usctimit-ema--434
VLOG[2] (compute-mfcc-feats[5.5.586~1-83c98]:main():compute-mfcc-feats.cc:182) Processed features for key f1-usctimit-ema--435
VLOG[2] (compute-mfcc-feats[5.5.586~1-83c98]:main():compute-mfcc-feats.cc:182) Processed features for key f1-usctimit-ema--436
VLOG[2] (compute-mfcc-feats[5.5.586~1-83c98]:main():compute-mfcc-feats.cc:182) Processed features for key f1-usctimit-ema--437
VLOG[2] (compute-mfcc-feats[5.5.586~1-83c98]:main():compute-mfcc-feats.cc:182) Processed features for key f1-usctimit-ema--438
VLOG[2] (compute-mfcc-feats[5.5.586~1-83c98]:main():compute-mfcc-feats.cc:182) Processed features for key f1-usctimit-ema--439
VLOG[2] (compute-mfcc-feats[5.5.586~1-83c98]:main():compute-mfcc-feats.cc:182) Processed features for key f1-usctimit-ema--440
VLOG[2] (compute-mfcc-feats[5.5.586~1-83c98]:main():compute-mfcc-feats.cc:182) Processed features for key f1-usctimit-ema--441
VLOG[2] (compute-mfcc-feats[5.5.586~1-83c98]:main():compute-mfcc-feats.cc:182) Processed features for key f1-usctimit-ema--442
LOG (compute-mfcc-feats[5.5.586~1-83c98]:main():compute-mfcc-feats.cc:181) Processed 260 utterances
VLOG[2] (compute-mfcc-feats[5.5.586~1-83c98]:main():compute-mfcc-feats.cc:182) Processed features for key f1-usctimit-ema--443
VLOG[2] (compute-mfcc-feats[5.5.586~1-83c98]:main():compute-mfcc-feats.cc:182) Processed features for key f1-usctimit-ema--444
VLOG[2] (compute-mfcc-feats[5.5.586~1-83c98]:main():compute-mfcc-feats.cc:182) Processed features for key f1-usctimit-ema--445
VLOG[2] (compute-mfcc-feats[5.5.586~1-83c98]:main():compute-mfcc-feats.cc:182) Processed features for key f1-usctimit-ema--446
VLOG[2] (compute-mfcc-feats[5.5.586~1-83c98]:main():compute-mfcc-feats.cc:182) Processed features for key f1-usctimit-ema--447
VLOG[2] (compute-mfcc-feats[5.5.586~1-83c98]:main():compute-mfcc-feats.cc:182) Processed features for key f1-usctimit-ema--448
VLOG[2] (compute-mfcc-feats[5.5.586~1-83c98]:main():compute-mfcc-feats.cc:182) Processed features for key f1-usctimit-ema--449
VLOG[2] (compute-mfcc-feats[5.5.586~1-83c98]:main():compute-mfcc-feats.cc:182) Processed features for key f1-usctimit-ema--450
VLOG[2] (compute-mfcc-feats[5.5.586~1-83c98]:main():compute-mfcc-feats.cc:182) Processed features for key f1-usctimit-ema--451
VLOG[2] (compute-mfcc-feats[5.5.586~1-83c98]:main():compute-mfcc-feats.cc:182) Processed features for key f1-usctimit-ema--452
LOG (compute-mfcc-feats[5.5.586~1-83c98]:main():compute-mfcc-feats.cc:181) Processed 270 utterances
VLOG[2] (compute-mfcc-feats[5.5.586~1-83c98]:main():compute-mfcc-feats.cc:182) Processed features for key f1-usctimit-ema--453
VLOG[2] (compute-mfcc-feats[5.5.586~1-83c98]:main():compute-mfcc-feats.cc:182) Processed features for key f1-usctimit-ema--454
VLOG[2] (compute-mfcc-feats[5.5.586~1-83c98]:main():compute-mfcc-feats.cc:182) Processed features for key f1-usctimit-ema--455
VLOG[2] (compute-mfcc-feats[5.5.586~1-83c98]:main():compute-mfcc-feats.cc:182) Processed features for key f1-usctimit-ema--456
VLOG[2] (compute-mfcc-feats[5.5.586~1-83c98]:main():compute-mfcc-feats.cc:182) Processed features for key f1-usctimit-ema--457
VLOG[2] (compute-mfcc-feats[5.5.586~1-83c98]:main():compute-mfcc-feats.cc:182) Processed features for key f1-usctimit-ema--458
VLOG[2] (compute-mfcc-feats[5.5.586~1-83c98]:main():compute-mfcc-feats.cc:182) Processed features for key f1-usctimit-ema--459
VLOG[2] (compute-mfcc-feats[5.5.586~1-83c98]:main():compute-mfcc-feats.cc:182) Processed features for key f1-usctimit-ema--460
VLOG[2] (compute-mfcc-feats[5.5.586~1-83c98]:main():compute-mfcc-feats.cc:182) Processed features for key f1-usctimit-ema--461
VLOG[2] (compute-mfcc-feats[5.5.586~1-83c98]:main():compute-mfcc-feats.cc:182) Processed features for key f1-usctimit-ema--462
LOG (compute-mfcc-feats[5.5.586~1-83c98]:main():compute-mfcc-feats.cc:181) Processed 280 utterances
VLOG[2] (compute-mfcc-feats[5.5.586~1-83c98]:main():compute-mfcc-feats.cc:182) Processed features for key f1-usctimit-ema--463
VLOG[2] (compute-mfcc-feats[5.5.586~1-83c98]:main():compute-mfcc-feats.cc:182) Processed features for key f1-usctimit-ema--464
VLOG[2] (compute-mfcc-feats[5.5.586~1-83c98]:main():compute-mfcc-feats.cc:182) Processed features for key f1-usctimit-ema--465
VLOG[2] (compute-mfcc-feats[5.5.586~1-83c98]:main():compute-mfcc-feats.cc:182) Processed features for key f1-usctimit-ema--466
VLOG[2] (compute-mfcc-feats[5.5.586~1-83c98]:main():compute-mfcc-feats.cc:182) Processed features for key f1-usctimit-ema--467
VLOG[2] (compute-mfcc-feats[5.5.586~1-83c98]:main():compute-mfcc-feats.cc:182) Processed features for key f1-usctimit-ema--468
VLOG[2] (compute-mfcc-feats[5.5.586~1-83c98]:main():compute-mfcc-feats.cc:182) Processed features for key f1-usctimit-ema--469
VLOG[2] (compute-mfcc-feats[5.5.586~1-83c98]:main():compute-mfcc-feats.cc:182) Processed features for key f1-usctimit-ema--470
VLOG[2] (compute-mfcc-feats[5.5.586~1-83c98]:main():compute-mfcc-feats.cc:182) Processed features for key f1-usctimit-ema--471
VLOG[2] (compute-mfcc-feats[5.5.586~1-83c98]:main():compute-mfcc-feats.cc:182) Processed features for key f1-usctimit-ema--472
LOG (compute-mfcc-feats[5.5.586~1-83c98]:main():compute-mfcc-feats.cc:181) Processed 290 utterances
VLOG[2] (compute-mfcc-feats[5.5.586~1-83c98]:main():compute-mfcc-feats.cc:182) Processed features for key f1-usctimit-ema--473
VLOG[2] (compute-mfcc-feats[5.5.586~1-83c98]:main():compute-mfcc-feats.cc:182) Processed features for key f1-usctimit-ema--474
VLOG[2] (compute-mfcc-feats[5.5.586~1-83c98]:main():compute-mfcc-feats.cc:182) Processed features for key f1-usctimit-ema--475
VLOG[2] (compute-mfcc-feats[5.5.586~1-83c98]:main():compute-mfcc-feats.cc:182) Processed features for key f1-usctimit-ema--476
VLOG[2] (compute-mfcc-feats[5.5.586~1-83c98]:main():compute-mfcc-feats.cc:182) Processed features for key f1-usctimit-ema--477
VLOG[2] (compute-mfcc-feats[5.5.586~1-83c98]:main():compute-mfcc-feats.cc:182) Processed features for key f1-usctimit-ema--478
VLOG[2] (compute-mfcc-feats[5.5.586~1-83c98]:main():compute-mfcc-feats.cc:182) Processed features for key f1-usctimit-ema--479
VLOG[2] (compute-mfcc-feats[5.5.586~1-83c98]:main():compute-mfcc-feats.cc:182) Processed features for key f1-usctimit-ema--480
VLOG[2] (compute-mfcc-feats[5.5.586~1-83c98]:main():compute-mfcc-feats.cc:182) Processed features for key f1-usctimit-ema--481
VLOG[2] (compute-mfcc-feats[5.5.586~1-83c98]:main():compute-mfcc-feats.cc:182) Processed features for key f1-usctimit-ema--482
LOG (compute-mfcc-feats[5.5.586~1-83c98]:main():compute-mfcc-feats.cc:181) Processed 300 utterances
VLOG[2] (compute-mfcc-feats[5.5.586~1-83c98]:main():compute-mfcc-feats.cc:182) Processed features for key f1-usctimit-ema--483
VLOG[2] (compute-mfcc-feats[5.5.586~1-83c98]:main():compute-mfcc-feats.cc:182) Processed features for key f1-usctimit-ema--484
VLOG[2] (compute-mfcc-feats[5.5.586~1-83c98]:main():compute-mfcc-feats.cc:182) Processed features for key f1-usctimit-ema--485
VLOG[2] (compute-mfcc-feats[5.5.586~1-83c98]:main():compute-mfcc-feats.cc:182) Processed features for key f1-usctimit-ema--486
VLOG[2] (compute-mfcc-feats[5.5.586~1-83c98]:main():compute-mfcc-feats.cc:182) Processed features for key f1-usctimit-ema--487
VLOG[2] (compute-mfcc-feats[5.5.586~1-83c98]:main():compute-mfcc-feats.cc:182) Processed features for key f1-usctimit-ema--488
VLOG[2] (compute-mfcc-feats[5.5.586~1-83c98]:main():compute-mfcc-feats.cc:182) Processed features for key f1-usctimit-ema--489
VLOG[2] (compute-mfcc-feats[5.5.586~1-83c98]:main():compute-mfcc-feats.cc:182) Processed features for key f1-usctimit-ema--490
VLOG[2] (compute-mfcc-feats[5.5.586~1-83c98]:main():compute-mfcc-feats.cc:182) Processed features for key f1-usctimit-ema--491
VLOG[2] (compute-mfcc-feats[5.5.586~1-83c98]:main():compute-mfcc-feats.cc:182) Processed features for key f1-usctimit-ema--492
LOG (compute-mfcc-feats[5.5.586~1-83c98]:main():compute-mfcc-feats.cc:181) Processed 310 utterances
VLOG[2] (compute-mfcc-feats[5.5.586~1-83c98]:main():compute-mfcc-feats.cc:182) Processed features for key f1-usctimit-ema--493
VLOG[2] (compute-mfcc-feats[5.5.586~1-83c98]:main():compute-mfcc-feats.cc:182) Processed features for key f1-usctimit-ema--494
VLOG[2] (compute-mfcc-feats[5.5.586~1-83c98]:main():compute-mfcc-feats.cc:182) Processed features for key f1-usctimit-ema--495
VLOG[2] (compute-mfcc-feats[5.5.586~1-83c98]:main():compute-mfcc-feats.cc:182) Processed features for key f1-usctimit-ema--496
VLOG[2] (compute-mfcc-feats[5.5.586~1-83c98]:main():compute-mfcc-feats.cc:182) Processed features for key f1-usctimit-ema--497
VLOG[2] (compute-mfcc-feats[5.5.586~1-83c98]:main():compute-mfcc-feats.cc:182) Processed features for key f1-usctimit-ema--498
VLOG[2] (compute-mfcc-feats[5.5.586~1-83c98]:main():compute-mfcc-feats.cc:182) Processed features for key f1-usctimit-ema--499
VLOG[2] (compute-mfcc-feats[5.5.586~1-83c98]:main():compute-mfcc-feats.cc:182) Processed features for key f1-usctimit-ema--500
VLOG[2] (compute-mfcc-feats[5.5.586~1-83c98]:main():compute-mfcc-feats.cc:182) Processed features for key f1-usctimit-ema--501
VLOG[2] (compute-mfcc-feats[5.5.586~1-83c98]:main():compute-mfcc-feats.cc:182) Processed features for key f1-usctimit-ema--502
LOG (compute-mfcc-feats[5.5.586~1-83c98]:main():compute-mfcc-feats.cc:181) Processed 320 utterances
VLOG[2] (compute-mfcc-feats[5.5.586~1-83c98]:main():compute-mfcc-feats.cc:182) Processed features for key f1-usctimit-ema--503
VLOG[2] (compute-mfcc-feats[5.5.586~1-83c98]:main():compute-mfcc-feats.cc:182) Processed features for key f1-usctimit-ema--504
VLOG[2] (compute-mfcc-feats[5.5.586~1-83c98]:main():compute-mfcc-feats.cc:182) Processed features for key f1-usctimit-ema--505
VLOG[2] (compute-mfcc-feats[5.5.586~1-83c98]:main():compute-mfcc-feats.cc:182) Processed features for key f1-usctimit-ema--506
VLOG[2] (compute-mfcc-feats[5.5.586~1-83c98]:main():compute-mfcc-feats.cc:182) Processed features for key f1-usctimit-ema--507
VLOG[2] (compute-mfcc-feats[5.5.586~1-83c98]:main():compute-mfcc-feats.cc:182) Processed features for key f1-usctimit-ema--508
VLOG[2] (compute-mfcc-feats[5.5.586~1-83c98]:main():compute-mfcc-feats.cc:182) Processed features for key f1-usctimit-ema--509
VLOG[2] (compute-mfcc-feats[5.5.586~1-83c98]:main():compute-mfcc-feats.cc:182) Processed features for key f1-usctimit-ema--510
VLOG[2] (compute-mfcc-feats[5.5.586~1-83c98]:main():compute-mfcc-feats.cc:182) Processed features for key f1-usctimit-ema--511
VLOG[2] (compute-mfcc-feats[5.5.586~1-83c98]:main():compute-mfcc-feats.cc:182) Processed features for key f1-usctimit-ema--512
LOG (compute-mfcc-feats[5.5.586~1-83c98]:main():compute-mfcc-feats.cc:181) Processed 330 utterances
VLOG[2] (compute-mfcc-feats[5.5.586~1-83c98]:main():compute-mfcc-feats.cc:182) Processed features for key f1-usctimit-ema--513
VLOG[2] (compute-mfcc-feats[5.5.586~1-83c98]:main():compute-mfcc-feats.cc:182) Processed features for key f1-usctimit-ema--514
VLOG[2] (compute-mfcc-feats[5.5.586~1-83c98]:main():compute-mfcc-feats.cc:182) Processed features for key f1-usctimit-ema--515
VLOG[2] (compute-mfcc-feats[5.5.586~1-83c98]:main():compute-mfcc-feats.cc:182) Processed features for key f1-usctimit-ema--516
VLOG[2] (compute-mfcc-feats[5.5.586~1-83c98]:main():compute-mfcc-feats.cc:182) Processed features for key f1-usctimit-ema--517
VLOG[2] (compute-mfcc-feats[5.5.586~1-83c98]:main():compute-mfcc-feats.cc:182) Processed features for key f1-usctimit-ema--518
VLOG[2] (compute-mfcc-feats[5.5.586~1-83c98]:main():compute-mfcc-feats.cc:182) Processed features for key f1-usctimit-ema--519
VLOG[2] (compute-mfcc-feats[5.5.586~1-83c98]:main():compute-mfcc-feats.cc:182) Processed features for key f1-usctimit-ema--520
VLOG[2] (compute-mfcc-feats[5.5.586~1-83c98]:main():compute-mfcc-feats.cc:182) Processed features for key f1-usctimit-ema--521
VLOG[2] (compute-mfcc-feats[5.5.586~1-83c98]:main():compute-mfcc-feats.cc:182) Processed features for key f1-usctimit-ema--522
LOG (compute-mfcc-feats[5.5.586~1-83c98]:main():compute-mfcc-feats.cc:181) Processed 340 utterances
VLOG[2] (compute-mfcc-feats[5.5.586~1-83c98]:main():compute-mfcc-feats.cc:182) Processed features for key f1-usctimit-ema--523
VLOG[2] (compute-mfcc-feats[5.5.586~1-83c98]:main():compute-mfcc-feats.cc:182) Processed features for key f1-usctimit-ema--524
VLOG[2] (compute-mfcc-feats[5.5.586~1-83c98]:main():compute-mfcc-feats.cc:182) Processed features for key f1-usctimit-ema--525
VLOG[2] (compute-mfcc-feats[5.5.586~1-83c98]:main():compute-mfcc-feats.cc:182) Processed features for key f1-usctimit-ema--526
VLOG[2] (compute-mfcc-feats[5.5.586~1-83c98]:main():compute-mfcc-feats.cc:182) Processed features for key f1-usctimit-ema--527
VLOG[2] (compute-mfcc-feats[5.5.586~1-83c98]:main():compute-mfcc-feats.cc:182) Processed features for key f1-usctimit-ema--528
VLOG[2] (compute-mfcc-feats[5.5.586~1-83c98]:main():compute-mfcc-feats.cc:182) Processed features for key f1-usctimit-ema--529
VLOG[2] (compute-mfcc-feats[5.5.586~1-83c98]:main():compute-mfcc-feats.cc:182) Processed features for key f1-usctimit-ema--530
VLOG[2] (compute-mfcc-feats[5.5.586~1-83c98]:main():compute-mfcc-feats.cc:182) Processed features for key f1-usctimit-ema--531
VLOG[2] (compute-mfcc-feats[5.5.586~1-83c98]:main():compute-mfcc-feats.cc:182) Processed features for key f1-usctimit-ema--532
LOG (compute-mfcc-feats[5.5.586~1-83c98]:main():compute-mfcc-feats.cc:181) Processed 350 utterances
VLOG[2] (compute-mfcc-feats[5.5.586~1-83c98]:main():compute-mfcc-feats.cc:182) Processed features for key f1-usctimit-ema--533
VLOG[2] (compute-mfcc-feats[5.5.586~1-83c98]:main():compute-mfcc-feats.cc:182) Processed features for key f1-usctimit-ema--534
VLOG[2] (compute-mfcc-feats[5.5.586~1-83c98]:main():compute-mfcc-feats.cc:182) Processed features for key f1-usctimit-ema--535
VLOG[2] (compute-mfcc-feats[5.5.586~1-83c98]:main():compute-mfcc-feats.cc:182) Processed features for key f1-usctimit-ema--536
VLOG[2] (compute-mfcc-feats[5.5.586~1-83c98]:main():compute-mfcc-feats.cc:182) Processed features for key f1-usctimit-ema--537
VLOG[2] (compute-mfcc-feats[5.5.586~1-83c98]:main():compute-mfcc-feats.cc:182) Processed features for key f1-usctimit-ema--538
VLOG[2] (compute-mfcc-feats[5.5.586~1-83c98]:main():compute-mfcc-feats.cc:182) Processed features for key f1-usctimit-ema--539
VLOG[2] (compute-mfcc-feats[5.5.586~1-83c98]:main():compute-mfcc-feats.cc:182) Processed features for key f1-usctimit-ema--540
VLOG[2] (compute-mfcc-feats[5.5.586~1-83c98]:main():compute-mfcc-feats.cc:182) Processed features for key f1-usctimit-ema--541
VLOG[2] (compute-mfcc-feats[5.5.586~1-83c98]:main():compute-mfcc-feats.cc:182) Processed features for key f1-usctimit-ema--542
LOG (compute-mfcc-feats[5.5.586~1-83c98]:main():compute-mfcc-feats.cc:181) Processed 360 utterances
VLOG[2] (compute-mfcc-feats[5.5.586~1-83c98]:main():compute-mfcc-feats.cc:182) Processed features for key f1-usctimit-ema--543
VLOG[2] (compute-mfcc-feats[5.5.586~1-83c98]:main():compute-mfcc-feats.cc:182) Processed features for key f1-usctimit-ema--544
VLOG[2] (compute-mfcc-feats[5.5.586~1-83c98]:main():compute-mfcc-feats.cc:182) Processed features for key f1-usctimit-ema--545
VLOG[2] (compute-mfcc-feats[5.5.586~1-83c98]:main():compute-mfcc-feats.cc:182) Processed features for key f1-usctimit-ema--546
VLOG[2] (compute-mfcc-feats[5.5.586~1-83c98]:main():compute-mfcc-feats.cc:182) Processed features for key f1-usctimit-ema--547
VLOG[2] (compute-mfcc-feats[5.5.586~1-83c98]:main():compute-mfcc-feats.cc:182) Processed features for key f1-usctimit-ema--548
VLOG[2] (compute-mfcc-feats[5.5.586~1-83c98]:main():compute-mfcc-feats.cc:182) Processed features for key f5-usctimit-ema--549
VLOG[2] (compute-mfcc-feats[5.5.586~1-83c98]:main():compute-mfcc-feats.cc:182) Processed features for key f5-usctimit-ema--550
LOG (compute-mfcc-feats[5.5.586~1-83c98]:main():compute-mfcc-feats.cc:185)  Done 367 out of 367 utterances.
LOG (copy-feats[5.5.586~1-83c98]:main():copy-feats.cc:143) Copied 367 feature matrices.
# Accounting: time=13 threads=1
# Ended (code 0) at Sat Dec 28 20:47:19 EET 2019, elapsed time 13 seconds
