# compute-mfcc-feats --write-utt2dur=ark,t:exp/make_mfcc/train/utt2dur.4 --verbose=2 --config=./conf/mfcc.conf scp,p:exp/make_mfcc/train/wav_train.4.scp ark:- | copy-feats --write-num-frames=ark,t:exp/make_mfcc/train/utt2num_frames.4 --compress=true ark:- ark,scp:/home/dorotheakal/kaldi/egs/usc/s6/mfcc_train/raw_mfcc_train.4.ark,/home/dorotheakal/kaldi/egs/usc/s6/mfcc_train/raw_mfcc_train.4.scp 
# Started at Sun Dec 29 15:13:04 EET 2019
#
copy-feats --write-num-frames=ark,t:exp/make_mfcc/train/utt2num_frames.4 --compress=true ark:- ark,scp:/home/dorotheakal/kaldi/egs/usc/s6/mfcc_train/raw_mfcc_train.4.ark,/home/dorotheakal/kaldi/egs/usc/s6/mfcc_train/raw_mfcc_train.4.scp 
compute-mfcc-feats --write-utt2dur=ark,t:exp/make_mfcc/train/utt2dur.4 --verbose=2 --config=./conf/mfcc.conf scp,p:exp/make_mfcc/train/wav_train.4.scp ark:- 
VLOG[2] (compute-mfcc-feats[5.5.586~1-83c98]:main():compute-mfcc-feats.cc:182) Processed features for key m3-usctimit-ema--1285
VLOG[2] (compute-mfcc-feats[5.5.586~1-83c98]:main():compute-mfcc-feats.cc:182) Processed features for key m3-usctimit-ema--1286
VLOG[2] (compute-mfcc-feats[5.5.586~1-83c98]:main():compute-mfcc-feats.cc:182) Processed features for key m3-usctimit-ema--1287
VLOG[2] (compute-mfcc-feats[5.5.586~1-83c98]:main():compute-mfcc-feats.cc:182) Processed features for key m3-usctimit-ema--1288
VLOG[2] (compute-mfcc-feats[5.5.586~1-83c98]:main():compute-mfcc-feats.cc:182) Processed features for key m3-usctimit-ema--1289
VLOG[2] (compute-mfcc-feats[5.5.586~1-83c98]:main():compute-mfcc-feats.cc:182) Processed features for key m3-usctimit-ema--1290
VLOG[2] (compute-mfcc-feats[5.5.586~1-83c98]:main():compute-mfcc-feats.cc:182) Processed features for key m3-usctimit-ema--1291
VLOG[2] (compute-mfcc-feats[5.5.586~1-83c98]:main():compute-mfcc-feats.cc:182) Processed features for key m3-usctimit-ema--1292
VLOG[2] (compute-mfcc-feats[5.5.586~1-83c98]:main():compute-mfcc-feats.cc:182) Processed features for key m3-usctimit-ema--1293
LOG (compute-mfcc-feats[5.5.586~1-83c98]:main():compute-mfcc-feats.cc:181) Processed 10 utterances
VLOG[2] (compute-mfcc-feats[5.5.586~1-83c98]:main():compute-mfcc-feats.cc:182) Processed features for key m3-usctimit-ema--1294
VLOG[2] (compute-mfcc-feats[5.5.586~1-83c98]:main():compute-mfcc-feats.cc:182) Processed features for key m3-usctimit-ema--1295
VLOG[2] (compute-mfcc-feats[5.5.586~1-83c98]:main():compute-mfcc-feats.cc:182) Processed features for key m3-usctimit-ema--1296
VLOG[2] (compute-mfcc-feats[5.5.586~1-83c98]:main():compute-mfcc-feats.cc:182) Processed features for key m3-usctimit-ema--1297
VLOG[2] (compute-mfcc-feats[5.5.586~1-83c98]:main():compute-mfcc-feats.cc:182) Processed features for key m3-usctimit-ema--1298
VLOG[2] (compute-mfcc-feats[5.5.586~1-83c98]:main():compute-mfcc-feats.cc:182) Processed features for key m3-usctimit-ema--1299
VLOG[2] (compute-mfcc-feats[5.5.586~1-83c98]:main():compute-mfcc-feats.cc:182) Processed features for key m3-usctimit-ema--1300
VLOG[2] (compute-mfcc-feats[5.5.586~1-83c98]:main():compute-mfcc-feats.cc:182) Processed features for key m3-usctimit-ema--1301
VLOG[2] (compute-mfcc-feats[5.5.586~1-83c98]:main():compute-mfcc-feats.cc:182) Processed features for key m3-usctimit-ema--1302
VLOG[2] (compute-mfcc-feats[5.5.586~1-83c98]:main():compute-mfcc-feats.cc:182) Processed features for key m3-usctimit-ema--1303
LOG (compute-mfcc-feats[5.5.586~1-83c98]:main():compute-mfcc-feats.cc:181) Processed 20 utterances
VLOG[2] (compute-mfcc-feats[5.5.586~1-83c98]:main():compute-mfcc-feats.cc:182) Processed features for key m3-usctimit-ema--1304
VLOG[2] (compute-mfcc-feats[5.5.586~1-83c98]:main():compute-mfcc-feats.cc:182) Processed features for key m3-usctimit-ema--1305
VLOG[2] (compute-mfcc-feats[5.5.586~1-83c98]:main():compute-mfcc-feats.cc:182) Processed features for key m3-usctimit-ema--1306
VLOG[2] (compute-mfcc-feats[5.5.586~1-83c98]:main():compute-mfcc-feats.cc:182) Processed features for key m3-usctimit-ema--1307
VLOG[2] (compute-mfcc-feats[5.5.586~1-83c98]:main():compute-mfcc-feats.cc:182) Processed features for key m3-usctimit-ema--1308
VLOG[2] (compute-mfcc-feats[5.5.586~1-83c98]:main():compute-mfcc-feats.cc:182) Processed features for key m3-usctimit-ema--1309
VLOG[2] (compute-mfcc-feats[5.5.586~1-83c98]:main():compute-mfcc-feats.cc:182) Processed features for key m3-usctimit-ema--1310
VLOG[2] (compute-mfcc-feats[5.5.586~1-83c98]:main():compute-mfcc-feats.cc:182) Processed features for key m3-usctimit-ema--1311
VLOG[2] (compute-mfcc-feats[5.5.586~1-83c98]:main():compute-mfcc-feats.cc:182) Processed features for key m3-usctimit-ema--1312
VLOG[2] (compute-mfcc-feats[5.5.586~1-83c98]:main():compute-mfcc-feats.cc:182) Processed features for key m3-usctimit-ema--1313
LOG (compute-mfcc-feats[5.5.586~1-83c98]:main():compute-mfcc-feats.cc:181) Processed 30 utterances
VLOG[2] (compute-mfcc-feats[5.5.586~1-83c98]:main():compute-mfcc-feats.cc:182) Processed features for key m3-usctimit-ema--1314
VLOG[2] (compute-mfcc-feats[5.5.586~1-83c98]:main():compute-mfcc-feats.cc:182) Processed features for key m3-usctimit-ema--1315
VLOG[2] (compute-mfcc-feats[5.5.586~1-83c98]:main():compute-mfcc-feats.cc:182) Processed features for key m3-usctimit-ema--1316
VLOG[2] (compute-mfcc-feats[5.5.586~1-83c98]:main():compute-mfcc-feats.cc:182) Processed features for key m3-usctimit-ema--1317
VLOG[2] (compute-mfcc-feats[5.5.586~1-83c98]:main():compute-mfcc-feats.cc:182) Processed features for key m3-usctimit-ema--1318
VLOG[2] (compute-mfcc-feats[5.5.586~1-83c98]:main():compute-mfcc-feats.cc:182) Processed features for key m3-usctimit-ema--1319
VLOG[2] (compute-mfcc-feats[5.5.586~1-83c98]:main():compute-mfcc-feats.cc:182) Processed features for key m3-usctimit-ema--1320
VLOG[2] (compute-mfcc-feats[5.5.586~1-83c98]:main():compute-mfcc-feats.cc:182) Processed features for key m3-usctimit-ema--1321
VLOG[2] (compute-mfcc-feats[5.5.586~1-83c98]:main():compute-mfcc-feats.cc:182) Processed features for key m3-usctimit-ema--1322
VLOG[2] (compute-mfcc-feats[5.5.586~1-83c98]:main():compute-mfcc-feats.cc:182) Processed features for key m3-usctimit-ema--1323
LOG (compute-mfcc-feats[5.5.586~1-83c98]:main():compute-mfcc-feats.cc:181) Processed 40 utterances
VLOG[2] (compute-mfcc-feats[5.5.586~1-83c98]:main():compute-mfcc-feats.cc:182) Processed features for key m3-usctimit-ema--1324
VLOG[2] (compute-mfcc-feats[5.5.586~1-83c98]:main():compute-mfcc-feats.cc:182) Processed features for key m3-usctimit-ema--1325
VLOG[2] (compute-mfcc-feats[5.5.586~1-83c98]:main():compute-mfcc-feats.cc:182) Processed features for key m3-usctimit-ema--1326
VLOG[2] (compute-mfcc-feats[5.5.586~1-83c98]:main():compute-mfcc-feats.cc:182) Processed features for key m3-usctimit-ema--1327
VLOG[2] (compute-mfcc-feats[5.5.586~1-83c98]:main():compute-mfcc-feats.cc:182) Processed features for key m3-usctimit-ema--1328
VLOG[2] (compute-mfcc-feats[5.5.586~1-83c98]:main():compute-mfcc-feats.cc:182) Processed features for key m3-usctimit-ema--1329
VLOG[2] (compute-mfcc-feats[5.5.586~1-83c98]:main():compute-mfcc-feats.cc:182) Processed features for key m3-usctimit-ema--1330
VLOG[2] (compute-mfcc-feats[5.5.586~1-83c98]:main():compute-mfcc-feats.cc:182) Processed features for key m3-usctimit-ema--1331
VLOG[2] (compute-mfcc-feats[5.5.586~1-83c98]:main():compute-mfcc-feats.cc:182) Processed features for key m3-usctimit-ema--1332
VLOG[2] (compute-mfcc-feats[5.5.586~1-83c98]:main():compute-mfcc-feats.cc:182) Processed features for key m3-usctimit-ema--1333
LOG (compute-mfcc-feats[5.5.586~1-83c98]:main():compute-mfcc-feats.cc:181) Processed 50 utterances
VLOG[2] (compute-mfcc-feats[5.5.586~1-83c98]:main():compute-mfcc-feats.cc:182) Processed features for key m3-usctimit-ema--1334
VLOG[2] (compute-mfcc-feats[5.5.586~1-83c98]:main():compute-mfcc-feats.cc:182) Processed features for key m3-usctimit-ema--1335
VLOG[2] (compute-mfcc-feats[5.5.586~1-83c98]:main():compute-mfcc-feats.cc:182) Processed features for key m3-usctimit-ema--1336
VLOG[2] (compute-mfcc-feats[5.5.586~1-83c98]:main():compute-mfcc-feats.cc:182) Processed features for key m3-usctimit-ema--1337
VLOG[2] (compute-mfcc-feats[5.5.586~1-83c98]:main():compute-mfcc-feats.cc:182) Processed features for key m3-usctimit-ema--1338
VLOG[2] (compute-mfcc-feats[5.5.586~1-83c98]:main():compute-mfcc-feats.cc:182) Processed features for key m3-usctimit-ema--1339
VLOG[2] (compute-mfcc-feats[5.5.586~1-83c98]:main():compute-mfcc-feats.cc:182) Processed features for key m3-usctimit-ema--1340
VLOG[2] (compute-mfcc-feats[5.5.586~1-83c98]:main():compute-mfcc-feats.cc:182) Processed features for key m3-usctimit-ema--1341
VLOG[2] (compute-mfcc-feats[5.5.586~1-83c98]:main():compute-mfcc-feats.cc:182) Processed features for key m3-usctimit-ema--1342
VLOG[2] (compute-mfcc-feats[5.5.586~1-83c98]:main():compute-mfcc-feats.cc:182) Processed features for key m3-usctimit-ema--1343
LOG (compute-mfcc-feats[5.5.586~1-83c98]:main():compute-mfcc-feats.cc:181) Processed 60 utterances
VLOG[2] (compute-mfcc-feats[5.5.586~1-83c98]:main():compute-mfcc-feats.cc:182) Processed features for key m3-usctimit-ema--1344
VLOG[2] (compute-mfcc-feats[5.5.586~1-83c98]:main():compute-mfcc-feats.cc:182) Processed features for key m3-usctimit-ema--1345
VLOG[2] (compute-mfcc-feats[5.5.586~1-83c98]:main():compute-mfcc-feats.cc:182) Processed features for key m3-usctimit-ema--1346
VLOG[2] (compute-mfcc-feats[5.5.586~1-83c98]:main():compute-mfcc-feats.cc:182) Processed features for key m3-usctimit-ema--1347
VLOG[2] (compute-mfcc-feats[5.5.586~1-83c98]:main():compute-mfcc-feats.cc:182) Processed features for key m3-usctimit-ema--1348
VLOG[2] (compute-mfcc-feats[5.5.586~1-83c98]:main():compute-mfcc-feats.cc:182) Processed features for key m3-usctimit-ema--1349
VLOG[2] (compute-mfcc-feats[5.5.586~1-83c98]:main():compute-mfcc-feats.cc:182) Processed features for key m3-usctimit-ema--1350
VLOG[2] (compute-mfcc-feats[5.5.586~1-83c98]:main():compute-mfcc-feats.cc:182) Processed features for key m3-usctimit-ema--1351
VLOG[2] (compute-mfcc-feats[5.5.586~1-83c98]:main():compute-mfcc-feats.cc:182) Processed features for key m3-usctimit-ema--1352
VLOG[2] (compute-mfcc-feats[5.5.586~1-83c98]:main():compute-mfcc-feats.cc:182) Processed features for key m3-usctimit-ema--1353
LOG (compute-mfcc-feats[5.5.586~1-83c98]:main():compute-mfcc-feats.cc:181) Processed 70 utterances
VLOG[2] (compute-mfcc-feats[5.5.586~1-83c98]:main():compute-mfcc-feats.cc:182) Processed features for key m3-usctimit-ema--1354
VLOG[2] (compute-mfcc-feats[5.5.586~1-83c98]:main():compute-mfcc-feats.cc:182) Processed features for key m3-usctimit-ema--1355
VLOG[2] (compute-mfcc-feats[5.5.586~1-83c98]:main():compute-mfcc-feats.cc:182) Processed features for key m3-usctimit-ema--1356
VLOG[2] (compute-mfcc-feats[5.5.586~1-83c98]:main():compute-mfcc-feats.cc:182) Processed features for key m3-usctimit-ema--1357
VLOG[2] (compute-mfcc-feats[5.5.586~1-83c98]:main():compute-mfcc-feats.cc:182) Processed features for key m3-usctimit-ema--1358
VLOG[2] (compute-mfcc-feats[5.5.586~1-83c98]:main():compute-mfcc-feats.cc:182) Processed features for key m3-usctimit-ema--1359
VLOG[2] (compute-mfcc-feats[5.5.586~1-83c98]:main():compute-mfcc-feats.cc:182) Processed features for key m3-usctimit-ema--1360
VLOG[2] (compute-mfcc-feats[5.5.586~1-83c98]:main():compute-mfcc-feats.cc:182) Processed features for key m3-usctimit-ema--1361
VLOG[2] (compute-mfcc-feats[5.5.586~1-83c98]:main():compute-mfcc-feats.cc:182) Processed features for key m3-usctimit-ema--1362
VLOG[2] (compute-mfcc-feats[5.5.586~1-83c98]:main():compute-mfcc-feats.cc:182) Processed features for key m3-usctimit-ema--1363
LOG (compute-mfcc-feats[5.5.586~1-83c98]:main():compute-mfcc-feats.cc:181) Processed 80 utterances
VLOG[2] (compute-mfcc-feats[5.5.586~1-83c98]:main():compute-mfcc-feats.cc:182) Processed features for key m3-usctimit-ema--1364
VLOG[2] (compute-mfcc-feats[5.5.586~1-83c98]:main():compute-mfcc-feats.cc:182) Processed features for key m3-usctimit-ema--1365
VLOG[2] (compute-mfcc-feats[5.5.586~1-83c98]:main():compute-mfcc-feats.cc:182) Processed features for key m3-usctimit-ema--1366
VLOG[2] (compute-mfcc-feats[5.5.586~1-83c98]:main():compute-mfcc-feats.cc:182) Processed features for key m3-usctimit-ema--1367
VLOG[2] (compute-mfcc-feats[5.5.586~1-83c98]:main():compute-mfcc-feats.cc:182) Processed features for key m3-usctimit-ema--1368
VLOG[2] (compute-mfcc-feats[5.5.586~1-83c98]:main():compute-mfcc-feats.cc:182) Processed features for key m3-usctimit-ema--1369
VLOG[2] (compute-mfcc-feats[5.5.586~1-83c98]:main():compute-mfcc-feats.cc:182) Processed features for key m3-usctimit-ema--1370
VLOG[2] (compute-mfcc-feats[5.5.586~1-83c98]:main():compute-mfcc-feats.cc:182) Processed features for key m3-usctimit-ema--1371
VLOG[2] (compute-mfcc-feats[5.5.586~1-83c98]:main():compute-mfcc-feats.cc:182) Processed features for key m3-usctimit-ema--1372
VLOG[2] (compute-mfcc-feats[5.5.586~1-83c98]:main():compute-mfcc-feats.cc:182) Processed features for key m3-usctimit-ema--1373
LOG (compute-mfcc-feats[5.5.586~1-83c98]:main():compute-mfcc-feats.cc:181) Processed 90 utterances
VLOG[2] (compute-mfcc-feats[5.5.586~1-83c98]:main():compute-mfcc-feats.cc:182) Processed features for key m3-usctimit-ema--1374
VLOG[2] (compute-mfcc-feats[5.5.586~1-83c98]:main():compute-mfcc-feats.cc:182) Processed features for key m3-usctimit-ema--1375
VLOG[2] (compute-mfcc-feats[5.5.586~1-83c98]:main():compute-mfcc-feats.cc:182) Processed features for key m3-usctimit-ema--1376
VLOG[2] (compute-mfcc-feats[5.5.586~1-83c98]:main():compute-mfcc-feats.cc:182) Processed features for key m3-usctimit-ema--1377
VLOG[2] (compute-mfcc-feats[5.5.586~1-83c98]:main():compute-mfcc-feats.cc:182) Processed features for key m3-usctimit-ema--1378
VLOG[2] (compute-mfcc-feats[5.5.586~1-83c98]:main():compute-mfcc-feats.cc:182) Processed features for key m3-usctimit-ema--1379
VLOG[2] (compute-mfcc-feats[5.5.586~1-83c98]:main():compute-mfcc-feats.cc:182) Processed features for key m3-usctimit-ema--1380
VLOG[2] (compute-mfcc-feats[5.5.586~1-83c98]:main():compute-mfcc-feats.cc:182) Processed features for key m3-usctimit-ema--1381
VLOG[2] (compute-mfcc-feats[5.5.586~1-83c98]:main():compute-mfcc-feats.cc:182) Processed features for key m3-usctimit-ema--1382
VLOG[2] (compute-mfcc-feats[5.5.586~1-83c98]:main():compute-mfcc-feats.cc:182) Processed features for key m3-usctimit-ema--1383
LOG (compute-mfcc-feats[5.5.586~1-83c98]:main():compute-mfcc-feats.cc:181) Processed 100 utterances
VLOG[2] (compute-mfcc-feats[5.5.586~1-83c98]:main():compute-mfcc-feats.cc:182) Processed features for key m3-usctimit-ema--1384
VLOG[2] (compute-mfcc-feats[5.5.586~1-83c98]:main():compute-mfcc-feats.cc:182) Processed features for key m3-usctimit-ema--1385
VLOG[2] (compute-mfcc-feats[5.5.586~1-83c98]:main():compute-mfcc-feats.cc:182) Processed features for key m3-usctimit-ema--1386
VLOG[2] (compute-mfcc-feats[5.5.586~1-83c98]:main():compute-mfcc-feats.cc:182) Processed features for key m3-usctimit-ema--1387
VLOG[2] (compute-mfcc-feats[5.5.586~1-83c98]:main():compute-mfcc-feats.cc:182) Processed features for key m3-usctimit-ema--1388
VLOG[2] (compute-mfcc-feats[5.5.586~1-83c98]:main():compute-mfcc-feats.cc:182) Processed features for key m3-usctimit-ema--1389
VLOG[2] (compute-mfcc-feats[5.5.586~1-83c98]:main():compute-mfcc-feats.cc:182) Processed features for key m3-usctimit-ema--1390
VLOG[2] (compute-mfcc-feats[5.5.586~1-83c98]:main():compute-mfcc-feats.cc:182) Processed features for key m3-usctimit-ema--1391
VLOG[2] (compute-mfcc-feats[5.5.586~1-83c98]:main():compute-mfcc-feats.cc:182) Processed features for key m3-usctimit-ema--1392
VLOG[2] (compute-mfcc-feats[5.5.586~1-83c98]:main():compute-mfcc-feats.cc:182) Processed features for key m3-usctimit-ema--1393
LOG (compute-mfcc-feats[5.5.586~1-83c98]:main():compute-mfcc-feats.cc:181) Processed 110 utterances
VLOG[2] (compute-mfcc-feats[5.5.586~1-83c98]:main():compute-mfcc-feats.cc:182) Processed features for key m3-usctimit-ema--1394
VLOG[2] (compute-mfcc-feats[5.5.586~1-83c98]:main():compute-mfcc-feats.cc:182) Processed features for key m3-usctimit-ema--1395
VLOG[2] (compute-mfcc-feats[5.5.586~1-83c98]:main():compute-mfcc-feats.cc:182) Processed features for key m3-usctimit-ema--1396
VLOG[2] (compute-mfcc-feats[5.5.586~1-83c98]:main():compute-mfcc-feats.cc:182) Processed features for key m3-usctimit-ema--1397
VLOG[2] (compute-mfcc-feats[5.5.586~1-83c98]:main():compute-mfcc-feats.cc:182) Processed features for key m3-usctimit-ema--1398
VLOG[2] (compute-mfcc-feats[5.5.586~1-83c98]:main():compute-mfcc-feats.cc:182) Processed features for key m3-usctimit-ema--1399
VLOG[2] (compute-mfcc-feats[5.5.586~1-83c98]:main():compute-mfcc-feats.cc:182) Processed features for key m3-usctimit-ema--1400
VLOG[2] (compute-mfcc-feats[5.5.586~1-83c98]:main():compute-mfcc-feats.cc:182) Processed features for key m3-usctimit-ema--1401
VLOG[2] (compute-mfcc-feats[5.5.586~1-83c98]:main():compute-mfcc-feats.cc:182) Processed features for key m3-usctimit-ema--1402
VLOG[2] (compute-mfcc-feats[5.5.586~1-83c98]:main():compute-mfcc-feats.cc:182) Processed features for key m3-usctimit-ema--1403
LOG (compute-mfcc-feats[5.5.586~1-83c98]:main():compute-mfcc-feats.cc:181) Processed 120 utterances
VLOG[2] (compute-mfcc-feats[5.5.586~1-83c98]:main():compute-mfcc-feats.cc:182) Processed features for key m3-usctimit-ema--1404
VLOG[2] (compute-mfcc-feats[5.5.586~1-83c98]:main():compute-mfcc-feats.cc:182) Processed features for key m3-usctimit-ema--1405
VLOG[2] (compute-mfcc-feats[5.5.586~1-83c98]:main():compute-mfcc-feats.cc:182) Processed features for key m3-usctimit-ema--1406
VLOG[2] (compute-mfcc-feats[5.5.586~1-83c98]:main():compute-mfcc-feats.cc:182) Processed features for key m3-usctimit-ema--1407
VLOG[2] (compute-mfcc-feats[5.5.586~1-83c98]:main():compute-mfcc-feats.cc:182) Processed features for key m3-usctimit-ema--1408
VLOG[2] (compute-mfcc-feats[5.5.586~1-83c98]:main():compute-mfcc-feats.cc:182) Processed features for key m3-usctimit-ema--1409
VLOG[2] (compute-mfcc-feats[5.5.586~1-83c98]:main():compute-mfcc-feats.cc:182) Processed features for key m3-usctimit-ema--1410
VLOG[2] (compute-mfcc-feats[5.5.586~1-83c98]:main():compute-mfcc-feats.cc:182) Processed features for key m3-usctimit-ema--1411
VLOG[2] (compute-mfcc-feats[5.5.586~1-83c98]:main():compute-mfcc-feats.cc:182) Processed features for key m3-usctimit-ema--1412
VLOG[2] (compute-mfcc-feats[5.5.586~1-83c98]:main():compute-mfcc-feats.cc:182) Processed features for key m3-usctimit-ema--1413
LOG (compute-mfcc-feats[5.5.586~1-83c98]:main():compute-mfcc-feats.cc:181) Processed 130 utterances
VLOG[2] (compute-mfcc-feats[5.5.586~1-83c98]:main():compute-mfcc-feats.cc:182) Processed features for key m3-usctimit-ema--1414
VLOG[2] (compute-mfcc-feats[5.5.586~1-83c98]:main():compute-mfcc-feats.cc:182) Processed features for key m3-usctimit-ema--1415
VLOG[2] (compute-mfcc-feats[5.5.586~1-83c98]:main():compute-mfcc-feats.cc:182) Processed features for key m3-usctimit-ema--1416
VLOG[2] (compute-mfcc-feats[5.5.586~1-83c98]:main():compute-mfcc-feats.cc:182) Processed features for key m3-usctimit-ema--1417
VLOG[2] (compute-mfcc-feats[5.5.586~1-83c98]:main():compute-mfcc-feats.cc:182) Processed features for key m3-usctimit-ema--1418
VLOG[2] (compute-mfcc-feats[5.5.586~1-83c98]:main():compute-mfcc-feats.cc:182) Processed features for key m3-usctimit-ema--1419
VLOG[2] (compute-mfcc-feats[5.5.586~1-83c98]:main():compute-mfcc-feats.cc:182) Processed features for key m3-usctimit-ema--1420
VLOG[2] (compute-mfcc-feats[5.5.586~1-83c98]:main():compute-mfcc-feats.cc:182) Processed features for key m3-usctimit-ema--1421
VLOG[2] (compute-mfcc-feats[5.5.586~1-83c98]:main():compute-mfcc-feats.cc:182) Processed features for key m3-usctimit-ema--1422
VLOG[2] (compute-mfcc-feats[5.5.586~1-83c98]:main():compute-mfcc-feats.cc:182) Processed features for key m3-usctimit-ema--1423
LOG (compute-mfcc-feats[5.5.586~1-83c98]:main():compute-mfcc-feats.cc:181) Processed 140 utterances
VLOG[2] (compute-mfcc-feats[5.5.586~1-83c98]:main():compute-mfcc-feats.cc:182) Processed features for key m3-usctimit-ema--1424
VLOG[2] (compute-mfcc-feats[5.5.586~1-83c98]:main():compute-mfcc-feats.cc:182) Processed features for key m3-usctimit-ema--1425
VLOG[2] (compute-mfcc-feats[5.5.586~1-83c98]:main():compute-mfcc-feats.cc:182) Processed features for key m3-usctimit-ema--1426
VLOG[2] (compute-mfcc-feats[5.5.586~1-83c98]:main():compute-mfcc-feats.cc:182) Processed features for key m3-usctimit-ema--1427
VLOG[2] (compute-mfcc-feats[5.5.586~1-83c98]:main():compute-mfcc-feats.cc:182) Processed features for key m3-usctimit-ema--1428
VLOG[2] (compute-mfcc-feats[5.5.586~1-83c98]:main():compute-mfcc-feats.cc:182) Processed features for key m3-usctimit-ema--1429
VLOG[2] (compute-mfcc-feats[5.5.586~1-83c98]:main():compute-mfcc-feats.cc:182) Processed features for key m3-usctimit-ema--1430
VLOG[2] (compute-mfcc-feats[5.5.586~1-83c98]:main():compute-mfcc-feats.cc:182) Processed features for key m3-usctimit-ema--1431
VLOG[2] (compute-mfcc-feats[5.5.586~1-83c98]:main():compute-mfcc-feats.cc:182) Processed features for key m3-usctimit-ema--1432
VLOG[2] (compute-mfcc-feats[5.5.586~1-83c98]:main():compute-mfcc-feats.cc:182) Processed features for key m3-usctimit-ema--1433
LOG (compute-mfcc-feats[5.5.586~1-83c98]:main():compute-mfcc-feats.cc:181) Processed 150 utterances
VLOG[2] (compute-mfcc-feats[5.5.586~1-83c98]:main():compute-mfcc-feats.cc:182) Processed features for key m3-usctimit-ema--1434
VLOG[2] (compute-mfcc-feats[5.5.586~1-83c98]:main():compute-mfcc-feats.cc:182) Processed features for key m3-usctimit-ema--1435
VLOG[2] (compute-mfcc-feats[5.5.586~1-83c98]:main():compute-mfcc-feats.cc:182) Processed features for key m3-usctimit-ema--1436
VLOG[2] (compute-mfcc-feats[5.5.586~1-83c98]:main():compute-mfcc-feats.cc:182) Processed features for key m3-usctimit-ema--1437
VLOG[2] (compute-mfcc-feats[5.5.586~1-83c98]:main():compute-mfcc-feats.cc:182) Processed features for key m3-usctimit-ema--1438
VLOG[2] (compute-mfcc-feats[5.5.586~1-83c98]:main():compute-mfcc-feats.cc:182) Processed features for key m3-usctimit-ema--1439
VLOG[2] (compute-mfcc-feats[5.5.586~1-83c98]:main():compute-mfcc-feats.cc:182) Processed features for key m3-usctimit-ema--1440
VLOG[2] (compute-mfcc-feats[5.5.586~1-83c98]:main():compute-mfcc-feats.cc:182) Processed features for key m3-usctimit-ema--1441
VLOG[2] (compute-mfcc-feats[5.5.586~1-83c98]:main():compute-mfcc-feats.cc:182) Processed features for key m3-usctimit-ema--1442
VLOG[2] (compute-mfcc-feats[5.5.586~1-83c98]:main():compute-mfcc-feats.cc:182) Processed features for key m3-usctimit-ema--1443
LOG (compute-mfcc-feats[5.5.586~1-83c98]:main():compute-mfcc-feats.cc:181) Processed 160 utterances
VLOG[2] (compute-mfcc-feats[5.5.586~1-83c98]:main():compute-mfcc-feats.cc:182) Processed features for key m3-usctimit-ema--1444
VLOG[2] (compute-mfcc-feats[5.5.586~1-83c98]:main():compute-mfcc-feats.cc:182) Processed features for key m3-usctimit-ema--1445
VLOG[2] (compute-mfcc-feats[5.5.586~1-83c98]:main():compute-mfcc-feats.cc:182) Processed features for key m3-usctimit-ema--1446
VLOG[2] (compute-mfcc-feats[5.5.586~1-83c98]:main():compute-mfcc-feats.cc:182) Processed features for key m3-usctimit-ema--1447
VLOG[2] (compute-mfcc-feats[5.5.586~1-83c98]:main():compute-mfcc-feats.cc:182) Processed features for key m3-usctimit-ema--1448
VLOG[2] (compute-mfcc-feats[5.5.586~1-83c98]:main():compute-mfcc-feats.cc:182) Processed features for key m3-usctimit-ema--1449
VLOG[2] (compute-mfcc-feats[5.5.586~1-83c98]:main():compute-mfcc-feats.cc:182) Processed features for key m3-usctimit-ema--1450
VLOG[2] (compute-mfcc-feats[5.5.586~1-83c98]:main():compute-mfcc-feats.cc:182) Processed features for key m3-usctimit-ema--1451
VLOG[2] (compute-mfcc-feats[5.5.586~1-83c98]:main():compute-mfcc-feats.cc:182) Processed features for key m3-usctimit-ema--1452
VLOG[2] (compute-mfcc-feats[5.5.586~1-83c98]:main():compute-mfcc-feats.cc:182) Processed features for key m3-usctimit-ema--1453
LOG (compute-mfcc-feats[5.5.586~1-83c98]:main():compute-mfcc-feats.cc:181) Processed 170 utterances
VLOG[2] (compute-mfcc-feats[5.5.586~1-83c98]:main():compute-mfcc-feats.cc:182) Processed features for key m3-usctimit-ema--1454
VLOG[2] (compute-mfcc-feats[5.5.586~1-83c98]:main():compute-mfcc-feats.cc:182) Processed features for key m3-usctimit-ema--1455
VLOG[2] (compute-mfcc-feats[5.5.586~1-83c98]:main():compute-mfcc-feats.cc:182) Processed features for key m3-usctimit-ema--1456
VLOG[2] (compute-mfcc-feats[5.5.586~1-83c98]:main():compute-mfcc-feats.cc:182) Processed features for key m3-usctimit-ema--1457
VLOG[2] (compute-mfcc-feats[5.5.586~1-83c98]:main():compute-mfcc-feats.cc:182) Processed features for key m3-usctimit-ema--1458
VLOG[2] (compute-mfcc-feats[5.5.586~1-83c98]:main():compute-mfcc-feats.cc:182) Processed features for key m3-usctimit-ema--1459
VLOG[2] (compute-mfcc-feats[5.5.586~1-83c98]:main():compute-mfcc-feats.cc:182) Processed features for key m3-usctimit-ema--1460
VLOG[2] (compute-mfcc-feats[5.5.586~1-83c98]:main():compute-mfcc-feats.cc:182) Processed features for key m3-usctimit-ema--1461
VLOG[2] (compute-mfcc-feats[5.5.586~1-83c98]:main():compute-mfcc-feats.cc:182) Processed features for key m3-usctimit-ema--1462
VLOG[2] (compute-mfcc-feats[5.5.586~1-83c98]:main():compute-mfcc-feats.cc:182) Processed features for key m3-usctimit-ema--1463
LOG (compute-mfcc-feats[5.5.586~1-83c98]:main():compute-mfcc-feats.cc:181) Processed 180 utterances
VLOG[2] (compute-mfcc-feats[5.5.586~1-83c98]:main():compute-mfcc-feats.cc:182) Processed features for key m3-usctimit-ema--1464
VLOG[2] (compute-mfcc-feats[5.5.586~1-83c98]:main():compute-mfcc-feats.cc:182) Processed features for key m3-usctimit-ema--1465
VLOG[2] (compute-mfcc-feats[5.5.586~1-83c98]:main():compute-mfcc-feats.cc:182) Processed features for key m3-usctimit-ema--1466
VLOG[2] (compute-mfcc-feats[5.5.586~1-83c98]:main():compute-mfcc-feats.cc:182) Processed features for key m3-usctimit-ema--1467
VLOG[2] (compute-mfcc-feats[5.5.586~1-83c98]:main():compute-mfcc-feats.cc:182) Processed features for key m3-usctimit-ema--1468
VLOG[2] (compute-mfcc-feats[5.5.586~1-83c98]:main():compute-mfcc-feats.cc:182) Processed features for key m3-usctimit-ema--1469
VLOG[2] (compute-mfcc-feats[5.5.586~1-83c98]:main():compute-mfcc-feats.cc:182) Processed features for key m3-usctimit-ema--1470
VLOG[2] (compute-mfcc-feats[5.5.586~1-83c98]:main():compute-mfcc-feats.cc:182) Processed features for key m3-usctimit-ema--1471
VLOG[2] (compute-mfcc-feats[5.5.586~1-83c98]:main():compute-mfcc-feats.cc:182) Processed features for key m3-usctimit-ema--1472
VLOG[2] (compute-mfcc-feats[5.5.586~1-83c98]:main():compute-mfcc-feats.cc:182) Processed features for key m3-usctimit-ema--1473
LOG (compute-mfcc-feats[5.5.586~1-83c98]:main():compute-mfcc-feats.cc:181) Processed 190 utterances
VLOG[2] (compute-mfcc-feats[5.5.586~1-83c98]:main():compute-mfcc-feats.cc:182) Processed features for key m3-usctimit-ema--1474
VLOG[2] (compute-mfcc-feats[5.5.586~1-83c98]:main():compute-mfcc-feats.cc:182) Processed features for key m3-usctimit-ema--1475
VLOG[2] (compute-mfcc-feats[5.5.586~1-83c98]:main():compute-mfcc-feats.cc:182) Processed features for key m3-usctimit-ema--1476
VLOG[2] (compute-mfcc-feats[5.5.586~1-83c98]:main():compute-mfcc-feats.cc:182) Processed features for key m3-usctimit-ema--1477
VLOG[2] (compute-mfcc-feats[5.5.586~1-83c98]:main():compute-mfcc-feats.cc:182) Processed features for key m3-usctimit-ema--1478
VLOG[2] (compute-mfcc-feats[5.5.586~1-83c98]:main():compute-mfcc-feats.cc:182) Processed features for key m3-usctimit-ema--1479
VLOG[2] (compute-mfcc-feats[5.5.586~1-83c98]:main():compute-mfcc-feats.cc:182) Processed features for key m3-usctimit-ema--1480
VLOG[2] (compute-mfcc-feats[5.5.586~1-83c98]:main():compute-mfcc-feats.cc:182) Processed features for key m3-usctimit-ema--1481
VLOG[2] (compute-mfcc-feats[5.5.586~1-83c98]:main():compute-mfcc-feats.cc:182) Processed features for key m3-usctimit-ema--1482
VLOG[2] (compute-mfcc-feats[5.5.586~1-83c98]:main():compute-mfcc-feats.cc:182) Processed features for key m3-usctimit-ema--1483
LOG (compute-mfcc-feats[5.5.586~1-83c98]:main():compute-mfcc-feats.cc:181) Processed 200 utterances
VLOG[2] (compute-mfcc-feats[5.5.586~1-83c98]:main():compute-mfcc-feats.cc:182) Processed features for key m3-usctimit-ema--1484
VLOG[2] (compute-mfcc-feats[5.5.586~1-83c98]:main():compute-mfcc-feats.cc:182) Processed features for key m3-usctimit-ema--1485
VLOG[2] (compute-mfcc-feats[5.5.586~1-83c98]:main():compute-mfcc-feats.cc:182) Processed features for key m3-usctimit-ema--1486
VLOG[2] (compute-mfcc-feats[5.5.586~1-83c98]:main():compute-mfcc-feats.cc:182) Processed features for key m3-usctimit-ema--1487
VLOG[2] (compute-mfcc-feats[5.5.586~1-83c98]:main():compute-mfcc-feats.cc:182) Processed features for key m3-usctimit-ema--1488
VLOG[2] (compute-mfcc-feats[5.5.586~1-83c98]:main():compute-mfcc-feats.cc:182) Processed features for key m3-usctimit-ema--1489
VLOG[2] (compute-mfcc-feats[5.5.586~1-83c98]:main():compute-mfcc-feats.cc:182) Processed features for key m3-usctimit-ema--1490
VLOG[2] (compute-mfcc-feats[5.5.586~1-83c98]:main():compute-mfcc-feats.cc:182) Processed features for key m3-usctimit-ema--1491
VLOG[2] (compute-mfcc-feats[5.5.586~1-83c98]:main():compute-mfcc-feats.cc:182) Processed features for key m3-usctimit-ema--1492
VLOG[2] (compute-mfcc-feats[5.5.586~1-83c98]:main():compute-mfcc-feats.cc:182) Processed features for key m3-usctimit-ema--1493
LOG (compute-mfcc-feats[5.5.586~1-83c98]:main():compute-mfcc-feats.cc:181) Processed 210 utterances
VLOG[2] (compute-mfcc-feats[5.5.586~1-83c98]:main():compute-mfcc-feats.cc:182) Processed features for key m3-usctimit-ema--1494
VLOG[2] (compute-mfcc-feats[5.5.586~1-83c98]:main():compute-mfcc-feats.cc:182) Processed features for key m3-usctimit-ema--1495
VLOG[2] (compute-mfcc-feats[5.5.586~1-83c98]:main():compute-mfcc-feats.cc:182) Processed features for key m3-usctimit-ema--1496
VLOG[2] (compute-mfcc-feats[5.5.586~1-83c98]:main():compute-mfcc-feats.cc:182) Processed features for key m3-usctimit-ema--1497
VLOG[2] (compute-mfcc-feats[5.5.586~1-83c98]:main():compute-mfcc-feats.cc:182) Processed features for key m3-usctimit-ema--1498
VLOG[2] (compute-mfcc-feats[5.5.586~1-83c98]:main():compute-mfcc-feats.cc:182) Processed features for key m3-usctimit-ema--1499
VLOG[2] (compute-mfcc-feats[5.5.586~1-83c98]:main():compute-mfcc-feats.cc:182) Processed features for key m3-usctimit-ema--1500
VLOG[2] (compute-mfcc-feats[5.5.586~1-83c98]:main():compute-mfcc-feats.cc:182) Processed features for key m3-usctimit-ema--1501
VLOG[2] (compute-mfcc-feats[5.5.586~1-83c98]:main():compute-mfcc-feats.cc:182) Processed features for key m3-usctimit-ema--1502
VLOG[2] (compute-mfcc-feats[5.5.586~1-83c98]:main():compute-mfcc-feats.cc:182) Processed features for key m3-usctimit-ema--1503
LOG (compute-mfcc-feats[5.5.586~1-83c98]:main():compute-mfcc-feats.cc:181) Processed 220 utterances
VLOG[2] (compute-mfcc-feats[5.5.586~1-83c98]:main():compute-mfcc-feats.cc:182) Processed features for key m3-usctimit-ema--1504
VLOG[2] (compute-mfcc-feats[5.5.586~1-83c98]:main():compute-mfcc-feats.cc:182) Processed features for key m3-usctimit-ema--1505
VLOG[2] (compute-mfcc-feats[5.5.586~1-83c98]:main():compute-mfcc-feats.cc:182) Processed features for key m3-usctimit-ema--1506
VLOG[2] (compute-mfcc-feats[5.5.586~1-83c98]:main():compute-mfcc-feats.cc:182) Processed features for key m3-usctimit-ema--1507
VLOG[2] (compute-mfcc-feats[5.5.586~1-83c98]:main():compute-mfcc-feats.cc:182) Processed features for key m3-usctimit-ema--1508
VLOG[2] (compute-mfcc-feats[5.5.586~1-83c98]:main():compute-mfcc-feats.cc:182) Processed features for key m3-usctimit-ema--1509
VLOG[2] (compute-mfcc-feats[5.5.586~1-83c98]:main():compute-mfcc-feats.cc:182) Processed features for key m3-usctimit-ema--1510
VLOG[2] (compute-mfcc-feats[5.5.586~1-83c98]:main():compute-mfcc-feats.cc:182) Processed features for key m3-usctimit-ema--1511
VLOG[2] (compute-mfcc-feats[5.5.586~1-83c98]:main():compute-mfcc-feats.cc:182) Processed features for key m3-usctimit-ema--1512
VLOG[2] (compute-mfcc-feats[5.5.586~1-83c98]:main():compute-mfcc-feats.cc:182) Processed features for key m3-usctimit-ema--1513
LOG (compute-mfcc-feats[5.5.586~1-83c98]:main():compute-mfcc-feats.cc:181) Processed 230 utterances
VLOG[2] (compute-mfcc-feats[5.5.586~1-83c98]:main():compute-mfcc-feats.cc:182) Processed features for key m3-usctimit-ema--1514
VLOG[2] (compute-mfcc-feats[5.5.586~1-83c98]:main():compute-mfcc-feats.cc:182) Processed features for key m3-usctimit-ema--1515
VLOG[2] (compute-mfcc-feats[5.5.586~1-83c98]:main():compute-mfcc-feats.cc:182) Processed features for key m3-usctimit-ema--1516
VLOG[2] (compute-mfcc-feats[5.5.586~1-83c98]:main():compute-mfcc-feats.cc:182) Processed features for key m3-usctimit-ema--1517
VLOG[2] (compute-mfcc-feats[5.5.586~1-83c98]:main():compute-mfcc-feats.cc:182) Processed features for key m3-usctimit-ema--1518
VLOG[2] (compute-mfcc-feats[5.5.586~1-83c98]:main():compute-mfcc-feats.cc:182) Processed features for key m3-usctimit-ema--1519
VLOG[2] (compute-mfcc-feats[5.5.586~1-83c98]:main():compute-mfcc-feats.cc:182) Processed features for key m3-usctimit-ema--1520
VLOG[2] (compute-mfcc-feats[5.5.586~1-83c98]:main():compute-mfcc-feats.cc:182) Processed features for key m3-usctimit-ema--1521
VLOG[2] (compute-mfcc-feats[5.5.586~1-83c98]:main():compute-mfcc-feats.cc:182) Processed features for key m3-usctimit-ema--1522
VLOG[2] (compute-mfcc-feats[5.5.586~1-83c98]:main():compute-mfcc-feats.cc:182) Processed features for key m3-usctimit-ema--1523
LOG (compute-mfcc-feats[5.5.586~1-83c98]:main():compute-mfcc-feats.cc:181) Processed 240 utterances
VLOG[2] (compute-mfcc-feats[5.5.586~1-83c98]:main():compute-mfcc-feats.cc:182) Processed features for key m3-usctimit-ema--1524
VLOG[2] (compute-mfcc-feats[5.5.586~1-83c98]:main():compute-mfcc-feats.cc:182) Processed features for key m3-usctimit-ema--1525
VLOG[2] (compute-mfcc-feats[5.5.586~1-83c98]:main():compute-mfcc-feats.cc:182) Processed features for key m3-usctimit-ema--1526
VLOG[2] (compute-mfcc-feats[5.5.586~1-83c98]:main():compute-mfcc-feats.cc:182) Processed features for key m3-usctimit-ema--1527
VLOG[2] (compute-mfcc-feats[5.5.586~1-83c98]:main():compute-mfcc-feats.cc:182) Processed features for key m3-usctimit-ema--1528
VLOG[2] (compute-mfcc-feats[5.5.586~1-83c98]:main():compute-mfcc-feats.cc:182) Processed features for key m3-usctimit-ema--1529
VLOG[2] (compute-mfcc-feats[5.5.586~1-83c98]:main():compute-mfcc-feats.cc:182) Processed features for key m3-usctimit-ema--1530
VLOG[2] (compute-mfcc-feats[5.5.586~1-83c98]:main():compute-mfcc-feats.cc:182) Processed features for key m3-usctimit-ema--1531
VLOG[2] (compute-mfcc-feats[5.5.586~1-83c98]:main():compute-mfcc-feats.cc:182) Processed features for key m3-usctimit-ema--1532
VLOG[2] (compute-mfcc-feats[5.5.586~1-83c98]:main():compute-mfcc-feats.cc:182) Processed features for key m3-usctimit-ema--1533
LOG (compute-mfcc-feats[5.5.586~1-83c98]:main():compute-mfcc-feats.cc:181) Processed 250 utterances
VLOG[2] (compute-mfcc-feats[5.5.586~1-83c98]:main():compute-mfcc-feats.cc:182) Processed features for key m3-usctimit-ema--1534
VLOG[2] (compute-mfcc-feats[5.5.586~1-83c98]:main():compute-mfcc-feats.cc:182) Processed features for key m3-usctimit-ema--1535
VLOG[2] (compute-mfcc-feats[5.5.586~1-83c98]:main():compute-mfcc-feats.cc:182) Processed features for key m3-usctimit-ema--1536
VLOG[2] (compute-mfcc-feats[5.5.586~1-83c98]:main():compute-mfcc-feats.cc:182) Processed features for key m3-usctimit-ema--1537
VLOG[2] (compute-mfcc-feats[5.5.586~1-83c98]:main():compute-mfcc-feats.cc:182) Processed features for key m3-usctimit-ema--1538
VLOG[2] (compute-mfcc-feats[5.5.586~1-83c98]:main():compute-mfcc-feats.cc:182) Processed features for key m3-usctimit-ema--1539
VLOG[2] (compute-mfcc-feats[5.5.586~1-83c98]:main():compute-mfcc-feats.cc:182) Processed features for key m3-usctimit-ema--1540
VLOG[2] (compute-mfcc-feats[5.5.586~1-83c98]:main():compute-mfcc-feats.cc:182) Processed features for key m3-usctimit-ema--1541
VLOG[2] (compute-mfcc-feats[5.5.586~1-83c98]:main():compute-mfcc-feats.cc:182) Processed features for key m3-usctimit-ema--1542
VLOG[2] (compute-mfcc-feats[5.5.586~1-83c98]:main():compute-mfcc-feats.cc:182) Processed features for key m3-usctimit-ema--1543
LOG (compute-mfcc-feats[5.5.586~1-83c98]:main():compute-mfcc-feats.cc:181) Processed 260 utterances
VLOG[2] (compute-mfcc-feats[5.5.586~1-83c98]:main():compute-mfcc-feats.cc:182) Processed features for key m3-usctimit-ema--1544
VLOG[2] (compute-mfcc-feats[5.5.586~1-83c98]:main():compute-mfcc-feats.cc:182) Processed features for key m3-usctimit-ema--1545
VLOG[2] (compute-mfcc-feats[5.5.586~1-83c98]:main():compute-mfcc-feats.cc:182) Processed features for key m3-usctimit-ema--1546
VLOG[2] (compute-mfcc-feats[5.5.586~1-83c98]:main():compute-mfcc-feats.cc:182) Processed features for key m3-usctimit-ema--1547
VLOG[2] (compute-mfcc-feats[5.5.586~1-83c98]:main():compute-mfcc-feats.cc:182) Processed features for key m3-usctimit-ema--1548
VLOG[2] (compute-mfcc-feats[5.5.586~1-83c98]:main():compute-mfcc-feats.cc:182) Processed features for key m3-usctimit-ema--1549
VLOG[2] (compute-mfcc-feats[5.5.586~1-83c98]:main():compute-mfcc-feats.cc:182) Processed features for key m3-usctimit-ema--1550
VLOG[2] (compute-mfcc-feats[5.5.586~1-83c98]:main():compute-mfcc-feats.cc:182) Processed features for key m3-usctimit-ema--1551
VLOG[2] (compute-mfcc-feats[5.5.586~1-83c98]:main():compute-mfcc-feats.cc:182) Processed features for key m3-usctimit-ema--1552
VLOG[2] (compute-mfcc-feats[5.5.586~1-83c98]:main():compute-mfcc-feats.cc:182) Processed features for key m3-usctimit-ema--1553
LOG (compute-mfcc-feats[5.5.586~1-83c98]:main():compute-mfcc-feats.cc:181) Processed 270 utterances
VLOG[2] (compute-mfcc-feats[5.5.586~1-83c98]:main():compute-mfcc-feats.cc:182) Processed features for key m3-usctimit-ema--1554
VLOG[2] (compute-mfcc-feats[5.5.586~1-83c98]:main():compute-mfcc-feats.cc:182) Processed features for key m3-usctimit-ema--1555
VLOG[2] (compute-mfcc-feats[5.5.586~1-83c98]:main():compute-mfcc-feats.cc:182) Processed features for key m3-usctimit-ema--1556
VLOG[2] (compute-mfcc-feats[5.5.586~1-83c98]:main():compute-mfcc-feats.cc:182) Processed features for key m3-usctimit-ema--1557
VLOG[2] (compute-mfcc-feats[5.5.586~1-83c98]:main():compute-mfcc-feats.cc:182) Processed features for key m3-usctimit-ema--1558
VLOG[2] (compute-mfcc-feats[5.5.586~1-83c98]:main():compute-mfcc-feats.cc:182) Processed features for key m3-usctimit-ema--1559
VLOG[2] (compute-mfcc-feats[5.5.586~1-83c98]:main():compute-mfcc-feats.cc:182) Processed features for key m3-usctimit-ema--1560
VLOG[2] (compute-mfcc-feats[5.5.586~1-83c98]:main():compute-mfcc-feats.cc:182) Processed features for key m3-usctimit-ema--1561
VLOG[2] (compute-mfcc-feats[5.5.586~1-83c98]:main():compute-mfcc-feats.cc:182) Processed features for key m3-usctimit-ema--1562
VLOG[2] (compute-mfcc-feats[5.5.586~1-83c98]:main():compute-mfcc-feats.cc:182) Processed features for key m3-usctimit-ema--1563
LOG (compute-mfcc-feats[5.5.586~1-83c98]:main():compute-mfcc-feats.cc:181) Processed 280 utterances
VLOG[2] (compute-mfcc-feats[5.5.586~1-83c98]:main():compute-mfcc-feats.cc:182) Processed features for key m3-usctimit-ema--1564
VLOG[2] (compute-mfcc-feats[5.5.586~1-83c98]:main():compute-mfcc-feats.cc:182) Processed features for key m3-usctimit-ema--1565
VLOG[2] (compute-mfcc-feats[5.5.586~1-83c98]:main():compute-mfcc-feats.cc:182) Processed features for key m3-usctimit-ema--1566
VLOG[2] (compute-mfcc-feats[5.5.586~1-83c98]:main():compute-mfcc-feats.cc:182) Processed features for key m3-usctimit-ema--1567
VLOG[2] (compute-mfcc-feats[5.5.586~1-83c98]:main():compute-mfcc-feats.cc:182) Processed features for key m3-usctimit-ema--1568
VLOG[2] (compute-mfcc-feats[5.5.586~1-83c98]:main():compute-mfcc-feats.cc:182) Processed features for key m3-usctimit-ema--1569
VLOG[2] (compute-mfcc-feats[5.5.586~1-83c98]:main():compute-mfcc-feats.cc:182) Processed features for key m3-usctimit-ema--1570
VLOG[2] (compute-mfcc-feats[5.5.586~1-83c98]:main():compute-mfcc-feats.cc:182) Processed features for key m3-usctimit-ema--1571
VLOG[2] (compute-mfcc-feats[5.5.586~1-83c98]:main():compute-mfcc-feats.cc:182) Processed features for key m3-usctimit-ema--1572
VLOG[2] (compute-mfcc-feats[5.5.586~1-83c98]:main():compute-mfcc-feats.cc:182) Processed features for key m3-usctimit-ema--1573
LOG (compute-mfcc-feats[5.5.586~1-83c98]:main():compute-mfcc-feats.cc:181) Processed 290 utterances
VLOG[2] (compute-mfcc-feats[5.5.586~1-83c98]:main():compute-mfcc-feats.cc:182) Processed features for key m3-usctimit-ema--1574
VLOG[2] (compute-mfcc-feats[5.5.586~1-83c98]:main():compute-mfcc-feats.cc:182) Processed features for key m3-usctimit-ema--1575
VLOG[2] (compute-mfcc-feats[5.5.586~1-83c98]:main():compute-mfcc-feats.cc:182) Processed features for key m3-usctimit-ema--1576
VLOG[2] (compute-mfcc-feats[5.5.586~1-83c98]:main():compute-mfcc-feats.cc:182) Processed features for key m3-usctimit-ema--1577
VLOG[2] (compute-mfcc-feats[5.5.586~1-83c98]:main():compute-mfcc-feats.cc:182) Processed features for key m3-usctimit-ema--1578
VLOG[2] (compute-mfcc-feats[5.5.586~1-83c98]:main():compute-mfcc-feats.cc:182) Processed features for key m3-usctimit-ema--1579
VLOG[2] (compute-mfcc-feats[5.5.586~1-83c98]:main():compute-mfcc-feats.cc:182) Processed features for key m3-usctimit-ema--1580
VLOG[2] (compute-mfcc-feats[5.5.586~1-83c98]:main():compute-mfcc-feats.cc:182) Processed features for key m3-usctimit-ema--1581
VLOG[2] (compute-mfcc-feats[5.5.586~1-83c98]:main():compute-mfcc-feats.cc:182) Processed features for key m3-usctimit-ema--1582
VLOG[2] (compute-mfcc-feats[5.5.586~1-83c98]:main():compute-mfcc-feats.cc:182) Processed features for key m3-usctimit-ema--1583
LOG (compute-mfcc-feats[5.5.586~1-83c98]:main():compute-mfcc-feats.cc:181) Processed 300 utterances
VLOG[2] (compute-mfcc-feats[5.5.586~1-83c98]:main():compute-mfcc-feats.cc:182) Processed features for key m3-usctimit-ema--1584
VLOG[2] (compute-mfcc-feats[5.5.586~1-83c98]:main():compute-mfcc-feats.cc:182) Processed features for key m3-usctimit-ema--1585
VLOG[2] (compute-mfcc-feats[5.5.586~1-83c98]:main():compute-mfcc-feats.cc:182) Processed features for key m3-usctimit-ema--1586
VLOG[2] (compute-mfcc-feats[5.5.586~1-83c98]:main():compute-mfcc-feats.cc:182) Processed features for key m3-usctimit-ema--1587
VLOG[2] (compute-mfcc-feats[5.5.586~1-83c98]:main():compute-mfcc-feats.cc:182) Processed features for key m3-usctimit-ema--1588
VLOG[2] (compute-mfcc-feats[5.5.586~1-83c98]:main():compute-mfcc-feats.cc:182) Processed features for key m3-usctimit-ema--1589
VLOG[2] (compute-mfcc-feats[5.5.586~1-83c98]:main():compute-mfcc-feats.cc:182) Processed features for key m3-usctimit-ema--1590
VLOG[2] (compute-mfcc-feats[5.5.586~1-83c98]:main():compute-mfcc-feats.cc:182) Processed features for key m3-usctimit-ema--1591
VLOG[2] (compute-mfcc-feats[5.5.586~1-83c98]:main():compute-mfcc-feats.cc:182) Processed features for key m3-usctimit-ema--1592
VLOG[2] (compute-mfcc-feats[5.5.586~1-83c98]:main():compute-mfcc-feats.cc:182) Processed features for key m3-usctimit-ema--1593
LOG (compute-mfcc-feats[5.5.586~1-83c98]:main():compute-mfcc-feats.cc:181) Processed 310 utterances
VLOG[2] (compute-mfcc-feats[5.5.586~1-83c98]:main():compute-mfcc-feats.cc:182) Processed features for key m3-usctimit-ema--1594
VLOG[2] (compute-mfcc-feats[5.5.586~1-83c98]:main():compute-mfcc-feats.cc:182) Processed features for key m3-usctimit-ema--1595
VLOG[2] (compute-mfcc-feats[5.5.586~1-83c98]:main():compute-mfcc-feats.cc:182) Processed features for key m3-usctimit-ema--1596
VLOG[2] (compute-mfcc-feats[5.5.586~1-83c98]:main():compute-mfcc-feats.cc:182) Processed features for key m3-usctimit-ema--1597
VLOG[2] (compute-mfcc-feats[5.5.586~1-83c98]:main():compute-mfcc-feats.cc:182) Processed features for key m3-usctimit-ema--1598
VLOG[2] (compute-mfcc-feats[5.5.586~1-83c98]:main():compute-mfcc-feats.cc:182) Processed features for key m3-usctimit-ema--1599
VLOG[2] (compute-mfcc-feats[5.5.586~1-83c98]:main():compute-mfcc-feats.cc:182) Processed features for key m3-usctimit-ema--1600
VLOG[2] (compute-mfcc-feats[5.5.586~1-83c98]:main():compute-mfcc-feats.cc:182) Processed features for key m3-usctimit-ema--1601
VLOG[2] (compute-mfcc-feats[5.5.586~1-83c98]:main():compute-mfcc-feats.cc:182) Processed features for key m3-usctimit-ema--1602
VLOG[2] (compute-mfcc-feats[5.5.586~1-83c98]:main():compute-mfcc-feats.cc:182) Processed features for key m3-usctimit-ema--1603
LOG (compute-mfcc-feats[5.5.586~1-83c98]:main():compute-mfcc-feats.cc:181) Processed 320 utterances
VLOG[2] (compute-mfcc-feats[5.5.586~1-83c98]:main():compute-mfcc-feats.cc:182) Processed features for key m3-usctimit-ema--1604
VLOG[2] (compute-mfcc-feats[5.5.586~1-83c98]:main():compute-mfcc-feats.cc:182) Processed features for key m3-usctimit-ema--1605
VLOG[2] (compute-mfcc-feats[5.5.586~1-83c98]:main():compute-mfcc-feats.cc:182) Processed features for key m3-usctimit-ema--1606
VLOG[2] (compute-mfcc-feats[5.5.586~1-83c98]:main():compute-mfcc-feats.cc:182) Processed features for key m3-usctimit-ema--1607
VLOG[2] (compute-mfcc-feats[5.5.586~1-83c98]:main():compute-mfcc-feats.cc:182) Processed features for key m3-usctimit-ema--1608
VLOG[2] (compute-mfcc-feats[5.5.586~1-83c98]:main():compute-mfcc-feats.cc:182) Processed features for key m3-usctimit-ema--1609
VLOG[2] (compute-mfcc-feats[5.5.586~1-83c98]:main():compute-mfcc-feats.cc:182) Processed features for key m3-usctimit-ema--1610
VLOG[2] (compute-mfcc-feats[5.5.586~1-83c98]:main():compute-mfcc-feats.cc:182) Processed features for key m3-usctimit-ema--1611
VLOG[2] (compute-mfcc-feats[5.5.586~1-83c98]:main():compute-mfcc-feats.cc:182) Processed features for key m3-usctimit-ema--1612
VLOG[2] (compute-mfcc-feats[5.5.586~1-83c98]:main():compute-mfcc-feats.cc:182) Processed features for key m3-usctimit-ema--1613
LOG (compute-mfcc-feats[5.5.586~1-83c98]:main():compute-mfcc-feats.cc:181) Processed 330 utterances
VLOG[2] (compute-mfcc-feats[5.5.586~1-83c98]:main():compute-mfcc-feats.cc:182) Processed features for key m3-usctimit-ema--1614
VLOG[2] (compute-mfcc-feats[5.5.586~1-83c98]:main():compute-mfcc-feats.cc:182) Processed features for key m3-usctimit-ema--1615
VLOG[2] (compute-mfcc-feats[5.5.586~1-83c98]:main():compute-mfcc-feats.cc:182) Processed features for key m3-usctimit-ema--1616
VLOG[2] (compute-mfcc-feats[5.5.586~1-83c98]:main():compute-mfcc-feats.cc:182) Processed features for key m3-usctimit-ema--1617
VLOG[2] (compute-mfcc-feats[5.5.586~1-83c98]:main():compute-mfcc-feats.cc:182) Processed features for key m3-usctimit-ema--1618
VLOG[2] (compute-mfcc-feats[5.5.586~1-83c98]:main():compute-mfcc-feats.cc:182) Processed features for key m3-usctimit-ema--1619
VLOG[2] (compute-mfcc-feats[5.5.586~1-83c98]:main():compute-mfcc-feats.cc:182) Processed features for key m3-usctimit-ema--1620
VLOG[2] (compute-mfcc-feats[5.5.586~1-83c98]:main():compute-mfcc-feats.cc:182) Processed features for key m3-usctimit-ema--1621
VLOG[2] (compute-mfcc-feats[5.5.586~1-83c98]:main():compute-mfcc-feats.cc:182) Processed features for key m3-usctimit-ema--1622
VLOG[2] (compute-mfcc-feats[5.5.586~1-83c98]:main():compute-mfcc-feats.cc:182) Processed features for key m3-usctimit-ema--1623
LOG (compute-mfcc-feats[5.5.586~1-83c98]:main():compute-mfcc-feats.cc:181) Processed 340 utterances
VLOG[2] (compute-mfcc-feats[5.5.586~1-83c98]:main():compute-mfcc-feats.cc:182) Processed features for key m3-usctimit-ema--1624
VLOG[2] (compute-mfcc-feats[5.5.586~1-83c98]:main():compute-mfcc-feats.cc:182) Processed features for key m3-usctimit-ema--1625
VLOG[2] (compute-mfcc-feats[5.5.586~1-83c98]:main():compute-mfcc-feats.cc:182) Processed features for key m3-usctimit-ema--1626
VLOG[2] (compute-mfcc-feats[5.5.586~1-83c98]:main():compute-mfcc-feats.cc:182) Processed features for key m3-usctimit-ema--1627
VLOG[2] (compute-mfcc-feats[5.5.586~1-83c98]:main():compute-mfcc-feats.cc:182) Processed features for key m3-usctimit-ema--1628
VLOG[2] (compute-mfcc-feats[5.5.586~1-83c98]:main():compute-mfcc-feats.cc:182) Processed features for key m3-usctimit-ema--1629
VLOG[2] (compute-mfcc-feats[5.5.586~1-83c98]:main():compute-mfcc-feats.cc:182) Processed features for key m3-usctimit-ema--1630
VLOG[2] (compute-mfcc-feats[5.5.586~1-83c98]:main():compute-mfcc-feats.cc:182) Processed features for key m3-usctimit-ema--1631
VLOG[2] (compute-mfcc-feats[5.5.586~1-83c98]:main():compute-mfcc-feats.cc:182) Processed features for key m3-usctimit-ema--1632
VLOG[2] (compute-mfcc-feats[5.5.586~1-83c98]:main():compute-mfcc-feats.cc:182) Processed features for key m3-usctimit-ema--1633
LOG (compute-mfcc-feats[5.5.586~1-83c98]:main():compute-mfcc-feats.cc:181) Processed 350 utterances
VLOG[2] (compute-mfcc-feats[5.5.586~1-83c98]:main():compute-mfcc-feats.cc:182) Processed features for key m3-usctimit-ema--1634
VLOG[2] (compute-mfcc-feats[5.5.586~1-83c98]:main():compute-mfcc-feats.cc:182) Processed features for key m3-usctimit-ema--1635
VLOG[2] (compute-mfcc-feats[5.5.586~1-83c98]:main():compute-mfcc-feats.cc:182) Processed features for key m3-usctimit-ema--1636
VLOG[2] (compute-mfcc-feats[5.5.586~1-83c98]:main():compute-mfcc-feats.cc:182) Processed features for key m3-usctimit-ema--1637
VLOG[2] (compute-mfcc-feats[5.5.586~1-83c98]:main():compute-mfcc-feats.cc:182) Processed features for key m3-usctimit-ema--1638
VLOG[2] (compute-mfcc-feats[5.5.586~1-83c98]:main():compute-mfcc-feats.cc:182) Processed features for key m3-usctimit-ema--1639
VLOG[2] (compute-mfcc-feats[5.5.586~1-83c98]:main():compute-mfcc-feats.cc:182) Processed features for key m3-usctimit-ema--1640
VLOG[2] (compute-mfcc-feats[5.5.586~1-83c98]:main():compute-mfcc-feats.cc:182) Processed features for key m3-usctimit-ema--1641
VLOG[2] (compute-mfcc-feats[5.5.586~1-83c98]:main():compute-mfcc-feats.cc:182) Processed features for key m3-usctimit-ema--1642
VLOG[2] (compute-mfcc-feats[5.5.586~1-83c98]:main():compute-mfcc-feats.cc:182) Processed features for key m3-usctimit-ema--1643
LOG (compute-mfcc-feats[5.5.586~1-83c98]:main():compute-mfcc-feats.cc:181) Processed 360 utterances
VLOG[2] (compute-mfcc-feats[5.5.586~1-83c98]:main():compute-mfcc-feats.cc:182) Processed features for key m3-usctimit-ema--1644
VLOG[2] (compute-mfcc-feats[5.5.586~1-83c98]:main():compute-mfcc-feats.cc:182) Processed features for key m3-usctimit-ema--1645
VLOG[2] (compute-mfcc-feats[5.5.586~1-83c98]:main():compute-mfcc-feats.cc:182) Processed features for key m3-usctimit-ema--1646
VLOG[2] (compute-mfcc-feats[5.5.586~1-83c98]:main():compute-mfcc-feats.cc:182) Processed features for key m3-usctimit-ema--1647
VLOG[2] (compute-mfcc-feats[5.5.586~1-83c98]:main():compute-mfcc-feats.cc:182) Processed features for key m3-usctimit-ema--1648
VLOG[2] (compute-mfcc-feats[5.5.586~1-83c98]:main():compute-mfcc-feats.cc:182) Processed features for key m3-usctimit-ema--1649
VLOG[2] (compute-mfcc-feats[5.5.586~1-83c98]:main():compute-mfcc-feats.cc:182) Processed features for key m3-usctimit-ema--1650
VLOG[2] (compute-mfcc-feats[5.5.586~1-83c98]:main():compute-mfcc-feats.cc:182) Processed features for key m3-usctimit-ema--1651
LOG (compute-mfcc-feats[5.5.586~1-83c98]:main():compute-mfcc-feats.cc:185)  Done 367 out of 367 utterances.
LOG (copy-feats[5.5.586~1-83c98]:main():copy-feats.cc:143) Copied 367 feature matrices.
# Accounting: time=28 threads=1
# Ended (code 0) at Sun Dec 29 15:13:32 EET 2019, elapsed time 28 seconds
