# compute-mfcc-feats --write-utt2dur=ark,t:exp/make_mfcc/train/utt2dur.2 --verbose=2 --config=./conf/mfcc.conf scp,p:exp/make_mfcc/train/wav_train.2.scp ark:- | copy-feats --write-num-frames=ark,t:exp/make_mfcc/train/utt2num_frames.2 --compress=true ark:- ark,scp:/home/dorotheakal/kaldi/egs/usc/s5/mfcc_train/raw_mfcc_train.2.ark,/home/dorotheakal/kaldi/egs/usc/s5/mfcc_train/raw_mfcc_train.2.scp 
# Started at Sat Dec 28 20:47:06 EET 2019
#
copy-feats --write-num-frames=ark,t:exp/make_mfcc/train/utt2num_frames.2 --compress=true ark:- ark,scp:/home/dorotheakal/kaldi/egs/usc/s5/mfcc_train/raw_mfcc_train.2.ark,/home/dorotheakal/kaldi/egs/usc/s5/mfcc_train/raw_mfcc_train.2.scp 
compute-mfcc-feats --write-utt2dur=ark,t:exp/make_mfcc/train/utt2dur.2 --verbose=2 --config=./conf/mfcc.conf scp,p:exp/make_mfcc/train/wav_train.2.scp ark:- 
VLOG[2] (compute-mfcc-feats[5.5.586~1-83c98]:main():compute-mfcc-feats.cc:182) Processed features for key f5-usctimit-ema--551
VLOG[2] (compute-mfcc-feats[5.5.586~1-83c98]:main():compute-mfcc-feats.cc:182) Processed features for key f5-usctimit-ema--552
VLOG[2] (compute-mfcc-feats[5.5.586~1-83c98]:main():compute-mfcc-feats.cc:182) Processed features for key f5-usctimit-ema--553
VLOG[2] (compute-mfcc-feats[5.5.586~1-83c98]:main():compute-mfcc-feats.cc:182) Processed features for key f5-usctimit-ema--554
VLOG[2] (compute-mfcc-feats[5.5.586~1-83c98]:main():compute-mfcc-feats.cc:182) Processed features for key f5-usctimit-ema--555
VLOG[2] (compute-mfcc-feats[5.5.586~1-83c98]:main():compute-mfcc-feats.cc:182) Processed features for key f5-usctimit-ema--556
VLOG[2] (compute-mfcc-feats[5.5.586~1-83c98]:main():compute-mfcc-feats.cc:182) Processed features for key f5-usctimit-ema--557
VLOG[2] (compute-mfcc-feats[5.5.586~1-83c98]:main():compute-mfcc-feats.cc:182) Processed features for key f5-usctimit-ema--558
VLOG[2] (compute-mfcc-feats[5.5.586~1-83c98]:main():compute-mfcc-feats.cc:182) Processed features for key f5-usctimit-ema--559
LOG (compute-mfcc-feats[5.5.586~1-83c98]:main():compute-mfcc-feats.cc:181) Processed 10 utterances
VLOG[2] (compute-mfcc-feats[5.5.586~1-83c98]:main():compute-mfcc-feats.cc:182) Processed features for key f5-usctimit-ema--560
VLOG[2] (compute-mfcc-feats[5.5.586~1-83c98]:main():compute-mfcc-feats.cc:182) Processed features for key f5-usctimit-ema--561
VLOG[2] (compute-mfcc-feats[5.5.586~1-83c98]:main():compute-mfcc-feats.cc:182) Processed features for key f5-usctimit-ema--562
VLOG[2] (compute-mfcc-feats[5.5.586~1-83c98]:main():compute-mfcc-feats.cc:182) Processed features for key f5-usctimit-ema--563
VLOG[2] (compute-mfcc-feats[5.5.586~1-83c98]:main():compute-mfcc-feats.cc:182) Processed features for key f5-usctimit-ema--564
VLOG[2] (compute-mfcc-feats[5.5.586~1-83c98]:main():compute-mfcc-feats.cc:182) Processed features for key f5-usctimit-ema--565
VLOG[2] (compute-mfcc-feats[5.5.586~1-83c98]:main():compute-mfcc-feats.cc:182) Processed features for key f5-usctimit-ema--566
VLOG[2] (compute-mfcc-feats[5.5.586~1-83c98]:main():compute-mfcc-feats.cc:182) Processed features for key f5-usctimit-ema--567
VLOG[2] (compute-mfcc-feats[5.5.586~1-83c98]:main():compute-mfcc-feats.cc:182) Processed features for key f5-usctimit-ema--568
VLOG[2] (compute-mfcc-feats[5.5.586~1-83c98]:main():compute-mfcc-feats.cc:182) Processed features for key f5-usctimit-ema--569
LOG (compute-mfcc-feats[5.5.586~1-83c98]:main():compute-mfcc-feats.cc:181) Processed 20 utterances
VLOG[2] (compute-mfcc-feats[5.5.586~1-83c98]:main():compute-mfcc-feats.cc:182) Processed features for key f5-usctimit-ema--570
VLOG[2] (compute-mfcc-feats[5.5.586~1-83c98]:main():compute-mfcc-feats.cc:182) Processed features for key f5-usctimit-ema--571
VLOG[2] (compute-mfcc-feats[5.5.586~1-83c98]:main():compute-mfcc-feats.cc:182) Processed features for key f5-usctimit-ema--572
VLOG[2] (compute-mfcc-feats[5.5.586~1-83c98]:main():compute-mfcc-feats.cc:182) Processed features for key f5-usctimit-ema--573
VLOG[2] (compute-mfcc-feats[5.5.586~1-83c98]:main():compute-mfcc-feats.cc:182) Processed features for key f5-usctimit-ema--574
VLOG[2] (compute-mfcc-feats[5.5.586~1-83c98]:main():compute-mfcc-feats.cc:182) Processed features for key f5-usctimit-ema--575
VLOG[2] (compute-mfcc-feats[5.5.586~1-83c98]:main():compute-mfcc-feats.cc:182) Processed features for key f5-usctimit-ema--576
VLOG[2] (compute-mfcc-feats[5.5.586~1-83c98]:main():compute-mfcc-feats.cc:182) Processed features for key f5-usctimit-ema--577
VLOG[2] (compute-mfcc-feats[5.5.586~1-83c98]:main():compute-mfcc-feats.cc:182) Processed features for key f5-usctimit-ema--578
VLOG[2] (compute-mfcc-feats[5.5.586~1-83c98]:main():compute-mfcc-feats.cc:182) Processed features for key f5-usctimit-ema--579
LOG (compute-mfcc-feats[5.5.586~1-83c98]:main():compute-mfcc-feats.cc:181) Processed 30 utterances
VLOG[2] (compute-mfcc-feats[5.5.586~1-83c98]:main():compute-mfcc-feats.cc:182) Processed features for key f5-usctimit-ema--580
VLOG[2] (compute-mfcc-feats[5.5.586~1-83c98]:main():compute-mfcc-feats.cc:182) Processed features for key f5-usctimit-ema--581
VLOG[2] (compute-mfcc-feats[5.5.586~1-83c98]:main():compute-mfcc-feats.cc:182) Processed features for key f5-usctimit-ema--582
VLOG[2] (compute-mfcc-feats[5.5.586~1-83c98]:main():compute-mfcc-feats.cc:182) Processed features for key f5-usctimit-ema--583
VLOG[2] (compute-mfcc-feats[5.5.586~1-83c98]:main():compute-mfcc-feats.cc:182) Processed features for key f5-usctimit-ema--584
VLOG[2] (compute-mfcc-feats[5.5.586~1-83c98]:main():compute-mfcc-feats.cc:182) Processed features for key f5-usctimit-ema--585
VLOG[2] (compute-mfcc-feats[5.5.586~1-83c98]:main():compute-mfcc-feats.cc:182) Processed features for key f5-usctimit-ema--586
VLOG[2] (compute-mfcc-feats[5.5.586~1-83c98]:main():compute-mfcc-feats.cc:182) Processed features for key f5-usctimit-ema--587
VLOG[2] (compute-mfcc-feats[5.5.586~1-83c98]:main():compute-mfcc-feats.cc:182) Processed features for key f5-usctimit-ema--588
VLOG[2] (compute-mfcc-feats[5.5.586~1-83c98]:main():compute-mfcc-feats.cc:182) Processed features for key f5-usctimit-ema--589
LOG (compute-mfcc-feats[5.5.586~1-83c98]:main():compute-mfcc-feats.cc:181) Processed 40 utterances
VLOG[2] (compute-mfcc-feats[5.5.586~1-83c98]:main():compute-mfcc-feats.cc:182) Processed features for key f5-usctimit-ema--590
VLOG[2] (compute-mfcc-feats[5.5.586~1-83c98]:main():compute-mfcc-feats.cc:182) Processed features for key f5-usctimit-ema--591
VLOG[2] (compute-mfcc-feats[5.5.586~1-83c98]:main():compute-mfcc-feats.cc:182) Processed features for key f5-usctimit-ema--592
VLOG[2] (compute-mfcc-feats[5.5.586~1-83c98]:main():compute-mfcc-feats.cc:182) Processed features for key f5-usctimit-ema--593
VLOG[2] (compute-mfcc-feats[5.5.586~1-83c98]:main():compute-mfcc-feats.cc:182) Processed features for key f5-usctimit-ema--594
VLOG[2] (compute-mfcc-feats[5.5.586~1-83c98]:main():compute-mfcc-feats.cc:182) Processed features for key f5-usctimit-ema--595
VLOG[2] (compute-mfcc-feats[5.5.586~1-83c98]:main():compute-mfcc-feats.cc:182) Processed features for key f5-usctimit-ema--596
VLOG[2] (compute-mfcc-feats[5.5.586~1-83c98]:main():compute-mfcc-feats.cc:182) Processed features for key f5-usctimit-ema--597
VLOG[2] (compute-mfcc-feats[5.5.586~1-83c98]:main():compute-mfcc-feats.cc:182) Processed features for key f5-usctimit-ema--598
VLOG[2] (compute-mfcc-feats[5.5.586~1-83c98]:main():compute-mfcc-feats.cc:182) Processed features for key f5-usctimit-ema--599
LOG (compute-mfcc-feats[5.5.586~1-83c98]:main():compute-mfcc-feats.cc:181) Processed 50 utterances
VLOG[2] (compute-mfcc-feats[5.5.586~1-83c98]:main():compute-mfcc-feats.cc:182) Processed features for key f5-usctimit-ema--600
VLOG[2] (compute-mfcc-feats[5.5.586~1-83c98]:main():compute-mfcc-feats.cc:182) Processed features for key f5-usctimit-ema--601
VLOG[2] (compute-mfcc-feats[5.5.586~1-83c98]:main():compute-mfcc-feats.cc:182) Processed features for key f5-usctimit-ema--602
VLOG[2] (compute-mfcc-feats[5.5.586~1-83c98]:main():compute-mfcc-feats.cc:182) Processed features for key f5-usctimit-ema--603
VLOG[2] (compute-mfcc-feats[5.5.586~1-83c98]:main():compute-mfcc-feats.cc:182) Processed features for key f5-usctimit-ema--604
VLOG[2] (compute-mfcc-feats[5.5.586~1-83c98]:main():compute-mfcc-feats.cc:182) Processed features for key f5-usctimit-ema--605
VLOG[2] (compute-mfcc-feats[5.5.586~1-83c98]:main():compute-mfcc-feats.cc:182) Processed features for key f5-usctimit-ema--606
VLOG[2] (compute-mfcc-feats[5.5.586~1-83c98]:main():compute-mfcc-feats.cc:182) Processed features for key f5-usctimit-ema--607
VLOG[2] (compute-mfcc-feats[5.5.586~1-83c98]:main():compute-mfcc-feats.cc:182) Processed features for key f5-usctimit-ema--608
VLOG[2] (compute-mfcc-feats[5.5.586~1-83c98]:main():compute-mfcc-feats.cc:182) Processed features for key f5-usctimit-ema--609
LOG (compute-mfcc-feats[5.5.586~1-83c98]:main():compute-mfcc-feats.cc:181) Processed 60 utterances
VLOG[2] (compute-mfcc-feats[5.5.586~1-83c98]:main():compute-mfcc-feats.cc:182) Processed features for key f5-usctimit-ema--610
VLOG[2] (compute-mfcc-feats[5.5.586~1-83c98]:main():compute-mfcc-feats.cc:182) Processed features for key f5-usctimit-ema--611
VLOG[2] (compute-mfcc-feats[5.5.586~1-83c98]:main():compute-mfcc-feats.cc:182) Processed features for key f5-usctimit-ema--612
VLOG[2] (compute-mfcc-feats[5.5.586~1-83c98]:main():compute-mfcc-feats.cc:182) Processed features for key f5-usctimit-ema--613
VLOG[2] (compute-mfcc-feats[5.5.586~1-83c98]:main():compute-mfcc-feats.cc:182) Processed features for key f5-usctimit-ema--614
VLOG[2] (compute-mfcc-feats[5.5.586~1-83c98]:main():compute-mfcc-feats.cc:182) Processed features for key f5-usctimit-ema--615
VLOG[2] (compute-mfcc-feats[5.5.586~1-83c98]:main():compute-mfcc-feats.cc:182) Processed features for key f5-usctimit-ema--616
VLOG[2] (compute-mfcc-feats[5.5.586~1-83c98]:main():compute-mfcc-feats.cc:182) Processed features for key f5-usctimit-ema--617
VLOG[2] (compute-mfcc-feats[5.5.586~1-83c98]:main():compute-mfcc-feats.cc:182) Processed features for key f5-usctimit-ema--618
VLOG[2] (compute-mfcc-feats[5.5.586~1-83c98]:main():compute-mfcc-feats.cc:182) Processed features for key f5-usctimit-ema--619
LOG (compute-mfcc-feats[5.5.586~1-83c98]:main():compute-mfcc-feats.cc:181) Processed 70 utterances
VLOG[2] (compute-mfcc-feats[5.5.586~1-83c98]:main():compute-mfcc-feats.cc:182) Processed features for key f5-usctimit-ema--620
VLOG[2] (compute-mfcc-feats[5.5.586~1-83c98]:main():compute-mfcc-feats.cc:182) Processed features for key f5-usctimit-ema--621
VLOG[2] (compute-mfcc-feats[5.5.586~1-83c98]:main():compute-mfcc-feats.cc:182) Processed features for key f5-usctimit-ema--622
VLOG[2] (compute-mfcc-feats[5.5.586~1-83c98]:main():compute-mfcc-feats.cc:182) Processed features for key f5-usctimit-ema--623
VLOG[2] (compute-mfcc-feats[5.5.586~1-83c98]:main():compute-mfcc-feats.cc:182) Processed features for key f5-usctimit-ema--624
VLOG[2] (compute-mfcc-feats[5.5.586~1-83c98]:main():compute-mfcc-feats.cc:182) Processed features for key f5-usctimit-ema--625
VLOG[2] (compute-mfcc-feats[5.5.586~1-83c98]:main():compute-mfcc-feats.cc:182) Processed features for key f5-usctimit-ema--626
VLOG[2] (compute-mfcc-feats[5.5.586~1-83c98]:main():compute-mfcc-feats.cc:182) Processed features for key f5-usctimit-ema--627
VLOG[2] (compute-mfcc-feats[5.5.586~1-83c98]:main():compute-mfcc-feats.cc:182) Processed features for key f5-usctimit-ema--628
VLOG[2] (compute-mfcc-feats[5.5.586~1-83c98]:main():compute-mfcc-feats.cc:182) Processed features for key f5-usctimit-ema--629
LOG (compute-mfcc-feats[5.5.586~1-83c98]:main():compute-mfcc-feats.cc:181) Processed 80 utterances
VLOG[2] (compute-mfcc-feats[5.5.586~1-83c98]:main():compute-mfcc-feats.cc:182) Processed features for key f5-usctimit-ema--630
VLOG[2] (compute-mfcc-feats[5.5.586~1-83c98]:main():compute-mfcc-feats.cc:182) Processed features for key f5-usctimit-ema--631
VLOG[2] (compute-mfcc-feats[5.5.586~1-83c98]:main():compute-mfcc-feats.cc:182) Processed features for key f5-usctimit-ema--632
VLOG[2] (compute-mfcc-feats[5.5.586~1-83c98]:main():compute-mfcc-feats.cc:182) Processed features for key f5-usctimit-ema--633
VLOG[2] (compute-mfcc-feats[5.5.586~1-83c98]:main():compute-mfcc-feats.cc:182) Processed features for key f5-usctimit-ema--634
VLOG[2] (compute-mfcc-feats[5.5.586~1-83c98]:main():compute-mfcc-feats.cc:182) Processed features for key f5-usctimit-ema--635
VLOG[2] (compute-mfcc-feats[5.5.586~1-83c98]:main():compute-mfcc-feats.cc:182) Processed features for key f5-usctimit-ema--636
VLOG[2] (compute-mfcc-feats[5.5.586~1-83c98]:main():compute-mfcc-feats.cc:182) Processed features for key f5-usctimit-ema--637
VLOG[2] (compute-mfcc-feats[5.5.586~1-83c98]:main():compute-mfcc-feats.cc:182) Processed features for key f5-usctimit-ema--638
VLOG[2] (compute-mfcc-feats[5.5.586~1-83c98]:main():compute-mfcc-feats.cc:182) Processed features for key f5-usctimit-ema--639
LOG (compute-mfcc-feats[5.5.586~1-83c98]:main():compute-mfcc-feats.cc:181) Processed 90 utterances
VLOG[2] (compute-mfcc-feats[5.5.586~1-83c98]:main():compute-mfcc-feats.cc:182) Processed features for key f5-usctimit-ema--640
VLOG[2] (compute-mfcc-feats[5.5.586~1-83c98]:main():compute-mfcc-feats.cc:182) Processed features for key f5-usctimit-ema--641
VLOG[2] (compute-mfcc-feats[5.5.586~1-83c98]:main():compute-mfcc-feats.cc:182) Processed features for key f5-usctimit-ema--642
VLOG[2] (compute-mfcc-feats[5.5.586~1-83c98]:main():compute-mfcc-feats.cc:182) Processed features for key f5-usctimit-ema--643
VLOG[2] (compute-mfcc-feats[5.5.586~1-83c98]:main():compute-mfcc-feats.cc:182) Processed features for key f5-usctimit-ema--644
VLOG[2] (compute-mfcc-feats[5.5.586~1-83c98]:main():compute-mfcc-feats.cc:182) Processed features for key f5-usctimit-ema--645
VLOG[2] (compute-mfcc-feats[5.5.586~1-83c98]:main():compute-mfcc-feats.cc:182) Processed features for key f5-usctimit-ema--646
VLOG[2] (compute-mfcc-feats[5.5.586~1-83c98]:main():compute-mfcc-feats.cc:182) Processed features for key f5-usctimit-ema--647
VLOG[2] (compute-mfcc-feats[5.5.586~1-83c98]:main():compute-mfcc-feats.cc:182) Processed features for key f5-usctimit-ema--648
VLOG[2] (compute-mfcc-feats[5.5.586~1-83c98]:main():compute-mfcc-feats.cc:182) Processed features for key f5-usctimit-ema--649
LOG (compute-mfcc-feats[5.5.586~1-83c98]:main():compute-mfcc-feats.cc:181) Processed 100 utterances
VLOG[2] (compute-mfcc-feats[5.5.586~1-83c98]:main():compute-mfcc-feats.cc:182) Processed features for key f5-usctimit-ema--650
VLOG[2] (compute-mfcc-feats[5.5.586~1-83c98]:main():compute-mfcc-feats.cc:182) Processed features for key f5-usctimit-ema--651
VLOG[2] (compute-mfcc-feats[5.5.586~1-83c98]:main():compute-mfcc-feats.cc:182) Processed features for key f5-usctimit-ema--652
VLOG[2] (compute-mfcc-feats[5.5.586~1-83c98]:main():compute-mfcc-feats.cc:182) Processed features for key f5-usctimit-ema--653
VLOG[2] (compute-mfcc-feats[5.5.586~1-83c98]:main():compute-mfcc-feats.cc:182) Processed features for key f5-usctimit-ema--654
VLOG[2] (compute-mfcc-feats[5.5.586~1-83c98]:main():compute-mfcc-feats.cc:182) Processed features for key f5-usctimit-ema--655
VLOG[2] (compute-mfcc-feats[5.5.586~1-83c98]:main():compute-mfcc-feats.cc:182) Processed features for key f5-usctimit-ema--656
VLOG[2] (compute-mfcc-feats[5.5.586~1-83c98]:main():compute-mfcc-feats.cc:182) Processed features for key f5-usctimit-ema--657
VLOG[2] (compute-mfcc-feats[5.5.586~1-83c98]:main():compute-mfcc-feats.cc:182) Processed features for key f5-usctimit-ema--658
VLOG[2] (compute-mfcc-feats[5.5.586~1-83c98]:main():compute-mfcc-feats.cc:182) Processed features for key f5-usctimit-ema--659
LOG (compute-mfcc-feats[5.5.586~1-83c98]:main():compute-mfcc-feats.cc:181) Processed 110 utterances
VLOG[2] (compute-mfcc-feats[5.5.586~1-83c98]:main():compute-mfcc-feats.cc:182) Processed features for key f5-usctimit-ema--660
VLOG[2] (compute-mfcc-feats[5.5.586~1-83c98]:main():compute-mfcc-feats.cc:182) Processed features for key f5-usctimit-ema--661
VLOG[2] (compute-mfcc-feats[5.5.586~1-83c98]:main():compute-mfcc-feats.cc:182) Processed features for key f5-usctimit-ema--662
VLOG[2] (compute-mfcc-feats[5.5.586~1-83c98]:main():compute-mfcc-feats.cc:182) Processed features for key f5-usctimit-ema--663
VLOG[2] (compute-mfcc-feats[5.5.586~1-83c98]:main():compute-mfcc-feats.cc:182) Processed features for key f5-usctimit-ema--664
VLOG[2] (compute-mfcc-feats[5.5.586~1-83c98]:main():compute-mfcc-feats.cc:182) Processed features for key f5-usctimit-ema--665
VLOG[2] (compute-mfcc-feats[5.5.586~1-83c98]:main():compute-mfcc-feats.cc:182) Processed features for key f5-usctimit-ema--666
VLOG[2] (compute-mfcc-feats[5.5.586~1-83c98]:main():compute-mfcc-feats.cc:182) Processed features for key f5-usctimit-ema--667
VLOG[2] (compute-mfcc-feats[5.5.586~1-83c98]:main():compute-mfcc-feats.cc:182) Processed features for key f5-usctimit-ema--668
VLOG[2] (compute-mfcc-feats[5.5.586~1-83c98]:main():compute-mfcc-feats.cc:182) Processed features for key f5-usctimit-ema--669
LOG (compute-mfcc-feats[5.5.586~1-83c98]:main():compute-mfcc-feats.cc:181) Processed 120 utterances
VLOG[2] (compute-mfcc-feats[5.5.586~1-83c98]:main():compute-mfcc-feats.cc:182) Processed features for key f5-usctimit-ema--670
VLOG[2] (compute-mfcc-feats[5.5.586~1-83c98]:main():compute-mfcc-feats.cc:182) Processed features for key f5-usctimit-ema--671
VLOG[2] (compute-mfcc-feats[5.5.586~1-83c98]:main():compute-mfcc-feats.cc:182) Processed features for key f5-usctimit-ema--672
VLOG[2] (compute-mfcc-feats[5.5.586~1-83c98]:main():compute-mfcc-feats.cc:182) Processed features for key f5-usctimit-ema--673
VLOG[2] (compute-mfcc-feats[5.5.586~1-83c98]:main():compute-mfcc-feats.cc:182) Processed features for key f5-usctimit-ema--674
VLOG[2] (compute-mfcc-feats[5.5.586~1-83c98]:main():compute-mfcc-feats.cc:182) Processed features for key f5-usctimit-ema--675
VLOG[2] (compute-mfcc-feats[5.5.586~1-83c98]:main():compute-mfcc-feats.cc:182) Processed features for key f5-usctimit-ema--676
VLOG[2] (compute-mfcc-feats[5.5.586~1-83c98]:main():compute-mfcc-feats.cc:182) Processed features for key f5-usctimit-ema--677
VLOG[2] (compute-mfcc-feats[5.5.586~1-83c98]:main():compute-mfcc-feats.cc:182) Processed features for key f5-usctimit-ema--678
VLOG[2] (compute-mfcc-feats[5.5.586~1-83c98]:main():compute-mfcc-feats.cc:182) Processed features for key f5-usctimit-ema--679
LOG (compute-mfcc-feats[5.5.586~1-83c98]:main():compute-mfcc-feats.cc:181) Processed 130 utterances
VLOG[2] (compute-mfcc-feats[5.5.586~1-83c98]:main():compute-mfcc-feats.cc:182) Processed features for key f5-usctimit-ema--680
VLOG[2] (compute-mfcc-feats[5.5.586~1-83c98]:main():compute-mfcc-feats.cc:182) Processed features for key f5-usctimit-ema--681
VLOG[2] (compute-mfcc-feats[5.5.586~1-83c98]:main():compute-mfcc-feats.cc:182) Processed features for key f5-usctimit-ema--682
VLOG[2] (compute-mfcc-feats[5.5.586~1-83c98]:main():compute-mfcc-feats.cc:182) Processed features for key f5-usctimit-ema--683
VLOG[2] (compute-mfcc-feats[5.5.586~1-83c98]:main():compute-mfcc-feats.cc:182) Processed features for key f5-usctimit-ema--684
VLOG[2] (compute-mfcc-feats[5.5.586~1-83c98]:main():compute-mfcc-feats.cc:182) Processed features for key f5-usctimit-ema--685
VLOG[2] (compute-mfcc-feats[5.5.586~1-83c98]:main():compute-mfcc-feats.cc:182) Processed features for key f5-usctimit-ema--686
VLOG[2] (compute-mfcc-feats[5.5.586~1-83c98]:main():compute-mfcc-feats.cc:182) Processed features for key f5-usctimit-ema--687
VLOG[2] (compute-mfcc-feats[5.5.586~1-83c98]:main():compute-mfcc-feats.cc:182) Processed features for key f5-usctimit-ema--688
VLOG[2] (compute-mfcc-feats[5.5.586~1-83c98]:main():compute-mfcc-feats.cc:182) Processed features for key f5-usctimit-ema--689
LOG (compute-mfcc-feats[5.5.586~1-83c98]:main():compute-mfcc-feats.cc:181) Processed 140 utterances
VLOG[2] (compute-mfcc-feats[5.5.586~1-83c98]:main():compute-mfcc-feats.cc:182) Processed features for key f5-usctimit-ema--690
VLOG[2] (compute-mfcc-feats[5.5.586~1-83c98]:main():compute-mfcc-feats.cc:182) Processed features for key f5-usctimit-ema--691
VLOG[2] (compute-mfcc-feats[5.5.586~1-83c98]:main():compute-mfcc-feats.cc:182) Processed features for key f5-usctimit-ema--692
VLOG[2] (compute-mfcc-feats[5.5.586~1-83c98]:main():compute-mfcc-feats.cc:182) Processed features for key f5-usctimit-ema--693
VLOG[2] (compute-mfcc-feats[5.5.586~1-83c98]:main():compute-mfcc-feats.cc:182) Processed features for key f5-usctimit-ema--694
VLOG[2] (compute-mfcc-feats[5.5.586~1-83c98]:main():compute-mfcc-feats.cc:182) Processed features for key f5-usctimit-ema--695
VLOG[2] (compute-mfcc-feats[5.5.586~1-83c98]:main():compute-mfcc-feats.cc:182) Processed features for key f5-usctimit-ema--696
VLOG[2] (compute-mfcc-feats[5.5.586~1-83c98]:main():compute-mfcc-feats.cc:182) Processed features for key f5-usctimit-ema--697
VLOG[2] (compute-mfcc-feats[5.5.586~1-83c98]:main():compute-mfcc-feats.cc:182) Processed features for key f5-usctimit-ema--698
VLOG[2] (compute-mfcc-feats[5.5.586~1-83c98]:main():compute-mfcc-feats.cc:182) Processed features for key f5-usctimit-ema--699
LOG (compute-mfcc-feats[5.5.586~1-83c98]:main():compute-mfcc-feats.cc:181) Processed 150 utterances
VLOG[2] (compute-mfcc-feats[5.5.586~1-83c98]:main():compute-mfcc-feats.cc:182) Processed features for key f5-usctimit-ema--700
VLOG[2] (compute-mfcc-feats[5.5.586~1-83c98]:main():compute-mfcc-feats.cc:182) Processed features for key f5-usctimit-ema--701
VLOG[2] (compute-mfcc-feats[5.5.586~1-83c98]:main():compute-mfcc-feats.cc:182) Processed features for key f5-usctimit-ema--702
VLOG[2] (compute-mfcc-feats[5.5.586~1-83c98]:main():compute-mfcc-feats.cc:182) Processed features for key f5-usctimit-ema--703
VLOG[2] (compute-mfcc-feats[5.5.586~1-83c98]:main():compute-mfcc-feats.cc:182) Processed features for key f5-usctimit-ema--704
VLOG[2] (compute-mfcc-feats[5.5.586~1-83c98]:main():compute-mfcc-feats.cc:182) Processed features for key f5-usctimit-ema--705
VLOG[2] (compute-mfcc-feats[5.5.586~1-83c98]:main():compute-mfcc-feats.cc:182) Processed features for key f5-usctimit-ema--706
VLOG[2] (compute-mfcc-feats[5.5.586~1-83c98]:main():compute-mfcc-feats.cc:182) Processed features for key f5-usctimit-ema--707
VLOG[2] (compute-mfcc-feats[5.5.586~1-83c98]:main():compute-mfcc-feats.cc:182) Processed features for key f5-usctimit-ema--708
VLOG[2] (compute-mfcc-feats[5.5.586~1-83c98]:main():compute-mfcc-feats.cc:182) Processed features for key f5-usctimit-ema--709
LOG (compute-mfcc-feats[5.5.586~1-83c98]:main():compute-mfcc-feats.cc:181) Processed 160 utterances
VLOG[2] (compute-mfcc-feats[5.5.586~1-83c98]:main():compute-mfcc-feats.cc:182) Processed features for key f5-usctimit-ema--710
VLOG[2] (compute-mfcc-feats[5.5.586~1-83c98]:main():compute-mfcc-feats.cc:182) Processed features for key f5-usctimit-ema--711
VLOG[2] (compute-mfcc-feats[5.5.586~1-83c98]:main():compute-mfcc-feats.cc:182) Processed features for key f5-usctimit-ema--712
VLOG[2] (compute-mfcc-feats[5.5.586~1-83c98]:main():compute-mfcc-feats.cc:182) Processed features for key f5-usctimit-ema--713
VLOG[2] (compute-mfcc-feats[5.5.586~1-83c98]:main():compute-mfcc-feats.cc:182) Processed features for key f5-usctimit-ema--714
VLOG[2] (compute-mfcc-feats[5.5.586~1-83c98]:main():compute-mfcc-feats.cc:182) Processed features for key f5-usctimit-ema--715
VLOG[2] (compute-mfcc-feats[5.5.586~1-83c98]:main():compute-mfcc-feats.cc:182) Processed features for key f5-usctimit-ema--716
VLOG[2] (compute-mfcc-feats[5.5.586~1-83c98]:main():compute-mfcc-feats.cc:182) Processed features for key f5-usctimit-ema--717
VLOG[2] (compute-mfcc-feats[5.5.586~1-83c98]:main():compute-mfcc-feats.cc:182) Processed features for key f5-usctimit-ema--718
VLOG[2] (compute-mfcc-feats[5.5.586~1-83c98]:main():compute-mfcc-feats.cc:182) Processed features for key f5-usctimit-ema--719
LOG (compute-mfcc-feats[5.5.586~1-83c98]:main():compute-mfcc-feats.cc:181) Processed 170 utterances
VLOG[2] (compute-mfcc-feats[5.5.586~1-83c98]:main():compute-mfcc-feats.cc:182) Processed features for key f5-usctimit-ema--720
VLOG[2] (compute-mfcc-feats[5.5.586~1-83c98]:main():compute-mfcc-feats.cc:182) Processed features for key f5-usctimit-ema--721
VLOG[2] (compute-mfcc-feats[5.5.586~1-83c98]:main():compute-mfcc-feats.cc:182) Processed features for key f5-usctimit-ema--722
VLOG[2] (compute-mfcc-feats[5.5.586~1-83c98]:main():compute-mfcc-feats.cc:182) Processed features for key f5-usctimit-ema--723
VLOG[2] (compute-mfcc-feats[5.5.586~1-83c98]:main():compute-mfcc-feats.cc:182) Processed features for key f5-usctimit-ema--724
VLOG[2] (compute-mfcc-feats[5.5.586~1-83c98]:main():compute-mfcc-feats.cc:182) Processed features for key f5-usctimit-ema--725
VLOG[2] (compute-mfcc-feats[5.5.586~1-83c98]:main():compute-mfcc-feats.cc:182) Processed features for key f5-usctimit-ema--726
VLOG[2] (compute-mfcc-feats[5.5.586~1-83c98]:main():compute-mfcc-feats.cc:182) Processed features for key f5-usctimit-ema--727
VLOG[2] (compute-mfcc-feats[5.5.586~1-83c98]:main():compute-mfcc-feats.cc:182) Processed features for key f5-usctimit-ema--728
VLOG[2] (compute-mfcc-feats[5.5.586~1-83c98]:main():compute-mfcc-feats.cc:182) Processed features for key f5-usctimit-ema--729
LOG (compute-mfcc-feats[5.5.586~1-83c98]:main():compute-mfcc-feats.cc:181) Processed 180 utterances
VLOG[2] (compute-mfcc-feats[5.5.586~1-83c98]:main():compute-mfcc-feats.cc:182) Processed features for key f5-usctimit-ema--730
VLOG[2] (compute-mfcc-feats[5.5.586~1-83c98]:main():compute-mfcc-feats.cc:182) Processed features for key f5-usctimit-ema--731
VLOG[2] (compute-mfcc-feats[5.5.586~1-83c98]:main():compute-mfcc-feats.cc:182) Processed features for key f5-usctimit-ema--732
VLOG[2] (compute-mfcc-feats[5.5.586~1-83c98]:main():compute-mfcc-feats.cc:182) Processed features for key f5-usctimit-ema--733
VLOG[2] (compute-mfcc-feats[5.5.586~1-83c98]:main():compute-mfcc-feats.cc:182) Processed features for key f5-usctimit-ema--734
VLOG[2] (compute-mfcc-feats[5.5.586~1-83c98]:main():compute-mfcc-feats.cc:182) Processed features for key f5-usctimit-ema--735
VLOG[2] (compute-mfcc-feats[5.5.586~1-83c98]:main():compute-mfcc-feats.cc:182) Processed features for key f5-usctimit-ema--736
VLOG[2] (compute-mfcc-feats[5.5.586~1-83c98]:main():compute-mfcc-feats.cc:182) Processed features for key f5-usctimit-ema--737
VLOG[2] (compute-mfcc-feats[5.5.586~1-83c98]:main():compute-mfcc-feats.cc:182) Processed features for key f5-usctimit-ema--738
VLOG[2] (compute-mfcc-feats[5.5.586~1-83c98]:main():compute-mfcc-feats.cc:182) Processed features for key f5-usctimit-ema--739
LOG (compute-mfcc-feats[5.5.586~1-83c98]:main():compute-mfcc-feats.cc:181) Processed 190 utterances
VLOG[2] (compute-mfcc-feats[5.5.586~1-83c98]:main():compute-mfcc-feats.cc:182) Processed features for key f5-usctimit-ema--740
VLOG[2] (compute-mfcc-feats[5.5.586~1-83c98]:main():compute-mfcc-feats.cc:182) Processed features for key f5-usctimit-ema--741
VLOG[2] (compute-mfcc-feats[5.5.586~1-83c98]:main():compute-mfcc-feats.cc:182) Processed features for key f5-usctimit-ema--742
VLOG[2] (compute-mfcc-feats[5.5.586~1-83c98]:main():compute-mfcc-feats.cc:182) Processed features for key f5-usctimit-ema--743
VLOG[2] (compute-mfcc-feats[5.5.586~1-83c98]:main():compute-mfcc-feats.cc:182) Processed features for key f5-usctimit-ema--744
VLOG[2] (compute-mfcc-feats[5.5.586~1-83c98]:main():compute-mfcc-feats.cc:182) Processed features for key f5-usctimit-ema--745
VLOG[2] (compute-mfcc-feats[5.5.586~1-83c98]:main():compute-mfcc-feats.cc:182) Processed features for key f5-usctimit-ema--746
VLOG[2] (compute-mfcc-feats[5.5.586~1-83c98]:main():compute-mfcc-feats.cc:182) Processed features for key f5-usctimit-ema--747
VLOG[2] (compute-mfcc-feats[5.5.586~1-83c98]:main():compute-mfcc-feats.cc:182) Processed features for key f5-usctimit-ema--748
VLOG[2] (compute-mfcc-feats[5.5.586~1-83c98]:main():compute-mfcc-feats.cc:182) Processed features for key f5-usctimit-ema--749
LOG (compute-mfcc-feats[5.5.586~1-83c98]:main():compute-mfcc-feats.cc:181) Processed 200 utterances
VLOG[2] (compute-mfcc-feats[5.5.586~1-83c98]:main():compute-mfcc-feats.cc:182) Processed features for key f5-usctimit-ema--750
VLOG[2] (compute-mfcc-feats[5.5.586~1-83c98]:main():compute-mfcc-feats.cc:182) Processed features for key f5-usctimit-ema--751
VLOG[2] (compute-mfcc-feats[5.5.586~1-83c98]:main():compute-mfcc-feats.cc:182) Processed features for key f5-usctimit-ema--752
VLOG[2] (compute-mfcc-feats[5.5.586~1-83c98]:main():compute-mfcc-feats.cc:182) Processed features for key f5-usctimit-ema--753
VLOG[2] (compute-mfcc-feats[5.5.586~1-83c98]:main():compute-mfcc-feats.cc:182) Processed features for key f5-usctimit-ema--754
VLOG[2] (compute-mfcc-feats[5.5.586~1-83c98]:main():compute-mfcc-feats.cc:182) Processed features for key f5-usctimit-ema--755
VLOG[2] (compute-mfcc-feats[5.5.586~1-83c98]:main():compute-mfcc-feats.cc:182) Processed features for key f5-usctimit-ema--756
VLOG[2] (compute-mfcc-feats[5.5.586~1-83c98]:main():compute-mfcc-feats.cc:182) Processed features for key f5-usctimit-ema--757
VLOG[2] (compute-mfcc-feats[5.5.586~1-83c98]:main():compute-mfcc-feats.cc:182) Processed features for key f5-usctimit-ema--758
VLOG[2] (compute-mfcc-feats[5.5.586~1-83c98]:main():compute-mfcc-feats.cc:182) Processed features for key f5-usctimit-ema--759
LOG (compute-mfcc-feats[5.5.586~1-83c98]:main():compute-mfcc-feats.cc:181) Processed 210 utterances
VLOG[2] (compute-mfcc-feats[5.5.586~1-83c98]:main():compute-mfcc-feats.cc:182) Processed features for key f5-usctimit-ema--760
VLOG[2] (compute-mfcc-feats[5.5.586~1-83c98]:main():compute-mfcc-feats.cc:182) Processed features for key f5-usctimit-ema--761
VLOG[2] (compute-mfcc-feats[5.5.586~1-83c98]:main():compute-mfcc-feats.cc:182) Processed features for key f5-usctimit-ema--762
VLOG[2] (compute-mfcc-feats[5.5.586~1-83c98]:main():compute-mfcc-feats.cc:182) Processed features for key f5-usctimit-ema--763
VLOG[2] (compute-mfcc-feats[5.5.586~1-83c98]:main():compute-mfcc-feats.cc:182) Processed features for key f5-usctimit-ema--764
VLOG[2] (compute-mfcc-feats[5.5.586~1-83c98]:main():compute-mfcc-feats.cc:182) Processed features for key f5-usctimit-ema--765
VLOG[2] (compute-mfcc-feats[5.5.586~1-83c98]:main():compute-mfcc-feats.cc:182) Processed features for key f5-usctimit-ema--766
VLOG[2] (compute-mfcc-feats[5.5.586~1-83c98]:main():compute-mfcc-feats.cc:182) Processed features for key f5-usctimit-ema--767
VLOG[2] (compute-mfcc-feats[5.5.586~1-83c98]:main():compute-mfcc-feats.cc:182) Processed features for key f5-usctimit-ema--768
VLOG[2] (compute-mfcc-feats[5.5.586~1-83c98]:main():compute-mfcc-feats.cc:182) Processed features for key f5-usctimit-ema--769
LOG (compute-mfcc-feats[5.5.586~1-83c98]:main():compute-mfcc-feats.cc:181) Processed 220 utterances
VLOG[2] (compute-mfcc-feats[5.5.586~1-83c98]:main():compute-mfcc-feats.cc:182) Processed features for key f5-usctimit-ema--770
VLOG[2] (compute-mfcc-feats[5.5.586~1-83c98]:main():compute-mfcc-feats.cc:182) Processed features for key f5-usctimit-ema--771
VLOG[2] (compute-mfcc-feats[5.5.586~1-83c98]:main():compute-mfcc-feats.cc:182) Processed features for key f5-usctimit-ema--772
VLOG[2] (compute-mfcc-feats[5.5.586~1-83c98]:main():compute-mfcc-feats.cc:182) Processed features for key f5-usctimit-ema--773
VLOG[2] (compute-mfcc-feats[5.5.586~1-83c98]:main():compute-mfcc-feats.cc:182) Processed features for key f5-usctimit-ema--774
VLOG[2] (compute-mfcc-feats[5.5.586~1-83c98]:main():compute-mfcc-feats.cc:182) Processed features for key f5-usctimit-ema--775
VLOG[2] (compute-mfcc-feats[5.5.586~1-83c98]:main():compute-mfcc-feats.cc:182) Processed features for key f5-usctimit-ema--776
VLOG[2] (compute-mfcc-feats[5.5.586~1-83c98]:main():compute-mfcc-feats.cc:182) Processed features for key f5-usctimit-ema--777
VLOG[2] (compute-mfcc-feats[5.5.586~1-83c98]:main():compute-mfcc-feats.cc:182) Processed features for key f5-usctimit-ema--778
VLOG[2] (compute-mfcc-feats[5.5.586~1-83c98]:main():compute-mfcc-feats.cc:182) Processed features for key f5-usctimit-ema--779
LOG (compute-mfcc-feats[5.5.586~1-83c98]:main():compute-mfcc-feats.cc:181) Processed 230 utterances
VLOG[2] (compute-mfcc-feats[5.5.586~1-83c98]:main():compute-mfcc-feats.cc:182) Processed features for key f5-usctimit-ema--780
VLOG[2] (compute-mfcc-feats[5.5.586~1-83c98]:main():compute-mfcc-feats.cc:182) Processed features for key f5-usctimit-ema--781
VLOG[2] (compute-mfcc-feats[5.5.586~1-83c98]:main():compute-mfcc-feats.cc:182) Processed features for key f5-usctimit-ema--782
VLOG[2] (compute-mfcc-feats[5.5.586~1-83c98]:main():compute-mfcc-feats.cc:182) Processed features for key f5-usctimit-ema--783
VLOG[2] (compute-mfcc-feats[5.5.586~1-83c98]:main():compute-mfcc-feats.cc:182) Processed features for key f5-usctimit-ema--784
VLOG[2] (compute-mfcc-feats[5.5.586~1-83c98]:main():compute-mfcc-feats.cc:182) Processed features for key f5-usctimit-ema--785
VLOG[2] (compute-mfcc-feats[5.5.586~1-83c98]:main():compute-mfcc-feats.cc:182) Processed features for key f5-usctimit-ema--786
VLOG[2] (compute-mfcc-feats[5.5.586~1-83c98]:main():compute-mfcc-feats.cc:182) Processed features for key f5-usctimit-ema--787
VLOG[2] (compute-mfcc-feats[5.5.586~1-83c98]:main():compute-mfcc-feats.cc:182) Processed features for key f5-usctimit-ema--788
VLOG[2] (compute-mfcc-feats[5.5.586~1-83c98]:main():compute-mfcc-feats.cc:182) Processed features for key f5-usctimit-ema--789
LOG (compute-mfcc-feats[5.5.586~1-83c98]:main():compute-mfcc-feats.cc:181) Processed 240 utterances
VLOG[2] (compute-mfcc-feats[5.5.586~1-83c98]:main():compute-mfcc-feats.cc:182) Processed features for key f5-usctimit-ema--790
VLOG[2] (compute-mfcc-feats[5.5.586~1-83c98]:main():compute-mfcc-feats.cc:182) Processed features for key f5-usctimit-ema--791
VLOG[2] (compute-mfcc-feats[5.5.586~1-83c98]:main():compute-mfcc-feats.cc:182) Processed features for key f5-usctimit-ema--792
VLOG[2] (compute-mfcc-feats[5.5.586~1-83c98]:main():compute-mfcc-feats.cc:182) Processed features for key f5-usctimit-ema--793
VLOG[2] (compute-mfcc-feats[5.5.586~1-83c98]:main():compute-mfcc-feats.cc:182) Processed features for key f5-usctimit-ema--794
VLOG[2] (compute-mfcc-feats[5.5.586~1-83c98]:main():compute-mfcc-feats.cc:182) Processed features for key f5-usctimit-ema--795
VLOG[2] (compute-mfcc-feats[5.5.586~1-83c98]:main():compute-mfcc-feats.cc:182) Processed features for key f5-usctimit-ema--796
VLOG[2] (compute-mfcc-feats[5.5.586~1-83c98]:main():compute-mfcc-feats.cc:182) Processed features for key f5-usctimit-ema--797
VLOG[2] (compute-mfcc-feats[5.5.586~1-83c98]:main():compute-mfcc-feats.cc:182) Processed features for key f5-usctimit-ema--798
VLOG[2] (compute-mfcc-feats[5.5.586~1-83c98]:main():compute-mfcc-feats.cc:182) Processed features for key f5-usctimit-ema--799
LOG (compute-mfcc-feats[5.5.586~1-83c98]:main():compute-mfcc-feats.cc:181) Processed 250 utterances
VLOG[2] (compute-mfcc-feats[5.5.586~1-83c98]:main():compute-mfcc-feats.cc:182) Processed features for key f5-usctimit-ema--800
VLOG[2] (compute-mfcc-feats[5.5.586~1-83c98]:main():compute-mfcc-feats.cc:182) Processed features for key f5-usctimit-ema--801
VLOG[2] (compute-mfcc-feats[5.5.586~1-83c98]:main():compute-mfcc-feats.cc:182) Processed features for key f5-usctimit-ema--802
VLOG[2] (compute-mfcc-feats[5.5.586~1-83c98]:main():compute-mfcc-feats.cc:182) Processed features for key f5-usctimit-ema--803
VLOG[2] (compute-mfcc-feats[5.5.586~1-83c98]:main():compute-mfcc-feats.cc:182) Processed features for key f5-usctimit-ema--804
VLOG[2] (compute-mfcc-feats[5.5.586~1-83c98]:main():compute-mfcc-feats.cc:182) Processed features for key f5-usctimit-ema--805
VLOG[2] (compute-mfcc-feats[5.5.586~1-83c98]:main():compute-mfcc-feats.cc:182) Processed features for key f5-usctimit-ema--806
VLOG[2] (compute-mfcc-feats[5.5.586~1-83c98]:main():compute-mfcc-feats.cc:182) Processed features for key f5-usctimit-ema--807
VLOG[2] (compute-mfcc-feats[5.5.586~1-83c98]:main():compute-mfcc-feats.cc:182) Processed features for key f5-usctimit-ema--808
VLOG[2] (compute-mfcc-feats[5.5.586~1-83c98]:main():compute-mfcc-feats.cc:182) Processed features for key f5-usctimit-ema--809
LOG (compute-mfcc-feats[5.5.586~1-83c98]:main():compute-mfcc-feats.cc:181) Processed 260 utterances
VLOG[2] (compute-mfcc-feats[5.5.586~1-83c98]:main():compute-mfcc-feats.cc:182) Processed features for key f5-usctimit-ema--810
VLOG[2] (compute-mfcc-feats[5.5.586~1-83c98]:main():compute-mfcc-feats.cc:182) Processed features for key f5-usctimit-ema--811
VLOG[2] (compute-mfcc-feats[5.5.586~1-83c98]:main():compute-mfcc-feats.cc:182) Processed features for key f5-usctimit-ema--812
VLOG[2] (compute-mfcc-feats[5.5.586~1-83c98]:main():compute-mfcc-feats.cc:182) Processed features for key f5-usctimit-ema--813
VLOG[2] (compute-mfcc-feats[5.5.586~1-83c98]:main():compute-mfcc-feats.cc:182) Processed features for key f5-usctimit-ema--814
VLOG[2] (compute-mfcc-feats[5.5.586~1-83c98]:main():compute-mfcc-feats.cc:182) Processed features for key f5-usctimit-ema--815
VLOG[2] (compute-mfcc-feats[5.5.586~1-83c98]:main():compute-mfcc-feats.cc:182) Processed features for key f5-usctimit-ema--816
VLOG[2] (compute-mfcc-feats[5.5.586~1-83c98]:main():compute-mfcc-feats.cc:182) Processed features for key f5-usctimit-ema--817
VLOG[2] (compute-mfcc-feats[5.5.586~1-83c98]:main():compute-mfcc-feats.cc:182) Processed features for key f5-usctimit-ema--818
VLOG[2] (compute-mfcc-feats[5.5.586~1-83c98]:main():compute-mfcc-feats.cc:182) Processed features for key f5-usctimit-ema--819
LOG (compute-mfcc-feats[5.5.586~1-83c98]:main():compute-mfcc-feats.cc:181) Processed 270 utterances
VLOG[2] (compute-mfcc-feats[5.5.586~1-83c98]:main():compute-mfcc-feats.cc:182) Processed features for key f5-usctimit-ema--820
VLOG[2] (compute-mfcc-feats[5.5.586~1-83c98]:main():compute-mfcc-feats.cc:182) Processed features for key f5-usctimit-ema--821
VLOG[2] (compute-mfcc-feats[5.5.586~1-83c98]:main():compute-mfcc-feats.cc:182) Processed features for key f5-usctimit-ema--822
VLOG[2] (compute-mfcc-feats[5.5.586~1-83c98]:main():compute-mfcc-feats.cc:182) Processed features for key f5-usctimit-ema--823
VLOG[2] (compute-mfcc-feats[5.5.586~1-83c98]:main():compute-mfcc-feats.cc:182) Processed features for key f5-usctimit-ema--824
VLOG[2] (compute-mfcc-feats[5.5.586~1-83c98]:main():compute-mfcc-feats.cc:182) Processed features for key f5-usctimit-ema--825
VLOG[2] (compute-mfcc-feats[5.5.586~1-83c98]:main():compute-mfcc-feats.cc:182) Processed features for key f5-usctimit-ema--826
VLOG[2] (compute-mfcc-feats[5.5.586~1-83c98]:main():compute-mfcc-feats.cc:182) Processed features for key f5-usctimit-ema--827
VLOG[2] (compute-mfcc-feats[5.5.586~1-83c98]:main():compute-mfcc-feats.cc:182) Processed features for key f5-usctimit-ema--828
VLOG[2] (compute-mfcc-feats[5.5.586~1-83c98]:main():compute-mfcc-feats.cc:182) Processed features for key f5-usctimit-ema--829
LOG (compute-mfcc-feats[5.5.586~1-83c98]:main():compute-mfcc-feats.cc:181) Processed 280 utterances
VLOG[2] (compute-mfcc-feats[5.5.586~1-83c98]:main():compute-mfcc-feats.cc:182) Processed features for key f5-usctimit-ema--830
VLOG[2] (compute-mfcc-feats[5.5.586~1-83c98]:main():compute-mfcc-feats.cc:182) Processed features for key f5-usctimit-ema--831
VLOG[2] (compute-mfcc-feats[5.5.586~1-83c98]:main():compute-mfcc-feats.cc:182) Processed features for key f5-usctimit-ema--832
VLOG[2] (compute-mfcc-feats[5.5.586~1-83c98]:main():compute-mfcc-feats.cc:182) Processed features for key f5-usctimit-ema--833
VLOG[2] (compute-mfcc-feats[5.5.586~1-83c98]:main():compute-mfcc-feats.cc:182) Processed features for key f5-usctimit-ema--834
VLOG[2] (compute-mfcc-feats[5.5.586~1-83c98]:main():compute-mfcc-feats.cc:182) Processed features for key f5-usctimit-ema--835
VLOG[2] (compute-mfcc-feats[5.5.586~1-83c98]:main():compute-mfcc-feats.cc:182) Processed features for key f5-usctimit-ema--836
VLOG[2] (compute-mfcc-feats[5.5.586~1-83c98]:main():compute-mfcc-feats.cc:182) Processed features for key f5-usctimit-ema--837
VLOG[2] (compute-mfcc-feats[5.5.586~1-83c98]:main():compute-mfcc-feats.cc:182) Processed features for key f5-usctimit-ema--838
VLOG[2] (compute-mfcc-feats[5.5.586~1-83c98]:main():compute-mfcc-feats.cc:182) Processed features for key f5-usctimit-ema--839
LOG (compute-mfcc-feats[5.5.586~1-83c98]:main():compute-mfcc-feats.cc:181) Processed 290 utterances
VLOG[2] (compute-mfcc-feats[5.5.586~1-83c98]:main():compute-mfcc-feats.cc:182) Processed features for key f5-usctimit-ema--840
VLOG[2] (compute-mfcc-feats[5.5.586~1-83c98]:main():compute-mfcc-feats.cc:182) Processed features for key f5-usctimit-ema--841
VLOG[2] (compute-mfcc-feats[5.5.586~1-83c98]:main():compute-mfcc-feats.cc:182) Processed features for key f5-usctimit-ema--842
VLOG[2] (compute-mfcc-feats[5.5.586~1-83c98]:main():compute-mfcc-feats.cc:182) Processed features for key f5-usctimit-ema--843
VLOG[2] (compute-mfcc-feats[5.5.586~1-83c98]:main():compute-mfcc-feats.cc:182) Processed features for key f5-usctimit-ema--844
VLOG[2] (compute-mfcc-feats[5.5.586~1-83c98]:main():compute-mfcc-feats.cc:182) Processed features for key f5-usctimit-ema--845
VLOG[2] (compute-mfcc-feats[5.5.586~1-83c98]:main():compute-mfcc-feats.cc:182) Processed features for key f5-usctimit-ema--846
VLOG[2] (compute-mfcc-feats[5.5.586~1-83c98]:main():compute-mfcc-feats.cc:182) Processed features for key f5-usctimit-ema--847
VLOG[2] (compute-mfcc-feats[5.5.586~1-83c98]:main():compute-mfcc-feats.cc:182) Processed features for key f5-usctimit-ema--848
VLOG[2] (compute-mfcc-feats[5.5.586~1-83c98]:main():compute-mfcc-feats.cc:182) Processed features for key f5-usctimit-ema--849
LOG (compute-mfcc-feats[5.5.586~1-83c98]:main():compute-mfcc-feats.cc:181) Processed 300 utterances
VLOG[2] (compute-mfcc-feats[5.5.586~1-83c98]:main():compute-mfcc-feats.cc:182) Processed features for key f5-usctimit-ema--850
VLOG[2] (compute-mfcc-feats[5.5.586~1-83c98]:main():compute-mfcc-feats.cc:182) Processed features for key f5-usctimit-ema--851
VLOG[2] (compute-mfcc-feats[5.5.586~1-83c98]:main():compute-mfcc-feats.cc:182) Processed features for key f5-usctimit-ema--852
VLOG[2] (compute-mfcc-feats[5.5.586~1-83c98]:main():compute-mfcc-feats.cc:182) Processed features for key f5-usctimit-ema--853
VLOG[2] (compute-mfcc-feats[5.5.586~1-83c98]:main():compute-mfcc-feats.cc:182) Processed features for key f5-usctimit-ema--854
VLOG[2] (compute-mfcc-feats[5.5.586~1-83c98]:main():compute-mfcc-feats.cc:182) Processed features for key f5-usctimit-ema--855
VLOG[2] (compute-mfcc-feats[5.5.586~1-83c98]:main():compute-mfcc-feats.cc:182) Processed features for key f5-usctimit-ema--856
VLOG[2] (compute-mfcc-feats[5.5.586~1-83c98]:main():compute-mfcc-feats.cc:182) Processed features for key f5-usctimit-ema--857
VLOG[2] (compute-mfcc-feats[5.5.586~1-83c98]:main():compute-mfcc-feats.cc:182) Processed features for key f5-usctimit-ema--858
VLOG[2] (compute-mfcc-feats[5.5.586~1-83c98]:main():compute-mfcc-feats.cc:182) Processed features for key f5-usctimit-ema--859
LOG (compute-mfcc-feats[5.5.586~1-83c98]:main():compute-mfcc-feats.cc:181) Processed 310 utterances
VLOG[2] (compute-mfcc-feats[5.5.586~1-83c98]:main():compute-mfcc-feats.cc:182) Processed features for key f5-usctimit-ema--860
VLOG[2] (compute-mfcc-feats[5.5.586~1-83c98]:main():compute-mfcc-feats.cc:182) Processed features for key f5-usctimit-ema--861
VLOG[2] (compute-mfcc-feats[5.5.586~1-83c98]:main():compute-mfcc-feats.cc:182) Processed features for key f5-usctimit-ema--862
VLOG[2] (compute-mfcc-feats[5.5.586~1-83c98]:main():compute-mfcc-feats.cc:182) Processed features for key f5-usctimit-ema--863
VLOG[2] (compute-mfcc-feats[5.5.586~1-83c98]:main():compute-mfcc-feats.cc:182) Processed features for key f5-usctimit-ema--864
VLOG[2] (compute-mfcc-feats[5.5.586~1-83c98]:main():compute-mfcc-feats.cc:182) Processed features for key f5-usctimit-ema--865
VLOG[2] (compute-mfcc-feats[5.5.586~1-83c98]:main():compute-mfcc-feats.cc:182) Processed features for key f5-usctimit-ema--866
VLOG[2] (compute-mfcc-feats[5.5.586~1-83c98]:main():compute-mfcc-feats.cc:182) Processed features for key f5-usctimit-ema--867
VLOG[2] (compute-mfcc-feats[5.5.586~1-83c98]:main():compute-mfcc-feats.cc:182) Processed features for key f5-usctimit-ema--868
VLOG[2] (compute-mfcc-feats[5.5.586~1-83c98]:main():compute-mfcc-feats.cc:182) Processed features for key f5-usctimit-ema--869
LOG (compute-mfcc-feats[5.5.586~1-83c98]:main():compute-mfcc-feats.cc:181) Processed 320 utterances
VLOG[2] (compute-mfcc-feats[5.5.586~1-83c98]:main():compute-mfcc-feats.cc:182) Processed features for key f5-usctimit-ema--870
VLOG[2] (compute-mfcc-feats[5.5.586~1-83c98]:main():compute-mfcc-feats.cc:182) Processed features for key f5-usctimit-ema--871
VLOG[2] (compute-mfcc-feats[5.5.586~1-83c98]:main():compute-mfcc-feats.cc:182) Processed features for key f5-usctimit-ema--872
VLOG[2] (compute-mfcc-feats[5.5.586~1-83c98]:main():compute-mfcc-feats.cc:182) Processed features for key f5-usctimit-ema--873
VLOG[2] (compute-mfcc-feats[5.5.586~1-83c98]:main():compute-mfcc-feats.cc:182) Processed features for key f5-usctimit-ema--874
VLOG[2] (compute-mfcc-feats[5.5.586~1-83c98]:main():compute-mfcc-feats.cc:182) Processed features for key f5-usctimit-ema--875
VLOG[2] (compute-mfcc-feats[5.5.586~1-83c98]:main():compute-mfcc-feats.cc:182) Processed features for key f5-usctimit-ema--876
VLOG[2] (compute-mfcc-feats[5.5.586~1-83c98]:main():compute-mfcc-feats.cc:182) Processed features for key f5-usctimit-ema--877
VLOG[2] (compute-mfcc-feats[5.5.586~1-83c98]:main():compute-mfcc-feats.cc:182) Processed features for key f5-usctimit-ema--878
VLOG[2] (compute-mfcc-feats[5.5.586~1-83c98]:main():compute-mfcc-feats.cc:182) Processed features for key f5-usctimit-ema--879
LOG (compute-mfcc-feats[5.5.586~1-83c98]:main():compute-mfcc-feats.cc:181) Processed 330 utterances
VLOG[2] (compute-mfcc-feats[5.5.586~1-83c98]:main():compute-mfcc-feats.cc:182) Processed features for key f5-usctimit-ema--880
VLOG[2] (compute-mfcc-feats[5.5.586~1-83c98]:main():compute-mfcc-feats.cc:182) Processed features for key f5-usctimit-ema--881
VLOG[2] (compute-mfcc-feats[5.5.586~1-83c98]:main():compute-mfcc-feats.cc:182) Processed features for key f5-usctimit-ema--882
VLOG[2] (compute-mfcc-feats[5.5.586~1-83c98]:main():compute-mfcc-feats.cc:182) Processed features for key f5-usctimit-ema--883
VLOG[2] (compute-mfcc-feats[5.5.586~1-83c98]:main():compute-mfcc-feats.cc:182) Processed features for key f5-usctimit-ema--884
VLOG[2] (compute-mfcc-feats[5.5.586~1-83c98]:main():compute-mfcc-feats.cc:182) Processed features for key f5-usctimit-ema--885
VLOG[2] (compute-mfcc-feats[5.5.586~1-83c98]:main():compute-mfcc-feats.cc:182) Processed features for key f5-usctimit-ema--886
VLOG[2] (compute-mfcc-feats[5.5.586~1-83c98]:main():compute-mfcc-feats.cc:182) Processed features for key f5-usctimit-ema--887
VLOG[2] (compute-mfcc-feats[5.5.586~1-83c98]:main():compute-mfcc-feats.cc:182) Processed features for key f5-usctimit-ema--888
VLOG[2] (compute-mfcc-feats[5.5.586~1-83c98]:main():compute-mfcc-feats.cc:182) Processed features for key f5-usctimit-ema--889
LOG (compute-mfcc-feats[5.5.586~1-83c98]:main():compute-mfcc-feats.cc:181) Processed 340 utterances
VLOG[2] (compute-mfcc-feats[5.5.586~1-83c98]:main():compute-mfcc-feats.cc:182) Processed features for key f5-usctimit-ema--890
VLOG[2] (compute-mfcc-feats[5.5.586~1-83c98]:main():compute-mfcc-feats.cc:182) Processed features for key f5-usctimit-ema--891
VLOG[2] (compute-mfcc-feats[5.5.586~1-83c98]:main():compute-mfcc-feats.cc:182) Processed features for key f5-usctimit-ema--892
VLOG[2] (compute-mfcc-feats[5.5.586~1-83c98]:main():compute-mfcc-feats.cc:182) Processed features for key f5-usctimit-ema--893
VLOG[2] (compute-mfcc-feats[5.5.586~1-83c98]:main():compute-mfcc-feats.cc:182) Processed features for key f5-usctimit-ema--894
VLOG[2] (compute-mfcc-feats[5.5.586~1-83c98]:main():compute-mfcc-feats.cc:182) Processed features for key f5-usctimit-ema--895
VLOG[2] (compute-mfcc-feats[5.5.586~1-83c98]:main():compute-mfcc-feats.cc:182) Processed features for key f5-usctimit-ema--896
VLOG[2] (compute-mfcc-feats[5.5.586~1-83c98]:main():compute-mfcc-feats.cc:182) Processed features for key f5-usctimit-ema--897
VLOG[2] (compute-mfcc-feats[5.5.586~1-83c98]:main():compute-mfcc-feats.cc:182) Processed features for key f5-usctimit-ema--898
VLOG[2] (compute-mfcc-feats[5.5.586~1-83c98]:main():compute-mfcc-feats.cc:182) Processed features for key f5-usctimit-ema--899
LOG (compute-mfcc-feats[5.5.586~1-83c98]:main():compute-mfcc-feats.cc:181) Processed 350 utterances
VLOG[2] (compute-mfcc-feats[5.5.586~1-83c98]:main():compute-mfcc-feats.cc:182) Processed features for key f5-usctimit-ema--900
VLOG[2] (compute-mfcc-feats[5.5.586~1-83c98]:main():compute-mfcc-feats.cc:182) Processed features for key f5-usctimit-ema--901
VLOG[2] (compute-mfcc-feats[5.5.586~1-83c98]:main():compute-mfcc-feats.cc:182) Processed features for key f5-usctimit-ema--902
VLOG[2] (compute-mfcc-feats[5.5.586~1-83c98]:main():compute-mfcc-feats.cc:182) Processed features for key f5-usctimit-ema--903
VLOG[2] (compute-mfcc-feats[5.5.586~1-83c98]:main():compute-mfcc-feats.cc:182) Processed features for key f5-usctimit-ema--904
VLOG[2] (compute-mfcc-feats[5.5.586~1-83c98]:main():compute-mfcc-feats.cc:182) Processed features for key f5-usctimit-ema--905
VLOG[2] (compute-mfcc-feats[5.5.586~1-83c98]:main():compute-mfcc-feats.cc:182) Processed features for key f5-usctimit-ema--906
VLOG[2] (compute-mfcc-feats[5.5.586~1-83c98]:main():compute-mfcc-feats.cc:182) Processed features for key f5-usctimit-ema--907
VLOG[2] (compute-mfcc-feats[5.5.586~1-83c98]:main():compute-mfcc-feats.cc:182) Processed features for key f5-usctimit-ema--908
VLOG[2] (compute-mfcc-feats[5.5.586~1-83c98]:main():compute-mfcc-feats.cc:182) Processed features for key f5-usctimit-ema--909
LOG (compute-mfcc-feats[5.5.586~1-83c98]:main():compute-mfcc-feats.cc:181) Processed 360 utterances
VLOG[2] (compute-mfcc-feats[5.5.586~1-83c98]:main():compute-mfcc-feats.cc:182) Processed features for key f5-usctimit-ema--910
VLOG[2] (compute-mfcc-feats[5.5.586~1-83c98]:main():compute-mfcc-feats.cc:182) Processed features for key f5-usctimit-ema--911
VLOG[2] (compute-mfcc-feats[5.5.586~1-83c98]:main():compute-mfcc-feats.cc:182) Processed features for key f5-usctimit-ema--912
VLOG[2] (compute-mfcc-feats[5.5.586~1-83c98]:main():compute-mfcc-feats.cc:182) Processed features for key m1-usctimit-ema--1000
VLOG[2] (compute-mfcc-feats[5.5.586~1-83c98]:main():compute-mfcc-feats.cc:182) Processed features for key m1-usctimit-ema--1001
VLOG[2] (compute-mfcc-feats[5.5.586~1-83c98]:main():compute-mfcc-feats.cc:182) Processed features for key m1-usctimit-ema--1002
VLOG[2] (compute-mfcc-feats[5.5.586~1-83c98]:main():compute-mfcc-feats.cc:182) Processed features for key m1-usctimit-ema--1003
VLOG[2] (compute-mfcc-feats[5.5.586~1-83c98]:main():compute-mfcc-feats.cc:182) Processed features for key m1-usctimit-ema--1004
LOG (compute-mfcc-feats[5.5.586~1-83c98]:main():compute-mfcc-feats.cc:185)  Done 367 out of 367 utterances.
LOG (copy-feats[5.5.586~1-83c98]:main():copy-feats.cc:143) Copied 367 feature matrices.
# Accounting: time=14 threads=1
# Ended (code 0) at Sat Dec 28 20:47:20 EET 2019, elapsed time 14 seconds
