# build-tree --verbose=1 --max-leaves=2000 --cluster-thresh=-1 ./exp/tri1/treeacc ./data/lang/phones/roots.int ./exp/tri1/questions.qst ./data/lang/topo ./exp/tri1/tree 
# Started at Mon Dec 30 20:02:56 EET 2019
#
build-tree --verbose=1 --max-leaves=2000 --cluster-thresh=-1 ./exp/tri1/treeacc ./data/lang/phones/roots.int ./exp/tri1/questions.qst ./data/lang/topo ./exp/tri1/tree 
LOG (build-tree[5.5.586~1-83c98]:main():build-tree.cc:104) Number of separate statistics is 19831
LOG (build-tree[5.5.586~1-83c98]:BuildTree():build-tree.cc:161) BuildTree: before building trees, map has 41 leaves.
LOG (build-tree[5.5.586~1-83c98]:SplitDecisionTree():build-tree-utils.cc:577) DoDecisionTreeSplit: split 1326 times, #leaves now 1367
LOG (build-tree[5.5.586~1-83c98]:BuildTree():build-tree.cc:187) Setting clustering threshold to smallest split 300.02
VLOG[1] (build-tree[5.5.586~1-83c98]:BuildTree():build-tree.cc:196) After decision tree split, num-leaves = 1367, like-impr = 5.61956 per frame over 650374 frames.
VLOG[1] (build-tree[5.5.586~1-83c98]:BuildTree():build-tree.cc:200) Including just phones that were split, improvement is 5.61956 per frame over 650374 frames.
LOG (build-tree[5.5.586~1-83c98]:BuildTree():build-tree.cc:215) BuildTree: removed 324 leaves.
VLOG[1] (build-tree[5.5.586~1-83c98]:ClusterEventMapToNClustersRestrictedByMap():build-tree-utils.cc:914) Number of non-empty clusters in map = 40
VLOG[1] (build-tree[5.5.586~1-83c98]:ClusterEventMapToNClustersRestrictedByMap():build-tree-utils.cc:915) Number of non-empty clusters = 1042
LOG (build-tree[5.5.586~1-83c98]:BuildTree():build-tree.cc:231) BuildTree: Rounded num leaves to multiple of 8 by removing 3 leaves.
VLOG[1] (build-tree[5.5.586~1-83c98]:BuildTree():build-tree.cc:256) Objf change due to clustering -0.105828 per frame.
VLOG[1] (build-tree[5.5.586~1-83c98]:BuildTree():build-tree.cc:259) Normalizing over only split phones, this is: -0.105828 per frame.
VLOG[1] (build-tree[5.5.586~1-83c98]:BuildTree():build-tree.cc:262) Num-leaves is now 1040
VLOG[1] (build-tree[5.5.586~1-83c98]:main():build-tree.cc:143) For pdf-id 1, low count 0
VLOG[1] (build-tree[5.5.586~1-83c98]:main():build-tree.cc:143) For pdf-id 2, low count 68
VLOG[1] (build-tree[5.5.586~1-83c98]:main():build-tree.cc:143) For pdf-id 4, low count 81
VLOG[1] (build-tree[5.5.586~1-83c98]:main():build-tree.cc:143) For pdf-id 13, low count 96
VLOG[1] (build-tree[5.5.586~1-83c98]:main():build-tree.cc:143) For pdf-id 15, low count 96
VLOG[1] (build-tree[5.5.586~1-83c98]:main():build-tree.cc:143) For pdf-id 22, low count 55
VLOG[1] (build-tree[5.5.586~1-83c98]:main():build-tree.cc:143) For pdf-id 26, low count 51
VLOG[1] (build-tree[5.5.586~1-83c98]:main():build-tree.cc:143) For pdf-id 27, low count 79
VLOG[1] (build-tree[5.5.586~1-83c98]:main():build-tree.cc:143) For pdf-id 34, low count 49
VLOG[1] (build-tree[5.5.586~1-83c98]:main():build-tree.cc:143) For pdf-id 40, low count 74
VLOG[1] (build-tree[5.5.586~1-83c98]:main():build-tree.cc:143) For pdf-id 64, low count 99
VLOG[1] (build-tree[5.5.586~1-83c98]:main():build-tree.cc:143) For pdf-id 89, low count 88
VLOG[1] (build-tree[5.5.586~1-83c98]:main():build-tree.cc:143) For pdf-id 97, low count 92
VLOG[1] (build-tree[5.5.586~1-83c98]:main():build-tree.cc:143) For pdf-id 109, low count 89
VLOG[1] (build-tree[5.5.586~1-83c98]:main():build-tree.cc:143) For pdf-id 113, low count 43
VLOG[1] (build-tree[5.5.586~1-83c98]:main():build-tree.cc:143) For pdf-id 115, low count 90
VLOG[1] (build-tree[5.5.586~1-83c98]:main():build-tree.cc:143) For pdf-id 126, low count 78
VLOG[1] (build-tree[5.5.586~1-83c98]:main():build-tree.cc:143) For pdf-id 129, low count 98
VLOG[1] (build-tree[5.5.586~1-83c98]:main():build-tree.cc:143) For pdf-id 147, low count 87
VLOG[1] (build-tree[5.5.586~1-83c98]:main():build-tree.cc:143) For pdf-id 152, low count 78
VLOG[1] (build-tree[5.5.586~1-83c98]:main():build-tree.cc:143) For pdf-id 198, low count 90
VLOG[1] (build-tree[5.5.586~1-83c98]:main():build-tree.cc:143) For pdf-id 230, low count 87
VLOG[1] (build-tree[5.5.586~1-83c98]:main():build-tree.cc:143) For pdf-id 239, low count 40
VLOG[1] (build-tree[5.5.586~1-83c98]:main():build-tree.cc:143) For pdf-id 248, low count 81
VLOG[1] (build-tree[5.5.586~1-83c98]:main():build-tree.cc:143) For pdf-id 255, low count 94
VLOG[1] (build-tree[5.5.586~1-83c98]:main():build-tree.cc:143) For pdf-id 257, low count 97
VLOG[1] (build-tree[5.5.586~1-83c98]:main():build-tree.cc:143) For pdf-id 259, low count 48
VLOG[1] (build-tree[5.5.586~1-83c98]:main():build-tree.cc:143) For pdf-id 266, low count 78
VLOG[1] (build-tree[5.5.586~1-83c98]:main():build-tree.cc:143) For pdf-id 276, low count 72
VLOG[1] (build-tree[5.5.586~1-83c98]:main():build-tree.cc:143) For pdf-id 291, low count 57
VLOG[1] (build-tree[5.5.586~1-83c98]:main():build-tree.cc:143) For pdf-id 298, low count 99
VLOG[1] (build-tree[5.5.586~1-83c98]:main():build-tree.cc:143) For pdf-id 300, low count 87
VLOG[1] (build-tree[5.5.586~1-83c98]:main():build-tree.cc:143) For pdf-id 340, low count 17
VLOG[1] (build-tree[5.5.586~1-83c98]:main():build-tree.cc:143) For pdf-id 346, low count 59
VLOG[1] (build-tree[5.5.586~1-83c98]:main():build-tree.cc:143) For pdf-id 348, low count 77
VLOG[1] (build-tree[5.5.586~1-83c98]:main():build-tree.cc:143) For pdf-id 352, low count 59
VLOG[1] (build-tree[5.5.586~1-83c98]:main():build-tree.cc:143) For pdf-id 366, low count 37
VLOG[1] (build-tree[5.5.586~1-83c98]:main():build-tree.cc:143) For pdf-id 376, low count 88
VLOG[1] (build-tree[5.5.586~1-83c98]:main():build-tree.cc:143) For pdf-id 385, low count 78
VLOG[1] (build-tree[5.5.586~1-83c98]:main():build-tree.cc:143) For pdf-id 392, low count 81
VLOG[1] (build-tree[5.5.586~1-83c98]:main():build-tree.cc:143) For pdf-id 426, low count 68
VLOG[1] (build-tree[5.5.586~1-83c98]:main():build-tree.cc:143) For pdf-id 429, low count 86
VLOG[1] (build-tree[5.5.586~1-83c98]:main():build-tree.cc:143) For pdf-id 434, low count 53
VLOG[1] (build-tree[5.5.586~1-83c98]:main():build-tree.cc:143) For pdf-id 439, low count 88
VLOG[1] (build-tree[5.5.586~1-83c98]:main():build-tree.cc:143) For pdf-id 460, low count 91
VLOG[1] (build-tree[5.5.586~1-83c98]:main():build-tree.cc:143) For pdf-id 461, low count 97
VLOG[1] (build-tree[5.5.586~1-83c98]:main():build-tree.cc:143) For pdf-id 462, low count 94
VLOG[1] (build-tree[5.5.586~1-83c98]:main():build-tree.cc:143) For pdf-id 464, low count 94
VLOG[1] (build-tree[5.5.586~1-83c98]:main():build-tree.cc:143) For pdf-id 470, low count 45
VLOG[1] (build-tree[5.5.586~1-83c98]:main():build-tree.cc:143) For pdf-id 483, low count 55
VLOG[1] (build-tree[5.5.586~1-83c98]:main():build-tree.cc:143) For pdf-id 502, low count 95
VLOG[1] (build-tree[5.5.586~1-83c98]:main():build-tree.cc:143) For pdf-id 512, low count 78
VLOG[1] (build-tree[5.5.586~1-83c98]:main():build-tree.cc:143) For pdf-id 526, low count 23
VLOG[1] (build-tree[5.5.586~1-83c98]:main():build-tree.cc:143) For pdf-id 532, low count 69
VLOG[1] (build-tree[5.5.586~1-83c98]:main():build-tree.cc:143) For pdf-id 541, low count 82
VLOG[1] (build-tree[5.5.586~1-83c98]:main():build-tree.cc:143) For pdf-id 559, low count 53
VLOG[1] (build-tree[5.5.586~1-83c98]:main():build-tree.cc:143) For pdf-id 560, low count 91
VLOG[1] (build-tree[5.5.586~1-83c98]:main():build-tree.cc:143) For pdf-id 566, low count 56
VLOG[1] (build-tree[5.5.586~1-83c98]:main():build-tree.cc:143) For pdf-id 578, low count 53
VLOG[1] (build-tree[5.5.586~1-83c98]:main():build-tree.cc:143) For pdf-id 581, low count 77
VLOG[1] (build-tree[5.5.586~1-83c98]:main():build-tree.cc:143) For pdf-id 594, low count 89
VLOG[1] (build-tree[5.5.586~1-83c98]:main():build-tree.cc:143) For pdf-id 611, low count 43
VLOG[1] (build-tree[5.5.586~1-83c98]:main():build-tree.cc:143) For pdf-id 614, low count 58
VLOG[1] (build-tree[5.5.586~1-83c98]:main():build-tree.cc:143) For pdf-id 660, low count 76
VLOG[1] (build-tree[5.5.586~1-83c98]:main():build-tree.cc:143) For pdf-id 679, low count 90
VLOG[1] (build-tree[5.5.586~1-83c98]:main():build-tree.cc:143) For pdf-id 686, low count 94
VLOG[1] (build-tree[5.5.586~1-83c98]:main():build-tree.cc:143) For pdf-id 760, low count 94
VLOG[1] (build-tree[5.5.586~1-83c98]:main():build-tree.cc:143) For pdf-id 809, low count 96
VLOG[1] (build-tree[5.5.586~1-83c98]:main():build-tree.cc:143) For pdf-id 816, low count 48
VLOG[1] (build-tree[5.5.586~1-83c98]:main():build-tree.cc:143) For pdf-id 857, low count 51
VLOG[1] (build-tree[5.5.586~1-83c98]:main():build-tree.cc:143) For pdf-id 899, low count 71
VLOG[1] (build-tree[5.5.586~1-83c98]:main():build-tree.cc:143) For pdf-id 929, low count 94
VLOG[1] (build-tree[5.5.586~1-83c98]:main():build-tree.cc:143) For pdf-id 994, low count 97
VLOG[1] (build-tree[5.5.586~1-83c98]:main():build-tree.cc:143) For pdf-id 1014, low count 78
VLOG[1] (build-tree[5.5.586~1-83c98]:main():build-tree.cc:143) For pdf-id 1021, low count 63
VLOG[1] (build-tree[5.5.586~1-83c98]:main():build-tree.cc:143) For pdf-id 1027, low count 36
VLOG[1] (build-tree[5.5.586~1-83c98]:main():build-tree.cc:143) For pdf-id 1039, low count 90
WARNING (build-tree[5.5.586~1-83c98]:main():build-tree.cc:185) Saw no stats for following phones: 2 3 4 6 7 8 9 10 11 12 14 15 16 18 19 20 22 23 24 26 27 28 30 31 32 34 35 36 38 39 40 42 43 44 46 47 48 50 51 52 54 55 56 58 59 60 62 63 64 66 67 68 70 71 72 74 75 76 78 79 80 82 83 84 86 87 88 90 91 92 94 95 96 98 99 100 102 103 104 106 107 108 110 111 112 114 115 116 118 119 120 122 123 124 126 127 128 130 131 132 134 135 136 138 139 140 142 143 144 146 147 148 150 151 152 154 155 156 158 159 160 162 163 164 
LOG (build-tree[5.5.586~1-83c98]:main():build-tree.cc:189) Wrote tree
# Accounting: time=2 threads=1
# Ended (code 0) at Mon Dec 30 20:02:59 EET 2019, elapsed time 2 seconds
