# gmm-est --mix-up=7760 --power=0.25 --write-occs=./exp/tri1/20.occs ./exp/tri1/19.mdl "gmm-sum-accs - ./exp/tri1/19.*.acc |" ./exp/tri1/20.mdl 
# Started at Mon Dec 30 20:03:47 EET 2019
#
gmm-est --mix-up=7760 --power=0.25 --write-occs=./exp/tri1/20.occs ./exp/tri1/19.mdl 'gmm-sum-accs - ./exp/tri1/19.*.acc |' ./exp/tri1/20.mdl 
gmm-sum-accs - ./exp/tri1/19.1.acc ./exp/tri1/19.2.acc ./exp/tri1/19.3.acc ./exp/tri1/19.4.acc 
LOG (gmm-sum-accs[5.5.586~1-83c98]:main():gmm-sum-accs.cc:63) Summed 4 stats, total count 649253, avg like/frame -80.5744
LOG (gmm-sum-accs[5.5.586~1-83c98]:main():gmm-sum-accs.cc:66) Total count of stats is 649253
LOG (gmm-sum-accs[5.5.586~1-83c98]:main():gmm-sum-accs.cc:67) Written stats to -
LOG (gmm-est[5.5.586~1-83c98]:MleUpdate():transition-model.cc:528) TransitionModel::Update, objf change is 0 per frame over 649253 frames. 
LOG (gmm-est[5.5.586~1-83c98]:MleUpdate():transition-model.cc:531) 64 probabilities floored, 3364 out of 4485 transition-states skipped due to insuffient data (it is normal to have some skipped.)
LOG (gmm-est[5.5.586~1-83c98]:main():gmm-est.cc:102) Transition model update: Overall 0 log-like improvement per frame over 649253 frames.
WARNING (gmm-est[5.5.586~1-83c98]:MleDiagGmmUpdate():mle-diag-gmm.cc:365) Gaussian has too little data but not removing it because it is the last Gaussian: i = 0, occ = 0, weight = 1
LOG (gmm-est[5.5.586~1-83c98]:MleAmDiagGmmUpdate():mle-am-diag-gmm.cc:225) 0 variance elements floored in 0 Gaussians, out of 7440
LOG (gmm-est[5.5.586~1-83c98]:MleAmDiagGmmUpdate():mle-am-diag-gmm.cc:229) Removed 0 Gaussians due to counts < --min-gaussian-occupancy=10 and --remove-low-count-gaussians=true
LOG (gmm-est[5.5.586~1-83c98]:main():gmm-est.cc:113) GMM update: Overall 0.0711631 objective function improvement per frame over 649253 frames
LOG (gmm-est[5.5.586~1-83c98]:main():gmm-est.cc:116) GMM update: Overall avg like per frame = -80.5744 over 649253 frames.
LOG (gmm-est[5.5.586~1-83c98]:SplitByCount():am-diag-gmm.cc:116) Split 1040 states with target = 7760, power = 0.25, perturb_factor = 0.01 and min_count = 20, split #Gauss from 7440 to 7760
LOG (gmm-est[5.5.586~1-83c98]:main():gmm-est.cc:146) Written model to ./exp/tri1/20.mdl
# Accounting: time=0 threads=1
# Ended (code 0) at Mon Dec 30 20:03:47 EET 2019, elapsed time 0 seconds
