# gmm-est --mix-up=10000 --power=0.25 --write-occs=./exp/tri1/29.occs ./exp/tri1/28.mdl "gmm-sum-accs - ./exp/tri1/28.*.acc |" ./exp/tri1/29.mdl 
# Started at Mon Dec 30 20:04:16 EET 2019
#
gmm-est --mix-up=10000 --power=0.25 --write-occs=./exp/tri1/29.occs ./exp/tri1/28.mdl 'gmm-sum-accs - ./exp/tri1/28.*.acc |' ./exp/tri1/29.mdl 
gmm-sum-accs - ./exp/tri1/28.1.acc ./exp/tri1/28.2.acc ./exp/tri1/28.3.acc ./exp/tri1/28.4.acc 
LOG (gmm-sum-accs[5.5.586~1-83c98]:main():gmm-sum-accs.cc:63) Summed 4 stats, total count 648429, avg like/frame -79.3743
LOG (gmm-sum-accs[5.5.586~1-83c98]:main():gmm-sum-accs.cc:66) Total count of stats is 648429
LOG (gmm-sum-accs[5.5.586~1-83c98]:main():gmm-sum-accs.cc:67) Written stats to -
LOG (gmm-est[5.5.586~1-83c98]:MleUpdate():transition-model.cc:528) TransitionModel::Update, objf change is 0 per frame over 648429 frames. 
LOG (gmm-est[5.5.586~1-83c98]:MleUpdate():transition-model.cc:531) 67 probabilities floored, 3364 out of 4485 transition-states skipped due to insuffient data (it is normal to have some skipped.)
LOG (gmm-est[5.5.586~1-83c98]:main():gmm-est.cc:102) Transition model update: Overall 0 log-like improvement per frame over 648429 frames.
WARNING (gmm-est[5.5.586~1-83c98]:MleDiagGmmUpdate():mle-diag-gmm.cc:365) Gaussian has too little data but not removing it because it is the last Gaussian: i = 0, occ = 0, weight = 1
WARNING (gmm-est[5.5.586~1-83c98]:MleDiagGmmUpdate():mle-diag-gmm.cc:359) Too little data - removing Gaussian (weight 0.057620, occupation count 9.737864, vector size 39)
WARNING (gmm-est[5.5.586~1-83c98]:MleDiagGmmUpdate():mle-diag-gmm.cc:359) Too little data - removing Gaussian (weight 0.045572, occupation count 9.296780, vector size 39)
WARNING (gmm-est[5.5.586~1-83c98]:MleDiagGmmUpdate():mle-diag-gmm.cc:359) Too little data - removing Gaussian (weight 0.120482, occupation count 9.999992, vector size 39)
WARNING (gmm-est[5.5.586~1-83c98]:MleDiagGmmUpdate():mle-diag-gmm.cc:359) Too little data - removing Gaussian (weight 0.060144, occupation count 9.983891, vector size 39)
WARNING (gmm-est[5.5.586~1-83c98]:MleDiagGmmUpdate():mle-diag-gmm.cc:359) Too little data - removing Gaussian (weight 0.062474, occupation count 9.870887, vector size 39)
WARNING (gmm-est[5.5.586~1-83c98]:MleDiagGmmUpdate():mle-diag-gmm.cc:359) Too little data - removing Gaussian (weight 0.034115, occupation count 6.311197, vector size 39)
LOG (gmm-est[5.5.586~1-83c98]:MleAmDiagGmmUpdate():mle-am-diag-gmm.cc:225) 0 variance elements floored in 0 Gaussians, out of 10002
LOG (gmm-est[5.5.586~1-83c98]:MleAmDiagGmmUpdate():mle-am-diag-gmm.cc:229) Removed 6 Gaussians due to counts < --min-gaussian-occupancy=10 and --remove-low-count-gaussians=true
LOG (gmm-est[5.5.586~1-83c98]:main():gmm-est.cc:113) GMM update: Overall 0.0522368 objective function improvement per frame over 648429 frames
LOG (gmm-est[5.5.586~1-83c98]:main():gmm-est.cc:116) GMM update: Overall avg like per frame = -79.3743 over 648429 frames.
LOG (gmm-est[5.5.586~1-83c98]:SplitByCount():am-diag-gmm.cc:116) Split 1040 states with target = 10000, power = 0.25, perturb_factor = 0.01 and min_count = 20, split #Gauss from 10002 to 10008
LOG (gmm-est[5.5.586~1-83c98]:main():gmm-est.cc:146) Written model to ./exp/tri1/29.mdl
# Accounting: time=0 threads=1
# Ended (code 0) at Mon Dec 30 20:04:16 EET 2019, elapsed time 0 seconds
