# gmm-est --mix-up=10000 --power=0.25 --write-occs=./exp/tri1/35.occs ./exp/tri1/34.mdl "gmm-sum-accs - ./exp/tri1/34.*.acc |" ./exp/tri1/35.mdl 
# Started at Mon Dec 30 20:04:38 EET 2019
#
gmm-est --mix-up=10000 --power=0.25 --write-occs=./exp/tri1/35.occs ./exp/tri1/34.mdl 'gmm-sum-accs - ./exp/tri1/34.*.acc |' ./exp/tri1/35.mdl 
gmm-sum-accs - ./exp/tri1/34.1.acc ./exp/tri1/34.2.acc ./exp/tri1/34.3.acc ./exp/tri1/34.4.acc 
LOG (gmm-sum-accs[5.5.586~1-83c98]:main():gmm-sum-accs.cc:63) Summed 4 stats, total count 648429, avg like/frame -78.9752
LOG (gmm-sum-accs[5.5.586~1-83c98]:main():gmm-sum-accs.cc:66) Total count of stats is 648429
LOG (gmm-sum-accs[5.5.586~1-83c98]:main():gmm-sum-accs.cc:67) Written stats to -
LOG (gmm-est[5.5.586~1-83c98]:MleUpdate():transition-model.cc:528) TransitionModel::Update, objf change is 0 per frame over 648429 frames. 
LOG (gmm-est[5.5.586~1-83c98]:MleUpdate():transition-model.cc:531) 67 probabilities floored, 3364 out of 4485 transition-states skipped due to insuffient data (it is normal to have some skipped.)
LOG (gmm-est[5.5.586~1-83c98]:main():gmm-est.cc:102) Transition model update: Overall 0 log-like improvement per frame over 648429 frames.
WARNING (gmm-est[5.5.586~1-83c98]:MleDiagGmmUpdate():mle-diag-gmm.cc:365) Gaussian has too little data but not removing it because it is the last Gaussian: i = 0, occ = 0, weight = 1
WARNING (gmm-est[5.5.586~1-83c98]:MleDiagGmmUpdate():mle-diag-gmm.cc:359) Too little data - removing Gaussian (weight 0.069038, occupation count 9.872421, vector size 39)
WARNING (gmm-est[5.5.586~1-83c98]:MleDiagGmmUpdate():mle-diag-gmm.cc:359) Too little data - removing Gaussian (weight 0.074066, occupation count 9.998977, vector size 39)
WARNING (gmm-est[5.5.586~1-83c98]:MleDiagGmmUpdate():mle-diag-gmm.cc:359) Too little data - removing Gaussian (weight 0.054916, occupation count 9.994697, vector size 39)
WARNING (gmm-est[5.5.586~1-83c98]:MleDiagGmmUpdate():mle-diag-gmm.cc:359) Too little data - removing Gaussian (weight 0.054264, occupation count 8.790717, vector size 39)
LOG (gmm-est[5.5.586~1-83c98]:MleAmDiagGmmUpdate():mle-am-diag-gmm.cc:225) 0 variance elements floored in 0 Gaussians, out of 10032
LOG (gmm-est[5.5.586~1-83c98]:MleAmDiagGmmUpdate():mle-am-diag-gmm.cc:229) Removed 4 Gaussians due to counts < --min-gaussian-occupancy=10 and --remove-low-count-gaussians=true
LOG (gmm-est[5.5.586~1-83c98]:main():gmm-est.cc:113) GMM update: Overall 0.00742089 objective function improvement per frame over 648429 frames
LOG (gmm-est[5.5.586~1-83c98]:main():gmm-est.cc:116) GMM update: Overall avg like per frame = -78.9752 over 648429 frames.
LOG (gmm-est[5.5.586~1-83c98]:SplitByCount():am-diag-gmm.cc:116) Split 1040 states with target = 10000, power = 0.25, perturb_factor = 0.01 and min_count = 20, split #Gauss from 10032 to 10035
LOG (gmm-est[5.5.586~1-83c98]:main():gmm-est.cc:146) Written model to ./exp/tri1/35.mdl
# Accounting: time=1 threads=1
# Ended (code 0) at Mon Dec 30 20:04:39 EET 2019, elapsed time 1 seconds
