# gmm-est --mix-up=4880 --power=0.25 --write-occs=./exp/tri1/11.occs ./exp/tri1/10.mdl "gmm-sum-accs - ./exp/tri1/10.*.acc |" ./exp/tri1/11.mdl 
# Started at Mon Dec 30 20:03:28 EET 2019
#
gmm-est --mix-up=4880 --power=0.25 --write-occs=./exp/tri1/11.occs ./exp/tri1/10.mdl 'gmm-sum-accs - ./exp/tri1/10.*.acc |' ./exp/tri1/11.mdl 
gmm-sum-accs - ./exp/tri1/10.1.acc ./exp/tri1/10.2.acc ./exp/tri1/10.3.acc ./exp/tri1/10.4.acc 
LOG (gmm-sum-accs[5.5.586~1-83c98]:main():gmm-sum-accs.cc:63) Summed 4 stats, total count 649253, avg like/frame -82.2635
LOG (gmm-sum-accs[5.5.586~1-83c98]:main():gmm-sum-accs.cc:66) Total count of stats is 649253
LOG (gmm-sum-accs[5.5.586~1-83c98]:main():gmm-sum-accs.cc:67) Written stats to -
LOG (gmm-est[5.5.586~1-83c98]:MleUpdate():transition-model.cc:528) TransitionModel::Update, objf change is 0.00362134 per frame over 649253 frames. 
LOG (gmm-est[5.5.586~1-83c98]:MleUpdate():transition-model.cc:531) 64 probabilities floored, 3364 out of 4485 transition-states skipped due to insuffient data (it is normal to have some skipped.)
LOG (gmm-est[5.5.586~1-83c98]:main():gmm-est.cc:102) Transition model update: Overall 0.00362134 log-like improvement per frame over 649253 frames.
WARNING (gmm-est[5.5.586~1-83c98]:MleDiagGmmUpdate():mle-diag-gmm.cc:365) Gaussian has too little data but not removing it because it is the last Gaussian: i = 0, occ = 0, weight = 1
WARNING (gmm-est[5.5.586~1-83c98]:MleDiagGmmUpdate():mle-diag-gmm.cc:359) Too little data - removing Gaussian (weight 0.017857, occupation count 2.000000, vector size 39)
WARNING (gmm-est[5.5.586~1-83c98]:MleDiagGmmUpdate():mle-diag-gmm.cc:359) Too little data - removing Gaussian (weight 0.049705, occupation count 6.809525, vector size 39)
LOG (gmm-est[5.5.586~1-83c98]:MleAmDiagGmmUpdate():mle-am-diag-gmm.cc:225) 0 variance elements floored in 0 Gaussians, out of 4558
LOG (gmm-est[5.5.586~1-83c98]:MleAmDiagGmmUpdate():mle-am-diag-gmm.cc:229) Removed 2 Gaussians due to counts < --min-gaussian-occupancy=10 and --remove-low-count-gaussians=true
LOG (gmm-est[5.5.586~1-83c98]:main():gmm-est.cc:113) GMM update: Overall 0.308054 objective function improvement per frame over 649253 frames
LOG (gmm-est[5.5.586~1-83c98]:main():gmm-est.cc:116) GMM update: Overall avg like per frame = -82.2635 over 649253 frames.
LOG (gmm-est[5.5.586~1-83c98]:SplitByCount():am-diag-gmm.cc:116) Split 1040 states with target = 4880, power = 0.25, perturb_factor = 0.01 and min_count = 20, split #Gauss from 4558 to 4880
LOG (gmm-est[5.5.586~1-83c98]:main():gmm-est.cc:146) Written model to ./exp/tri1/11.mdl
# Accounting: time=0 threads=1
# Ended (code 0) at Mon Dec 30 20:03:28 EET 2019, elapsed time 0 seconds
