# build-tree --verbose=1 --max-leaves=2000 --cluster-thresh=-1 ./exp/tri1/treeacc ./data/lang/phones/roots.int ./exp/tri1/questions.qst ./data/lang/topo ./exp/tri1/tree 
# Started at Sat Dec 28 23:16:29 EET 2019
#
build-tree --verbose=1 --max-leaves=2000 --cluster-thresh=-1 ./exp/tri1/treeacc ./data/lang/phones/roots.int ./exp/tri1/questions.qst ./data/lang/topo ./exp/tri1/tree 
LOG (build-tree[5.5.586~1-83c98]:main():build-tree.cc:104) Number of separate statistics is 19964
LOG (build-tree[5.5.586~1-83c98]:BuildTree():build-tree.cc:161) BuildTree: before building trees, map has 41 leaves.
LOG (build-tree[5.5.586~1-83c98]:SplitDecisionTree():build-tree-utils.cc:577) DoDecisionTreeSplit: split 1370 times, #leaves now 1411
LOG (build-tree[5.5.586~1-83c98]:BuildTree():build-tree.cc:187) Setting clustering threshold to smallest split 300.014
VLOG[1] (build-tree[5.5.586~1-83c98]:BuildTree():build-tree.cc:196) After decision tree split, num-leaves = 1411, like-impr = 4.12603 per frame over 648343 frames.
VLOG[1] (build-tree[5.5.586~1-83c98]:BuildTree():build-tree.cc:200) Including just phones that were split, improvement is 4.12603 per frame over 648343 frames.
LOG (build-tree[5.5.586~1-83c98]:BuildTree():build-tree.cc:215) BuildTree: removed 350 leaves.
VLOG[1] (build-tree[5.5.586~1-83c98]:ClusterEventMapToNClustersRestrictedByMap():build-tree-utils.cc:914) Number of non-empty clusters in map = 41
VLOG[1] (build-tree[5.5.586~1-83c98]:ClusterEventMapToNClustersRestrictedByMap():build-tree-utils.cc:915) Number of non-empty clusters = 1061
LOG (build-tree[5.5.586~1-83c98]:BuildTree():build-tree.cc:231) BuildTree: Rounded num leaves to multiple of 8 by removing 5 leaves.
VLOG[1] (build-tree[5.5.586~1-83c98]:BuildTree():build-tree.cc:256) Objf change due to clustering -0.112434 per frame.
VLOG[1] (build-tree[5.5.586~1-83c98]:BuildTree():build-tree.cc:259) Normalizing over only split phones, this is: -0.112434 per frame.
VLOG[1] (build-tree[5.5.586~1-83c98]:BuildTree():build-tree.cc:262) Num-leaves is now 1056
VLOG[1] (build-tree[5.5.586~1-83c98]:main():build-tree.cc:143) For pdf-id 6, low count 80
VLOG[1] (build-tree[5.5.586~1-83c98]:main():build-tree.cc:143) For pdf-id 14, low count 92
VLOG[1] (build-tree[5.5.586~1-83c98]:main():build-tree.cc:143) For pdf-id 17, low count 97
VLOG[1] (build-tree[5.5.586~1-83c98]:main():build-tree.cc:143) For pdf-id 22, low count 44
VLOG[1] (build-tree[5.5.586~1-83c98]:main():build-tree.cc:143) For pdf-id 26, low count 80
VLOG[1] (build-tree[5.5.586~1-83c98]:main():build-tree.cc:143) For pdf-id 27, low count 88
VLOG[1] (build-tree[5.5.586~1-83c98]:main():build-tree.cc:143) For pdf-id 34, low count 90
VLOG[1] (build-tree[5.5.586~1-83c98]:main():build-tree.cc:143) For pdf-id 38, low count 73
VLOG[1] (build-tree[5.5.586~1-83c98]:main():build-tree.cc:143) For pdf-id 53, low count 75
VLOG[1] (build-tree[5.5.586~1-83c98]:main():build-tree.cc:143) For pdf-id 89, low count 95
VLOG[1] (build-tree[5.5.586~1-83c98]:main():build-tree.cc:143) For pdf-id 100, low count 29
VLOG[1] (build-tree[5.5.586~1-83c98]:main():build-tree.cc:143) For pdf-id 109, low count 94
VLOG[1] (build-tree[5.5.586~1-83c98]:main():build-tree.cc:143) For pdf-id 126, low count 99
VLOG[1] (build-tree[5.5.586~1-83c98]:main():build-tree.cc:143) For pdf-id 127, low count 94
VLOG[1] (build-tree[5.5.586~1-83c98]:main():build-tree.cc:143) For pdf-id 139, low count 96
VLOG[1] (build-tree[5.5.586~1-83c98]:main():build-tree.cc:143) For pdf-id 143, low count 58
VLOG[1] (build-tree[5.5.586~1-83c98]:main():build-tree.cc:143) For pdf-id 145, low count 88
VLOG[1] (build-tree[5.5.586~1-83c98]:main():build-tree.cc:143) For pdf-id 156, low count 90
VLOG[1] (build-tree[5.5.586~1-83c98]:main():build-tree.cc:143) For pdf-id 227, low count 86
VLOG[1] (build-tree[5.5.586~1-83c98]:main():build-tree.cc:143) For pdf-id 241, low count 65
VLOG[1] (build-tree[5.5.586~1-83c98]:main():build-tree.cc:143) For pdf-id 268, low count 60
VLOG[1] (build-tree[5.5.586~1-83c98]:main():build-tree.cc:143) For pdf-id 280, low count 97
VLOG[1] (build-tree[5.5.586~1-83c98]:main():build-tree.cc:143) For pdf-id 283, low count 49
VLOG[1] (build-tree[5.5.586~1-83c98]:main():build-tree.cc:143) For pdf-id 286, low count 31
VLOG[1] (build-tree[5.5.586~1-83c98]:main():build-tree.cc:143) For pdf-id 296, low count 71
VLOG[1] (build-tree[5.5.586~1-83c98]:main():build-tree.cc:143) For pdf-id 309, low count 68
VLOG[1] (build-tree[5.5.586~1-83c98]:main():build-tree.cc:143) For pdf-id 311, low count 75
VLOG[1] (build-tree[5.5.586~1-83c98]:main():build-tree.cc:143) For pdf-id 320, low count 22
VLOG[1] (build-tree[5.5.586~1-83c98]:main():build-tree.cc:143) For pdf-id 324, low count 88
VLOG[1] (build-tree[5.5.586~1-83c98]:main():build-tree.cc:143) For pdf-id 328, low count 51
VLOG[1] (build-tree[5.5.586~1-83c98]:main():build-tree.cc:143) For pdf-id 379, low count 93
VLOG[1] (build-tree[5.5.586~1-83c98]:main():build-tree.cc:143) For pdf-id 380, low count 86
VLOG[1] (build-tree[5.5.586~1-83c98]:main():build-tree.cc:143) For pdf-id 393, low count 90
VLOG[1] (build-tree[5.5.586~1-83c98]:main():build-tree.cc:143) For pdf-id 398, low count 65
VLOG[1] (build-tree[5.5.586~1-83c98]:main():build-tree.cc:143) For pdf-id 399, low count 99
VLOG[1] (build-tree[5.5.586~1-83c98]:main():build-tree.cc:143) For pdf-id 412, low count 66
VLOG[1] (build-tree[5.5.586~1-83c98]:main():build-tree.cc:143) For pdf-id 447, low count 45
VLOG[1] (build-tree[5.5.586~1-83c98]:main():build-tree.cc:143) For pdf-id 473, low count 88
VLOG[1] (build-tree[5.5.586~1-83c98]:main():build-tree.cc:143) For pdf-id 481, low count 71
VLOG[1] (build-tree[5.5.586~1-83c98]:main():build-tree.cc:143) For pdf-id 508, low count 44
VLOG[1] (build-tree[5.5.586~1-83c98]:main():build-tree.cc:143) For pdf-id 517, low count 97
VLOG[1] (build-tree[5.5.586~1-83c98]:main():build-tree.cc:143) For pdf-id 523, low count 72
VLOG[1] (build-tree[5.5.586~1-83c98]:main():build-tree.cc:143) For pdf-id 524, low count 93
VLOG[1] (build-tree[5.5.586~1-83c98]:main():build-tree.cc:143) For pdf-id 543, low count 68
VLOG[1] (build-tree[5.5.586~1-83c98]:main():build-tree.cc:143) For pdf-id 559, low count 92
VLOG[1] (build-tree[5.5.586~1-83c98]:main():build-tree.cc:143) For pdf-id 591, low count 68
VLOG[1] (build-tree[5.5.586~1-83c98]:main():build-tree.cc:143) For pdf-id 596, low count 97
VLOG[1] (build-tree[5.5.586~1-83c98]:main():build-tree.cc:143) For pdf-id 616, low count 86
VLOG[1] (build-tree[5.5.586~1-83c98]:main():build-tree.cc:143) For pdf-id 619, low count 94
VLOG[1] (build-tree[5.5.586~1-83c98]:main():build-tree.cc:143) For pdf-id 631, low count 87
VLOG[1] (build-tree[5.5.586~1-83c98]:main():build-tree.cc:143) For pdf-id 639, low count 94
VLOG[1] (build-tree[5.5.586~1-83c98]:main():build-tree.cc:143) For pdf-id 664, low count 78
VLOG[1] (build-tree[5.5.586~1-83c98]:main():build-tree.cc:143) For pdf-id 684, low count 80
VLOG[1] (build-tree[5.5.586~1-83c98]:main():build-tree.cc:143) For pdf-id 687, low count 95
VLOG[1] (build-tree[5.5.586~1-83c98]:main():build-tree.cc:143) For pdf-id 706, low count 45
VLOG[1] (build-tree[5.5.586~1-83c98]:main():build-tree.cc:143) For pdf-id 708, low count 33
VLOG[1] (build-tree[5.5.586~1-83c98]:main():build-tree.cc:143) For pdf-id 721, low count 60
VLOG[1] (build-tree[5.5.586~1-83c98]:main():build-tree.cc:143) For pdf-id 746, low count 84
VLOG[1] (build-tree[5.5.586~1-83c98]:main():build-tree.cc:143) For pdf-id 748, low count 65
VLOG[1] (build-tree[5.5.586~1-83c98]:main():build-tree.cc:143) For pdf-id 838, low count 65
VLOG[1] (build-tree[5.5.586~1-83c98]:main():build-tree.cc:143) For pdf-id 847, low count 49
VLOG[1] (build-tree[5.5.586~1-83c98]:main():build-tree.cc:143) For pdf-id 852, low count 87
VLOG[1] (build-tree[5.5.586~1-83c98]:main():build-tree.cc:143) For pdf-id 857, low count 81
VLOG[1] (build-tree[5.5.586~1-83c98]:main():build-tree.cc:143) For pdf-id 870, low count 68
VLOG[1] (build-tree[5.5.586~1-83c98]:main():build-tree.cc:143) For pdf-id 878, low count 81
VLOG[1] (build-tree[5.5.586~1-83c98]:main():build-tree.cc:143) For pdf-id 934, low count 88
VLOG[1] (build-tree[5.5.586~1-83c98]:main():build-tree.cc:143) For pdf-id 950, low count 76
VLOG[1] (build-tree[5.5.586~1-83c98]:main():build-tree.cc:143) For pdf-id 968, low count 66
VLOG[1] (build-tree[5.5.586~1-83c98]:main():build-tree.cc:143) For pdf-id 977, low count 33
VLOG[1] (build-tree[5.5.586~1-83c98]:main():build-tree.cc:143) For pdf-id 984, low count 39
VLOG[1] (build-tree[5.5.586~1-83c98]:main():build-tree.cc:143) For pdf-id 995, low count 88
VLOG[1] (build-tree[5.5.586~1-83c98]:main():build-tree.cc:143) For pdf-id 1006, low count 56
WARNING (build-tree[5.5.586~1-83c98]:main():build-tree.cc:185) Saw no stats for following phones: 2 3 4 5 6 7 8 10 11 12 14 15 16 18 19 20 22 23 24 26 27 28 30 31 32 34 35 36 38 39 40 42 43 44 46 47 48 50 51 52 54 55 56 58 59 60 62 63 64 66 67 68 70 71 72 74 75 76 78 79 80 82 83 84 86 87 88 90 91 92 94 95 96 98 99 100 102 103 104 106 107 108 110 111 112 114 115 116 118 119 120 122 123 124 126 127 128 130 131 132 134 135 136 138 139 140 142 143 144 146 147 148 150 151 152 154 155 156 158 159 160 162 163 164 
LOG (build-tree[5.5.586~1-83c98]:main():build-tree.cc:189) Wrote tree
# Accounting: time=6 threads=1
# Ended (code 0) at Sat Dec 28 23:16:35 EET 2019, elapsed time 6 seconds
