# compile-train-graphs --read-disambig-syms=./data/lang/phones/disambig.int ./exp/tri1/tree ./exp/tri1/1.mdl ./data/lang/L.fst "ark:utils/sym2int.pl --map-oov 1 -f 2- ./data/lang/words.txt < ./data/train/split4/2/text |" "ark:|gzip -c >./exp/tri1/fsts.2.gz" 
# Started at Sun Dec 29 16:16:43 EET 2019
#
compile-train-graphs --read-disambig-syms=./data/lang/phones/disambig.int ./exp/tri1/tree ./exp/tri1/1.mdl ./data/lang/L.fst 'ark:utils/sym2int.pl --map-oov 1 -f 2- ./data/lang/words.txt < ./data/train/split4/2/text |' 'ark:|gzip -c >./exp/tri1/fsts.2.gz' 
sym2int.pl: replacing sil with 1
sym2int.pl: replacing sil with 1
sym2int.pl: replacing sil with 1
sym2int.pl: replacing sil with 1
sym2int.pl: replacing sil with 1
sym2int.pl: replacing sil with 1
sym2int.pl: replacing sil with 1
sym2int.pl: replacing sil with 1
sym2int.pl: replacing sil with 1
sym2int.pl: replacing sil with 1
sym2int.pl: replacing sil with 1
sym2int.pl: replacing sil with 1
sym2int.pl: replacing sil with 1
sym2int.pl: replacing sil with 1
sym2int.pl: replacing sil with 1
sym2int.pl: replacing sil with 1
sym2int.pl: replacing sil with 1
sym2int.pl: replacing sil with 1
sym2int.pl: replacing sil with 1
sym2int.pl: replacing sil with 1
sym2int.pl: not warning for OOVs any more times
** Replaced 728 instances of OOVs with 1
LOG (compile-train-graphs[5.5.586~1-83c98]:main():compile-train-graphs.cc:147) compile-train-graphs: succeeded for 364 graphs, failed for 0
# Accounting: time=5 threads=1
# Ended (code 0) at Sun Dec 29 16:16:48 EET 2019, elapsed time 5 seconds
