# gmm-init-model --write-occs=./exp/tri1/1.occs ./exp/tri1/tree ./exp/tri1/treeacc ./data/lang/topo ./exp/tri1/1.mdl 
# Started at Sun Dec 29 16:16:42 EET 2019
#
gmm-init-model --write-occs=./exp/tri1/1.occs ./exp/tri1/tree ./exp/tri1/treeacc ./data/lang/topo ./exp/tri1/1.mdl 
LOG (gmm-init-model[5.5.586~1-83c98]:main():gmm-init-model.cc:271) Number of separate statistics is 19964
WARNING (gmm-init-model[5.5.586~1-83c98]:InitAmGmm():gmm-init-model.cc:83) Very small count for state 6: 80; corresponding phone list: 26 27 28 29 
WARNING (gmm-init-model[5.5.586~1-83c98]:InitAmGmm():gmm-init-model.cc:83) Very small count for state 14: 92; corresponding phone list: 58 59 60 61 
WARNING (gmm-init-model[5.5.586~1-83c98]:InitAmGmm():gmm-init-model.cc:83) Very small count for state 17: 97; corresponding phone list: 70 71 72 73 
WARNING (gmm-init-model[5.5.586~1-83c98]:InitAmGmm():gmm-init-model.cc:83) Very small count for state 22: 44; corresponding phone list: 90 91 92 93 
WARNING (gmm-init-model[5.5.586~1-83c98]:InitAmGmm():gmm-init-model.cc:83) Very small count for state 26: 80; corresponding phone list: 106 107 108 109 
WARNING (gmm-init-model[5.5.586~1-83c98]:InitAmGmm():gmm-init-model.cc:83) Very small count for state 27: 88; corresponding phone list: 110 111 112 113 
WARNING (gmm-init-model[5.5.586~1-83c98]:InitAmGmm():gmm-init-model.cc:83) Very small count for state 34: 90; corresponding phone list: 138 139 140 141 
WARNING (gmm-init-model[5.5.586~1-83c98]:InitAmGmm():gmm-init-model.cc:83) Very small count for state 38: 73; corresponding phone list: 154 155 156 157 
WARNING (gmm-init-model[5.5.586~1-83c98]:InitAmGmm():gmm-init-model.cc:83) Very small count for state 53: 75; corresponding phone list: 114 115 116 117 
WARNING (gmm-init-model[5.5.586~1-83c98]:InitAmGmm():gmm-init-model.cc:83) Very small count for state 89: 95; corresponding phone list: 98 99 100 101 
WARNING (gmm-init-model[5.5.586~1-83c98]:InitAmGmm():gmm-init-model.cc:83) Very small count for state 100: 29; corresponding phone list: 90 91 92 93 
WARNING (gmm-init-model[5.5.586~1-83c98]:InitAmGmm():gmm-init-model.cc:83) Very small count for state 109: 94; corresponding phone list: 98 99 100 101 
WARNING (gmm-init-model[5.5.586~1-83c98]:InitAmGmm():gmm-init-model.cc:83) Very small count for state 126: 99; corresponding phone list: 106 107 108 109 
WARNING (gmm-init-model[5.5.586~1-83c98]:InitAmGmm():gmm-init-model.cc:83) Very small count for state 127: 94; corresponding phone list: 38 39 40 41 
WARNING (gmm-init-model[5.5.586~1-83c98]:InitAmGmm():gmm-init-model.cc:83) Very small count for state 139: 96; corresponding phone list: 18 19 20 21 
WARNING (gmm-init-model[5.5.586~1-83c98]:InitAmGmm():gmm-init-model.cc:83) Very small count for state 143: 58; corresponding phone list: 54 55 56 57 
WARNING (gmm-init-model[5.5.586~1-83c98]:InitAmGmm():gmm-init-model.cc:83) Very small count for state 145: 88; corresponding phone list: 50 51 52 53 
WARNING (gmm-init-model[5.5.586~1-83c98]:InitAmGmm():gmm-init-model.cc:83) Very small count for state 156: 90; corresponding phone list: 54 55 56 57 
WARNING (gmm-init-model[5.5.586~1-83c98]:InitAmGmm():gmm-init-model.cc:83) Very small count for state 227: 86; corresponding phone list: 50 51 52 53 
WARNING (gmm-init-model[5.5.586~1-83c98]:InitAmGmm():gmm-init-model.cc:83) Very small count for state 241: 65; corresponding phone list: 106 107 108 109 
WARNING (gmm-init-model[5.5.586~1-83c98]:InitAmGmm():gmm-init-model.cc:83) Very small count for state 268: 60; corresponding phone list: 70 71 72 73 
WARNING (gmm-init-model[5.5.586~1-83c98]:InitAmGmm():gmm-init-model.cc:83) Very small count for state 280: 97; corresponding phone list: 106 107 108 109 
WARNING (gmm-init-model[5.5.586~1-83c98]:InitAmGmm():gmm-init-model.cc:83) Very small count for state 283: 49; corresponding phone list: 54 55 56 57 
WARNING (gmm-init-model[5.5.586~1-83c98]:InitAmGmm():gmm-init-model.cc:83) Very small count for state 286: 31; corresponding phone list: 142 143 144 145 
WARNING (gmm-init-model[5.5.586~1-83c98]:InitAmGmm():gmm-init-model.cc:83) Very small count for state 296: 71; corresponding phone list: 22 23 24 25 
WARNING (gmm-init-model[5.5.586~1-83c98]:InitAmGmm():gmm-init-model.cc:83) Very small count for state 309: 68; corresponding phone list: 54 55 56 57 
WARNING (gmm-init-model[5.5.586~1-83c98]:InitAmGmm():gmm-init-model.cc:83) Very small count for state 311: 75; corresponding phone list: 94 95 96 97 
WARNING (gmm-init-model[5.5.586~1-83c98]:InitAmGmm():gmm-init-model.cc:83) Very small count for state 320: 22; corresponding phone list: 142 143 144 145 
WARNING (gmm-init-model[5.5.586~1-83c98]:InitAmGmm():gmm-init-model.cc:83) Very small count for state 324: 88; corresponding phone list: 122 123 124 125 
WARNING (gmm-init-model[5.5.586~1-83c98]:InitAmGmm():gmm-init-model.cc:83) Very small count for state 328: 51; corresponding phone list: 6 7 8 9 
WARNING (gmm-init-model[5.5.586~1-83c98]:InitAmGmm():gmm-init-model.cc:83) Very small count for state 379: 93; corresponding phone list: 74 75 76 77 
WARNING (gmm-init-model[5.5.586~1-83c98]:InitAmGmm():gmm-init-model.cc:83) Very small count for state 380: 86; corresponding phone list: 78 79 80 81 
WARNING (gmm-init-model[5.5.586~1-83c98]:InitAmGmm():gmm-init-model.cc:83) Very small count for state 393: 90; corresponding phone list: 50 51 52 53 
WARNING (gmm-init-model[5.5.586~1-83c98]:InitAmGmm():gmm-init-model.cc:83) Very small count for state 398: 65; corresponding phone list: 114 115 116 117 
WARNING (gmm-init-model[5.5.586~1-83c98]:InitAmGmm():gmm-init-model.cc:83) Very small count for state 399: 99; corresponding phone list: 70 71 72 73 
WARNING (gmm-init-model[5.5.586~1-83c98]:InitAmGmm():gmm-init-model.cc:83) Very small count for state 412: 66; corresponding phone list: 130 131 132 133 
WARNING (gmm-init-model[5.5.586~1-83c98]:InitAmGmm():gmm-init-model.cc:83) Very small count for state 447: 45; corresponding phone list: 10 11 12 13 
WARNING (gmm-init-model[5.5.586~1-83c98]:InitAmGmm():gmm-init-model.cc:83) Very small count for state 473: 88; corresponding phone list: 118 119 120 121 
WARNING (gmm-init-model[5.5.586~1-83c98]:InitAmGmm():gmm-init-model.cc:83) Very small count for state 481: 71; corresponding phone list: 94 95 96 97 
WARNING (gmm-init-model[5.5.586~1-83c98]:InitAmGmm():gmm-init-model.cc:83) Very small count for state 508: 44; corresponding phone list: 142 143 144 145 
WARNING (gmm-init-model[5.5.586~1-83c98]:InitAmGmm():gmm-init-model.cc:83) Very small count for state 517: 97; corresponding phone list: 54 55 56 57 
WARNING (gmm-init-model[5.5.586~1-83c98]:InitAmGmm():gmm-init-model.cc:83) Very small count for state 523: 72; corresponding phone list: 138 139 140 141 
WARNING (gmm-init-model[5.5.586~1-83c98]:InitAmGmm():gmm-init-model.cc:83) Very small count for state 524: 93; corresponding phone list: 42 43 44 45 
WARNING (gmm-init-model[5.5.586~1-83c98]:InitAmGmm():gmm-init-model.cc:83) Very small count for state 543: 68; corresponding phone list: 10 11 12 13 
WARNING (gmm-init-model[5.5.586~1-83c98]:InitAmGmm():gmm-init-model.cc:83) Very small count for state 559: 92; corresponding phone list: 22 23 24 25 
WARNING (gmm-init-model[5.5.586~1-83c98]:InitAmGmm():gmm-init-model.cc:83) Very small count for state 591: 68; corresponding phone list: 158 159 160 161 
WARNING (gmm-init-model[5.5.586~1-83c98]:InitAmGmm():gmm-init-model.cc:83) Very small count for state 596: 97; corresponding phone list: 74 75 76 77 
WARNING (gmm-init-model[5.5.586~1-83c98]:InitAmGmm():gmm-init-model.cc:83) Very small count for state 616: 86; corresponding phone list: 130 131 132 133 
WARNING (gmm-init-model[5.5.586~1-83c98]:InitAmGmm():gmm-init-model.cc:83) Very small count for state 619: 94; corresponding phone list: 78 79 80 81 
WARNING (gmm-init-model[5.5.586~1-83c98]:InitAmGmm():gmm-init-model.cc:83) Very small count for state 631: 87; corresponding phone list: 38 39 40 41 
WARNING (gmm-init-model[5.5.586~1-83c98]:InitAmGmm():gmm-init-model.cc:83) Very small count for state 639: 94; corresponding phone list: 22 23 24 25 
WARNING (gmm-init-model[5.5.586~1-83c98]:InitAmGmm():gmm-init-model.cc:83) Very small count for state 664: 78; corresponding phone list: 126 127 128 129 
WARNING (gmm-init-model[5.5.586~1-83c98]:InitAmGmm():gmm-init-model.cc:83) Very small count for state 684: 80; corresponding phone list: 94 95 96 97 
WARNING (gmm-init-model[5.5.586~1-83c98]:InitAmGmm():gmm-init-model.cc:83) Very small count for state 687: 95; corresponding phone list: 98 99 100 101 
WARNING (gmm-init-model[5.5.586~1-83c98]:InitAmGmm():gmm-init-model.cc:83) Very small count for state 706: 45; corresponding phone list: 70 71 72 73 
WARNING (gmm-init-model[5.5.586~1-83c98]:InitAmGmm():gmm-init-model.cc:83) Very small count for state 708: 33; corresponding phone list: 78 79 80 81 
WARNING (gmm-init-model[5.5.586~1-83c98]:InitAmGmm():gmm-init-model.cc:83) Very small count for state 721: 60; corresponding phone list: 126 127 128 129 
WARNING (gmm-init-model[5.5.586~1-83c98]:InitAmGmm():gmm-init-model.cc:83) Very small count for state 746: 84; corresponding phone list: 18 19 20 21 
WARNING (gmm-init-model[5.5.586~1-83c98]:InitAmGmm():gmm-init-model.cc:83) Very small count for state 748: 65; corresponding phone list: 134 135 136 137 
WARNING (gmm-init-model[5.5.586~1-83c98]:InitAmGmm():gmm-init-model.cc:83) Very small count for state 838: 65; corresponding phone list: 138 139 140 141 
WARNING (gmm-init-model[5.5.586~1-83c98]:InitAmGmm():gmm-init-model.cc:83) Very small count for state 847: 49; corresponding phone list: 10 11 12 13 
WARNING (gmm-init-model[5.5.586~1-83c98]:InitAmGmm():gmm-init-model.cc:83) Very small count for state 852: 87; corresponding phone list: 154 155 156 157 
WARNING (gmm-init-model[5.5.586~1-83c98]:InitAmGmm():gmm-init-model.cc:83) Very small count for state 857: 81; corresponding phone list: 74 75 76 77 
WARNING (gmm-init-model[5.5.586~1-83c98]:InitAmGmm():gmm-init-model.cc:83) Very small count for state 870: 68; corresponding phone list: 34 35 36 37 
WARNING (gmm-init-model[5.5.586~1-83c98]:InitAmGmm():gmm-init-model.cc:83) Very small count for state 878: 81; corresponding phone list: 22 23 24 25 
WARNING (gmm-init-model[5.5.586~1-83c98]:InitAmGmm():gmm-init-model.cc:83) Very small count for state 934: 88; corresponding phone list: 114 115 116 117 
WARNING (gmm-init-model[5.5.586~1-83c98]:InitAmGmm():gmm-init-model.cc:83) Very small count for state 950: 76; corresponding phone list: 94 95 96 97 
WARNING (gmm-init-model[5.5.586~1-83c98]:InitAmGmm():gmm-init-model.cc:83) Very small count for state 968: 66; corresponding phone list: 158 159 160 161 
WARNING (gmm-init-model[5.5.586~1-83c98]:InitAmGmm():gmm-init-model.cc:83) Very small count for state 977: 33; corresponding phone list: 162 163 164 165 
WARNING (gmm-init-model[5.5.586~1-83c98]:InitAmGmm():gmm-init-model.cc:83) Very small count for state 984: 39; corresponding phone list: 70 71 72 73 
WARNING (gmm-init-model[5.5.586~1-83c98]:InitAmGmm():gmm-init-model.cc:83) Very small count for state 995: 88; corresponding phone list: 42 43 44 45 
WARNING (gmm-init-model[5.5.586~1-83c98]:InitAmGmm():gmm-init-model.cc:83) Very small count for state 1006: 56; corresponding phone list: 70 71 72 73 
LOG (gmm-init-model[5.5.586~1-83c98]:main():gmm-init-model.cc:306) Wrote model.
# Accounting: time=1 threads=1
# Ended (code 0) at Sun Dec 29 16:16:43 EET 2019, elapsed time 1 seconds
