# gmm-est --mix-up=6800 --power=0.25 --write-occs=./exp/tri1/17.occs ./exp/tri1/16.mdl "gmm-sum-accs - ./exp/tri1/16.*.acc |" ./exp/tri1/17.mdl 
# Started at Sun Dec 29 16:17:23 EET 2019
#
gmm-est --mix-up=6800 --power=0.25 --write-occs=./exp/tri1/17.occs ./exp/tri1/16.mdl 'gmm-sum-accs - ./exp/tri1/16.*.acc |' ./exp/tri1/17.mdl 
gmm-sum-accs - ./exp/tri1/16.1.acc ./exp/tri1/16.2.acc ./exp/tri1/16.3.acc ./exp/tri1/16.4.acc 
LOG (gmm-sum-accs[5.5.586~1-83c98]:main():gmm-sum-accs.cc:63) Summed 4 stats, total count 644109, avg like/frame -80.8727
LOG (gmm-sum-accs[5.5.586~1-83c98]:main():gmm-sum-accs.cc:66) Total count of stats is 644109
LOG (gmm-sum-accs[5.5.586~1-83c98]:main():gmm-sum-accs.cc:67) Written stats to -
LOG (gmm-est[5.5.586~1-83c98]:MleUpdate():transition-model.cc:528) TransitionModel::Update, objf change is 0 per frame over 644109 frames. 
LOG (gmm-est[5.5.586~1-83c98]:MleUpdate():transition-model.cc:531) 54 probabilities floored, 3421 out of 4557 transition-states skipped due to insuffient data (it is normal to have some skipped.)
LOG (gmm-est[5.5.586~1-83c98]:main():gmm-est.cc:102) Transition model update: Overall 0 log-like improvement per frame over 644109 frames.
WARNING (gmm-est[5.5.586~1-83c98]:MleDiagGmmUpdate():mle-diag-gmm.cc:359) Too little data - removing Gaussian (weight 0.099010, occupation count 9.999990, vector size 39)
LOG (gmm-est[5.5.586~1-83c98]:MleAmDiagGmmUpdate():mle-am-diag-gmm.cc:225) 0 variance elements floored in 0 Gaussians, out of 6479
LOG (gmm-est[5.5.586~1-83c98]:MleAmDiagGmmUpdate():mle-am-diag-gmm.cc:229) Removed 1 Gaussians due to counts < --min-gaussian-occupancy=10 and --remove-low-count-gaussians=true
LOG (gmm-est[5.5.586~1-83c98]:main():gmm-est.cc:113) GMM update: Overall 0.078337 objective function improvement per frame over 644109 frames
LOG (gmm-est[5.5.586~1-83c98]:main():gmm-est.cc:116) GMM update: Overall avg like per frame = -80.8727 over 644109 frames.
LOG (gmm-est[5.5.586~1-83c98]:SplitByCount():am-diag-gmm.cc:116) Split 1056 states with target = 6800, power = 0.25, perturb_factor = 0.01 and min_count = 20, split #Gauss from 6479 to 6800
LOG (gmm-est[5.5.586~1-83c98]:main():gmm-est.cc:146) Written model to ./exp/tri1/17.mdl
# Accounting: time=0 threads=1
# Ended (code 0) at Sun Dec 29 16:17:23 EET 2019, elapsed time 0 seconds
