# gmm-est --mix-up=10000 --power=0.25 --write-occs=./exp/tri1/30.occs ./exp/tri1/29.mdl "gmm-sum-accs - ./exp/tri1/29.*.acc |" ./exp/tri1/30.mdl 
# Started at Sat Dec 28 23:18:37 EET 2019
#
gmm-est --mix-up=10000 --power=0.25 --write-occs=./exp/tri1/30.occs ./exp/tri1/29.mdl 'gmm-sum-accs - ./exp/tri1/29.*.acc |' ./exp/tri1/30.mdl 
gmm-sum-accs - ./exp/tri1/29.1.acc ./exp/tri1/29.2.acc ./exp/tri1/29.3.acc ./exp/tri1/29.4.acc 
LOG (gmm-sum-accs[5.5.586~1-83c98]:main():gmm-sum-accs.cc:63) Summed 4 stats, total count 644109, avg like/frame -79.1925
LOG (gmm-sum-accs[5.5.586~1-83c98]:main():gmm-sum-accs.cc:66) Total count of stats is 644109
LOG (gmm-sum-accs[5.5.586~1-83c98]:main():gmm-sum-accs.cc:67) Written stats to -
LOG (gmm-est[5.5.586~1-83c98]:MleUpdate():transition-model.cc:528) TransitionModel::Update, objf change is 0 per frame over 644109 frames. 
LOG (gmm-est[5.5.586~1-83c98]:MleUpdate():transition-model.cc:531) 56 probabilities floored, 3421 out of 4557 transition-states skipped due to insuffient data (it is normal to have some skipped.)
LOG (gmm-est[5.5.586~1-83c98]:main():gmm-est.cc:102) Transition model update: Overall 0 log-like improvement per frame over 644109 frames.
WARNING (gmm-est[5.5.586~1-83c98]:MleDiagGmmUpdate():mle-diag-gmm.cc:359) Too little data - removing Gaussian (weight 0.046716, occupation count 8.455659, vector size 39)
WARNING (gmm-est[5.5.586~1-83c98]:MleDiagGmmUpdate():mle-diag-gmm.cc:359) Too little data - removing Gaussian (weight 0.058551, occupation count 9.895105, vector size 39)
WARNING (gmm-est[5.5.586~1-83c98]:MleDiagGmmUpdate():mle-diag-gmm.cc:359) Too little data - removing Gaussian (weight 0.070921, occupation count 9.999882, vector size 39)
WARNING (gmm-est[5.5.586~1-83c98]:MleDiagGmmUpdate():mle-diag-gmm.cc:359) Too little data - removing Gaussian (weight 0.043841, occupation count 9.294331, vector size 39)
WARNING (gmm-est[5.5.586~1-83c98]:MleDiagGmmUpdate():mle-diag-gmm.cc:359) Too little data - removing Gaussian (weight 0.060947, occupation count 9.995337, vector size 39)
LOG (gmm-est[5.5.586~1-83c98]:MleAmDiagGmmUpdate():mle-am-diag-gmm.cc:225) 0 variance elements floored in 0 Gaussians, out of 9995
LOG (gmm-est[5.5.586~1-83c98]:MleAmDiagGmmUpdate():mle-am-diag-gmm.cc:229) Removed 5 Gaussians due to counts < --min-gaussian-occupancy=10 and --remove-low-count-gaussians=true
LOG (gmm-est[5.5.586~1-83c98]:main():gmm-est.cc:113) GMM update: Overall 0.0476875 objective function improvement per frame over 644109 frames
LOG (gmm-est[5.5.586~1-83c98]:main():gmm-est.cc:116) GMM update: Overall avg like per frame = -79.1925 over 644109 frames.
LOG (gmm-est[5.5.586~1-83c98]:SplitByCount():am-diag-gmm.cc:116) Split 1056 states with target = 10000, power = 0.25, perturb_factor = 0.01 and min_count = 20, split #Gauss from 9995 to 10000
LOG (gmm-est[5.5.586~1-83c98]:main():gmm-est.cc:146) Written model to ./exp/tri1/30.mdl
# Accounting: time=0 threads=1
# Ended (code 0) at Sat Dec 28 23:18:37 EET 2019, elapsed time 0 seconds
