# gmm-est --mix-up=3600 --power=0.25 --write-occs=./exp/tri1/7.occs ./exp/tri1/6.mdl "gmm-sum-accs - ./exp/tri1/6.*.acc |" ./exp/tri1/7.mdl 
# Started at Sat Dec 28 23:16:57 EET 2019
#
gmm-est --mix-up=3600 --power=0.25 --write-occs=./exp/tri1/7.occs ./exp/tri1/6.mdl 'gmm-sum-accs - ./exp/tri1/6.*.acc |' ./exp/tri1/7.mdl 
gmm-sum-accs - ./exp/tri1/6.1.acc ./exp/tri1/6.2.acc ./exp/tri1/6.3.acc ./exp/tri1/6.4.acc 
LOG (gmm-sum-accs[5.5.586~1-83c98]:main():gmm-sum-accs.cc:63) Summed 4 stats, total count 648343, avg like/frame -83.7499
LOG (gmm-sum-accs[5.5.586~1-83c98]:main():gmm-sum-accs.cc:66) Total count of stats is 648343
LOG (gmm-sum-accs[5.5.586~1-83c98]:main():gmm-sum-accs.cc:67) Written stats to -
LOG (gmm-est[5.5.586~1-83c98]:MleUpdate():transition-model.cc:528) TransitionModel::Update, objf change is 0 per frame over 648343 frames. 
LOG (gmm-est[5.5.586~1-83c98]:MleUpdate():transition-model.cc:531) 13 probabilities floored, 3419 out of 4557 transition-states skipped due to insuffient data (it is normal to have some skipped.)
LOG (gmm-est[5.5.586~1-83c98]:main():gmm-est.cc:102) Transition model update: Overall 0 log-like improvement per frame over 648343 frames.
WARNING (gmm-est[5.5.586~1-83c98]:MleDiagGmmUpdate():mle-diag-gmm.cc:359) Too little data - removing Gaussian (weight 0.188292, occupation count 8.473123, vector size 39)
LOG (gmm-est[5.5.586~1-83c98]:MleAmDiagGmmUpdate():mle-am-diag-gmm.cc:225) 0 variance elements floored in 0 Gaussians, out of 3279
LOG (gmm-est[5.5.586~1-83c98]:MleAmDiagGmmUpdate():mle-am-diag-gmm.cc:229) Removed 1 Gaussians due to counts < --min-gaussian-occupancy=10 and --remove-low-count-gaussians=true
LOG (gmm-est[5.5.586~1-83c98]:main():gmm-est.cc:113) GMM update: Overall 0.237781 objective function improvement per frame over 648343 frames
LOG (gmm-est[5.5.586~1-83c98]:main():gmm-est.cc:116) GMM update: Overall avg like per frame = -83.7499 over 648343 frames.
LOG (gmm-est[5.5.586~1-83c98]:SplitByCount():am-diag-gmm.cc:116) Split 1056 states with target = 3600, power = 0.25, perturb_factor = 0.01 and min_count = 20, split #Gauss from 3279 to 3600
LOG (gmm-est[5.5.586~1-83c98]:main():gmm-est.cc:146) Written model to ./exp/tri1/7.mdl
# Accounting: time=1 threads=1
# Ended (code 0) at Sat Dec 28 23:16:58 EET 2019, elapsed time 1 seconds
